Determining if the pthread_create exist failed with the following output:
Change Dir: /home/tthmatt/ld_ROS/build/om_aiv_status/CMakeFiles/CMakeTmp

Run Build Command:"/usr/bin/make" "cmTC_29f7c/fast"
/usr/bin/make -f CMakeFiles/cmTC_29f7c.dir/build.make CMakeFiles/cmTC_29f7c.dir/build
make[1]: Entering directory '/home/tthmatt/ld_ROS/build/om_aiv_status/CMakeFiles/CMakeTmp'
Building C object CMakeFiles/cmTC_29f7c.dir/CheckSymbolExists.c.o
/usr/bin/cc    -o CMakeFiles/cmTC_29f7c.dir/CheckSymbolExists.c.o   -c /home/tthmatt/ld_ROS/build/om_aiv_status/CMakeFiles/CMakeTmp/CheckSymbolExists.c
Linking C executable cmTC_29f7c
/usr/bin/cmake -E cmake_link_script CMakeFiles/cmTC_29f7c.dir/link.txt --verbose=1
/usr/bin/cc      -rdynamic CMakeFiles/cmTC_29f7c.dir/CheckSymbolExists.c.o  -o cmTC_29f7c 
CMakeFiles/cmTC_29f7c.dir/CheckSymbolExists.c.o: In function `main':
CheckSymbolExists.c:(.text+0x1b): undefined reference to `pthread_create'
collect2: error: ld returned 1 exit status
CMakeFiles/cmTC_29f7c.dir/build.make:97: recipe for target 'cmTC_29f7c' failed
make[1]: *** [cmTC_29f7c] Error 1
make[1]: Leaving directory '/home/tthmatt/ld_ROS/build/om_aiv_status/CMakeFiles/CMakeTmp'
Makefile:126: recipe for target 'cmTC_29f7c/fast' failed
make: *** [cmTC_29f7c/fast] Error 2

File /home/tthmatt/ld_ROS/build/om_aiv_status/CMakeFiles/CMakeTmp/CheckSymbolExists.c:
/* */
#include <pthread.h>

int main(int argc, char** argv)
{
  (void)argv;
#ifndef pthread_create
  return ((int*)(&pthread_create))[argc];
#else
  (void)argc;
  return 0;
#endif
}

Determining if the function pthread_create exists in the pthreads failed with the following output:
Change Dir: /home/tthmatt/ld_ROS/build/om_aiv_status/CMakeFiles/CMakeTmp

Run Build Command:"/usr/bin/make" "cmTC_f3b8a/fast"
/usr/bin/make -f CMakeFiles/cmTC_f3b8a.dir/build.make CMakeFiles/cmTC_f3b8a.dir/build
make[1]: Entering directory '/home/tthmatt/ld_ROS/build/om_aiv_status/CMakeFiles/CMakeTmp'
Building C object CMakeFiles/cmTC_f3b8a.dir/CheckFunctionExists.c.o
/usr/bin/cc   -DCHECK_FUNCTION_EXISTS=pthread_create   -o CMakeFiles/cmTC_f3b8a.dir/CheckFunctionExists.c.o   -c /usr/share/cmake-3.10/Modules/CheckFunctionExists.c
Linking C executable cmTC_f3b8a
/usr/bin/cmake -E cmake_link_script CMakeFiles/cmTC_f3b8a.dir/link.txt --verbose=1
/usr/bin/cc  -DCHECK_FUNCTION_EXISTS=pthread_create    -rdynamic CMakeFiles/cmTC_f3b8a.dir/CheckFunctionExists.c.o  -o cmTC_f3b8a -lpthreads 
/usr/bin/ld: cannot find -lpthreads
collect2: error: ld returned 1 exit status
CMakeFiles/cmTC_f3b8a.dir/build.make:97: recipe for target 'cmTC_f3b8a' failed
make[1]: *** [cmTC_f3b8a] Error 1
make[1]: Leaving directory '/home/tthmatt/ld_ROS/build/om_aiv_status/CMakeFiles/CMakeTmp'
Makefile:126: recipe for target 'cmTC_f3b8a/fast' failed
make: *** [cmTC_f3b8a/fast] Error 2


