[  0%] Built target std_msgs_generate_messages_cpp
[  0%] Built target _om_aiv_util_generate_messages_check_deps_Service4
[  0%] Built target _om_aiv_util_generate_messages_check_deps_ServiceExample
[  0%] Built target _om_aiv_util_generate_messages_check_deps_Service2
Traceback (most recent call last):
  File "/opt/ros/melodic/share/genmsg/cmake/../../../lib/genmsg/genmsg_check_deps.py", line 57, in <module>
    spec = load_srv_from_file(msg_context, msg_file, full_type_name)
  File "/opt/ros/melodic/lib/python2.7/dist-packages/genmsg/msg_loader.py", line 486, in load_srv_from_file
    spec = load_srv_from_string(msg_context, text, full_name)
  File "/opt/ros/melodic/lib/python2.7/dist-packages/genmsg/msg_loader.py", line 470, in load_srv_from_string
    msg_in = load_msg_from_string(msg_context, text_in.getvalue(), '%sRequest'%(full_name))
  File "/opt/ros/melodic/lib/python2.7/dist-packages/genmsg/msg_loader.py", line 266, in load_msg_from_string
    field_type, name = _load_field_line(orig_line, package_name)
  File "/opt/ros/melodic/lib/python2.7/dist-packages/genmsg/msg_loader.py", line 225, in _load_field_line
    raise InvalidMsgSpec("Invalid declaration: %s"%(orig_line))
genmsg.base.InvalidMsgSpec: Invalid declaration: string[a]
CMakeFiles/_om_aiv_util_generate_messages_check_deps_Service9.dir/build.make:57: recipe for target 'CMakeFiles/_om_aiv_util_generate_messages_check_deps_Service9' failed
CMakeFiles/Makefile2:1104: recipe for target 'CMakeFiles/_om_aiv_util_generate_messages_check_deps_Service9.dir/all' failed
make[2]: *** [CMakeFiles/_om_aiv_util_generate_messages_check_deps_Service9] Error 1
make[1]: *** [CMakeFiles/_om_aiv_util_generate_messages_check_deps_Service9.dir/all] Error 2
make[1]: *** Waiting for unfinished jobs....
[  0%] Built target _om_aiv_util_generate_messages_check_deps_Service5
[  0%] Built target _om_aiv_util_generate_messages_check_deps_Service3
Makefile:140: recipe for target 'all' failed
make: *** [all] Error 2
