Linked: (/home/tthmatt/ld_ROS/devel/.private/om_aiv_util/lib/python2.7/dist-packages/om_aiv_util/__init__.py, /home/tthmatt/ld_ROS/devel/lib/python2.7/dist-packages/om_aiv_util/__init__.py)
Linked: (/home/tthmatt/ld_ROS/devel/.private/om_aiv_util/lib/python2.7/dist-packages/om_aiv_util/srv/_Service.py, /home/tthmatt/ld_ROS/devel/lib/python2.7/dist-packages/om_aiv_util/srv/_Service.py)
Linked: (/home/tthmatt/ld_ROS/devel/.private/om_aiv_util/lib/python2.7/dist-packages/om_aiv_util/srv/_ServiceExample.py, /home/tthmatt/ld_ROS/devel/lib/python2.7/dist-packages/om_aiv_util/srv/_ServiceExample.py)
Linked: (/home/tthmatt/ld_ROS/devel/.private/om_aiv_util/lib/python2.7/dist-packages/om_aiv_util/srv/_AddTwoInts.py, /home/tthmatt/ld_ROS/devel/lib/python2.7/dist-packages/om_aiv_util/srv/_AddTwoInts.py)
Linked: (/home/tthmatt/ld_ROS/devel/.private/om_aiv_util/lib/python2.7/dist-packages/om_aiv_util/srv/_Service5.py, /home/tthmatt/ld_ROS/devel/lib/python2.7/dist-packages/om_aiv_util/srv/_Service5.py)
Linked: (/home/tthmatt/ld_ROS/devel/.private/om_aiv_util/lib/python2.7/dist-packages/om_aiv_util/srv/_Service2.py, /home/tthmatt/ld_ROS/devel/lib/python2.7/dist-packages/om_aiv_util/srv/_Service2.py)
Linked: (/home/tthmatt/ld_ROS/devel/.private/om_aiv_util/lib/python2.7/dist-packages/om_aiv_util/srv/__init__.py, /home/tthmatt/ld_ROS/devel/lib/python2.7/dist-packages/om_aiv_util/srv/__init__.py)
Linked: (/home/tthmatt/ld_ROS/devel/.private/om_aiv_util/lib/python2.7/dist-packages/om_aiv_util/srv/_Service3.py, /home/tthmatt/ld_ROS/devel/lib/python2.7/dist-packages/om_aiv_util/srv/_Service3.py)
Linked: (/home/tthmatt/ld_ROS/devel/.private/om_aiv_util/lib/python2.7/dist-packages/om_aiv_util/srv/_Service9.py, /home/tthmatt/ld_ROS/devel/lib/python2.7/dist-packages/om_aiv_util/srv/_Service9.py)
Symlinking /home/tthmatt/ld_ROS/devel/lib/python2.7/dist-packages/om_aiv_util/srv/_Service4.py
Linked: (/home/tthmatt/ld_ROS/devel/.private/om_aiv_util/lib/python2.7/dist-packages/om_aiv_util/msg/_Location.py, /home/tthmatt/ld_ROS/devel/lib/python2.7/dist-packages/om_aiv_util/msg/_Location.py)
Linked: (/home/tthmatt/ld_ROS/devel/.private/om_aiv_util/lib/python2.7/dist-packages/om_aiv_util/msg/__init__.py, /home/tthmatt/ld_ROS/devel/lib/python2.7/dist-packages/om_aiv_util/msg/__init__.py)
Linked: (/home/tthmatt/ld_ROS/devel/.private/om_aiv_util/lib/pkgconfig/om_aiv_util.pc, /home/tthmatt/ld_ROS/devel/lib/pkgconfig/om_aiv_util.pc)
Linked: (/home/tthmatt/ld_ROS/devel/.private/om_aiv_util/share/om_aiv_util/cmake/om_aiv_util-msg-extras.cmake, /home/tthmatt/ld_ROS/devel/share/om_aiv_util/cmake/om_aiv_util-msg-extras.cmake)
Linked: (/home/tthmatt/ld_ROS/devel/.private/om_aiv_util/share/om_aiv_util/cmake/om_aiv_utilConfig-version.cmake, /home/tthmatt/ld_ROS/devel/share/om_aiv_util/cmake/om_aiv_utilConfig-version.cmake)
Linked: (/home/tthmatt/ld_ROS/devel/.private/om_aiv_util/share/om_aiv_util/cmake/om_aiv_utilConfig.cmake, /home/tthmatt/ld_ROS/devel/share/om_aiv_util/cmake/om_aiv_utilConfig.cmake)
Linked: (/home/tthmatt/ld_ROS/devel/.private/om_aiv_util/share/om_aiv_util/cmake/om_aiv_util-msg-paths.cmake, /home/tthmatt/ld_ROS/devel/share/om_aiv_util/cmake/om_aiv_util-msg-paths.cmake)
Linked: (/home/tthmatt/ld_ROS/devel/.private/om_aiv_util/share/common-lisp/ros/om_aiv_util/srv/Service.lisp, /home/tthmatt/ld_ROS/devel/share/common-lisp/ros/om_aiv_util/srv/Service.lisp)
Linked: (/home/tthmatt/ld_ROS/devel/.private/om_aiv_util/share/common-lisp/ros/om_aiv_util/srv/_package_Service.lisp, /home/tthmatt/ld_ROS/devel/share/common-lisp/ros/om_aiv_util/srv/_package_Service.lisp)
Linked: (/home/tthmatt/ld_ROS/devel/.private/om_aiv_util/share/common-lisp/ros/om_aiv_util/srv/_package.lisp, /home/tthmatt/ld_ROS/devel/share/common-lisp/ros/om_aiv_util/srv/_package.lisp)
Linked: (/home/tthmatt/ld_ROS/devel/.private/om_aiv_util/share/common-lisp/ros/om_aiv_util/srv/_package_Service9.lisp, /home/tthmatt/ld_ROS/devel/share/common-lisp/ros/om_aiv_util/srv/_package_Service9.lisp)
Linked: (/home/tthmatt/ld_ROS/devel/.private/om_aiv_util/share/common-lisp/ros/om_aiv_util/srv/_package_ServiceExample.lisp, /home/tthmatt/ld_ROS/devel/share/common-lisp/ros/om_aiv_util/srv/_package_ServiceExample.lisp)
Linked: (/home/tthmatt/ld_ROS/devel/.private/om_aiv_util/share/common-lisp/ros/om_aiv_util/srv/_package_Service5.lisp, /home/tthmatt/ld_ROS/devel/share/common-lisp/ros/om_aiv_util/srv/_package_Service5.lisp)
Linked: (/home/tthmatt/ld_ROS/devel/.private/om_aiv_util/share/common-lisp/ros/om_aiv_util/srv/_package_AddTwoInts.lisp, /home/tthmatt/ld_ROS/devel/share/common-lisp/ros/om_aiv_util/srv/_package_AddTwoInts.lisp)
Linked: (/home/tthmatt/ld_ROS/devel/.private/om_aiv_util/share/common-lisp/ros/om_aiv_util/srv/om_aiv_util-srv.asd, /home/tthmatt/ld_ROS/devel/share/common-lisp/ros/om_aiv_util/srv/om_aiv_util-srv.asd)
Linked: (/home/tthmatt/ld_ROS/devel/.private/om_aiv_util/share/common-lisp/ros/om_aiv_util/srv/AddTwoInts.lisp, /home/tthmatt/ld_ROS/devel/share/common-lisp/ros/om_aiv_util/srv/AddTwoInts.lisp)
Symlinking /home/tthmatt/ld_ROS/devel/share/common-lisp/ros/om_aiv_util/srv/Service4.lisp
Linked: (/home/tthmatt/ld_ROS/devel/.private/om_aiv_util/share/common-lisp/ros/om_aiv_util/srv/ServiceExample.lisp, /home/tthmatt/ld_ROS/devel/share/common-lisp/ros/om_aiv_util/srv/ServiceExample.lisp)
Linked: (/home/tthmatt/ld_ROS/devel/.private/om_aiv_util/share/common-lisp/ros/om_aiv_util/srv/Service5.lisp, /home/tthmatt/ld_ROS/devel/share/common-lisp/ros/om_aiv_util/srv/Service5.lisp)
Linked: (/home/tthmatt/ld_ROS/devel/.private/om_aiv_util/share/common-lisp/ros/om_aiv_util/srv/Service3.lisp, /home/tthmatt/ld_ROS/devel/share/common-lisp/ros/om_aiv_util/srv/Service3.lisp)
Linked: (/home/tthmatt/ld_ROS/devel/.private/om_aiv_util/share/common-lisp/ros/om_aiv_util/srv/Service2.lisp, /home/tthmatt/ld_ROS/devel/share/common-lisp/ros/om_aiv_util/srv/Service2.lisp)
Linked: (/home/tthmatt/ld_ROS/devel/.private/om_aiv_util/share/common-lisp/ros/om_aiv_util/srv/_package_Service3.lisp, /home/tthmatt/ld_ROS/devel/share/common-lisp/ros/om_aiv_util/srv/_package_Service3.lisp)
Linked: (/home/tthmatt/ld_ROS/devel/.private/om_aiv_util/share/common-lisp/ros/om_aiv_util/srv/_package_Service2.lisp, /home/tthmatt/ld_ROS/devel/share/common-lisp/ros/om_aiv_util/srv/_package_Service2.lisp)
Linked: (/home/tthmatt/ld_ROS/devel/.private/om_aiv_util/share/common-lisp/ros/om_aiv_util/srv/Service9.lisp, /home/tthmatt/ld_ROS/devel/share/common-lisp/ros/om_aiv_util/srv/Service9.lisp)
Symlinking /home/tthmatt/ld_ROS/devel/share/common-lisp/ros/om_aiv_util/srv/_package_Service4.lisp
Linked: (/home/tthmatt/ld_ROS/devel/.private/om_aiv_util/share/common-lisp/ros/om_aiv_util/msg/_package.lisp, /home/tthmatt/ld_ROS/devel/share/common-lisp/ros/om_aiv_util/msg/_package.lisp)
Linked: (/home/tthmatt/ld_ROS/devel/.private/om_aiv_util/share/common-lisp/ros/om_aiv_util/msg/_package_Location.lisp, /home/tthmatt/ld_ROS/devel/share/common-lisp/ros/om_aiv_util/msg/_package_Location.lisp)
Linked: (/home/tthmatt/ld_ROS/devel/.private/om_aiv_util/share/common-lisp/ros/om_aiv_util/msg/om_aiv_util-msg.asd, /home/tthmatt/ld_ROS/devel/share/common-lisp/ros/om_aiv_util/msg/om_aiv_util-msg.asd)
Linked: (/home/tthmatt/ld_ROS/devel/.private/om_aiv_util/share/common-lisp/ros/om_aiv_util/msg/Location.lisp, /home/tthmatt/ld_ROS/devel/share/common-lisp/ros/om_aiv_util/msg/Location.lisp)
Linked: (/home/tthmatt/ld_ROS/devel/.private/om_aiv_util/share/gennodejs/ros/om_aiv_util/_index.js, /home/tthmatt/ld_ROS/devel/share/gennodejs/ros/om_aiv_util/_index.js)
Linked: (/home/tthmatt/ld_ROS/devel/.private/om_aiv_util/share/gennodejs/ros/om_aiv_util/srv/Service5.js, /home/tthmatt/ld_ROS/devel/share/gennodejs/ros/om_aiv_util/srv/Service5.js)
Linked: (/home/tthmatt/ld_ROS/devel/.private/om_aiv_util/share/gennodejs/ros/om_aiv_util/srv/_index.js, /home/tthmatt/ld_ROS/devel/share/gennodejs/ros/om_aiv_util/srv/_index.js)
Symlinking /home/tthmatt/ld_ROS/devel/share/gennodejs/ros/om_aiv_util/srv/Service4.js
Linked: (/home/tthmatt/ld_ROS/devel/.private/om_aiv_util/share/gennodejs/ros/om_aiv_util/srv/ServiceExample.js, /home/tthmatt/ld_ROS/devel/share/gennodejs/ros/om_aiv_util/srv/ServiceExample.js)
Linked: (/home/tthmatt/ld_ROS/devel/.private/om_aiv_util/share/gennodejs/ros/om_aiv_util/srv/Service3.js, /home/tthmatt/ld_ROS/devel/share/gennodejs/ros/om_aiv_util/srv/Service3.js)
Linked: (/home/tthmatt/ld_ROS/devel/.private/om_aiv_util/share/gennodejs/ros/om_aiv_util/srv/Service2.js, /home/tthmatt/ld_ROS/devel/share/gennodejs/ros/om_aiv_util/srv/Service2.js)
Linked: (/home/tthmatt/ld_ROS/devel/.private/om_aiv_util/share/gennodejs/ros/om_aiv_util/srv/Service.js, /home/tthmatt/ld_ROS/devel/share/gennodejs/ros/om_aiv_util/srv/Service.js)
Linked: (/home/tthmatt/ld_ROS/devel/.private/om_aiv_util/share/gennodejs/ros/om_aiv_util/srv/Service9.js, /home/tthmatt/ld_ROS/devel/share/gennodejs/ros/om_aiv_util/srv/Service9.js)
Linked: (/home/tthmatt/ld_ROS/devel/.private/om_aiv_util/share/gennodejs/ros/om_aiv_util/srv/AddTwoInts.js, /home/tthmatt/ld_ROS/devel/share/gennodejs/ros/om_aiv_util/srv/AddTwoInts.js)
Linked: (/home/tthmatt/ld_ROS/devel/.private/om_aiv_util/share/gennodejs/ros/om_aiv_util/msg/_index.js, /home/tthmatt/ld_ROS/devel/share/gennodejs/ros/om_aiv_util/msg/_index.js)
Linked: (/home/tthmatt/ld_ROS/devel/.private/om_aiv_util/share/gennodejs/ros/om_aiv_util/msg/Location.js, /home/tthmatt/ld_ROS/devel/share/gennodejs/ros/om_aiv_util/msg/Location.js)
Linked: (/home/tthmatt/ld_ROS/devel/.private/om_aiv_util/share/roseus/ros/om_aiv_util/manifest.l, /home/tthmatt/ld_ROS/devel/share/roseus/ros/om_aiv_util/manifest.l)
Linked: (/home/tthmatt/ld_ROS/devel/.private/om_aiv_util/share/roseus/ros/om_aiv_util/srv/Service.l, /home/tthmatt/ld_ROS/devel/share/roseus/ros/om_aiv_util/srv/Service.l)
Symlinking /home/tthmatt/ld_ROS/devel/share/roseus/ros/om_aiv_util/srv/Service4.l
Linked: (/home/tthmatt/ld_ROS/devel/.private/om_aiv_util/share/roseus/ros/om_aiv_util/srv/ServiceExample.l, /home/tthmatt/ld_ROS/devel/share/roseus/ros/om_aiv_util/srv/ServiceExample.l)
Linked: (/home/tthmatt/ld_ROS/devel/.private/om_aiv_util/share/roseus/ros/om_aiv_util/srv/AddTwoInts.l, /home/tthmatt/ld_ROS/devel/share/roseus/ros/om_aiv_util/srv/AddTwoInts.l)
Linked: (/home/tthmatt/ld_ROS/devel/.private/om_aiv_util/share/roseus/ros/om_aiv_util/srv/Service2.l, /home/tthmatt/ld_ROS/devel/share/roseus/ros/om_aiv_util/srv/Service2.l)
Linked: (/home/tthmatt/ld_ROS/devel/.private/om_aiv_util/share/roseus/ros/om_aiv_util/srv/Service9.l, /home/tthmatt/ld_ROS/devel/share/roseus/ros/om_aiv_util/srv/Service9.l)
Linked: (/home/tthmatt/ld_ROS/devel/.private/om_aiv_util/share/roseus/ros/om_aiv_util/srv/Service5.l, /home/tthmatt/ld_ROS/devel/share/roseus/ros/om_aiv_util/srv/Service5.l)
Linked: (/home/tthmatt/ld_ROS/devel/.private/om_aiv_util/share/roseus/ros/om_aiv_util/srv/Service3.l, /home/tthmatt/ld_ROS/devel/share/roseus/ros/om_aiv_util/srv/Service3.l)
Linked: (/home/tthmatt/ld_ROS/devel/.private/om_aiv_util/share/roseus/ros/om_aiv_util/msg/Location.l, /home/tthmatt/ld_ROS/devel/share/roseus/ros/om_aiv_util/msg/Location.l)
Symlinking /home/tthmatt/ld_ROS/devel/include/om_aiv_util/Service4Response.h
Linked: (/home/tthmatt/ld_ROS/devel/.private/om_aiv_util/include/om_aiv_util/ServiceExample.h, /home/tthmatt/ld_ROS/devel/include/om_aiv_util/ServiceExample.h)
Linked: (/home/tthmatt/ld_ROS/devel/.private/om_aiv_util/include/om_aiv_util/Service9.h, /home/tthmatt/ld_ROS/devel/include/om_aiv_util/Service9.h)
Symlinking /home/tthmatt/ld_ROS/devel/include/om_aiv_util/Service4.h
Symlinking /home/tthmatt/ld_ROS/devel/include/om_aiv_util/Service4Request.h
Linked: (/home/tthmatt/ld_ROS/devel/.private/om_aiv_util/include/om_aiv_util/Service5.h, /home/tthmatt/ld_ROS/devel/include/om_aiv_util/Service5.h)
Linked: (/home/tthmatt/ld_ROS/devel/.private/om_aiv_util/include/om_aiv_util/Service9Request.h, /home/tthmatt/ld_ROS/devel/include/om_aiv_util/Service9Request.h)
Linked: (/home/tthmatt/ld_ROS/devel/.private/om_aiv_util/include/om_aiv_util/ServiceRequest.h, /home/tthmatt/ld_ROS/devel/include/om_aiv_util/ServiceRequest.h)
Linked: (/home/tthmatt/ld_ROS/devel/.private/om_aiv_util/include/om_aiv_util/Service2Request.h, /home/tthmatt/ld_ROS/devel/include/om_aiv_util/Service2Request.h)
Linked: (/home/tthmatt/ld_ROS/devel/.private/om_aiv_util/include/om_aiv_util/Service.h, /home/tthmatt/ld_ROS/devel/include/om_aiv_util/Service.h)
Linked: (/home/tthmatt/ld_ROS/devel/.private/om_aiv_util/include/om_aiv_util/Service3Response.h, /home/tthmatt/ld_ROS/devel/include/om_aiv_util/Service3Response.h)
Linked: (/home/tthmatt/ld_ROS/devel/.private/om_aiv_util/include/om_aiv_util/AddTwoIntsResponse.h, /home/tthmatt/ld_ROS/devel/include/om_aiv_util/AddTwoIntsResponse.h)
Linked: (/home/tthmatt/ld_ROS/devel/.private/om_aiv_util/include/om_aiv_util/Service3Request.h, /home/tthmatt/ld_ROS/devel/include/om_aiv_util/Service3Request.h)
Linked: (/home/tthmatt/ld_ROS/devel/.private/om_aiv_util/include/om_aiv_util/Service3.h, /home/tthmatt/ld_ROS/devel/include/om_aiv_util/Service3.h)
Linked: (/home/tthmatt/ld_ROS/devel/.private/om_aiv_util/include/om_aiv_util/ServiceExampleRequest.h, /home/tthmatt/ld_ROS/devel/include/om_aiv_util/ServiceExampleRequest.h)
Linked: (/home/tthmatt/ld_ROS/devel/.private/om_aiv_util/include/om_aiv_util/Service2.h, /home/tthmatt/ld_ROS/devel/include/om_aiv_util/Service2.h)
Linked: (/home/tthmatt/ld_ROS/devel/.private/om_aiv_util/include/om_aiv_util/Service5Response.h, /home/tthmatt/ld_ROS/devel/include/om_aiv_util/Service5Response.h)
Linked: (/home/tthmatt/ld_ROS/devel/.private/om_aiv_util/include/om_aiv_util/AddTwoInts.h, /home/tthmatt/ld_ROS/devel/include/om_aiv_util/AddTwoInts.h)
Linked: (/home/tthmatt/ld_ROS/devel/.private/om_aiv_util/include/om_aiv_util/Location.h, /home/tthmatt/ld_ROS/devel/include/om_aiv_util/Location.h)
Linked: (/home/tthmatt/ld_ROS/devel/.private/om_aiv_util/include/om_aiv_util/Service9Response.h, /home/tthmatt/ld_ROS/devel/include/om_aiv_util/Service9Response.h)
Linked: (/home/tthmatt/ld_ROS/devel/.private/om_aiv_util/include/om_aiv_util/ServiceResponse.h, /home/tthmatt/ld_ROS/devel/include/om_aiv_util/ServiceResponse.h)
Linked: (/home/tthmatt/ld_ROS/devel/.private/om_aiv_util/include/om_aiv_util/AddTwoIntsRequest.h, /home/tthmatt/ld_ROS/devel/include/om_aiv_util/AddTwoIntsRequest.h)
Linked: (/home/tthmatt/ld_ROS/devel/.private/om_aiv_util/include/om_aiv_util/Service5Request.h, /home/tthmatt/ld_ROS/devel/include/om_aiv_util/Service5Request.h)
Linked: (/home/tthmatt/ld_ROS/devel/.private/om_aiv_util/include/om_aiv_util/Service2Response.h, /home/tthmatt/ld_ROS/devel/include/om_aiv_util/Service2Response.h)
Linked: (/home/tthmatt/ld_ROS/devel/.private/om_aiv_util/include/om_aiv_util/ServiceExampleResponse.h, /home/tthmatt/ld_ROS/devel/include/om_aiv_util/ServiceExampleResponse.h)
