[  0%] Built target _om_aiv_util_generate_messages_check_deps_ServiceExample
[  0%] Built target std_msgs_generate_messages_py
[35m[1mScanning dependencies of target _om_aiv_util_generate_messages_check_deps_AddTwoInts[0m
[  0%] Built target _om_aiv_util_generate_messages_check_deps_Service5
[  0%] Built target _om_aiv_util_generate_messages_check_deps_AddTwoInts
[  0%] Built target _om_aiv_util_generate_messages_check_deps_Service
[  0%] Built target std_msgs_generate_messages_lisp
[  0%] Built target _om_aiv_util_generate_messages_check_deps_Location
[  0%] Built target std_msgs_generate_messages_eus
[  0%] Built target std_msgs_generate_messages_cpp
[  0%] Built target std_msgs_generate_messages_nodejs
[  3%] [34m[1mGenerating Python code from SRV om_aiv_util/AddTwoInts[0m
[  7%] [34m[1mGenerating Lisp code from om_aiv_util/AddTwoInts.srv[0m
[ 21%] Built target om_aiv_util_generate_messages_lisp
[ 25%] [34m[1mGenerating EusLisp code from om_aiv_util/AddTwoInts.srv[0m
[ 28%] [34m[1mGenerating Python msg __init__.py for om_aiv_util[0m
[ 32%] [34m[1mGenerating C++ code from om_aiv_util/AddTwoInts.srv[0m
[ 50%] Built target om_aiv_util_generate_messages_eus
[ 53%] [34m[1mGenerating Javascript code from om_aiv_util/AddTwoInts.srv[0m
[ 57%] [34m[1mGenerating Python srv __init__.py for om_aiv_util[0m
[ 71%] Built target om_aiv_util_generate_messages_nodejs
[ 85%] Built target om_aiv_util_generate_messages_py
[100%] Built target om_aiv_util_generate_messages_cpp
[100%] Built target om_aiv_util_generate_messages
