Symlinking /home/tthmatt/Omron_LD_ROS_Package/devel/lib/python2.7/dist-packages/om_aiv_util/__init__.py
Symlinking /home/tthmatt/Omron_LD_ROS_Package/devel/lib/python2.7/dist-packages/om_aiv_util/srv/__init__.py
Symlinking /home/tthmatt/Omron_LD_ROS_Package/devel/lib/python2.7/dist-packages/om_aiv_util/srv/_OmAivService.py
Symlinking /home/tthmatt/Omron_LD_ROS_Package/devel/lib/python2.7/dist-packages/om_aiv_util/msg/_Location.py
Symlinking /home/tthmatt/Omron_LD_ROS_Package/devel/lib/python2.7/dist-packages/om_aiv_util/msg/__init__.py
Symlinking /home/tthmatt/Omron_LD_ROS_Package/devel/lib/pkgconfig/om_aiv_util.pc
Symlinking /home/tthmatt/Omron_LD_ROS_Package/devel/share/om_aiv_util/cmake/om_aiv_util-msg-extras.cmake
Symlinking /home/tthmatt/Omron_LD_ROS_Package/devel/share/om_aiv_util/cmake/om_aiv_utilConfig-version.cmake
Symlinking /home/tthmatt/Omron_LD_ROS_Package/devel/share/om_aiv_util/cmake/om_aiv_utilConfig.cmake
Symlinking /home/tthmatt/Omron_LD_ROS_Package/devel/share/om_aiv_util/cmake/om_aiv_util-msg-paths.cmake
Symlinking /home/tthmatt/Omron_LD_ROS_Package/devel/share/common-lisp/ros/om_aiv_util/srv/_package.lisp
Symlinking /home/tthmatt/Omron_LD_ROS_Package/devel/share/common-lisp/ros/om_aiv_util/srv/om_aiv_util-srv.asd
Symlinking /home/tthmatt/Omron_LD_ROS_Package/devel/share/common-lisp/ros/om_aiv_util/srv/OmAivService.lisp
Symlinking /home/tthmatt/Omron_LD_ROS_Package/devel/share/common-lisp/ros/om_aiv_util/srv/_package_OmAivService.lisp
Symlinking /home/tthmatt/Omron_LD_ROS_Package/devel/share/common-lisp/ros/om_aiv_util/msg/_package.lisp
Symlinking /home/tthmatt/Omron_LD_ROS_Package/devel/share/common-lisp/ros/om_aiv_util/msg/_package_Location.lisp
Symlinking /home/tthmatt/Omron_LD_ROS_Package/devel/share/common-lisp/ros/om_aiv_util/msg/om_aiv_util-msg.asd
Symlinking /home/tthmatt/Omron_LD_ROS_Package/devel/share/common-lisp/ros/om_aiv_util/msg/Location.lisp
Symlinking /home/tthmatt/Omron_LD_ROS_Package/devel/share/gennodejs/ros/om_aiv_util/_index.js
Symlinking /home/tthmatt/Omron_LD_ROS_Package/devel/share/gennodejs/ros/om_aiv_util/srv/_index.js
Symlinking /home/tthmatt/Omron_LD_ROS_Package/devel/share/gennodejs/ros/om_aiv_util/srv/OmAivService.js
Symlinking /home/tthmatt/Omron_LD_ROS_Package/devel/share/gennodejs/ros/om_aiv_util/msg/_index.js
Symlinking /home/tthmatt/Omron_LD_ROS_Package/devel/share/gennodejs/ros/om_aiv_util/msg/Location.js
Symlinking /home/tthmatt/Omron_LD_ROS_Package/devel/share/roseus/ros/om_aiv_util/manifest.l
Symlinking /home/tthmatt/Omron_LD_ROS_Package/devel/share/roseus/ros/om_aiv_util/srv/OmAivService.l
Symlinking /home/tthmatt/Omron_LD_ROS_Package/devel/share/roseus/ros/om_aiv_util/msg/Location.l
Symlinking /home/tthmatt/Omron_LD_ROS_Package/devel/include/om_aiv_util/OmAivServiceResponse.h
Symlinking /home/tthmatt/Omron_LD_ROS_Package/devel/include/om_aiv_util/Location.h
Symlinking /home/tthmatt/Omron_LD_ROS_Package/devel/include/om_aiv_util/OmAivServiceRequest.h
Symlinking /home/tthmatt/Omron_LD_ROS_Package/devel/include/om_aiv_util/OmAivService.h
