[35m[1mScanning dependencies of target _om_aiv_util_generate_messages_check_deps_AddTwoInts[0m
[  0%] Built target std_msgs_generate_messages_py
[  0%] Built target _om_aiv_util_generate_messages_check_deps_AddTwoInts
[  0%] Built target _om_aiv_util_generate_messages_check_deps_ServiceExample
[  0%] Built target _om_aiv_util_generate_messages_check_deps_Location
[  0%] Built target std_msgs_generate_messages_lisp
[  0%] Built target std_msgs_generate_messages_eus
[  0%] Built target std_msgs_generate_messages_nodejs
[  0%] Built target std_msgs_generate_messages_cpp
[  5%] [34m[1mGenerating Python code from SRV om_aiv_util/AddTwoInts[0m
[ 11%] [34m[1mGenerating Lisp code from om_aiv_util/AddTwoInts.srv[0m
[ 16%] [34m[1mGenerating EusLisp code from om_aiv_util/AddTwoInts.srv[0m
[ 22%] [34m[1mGenerating Javascript code from om_aiv_util/AddTwoInts.srv[0m
[ 44%] Built target om_aiv_util_generate_messages_nodejs
[ 44%] Built target om_aiv_util_generate_messages_lisp
[ 61%] Built target om_aiv_util_generate_messages_eus
[ 66%] [34m[1mGenerating C++ code from om_aiv_util/AddTwoInts.srv[0m
[ 77%] [34m[1mGenerating Python srv __init__.py for om_aiv_util[0m
[ 77%] [34m[1mGenerating Python msg __init__.py for om_aiv_util[0m
[ 88%] Built target om_aiv_util_generate_messages_py
[100%] Built target om_aiv_util_generate_messages_cpp
[100%] Built target om_aiv_util_generate_messages
