[35m[1mScanning dependencies of target _om_aiv_util_generate_messages_check_deps_ServiceExample[0m
[  0%] Built target std_msgs_generate_messages_py
[  0%] Built target _om_aiv_util_generate_messages_check_deps_ServiceExample
[  0%] Built target _om_aiv_util_generate_messages_check_deps_Location
[  0%] Built target std_msgs_generate_messages_lisp
[  0%] Built target std_msgs_generate_messages_eus
[  0%] Built target std_msgs_generate_messages_cpp
[  0%] Built target std_msgs_generate_messages_nodejs
[  7%] [34m[1mGenerating Python code from SRV om_aiv_util/ServiceExample[0m
[ 15%] [34m[1mGenerating Lisp code from om_aiv_util/ServiceExample.srv[0m
[ 23%] [34m[1mGenerating EusLisp code from om_aiv_util/ServiceExample.srv[0m
[ 30%] Built target om_aiv_util_generate_messages_lisp
[ 38%] [34m[1mGenerating C++ code from om_aiv_util/ServiceExample.srv[0m
[ 46%] [34m[1mGenerating Python msg __init__.py for om_aiv_util[0m
[ 61%] Built target om_aiv_util_generate_messages_eus
[ 69%] [34m[1mGenerating Python srv __init__.py for om_aiv_util[0m
[ 76%] [34m[1mGenerating Javascript code from om_aiv_util/ServiceExample.srv[0m
[ 84%] Built target om_aiv_util_generate_messages_nodejs
[ 92%] Built target om_aiv_util_generate_messages_py
[100%] Built target om_aiv_util_generate_messages_cpp
[100%] Built target om_aiv_util_generate_messages
