[  0%] Built target _om_aiv_util_generate_messages_check_deps_ServiceExample
[  0%] Built target std_msgs_generate_messages_cpp
[  0%] Built target _om_aiv_util_generate_messages_check_deps_Service4
[  0%] Built target _om_aiv_util_generate_messages_check_deps_Service2
[35m[1mScanning dependencies of target _om_aiv_util_generate_messages_check_deps_OmAivService[0m
[  0%] Built target _om_aiv_util_generate_messages_check_deps_OmAivService
[  0%] Built target _om_aiv_util_generate_messages_check_deps_Service5
[  0%] Built target _om_aiv_util_generate_messages_check_deps_Service9
[  0%] Built target _om_aiv_util_generate_messages_check_deps_Service3
[  0%] Built target _om_aiv_util_generate_messages_check_deps_Location
[  0%] Built target std_msgs_generate_messages_nodejs
[  0%] Built target _om_aiv_util_generate_messages_check_deps_AddTwoInts
[  0%] Built target std_msgs_generate_messages_py
[  0%] Built target _om_aiv_util_generate_messages_check_deps_Service
[  0%] Built target std_msgs_generate_messages_lisp
[  0%] Built target std_msgs_generate_messages_eus
[  1%] [34m[1mGenerating C++ code from om_aiv_util/OmAivService.srv[0m
[  3%] [34m[1mGenerating Javascript code from om_aiv_util/OmAivService.srv[0m
[  5%] [34m[1mGenerating Python code from SRV om_aiv_util/OmAivService[0m
[ 22%] Built target om_aiv_util_generate_messages_nodejs
[ 24%] [34m[1mGenerating Lisp code from om_aiv_util/OmAivService.srv[0m
[ 26%] [34m[1mGenerating EusLisp code from om_aiv_util/OmAivService.srv[0m
[ 28%] [34m[1mGenerating Python msg __init__.py for om_aiv_util[0m
[ 45%] Built target om_aiv_util_generate_messages_lisp
[ 47%] [34m[1mGenerating Python srv __init__.py for om_aiv_util[0m
[ 66%] Built target om_aiv_util_generate_messages_eus
[ 83%] Built target om_aiv_util_generate_messages_cpp
[100%] Built target om_aiv_util_generate_messages_py
[100%] Built target om_aiv_util_generate_messages
