Linked: (/home/tthmatt/ld_ROS/devel/.private/om_aiv_util/lib/python2.7/dist-packages/om_aiv_util/__init__.py, /home/tthmatt/ld_ROS/devel/lib/python2.7/dist-packages/om_aiv_util/__init__.py)
Linked: (/home/tthmatt/ld_ROS/devel/.private/om_aiv_util/lib/python2.7/dist-packages/om_aiv_util/msg/_Location.py, /home/tthmatt/ld_ROS/devel/lib/python2.7/dist-packages/om_aiv_util/msg/_Location.py)
Linked: (/home/tthmatt/ld_ROS/devel/.private/om_aiv_util/lib/python2.7/dist-packages/om_aiv_util/msg/__init__.py, /home/tthmatt/ld_ROS/devel/lib/python2.7/dist-packages/om_aiv_util/msg/__init__.py)
Linked: (/home/tthmatt/ld_ROS/devel/.private/om_aiv_util/lib/python2.7/dist-packages/om_aiv_util/msg/_Point.py, /home/tthmatt/ld_ROS/devel/lib/python2.7/dist-packages/om_aiv_util/msg/_Point.py)
Linked: (/home/tthmatt/ld_ROS/devel/.private/om_aiv_util/lib/python2.7/dist-packages/om_aiv_util/msg/_location.py, /home/tthmatt/ld_ROS/devel/lib/python2.7/dist-packages/om_aiv_util/msg/_location.py)
Linked: (/home/tthmatt/ld_ROS/devel/.private/om_aiv_util/lib/pkgconfig/om_aiv_util.pc, /home/tthmatt/ld_ROS/devel/lib/pkgconfig/om_aiv_util.pc)
Linked: (/home/tthmatt/ld_ROS/devel/.private/om_aiv_util/share/om_aiv_util/cmake/om_aiv_util-msg-extras.cmake, /home/tthmatt/ld_ROS/devel/share/om_aiv_util/cmake/om_aiv_util-msg-extras.cmake)
Linked: (/home/tthmatt/ld_ROS/devel/.private/om_aiv_util/share/om_aiv_util/cmake/om_aiv_utilConfig-version.cmake, /home/tthmatt/ld_ROS/devel/share/om_aiv_util/cmake/om_aiv_utilConfig-version.cmake)
Linked: (/home/tthmatt/ld_ROS/devel/.private/om_aiv_util/share/om_aiv_util/cmake/om_aiv_utilConfig.cmake, /home/tthmatt/ld_ROS/devel/share/om_aiv_util/cmake/om_aiv_utilConfig.cmake)
Linked: (/home/tthmatt/ld_ROS/devel/.private/om_aiv_util/share/om_aiv_util/cmake/om_aiv_util-msg-paths.cmake, /home/tthmatt/ld_ROS/devel/share/om_aiv_util/cmake/om_aiv_util-msg-paths.cmake)
Linked: (/home/tthmatt/ld_ROS/devel/.private/om_aiv_util/share/common-lisp/ros/om_aiv_util/msg/_package.lisp, /home/tthmatt/ld_ROS/devel/share/common-lisp/ros/om_aiv_util/msg/_package.lisp)
Linked: (/home/tthmatt/ld_ROS/devel/.private/om_aiv_util/share/common-lisp/ros/om_aiv_util/msg/location.lisp, /home/tthmatt/ld_ROS/devel/share/common-lisp/ros/om_aiv_util/msg/location.lisp)
Linked: (/home/tthmatt/ld_ROS/devel/.private/om_aiv_util/share/common-lisp/ros/om_aiv_util/msg/_package_location.lisp, /home/tthmatt/ld_ROS/devel/share/common-lisp/ros/om_aiv_util/msg/_package_location.lisp)
Linked: (/home/tthmatt/ld_ROS/devel/.private/om_aiv_util/share/common-lisp/ros/om_aiv_util/msg/_package_Location.lisp, /home/tthmatt/ld_ROS/devel/share/common-lisp/ros/om_aiv_util/msg/_package_Location.lisp)
Linked: (/home/tthmatt/ld_ROS/devel/.private/om_aiv_util/share/common-lisp/ros/om_aiv_util/msg/_package_Point.lisp, /home/tthmatt/ld_ROS/devel/share/common-lisp/ros/om_aiv_util/msg/_package_Point.lisp)
Linked: (/home/tthmatt/ld_ROS/devel/.private/om_aiv_util/share/common-lisp/ros/om_aiv_util/msg/om_aiv_util-msg.asd, /home/tthmatt/ld_ROS/devel/share/common-lisp/ros/om_aiv_util/msg/om_aiv_util-msg.asd)
Linked: (/home/tthmatt/ld_ROS/devel/.private/om_aiv_util/share/common-lisp/ros/om_aiv_util/msg/Location.lisp, /home/tthmatt/ld_ROS/devel/share/common-lisp/ros/om_aiv_util/msg/Location.lisp)
Linked: (/home/tthmatt/ld_ROS/devel/.private/om_aiv_util/share/common-lisp/ros/om_aiv_util/msg/Point.lisp, /home/tthmatt/ld_ROS/devel/share/common-lisp/ros/om_aiv_util/msg/Point.lisp)
Linked: (/home/tthmatt/ld_ROS/devel/.private/om_aiv_util/share/gennodejs/ros/om_aiv_util/_index.js, /home/tthmatt/ld_ROS/devel/share/gennodejs/ros/om_aiv_util/_index.js)
Linked: (/home/tthmatt/ld_ROS/devel/.private/om_aiv_util/share/gennodejs/ros/om_aiv_util/msg/location.js, /home/tthmatt/ld_ROS/devel/share/gennodejs/ros/om_aiv_util/msg/location.js)
Linked: (/home/tthmatt/ld_ROS/devel/.private/om_aiv_util/share/gennodejs/ros/om_aiv_util/msg/_index.js, /home/tthmatt/ld_ROS/devel/share/gennodejs/ros/om_aiv_util/msg/_index.js)
Linked: (/home/tthmatt/ld_ROS/devel/.private/om_aiv_util/share/gennodejs/ros/om_aiv_util/msg/Location.js, /home/tthmatt/ld_ROS/devel/share/gennodejs/ros/om_aiv_util/msg/Location.js)
Linked: (/home/tthmatt/ld_ROS/devel/.private/om_aiv_util/share/gennodejs/ros/om_aiv_util/msg/Point.js, /home/tthmatt/ld_ROS/devel/share/gennodejs/ros/om_aiv_util/msg/Point.js)
Linked: (/home/tthmatt/ld_ROS/devel/.private/om_aiv_util/share/roseus/ros/om_aiv_util/manifest.l, /home/tthmatt/ld_ROS/devel/share/roseus/ros/om_aiv_util/manifest.l)
Linked: (/home/tthmatt/ld_ROS/devel/.private/om_aiv_util/share/roseus/ros/om_aiv_util/msg/location.l, /home/tthmatt/ld_ROS/devel/share/roseus/ros/om_aiv_util/msg/location.l)
Linked: (/home/tthmatt/ld_ROS/devel/.private/om_aiv_util/share/roseus/ros/om_aiv_util/msg/Point.l, /home/tthmatt/ld_ROS/devel/share/roseus/ros/om_aiv_util/msg/Point.l)
Linked: (/home/tthmatt/ld_ROS/devel/.private/om_aiv_util/share/roseus/ros/om_aiv_util/msg/Location.l, /home/tthmatt/ld_ROS/devel/share/roseus/ros/om_aiv_util/msg/Location.l)
Linked: (/home/tthmatt/ld_ROS/devel/.private/om_aiv_util/include/om_aiv_util/Point.h, /home/tthmatt/ld_ROS/devel/include/om_aiv_util/Point.h)
Linked: (/home/tthmatt/ld_ROS/devel/.private/om_aiv_util/include/om_aiv_util/location.h, /home/tthmatt/ld_ROS/devel/include/om_aiv_util/location.h)
Linked: (/home/tthmatt/ld_ROS/devel/.private/om_aiv_util/include/om_aiv_util/Location.h, /home/tthmatt/ld_ROS/devel/include/om_aiv_util/Location.h)
