[35m[1mScanning dependencies of target _om_aiv_util_generate_messages_check_deps_ServiceExample[0m
[35m[1mScanning dependencies of target std_msgs_generate_messages_py[0m
[  0%] Built target _om_aiv_util_generate_messages_check_deps_ServiceExample
[  0%] Built target std_msgs_generate_messages_py
[35m[1mScanning dependencies of target _om_aiv_util_generate_messages_check_deps_Service[0m
[35m[1mScanning dependencies of target _om_aiv_util_generate_messages_check_deps_Location[0m
[  0%] Built target _om_aiv_util_generate_messages_check_deps_Service
[  0%] Built target _om_aiv_util_generate_messages_check_deps_Location
[35m[1mScanning dependencies of target std_msgs_generate_messages_lisp[0m
[  0%] Built target std_msgs_generate_messages_lisp
[35m[1mScanning dependencies of target std_msgs_generate_messages_eus[0m
[  0%] Built target std_msgs_generate_messages_eus
[35m[1mScanning dependencies of target std_msgs_generate_messages_cpp[0m
[  0%] Built target std_msgs_generate_messages_cpp
[35m[1mScanning dependencies of target std_msgs_generate_messages_nodejs[0m
[  0%] Built target std_msgs_generate_messages_nodejs
[35m[1mScanning dependencies of target om_aiv_util_generate_messages_py[0m
[  5%] [34m[1mGenerating Python from MSG om_aiv_util/Location[0m
[ 11%] [34m[1mGenerating Python code from SRV om_aiv_util/ServiceExample[0m
[ 16%] [34m[1mGenerating Python code from SRV om_aiv_util/Service[0m
[ 22%] [34m[1mGenerating Python msg __init__.py for om_aiv_util[0m
[ 27%] [34m[1mGenerating Python srv __init__.py for om_aiv_util[0m
[ 27%] Built target om_aiv_util_generate_messages_py
[35m[1mScanning dependencies of target om_aiv_util_generate_messages_lisp[0m
[ 33%] [34m[1mGenerating Lisp code from om_aiv_util/Location.msg[0m
[ 38%] [34m[1mGenerating Lisp code from om_aiv_util/ServiceExample.srv[0m
[ 44%] [34m[1mGenerating Lisp code from om_aiv_util/Service.srv[0m
[ 44%] Built target om_aiv_util_generate_messages_lisp
[35m[1mScanning dependencies of target om_aiv_util_generate_messages_eus[0m
[ 50%] [34m[1mGenerating EusLisp code from om_aiv_util/Location.msg[0m
[ 55%] [34m[1mGenerating EusLisp code from om_aiv_util/ServiceExample.srv[0m
[ 61%] [34m[1mGenerating EusLisp code from om_aiv_util/Service.srv[0m
[ 66%] [34m[1mGenerating EusLisp manifest code for om_aiv_util[0m
[ 66%] Built target om_aiv_util_generate_messages_eus
[35m[1mScanning dependencies of target om_aiv_util_generate_messages_cpp[0m
[ 72%] [34m[1mGenerating C++ code from om_aiv_util/Location.msg[0m
[ 77%] [34m[1mGenerating C++ code from om_aiv_util/ServiceExample.srv[0m
[ 83%] [34m[1mGenerating C++ code from om_aiv_util/Service.srv[0m
[ 83%] Built target om_aiv_util_generate_messages_cpp
[35m[1mScanning dependencies of target om_aiv_util_generate_messages_nodejs[0m
[ 88%] [34m[1mGenerating Javascript code from om_aiv_util/Location.msg[0m
[ 94%] [34m[1mGenerating Javascript code from om_aiv_util/ServiceExample.srv[0m
[100%] [34m[1mGenerating Javascript code from om_aiv_util/Service.srv[0m
[100%] Built target om_aiv_util_generate_messages_nodejs
[35m[1mScanning dependencies of target om_aiv_util_generate_messages[0m
[100%] Built target om_aiv_util_generate_messages
