Linked: (/home/tthmatt/ld_ROS/devel/.private/om_aiv_util/lib/python2.7/dist-packages/om_aiv_util/__init__.py, /home/tthmatt/ld_ROS/devel/lib/python2.7/dist-packages/om_aiv_util/__init__.py)
Linked: (/home/tthmatt/ld_ROS/devel/.private/om_aiv_util/lib/python2.7/dist-packages/om_aiv_util/srv/_ServiceExample.py, /home/tthmatt/ld_ROS/devel/lib/python2.7/dist-packages/om_aiv_util/srv/_ServiceExample.py)
Symlinking /home/tthmatt/ld_ROS/devel/lib/python2.7/dist-packages/om_aiv_util/srv/_AddTwoInts.py
Linked: (/home/tthmatt/ld_ROS/devel/.private/om_aiv_util/lib/python2.7/dist-packages/om_aiv_util/srv/__init__.py, /home/tthmatt/ld_ROS/devel/lib/python2.7/dist-packages/om_aiv_util/srv/__init__.py)
Linked: (/home/tthmatt/ld_ROS/devel/.private/om_aiv_util/lib/python2.7/dist-packages/om_aiv_util/msg/_Location.py, /home/tthmatt/ld_ROS/devel/lib/python2.7/dist-packages/om_aiv_util/msg/_Location.py)
Linked: (/home/tthmatt/ld_ROS/devel/.private/om_aiv_util/lib/python2.7/dist-packages/om_aiv_util/msg/__init__.py, /home/tthmatt/ld_ROS/devel/lib/python2.7/dist-packages/om_aiv_util/msg/__init__.py)
Linked: (/home/tthmatt/ld_ROS/devel/.private/om_aiv_util/lib/pkgconfig/om_aiv_util.pc, /home/tthmatt/ld_ROS/devel/lib/pkgconfig/om_aiv_util.pc)
Linked: (/home/tthmatt/ld_ROS/devel/.private/om_aiv_util/share/om_aiv_util/cmake/om_aiv_util-msg-extras.cmake, /home/tthmatt/ld_ROS/devel/share/om_aiv_util/cmake/om_aiv_util-msg-extras.cmake)
Linked: (/home/tthmatt/ld_ROS/devel/.private/om_aiv_util/share/om_aiv_util/cmake/om_aiv_utilConfig-version.cmake, /home/tthmatt/ld_ROS/devel/share/om_aiv_util/cmake/om_aiv_utilConfig-version.cmake)
Linked: (/home/tthmatt/ld_ROS/devel/.private/om_aiv_util/share/om_aiv_util/cmake/om_aiv_utilConfig.cmake, /home/tthmatt/ld_ROS/devel/share/om_aiv_util/cmake/om_aiv_utilConfig.cmake)
Linked: (/home/tthmatt/ld_ROS/devel/.private/om_aiv_util/share/om_aiv_util/cmake/om_aiv_util-msg-paths.cmake, /home/tthmatt/ld_ROS/devel/share/om_aiv_util/cmake/om_aiv_util-msg-paths.cmake)
Linked: (/home/tthmatt/ld_ROS/devel/.private/om_aiv_util/share/common-lisp/ros/om_aiv_util/srv/_package.lisp, /home/tthmatt/ld_ROS/devel/share/common-lisp/ros/om_aiv_util/srv/_package.lisp)
Linked: (/home/tthmatt/ld_ROS/devel/.private/om_aiv_util/share/common-lisp/ros/om_aiv_util/srv/_package_ServiceExample.lisp, /home/tthmatt/ld_ROS/devel/share/common-lisp/ros/om_aiv_util/srv/_package_ServiceExample.lisp)
Symlinking /home/tthmatt/ld_ROS/devel/share/common-lisp/ros/om_aiv_util/srv/_package_AddTwoInts.lisp
Linked: (/home/tthmatt/ld_ROS/devel/.private/om_aiv_util/share/common-lisp/ros/om_aiv_util/srv/om_aiv_util-srv.asd, /home/tthmatt/ld_ROS/devel/share/common-lisp/ros/om_aiv_util/srv/om_aiv_util-srv.asd)
Symlinking /home/tthmatt/ld_ROS/devel/share/common-lisp/ros/om_aiv_util/srv/AddTwoInts.lisp
Linked: (/home/tthmatt/ld_ROS/devel/.private/om_aiv_util/share/common-lisp/ros/om_aiv_util/srv/ServiceExample.lisp, /home/tthmatt/ld_ROS/devel/share/common-lisp/ros/om_aiv_util/srv/ServiceExample.lisp)
Linked: (/home/tthmatt/ld_ROS/devel/.private/om_aiv_util/share/common-lisp/ros/om_aiv_util/msg/_package.lisp, /home/tthmatt/ld_ROS/devel/share/common-lisp/ros/om_aiv_util/msg/_package.lisp)
Linked: (/home/tthmatt/ld_ROS/devel/.private/om_aiv_util/share/common-lisp/ros/om_aiv_util/msg/_package_Location.lisp, /home/tthmatt/ld_ROS/devel/share/common-lisp/ros/om_aiv_util/msg/_package_Location.lisp)
Linked: (/home/tthmatt/ld_ROS/devel/.private/om_aiv_util/share/common-lisp/ros/om_aiv_util/msg/om_aiv_util-msg.asd, /home/tthmatt/ld_ROS/devel/share/common-lisp/ros/om_aiv_util/msg/om_aiv_util-msg.asd)
Linked: (/home/tthmatt/ld_ROS/devel/.private/om_aiv_util/share/common-lisp/ros/om_aiv_util/msg/Location.lisp, /home/tthmatt/ld_ROS/devel/share/common-lisp/ros/om_aiv_util/msg/Location.lisp)
Linked: (/home/tthmatt/ld_ROS/devel/.private/om_aiv_util/share/gennodejs/ros/om_aiv_util/_index.js, /home/tthmatt/ld_ROS/devel/share/gennodejs/ros/om_aiv_util/_index.js)
Linked: (/home/tthmatt/ld_ROS/devel/.private/om_aiv_util/share/gennodejs/ros/om_aiv_util/srv/_index.js, /home/tthmatt/ld_ROS/devel/share/gennodejs/ros/om_aiv_util/srv/_index.js)
Linked: (/home/tthmatt/ld_ROS/devel/.private/om_aiv_util/share/gennodejs/ros/om_aiv_util/srv/ServiceExample.js, /home/tthmatt/ld_ROS/devel/share/gennodejs/ros/om_aiv_util/srv/ServiceExample.js)
Symlinking /home/tthmatt/ld_ROS/devel/share/gennodejs/ros/om_aiv_util/srv/AddTwoInts.js
Linked: (/home/tthmatt/ld_ROS/devel/.private/om_aiv_util/share/gennodejs/ros/om_aiv_util/msg/_index.js, /home/tthmatt/ld_ROS/devel/share/gennodejs/ros/om_aiv_util/msg/_index.js)
Linked: (/home/tthmatt/ld_ROS/devel/.private/om_aiv_util/share/gennodejs/ros/om_aiv_util/msg/Location.js, /home/tthmatt/ld_ROS/devel/share/gennodejs/ros/om_aiv_util/msg/Location.js)
Linked: (/home/tthmatt/ld_ROS/devel/.private/om_aiv_util/share/roseus/ros/om_aiv_util/manifest.l, /home/tthmatt/ld_ROS/devel/share/roseus/ros/om_aiv_util/manifest.l)
Linked: (/home/tthmatt/ld_ROS/devel/.private/om_aiv_util/share/roseus/ros/om_aiv_util/srv/ServiceExample.l, /home/tthmatt/ld_ROS/devel/share/roseus/ros/om_aiv_util/srv/ServiceExample.l)
Symlinking /home/tthmatt/ld_ROS/devel/share/roseus/ros/om_aiv_util/srv/AddTwoInts.l
Linked: (/home/tthmatt/ld_ROS/devel/.private/om_aiv_util/share/roseus/ros/om_aiv_util/msg/Location.l, /home/tthmatt/ld_ROS/devel/share/roseus/ros/om_aiv_util/msg/Location.l)
Linked: (/home/tthmatt/ld_ROS/devel/.private/om_aiv_util/include/om_aiv_util/ServiceExample.h, /home/tthmatt/ld_ROS/devel/include/om_aiv_util/ServiceExample.h)
Symlinking /home/tthmatt/ld_ROS/devel/include/om_aiv_util/AddTwoIntsResponse.h
Linked: (/home/tthmatt/ld_ROS/devel/.private/om_aiv_util/include/om_aiv_util/ServiceExampleRequest.h, /home/tthmatt/ld_ROS/devel/include/om_aiv_util/ServiceExampleRequest.h)
Symlinking /home/tthmatt/ld_ROS/devel/include/om_aiv_util/AddTwoInts.h
Linked: (/home/tthmatt/ld_ROS/devel/.private/om_aiv_util/include/om_aiv_util/Location.h, /home/tthmatt/ld_ROS/devel/include/om_aiv_util/Location.h)
Symlinking /home/tthmatt/ld_ROS/devel/include/om_aiv_util/AddTwoIntsRequest.h
Linked: (/home/tthmatt/ld_ROS/devel/.private/om_aiv_util/include/om_aiv_util/ServiceExampleResponse.h, /home/tthmatt/ld_ROS/devel/include/om_aiv_util/ServiceExampleResponse.h)
