Determining if the pthread_create exist failed with the following output:
Change Dir: /home/tthmatt/ld_ROS/build/om_aiv_navigation/CMakeFiles/CMakeTmp

Run Build Command:"/usr/bin/make" "cmTC_8ace7/fast"
/usr/bin/make -f CMakeFiles/cmTC_8ace7.dir/build.make CMakeFiles/cmTC_8ace7.dir/build
make[1]: Entering directory '/home/tthmatt/ld_ROS/build/om_aiv_navigation/CMakeFiles/CMakeTmp'
Building C object CMakeFiles/cmTC_8ace7.dir/CheckSymbolExists.c.o
/usr/bin/cc    -o CMakeFiles/cmTC_8ace7.dir/CheckSymbolExists.c.o   -c /home/tthmatt/ld_ROS/build/om_aiv_navigation/CMakeFiles/CMakeTmp/CheckSymbolExists.c
Linking C executable cmTC_8ace7
/usr/bin/cmake -E cmake_link_script CMakeFiles/cmTC_8ace7.dir/link.txt --verbose=1
/usr/bin/cc      -rdynamic CMakeFiles/cmTC_8ace7.dir/CheckSymbolExists.c.o  -o cmTC_8ace7 
CMakeFiles/cmTC_8ace7.dir/CheckSymbolExists.c.o: In function `main':
CheckSymbolExists.c:(.text+0x1b): undefined reference to `pthread_create'
collect2: error: ld returned 1 exit status
CMakeFiles/cmTC_8ace7.dir/build.make:97: recipe for target 'cmTC_8ace7' failed
make[1]: *** [cmTC_8ace7] Error 1
make[1]: Leaving directory '/home/tthmatt/ld_ROS/build/om_aiv_navigation/CMakeFiles/CMakeTmp'
Makefile:126: recipe for target 'cmTC_8ace7/fast' failed
make: *** [cmTC_8ace7/fast] Error 2

File /home/tthmatt/ld_ROS/build/om_aiv_navigation/CMakeFiles/CMakeTmp/CheckSymbolExists.c:
/* */
#include <pthread.h>

int main(int argc, char** argv)
{
  (void)argv;
#ifndef pthread_create
  return ((int*)(&pthread_create))[argc];
#else
  (void)argc;
  return 0;
#endif
}

Determining if the function pthread_create exists in the pthreads failed with the following output:
Change Dir: /home/tthmatt/ld_ROS/build/om_aiv_navigation/CMakeFiles/CMakeTmp

Run Build Command:"/usr/bin/make" "cmTC_5c7a9/fast"
/usr/bin/make -f CMakeFiles/cmTC_5c7a9.dir/build.make CMakeFiles/cmTC_5c7a9.dir/build
make[1]: Entering directory '/home/tthmatt/ld_ROS/build/om_aiv_navigation/CMakeFiles/CMakeTmp'
Building C object CMakeFiles/cmTC_5c7a9.dir/CheckFunctionExists.c.o
/usr/bin/cc   -DCHECK_FUNCTION_EXISTS=pthread_create   -o CMakeFiles/cmTC_5c7a9.dir/CheckFunctionExists.c.o   -c /usr/share/cmake-3.10/Modules/CheckFunctionExists.c
Linking C executable cmTC_5c7a9
/usr/bin/cmake -E cmake_link_script CMakeFiles/cmTC_5c7a9.dir/link.txt --verbose=1
/usr/bin/cc  -DCHECK_FUNCTION_EXISTS=pthread_create    -rdynamic CMakeFiles/cmTC_5c7a9.dir/CheckFunctionExists.c.o  -o cmTC_5c7a9 -lpthreads 
/usr/bin/ld: cannot find -lpthreads
collect2: error: ld returned 1 exit status
CMakeFiles/cmTC_5c7a9.dir/build.make:97: recipe for target 'cmTC_5c7a9' failed
make[1]: *** [cmTC_5c7a9] Error 1
make[1]: Leaving directory '/home/tthmatt/ld_ROS/build/om_aiv_navigation/CMakeFiles/CMakeTmp'
Makefile:126: recipe for target 'cmTC_5c7a9/fast' failed
make: *** [cmTC_5c7a9/fast] Error 2


