Determining if the pthread_create exist failed with the following output:
Change Dir: /home/tthmatt/ld_ROS/build/catkin_tools_prebuild/CMakeFiles/CMakeTmp

Run Build Command:"/usr/bin/make" "cmTC_76d90/fast"
/usr/bin/make -f CMakeFiles/cmTC_76d90.dir/build.make CMakeFiles/cmTC_76d90.dir/build
make[1]: Entering directory '/home/tthmatt/ld_ROS/build/catkin_tools_prebuild/CMakeFiles/CMakeTmp'
Building C object CMakeFiles/cmTC_76d90.dir/CheckSymbolExists.c.o
/usr/bin/cc    -o CMakeFiles/cmTC_76d90.dir/CheckSymbolExists.c.o   -c /home/tthmatt/ld_ROS/build/catkin_tools_prebuild/CMakeFiles/CMakeTmp/CheckSymbolExists.c
Linking C executable cmTC_76d90
/usr/bin/cmake -E cmake_link_script CMakeFiles/cmTC_76d90.dir/link.txt --verbose=1
/usr/bin/cc      -rdynamic CMakeFiles/cmTC_76d90.dir/CheckSymbolExists.c.o  -o cmTC_76d90 
CMakeFiles/cmTC_76d90.dir/CheckSymbolExists.c.o: In function `main':
CheckSymbolExists.c:(.text+0x1b): undefined reference to `pthread_create'
collect2: error: ld returned 1 exit status
CMakeFiles/cmTC_76d90.dir/build.make:97: recipe for target 'cmTC_76d90' failed
make[1]: *** [cmTC_76d90] Error 1
make[1]: Leaving directory '/home/tthmatt/ld_ROS/build/catkin_tools_prebuild/CMakeFiles/CMakeTmp'
Makefile:126: recipe for target 'cmTC_76d90/fast' failed
make: *** [cmTC_76d90/fast] Error 2

File /home/tthmatt/ld_ROS/build/catkin_tools_prebuild/CMakeFiles/CMakeTmp/CheckSymbolExists.c:
/* */
#include <pthread.h>

int main(int argc, char** argv)
{
  (void)argv;
#ifndef pthread_create
  return ((int*)(&pthread_create))[argc];
#else
  (void)argc;
  return 0;
#endif
}

Determining if the function pthread_create exists in the pthreads failed with the following output:
Change Dir: /home/tthmatt/ld_ROS/build/catkin_tools_prebuild/CMakeFiles/CMakeTmp

Run Build Command:"/usr/bin/make" "cmTC_f1e54/fast"
/usr/bin/make -f CMakeFiles/cmTC_f1e54.dir/build.make CMakeFiles/cmTC_f1e54.dir/build
make[1]: Entering directory '/home/tthmatt/ld_ROS/build/catkin_tools_prebuild/CMakeFiles/CMakeTmp'
Building C object CMakeFiles/cmTC_f1e54.dir/CheckFunctionExists.c.o
/usr/bin/cc   -DCHECK_FUNCTION_EXISTS=pthread_create   -o CMakeFiles/cmTC_f1e54.dir/CheckFunctionExists.c.o   -c /usr/share/cmake-3.10/Modules/CheckFunctionExists.c
Linking C executable cmTC_f1e54
/usr/bin/cmake -E cmake_link_script CMakeFiles/cmTC_f1e54.dir/link.txt --verbose=1
/usr/bin/cc  -DCHECK_FUNCTION_EXISTS=pthread_create    -rdynamic CMakeFiles/cmTC_f1e54.dir/CheckFunctionExists.c.o  -o cmTC_f1e54 -lpthreads 
/usr/bin/ld: cannot find -lpthreads
collect2: error: ld returned 1 exit status
CMakeFiles/cmTC_f1e54.dir/build.make:97: recipe for target 'cmTC_f1e54' failed
make[1]: *** [cmTC_f1e54] Error 1
make[1]: Leaving directory '/home/tthmatt/ld_ROS/build/catkin_tools_prebuild/CMakeFiles/CMakeTmp'
Makefile:126: recipe for target 'cmTC_f1e54/fast' failed
make: *** [cmTC_f1e54/fast] Error 2


