Linked: (/home/tthmatt/ld_ROS/devel/.private/om_aiv_navigation/lib/pkgconfig/om_aiv_navigation.pc, /home/tthmatt/ld_ROS/devel/lib/pkgconfig/om_aiv_navigation.pc)
Linked: (/home/tthmatt/ld_ROS/devel/.private/om_aiv_navigation/share/om_aiv_navigation/cmake/om_aiv_navigationConfig.cmake, /home/tthmatt/ld_ROS/devel/share/om_aiv_navigation/cmake/om_aiv_navigationConfig.cmake)
Linked: (/home/tthmatt/ld_ROS/devel/.private/om_aiv_navigation/share/om_aiv_navigation/cmake/om_aiv_navigationConfig-version.cmake, /home/tthmatt/ld_ROS/devel/share/om_aiv_navigation/cmake/om_aiv_navigationConfig-version.cmake)
Linked: (/home/tthmatt/ld_ROS/devel/.private/om_aiv_navigation/share/om_aiv_navigation/msg/DockActionResult.msg, /home/tthmatt/ld_ROS/devel/share/om_aiv_navigation/msg/DockActionResult.msg)
Linked: (/home/tthmatt/ld_ROS/devel/.private/om_aiv_navigation/share/om_aiv_navigation/msg/PatrolOnceResult.msg, /home/tthmatt/ld_ROS/devel/share/om_aiv_navigation/msg/PatrolOnceResult.msg)
Linked: (/home/tthmatt/ld_ROS/devel/.private/om_aiv_navigation/share/om_aiv_navigation/msg/DoTaskAction.msg, /home/tthmatt/ld_ROS/devel/share/om_aiv_navigation/msg/DoTaskAction.msg)
Linked: (/home/tthmatt/ld_ROS/devel/.private/om_aiv_navigation/share/om_aiv_navigation/msg/ExecuteMacroFeedback.msg, /home/tthmatt/ld_ROS/devel/share/om_aiv_navigation/msg/ExecuteMacroFeedback.msg)
Linked: (/home/tthmatt/ld_ROS/devel/.private/om_aiv_navigation/share/om_aiv_navigation/msg/PatrolOnceFeedback.msg, /home/tthmatt/ld_ROS/devel/share/om_aiv_navigation/msg/PatrolOnceFeedback.msg)
Linked: (/home/tthmatt/ld_ROS/devel/.private/om_aiv_navigation/share/om_aiv_navigation/msg/GoToResult.msg, /home/tthmatt/ld_ROS/devel/share/om_aiv_navigation/msg/GoToResult.msg)
Linked: (/home/tthmatt/ld_ROS/devel/.private/om_aiv_navigation/share/om_aiv_navigation/msg/UndockActionFeedback.msg, /home/tthmatt/ld_ROS/devel/share/om_aiv_navigation/msg/UndockActionFeedback.msg)
Linked: (/home/tthmatt/ld_ROS/devel/.private/om_aiv_navigation/share/om_aiv_navigation/msg/ExecuteMacroGoal.msg, /home/tthmatt/ld_ROS/devel/share/om_aiv_navigation/msg/ExecuteMacroGoal.msg)
Linked: (/home/tthmatt/ld_ROS/devel/.private/om_aiv_navigation/share/om_aiv_navigation/msg/DockActionGoal.msg, /home/tthmatt/ld_ROS/devel/share/om_aiv_navigation/msg/DockActionGoal.msg)
Linked: (/home/tthmatt/ld_ROS/devel/.private/om_aiv_navigation/share/om_aiv_navigation/msg/GoToAction.msg, /home/tthmatt/ld_ROS/devel/share/om_aiv_navigation/msg/GoToAction.msg)
Linked: (/home/tthmatt/ld_ROS/devel/.private/om_aiv_navigation/share/om_aiv_navigation/msg/PatrolResumeFeedback.msg, /home/tthmatt/ld_ROS/devel/share/om_aiv_navigation/msg/PatrolResumeFeedback.msg)
Linked: (/home/tthmatt/ld_ROS/devel/.private/om_aiv_navigation/share/om_aiv_navigation/msg/GoToGoal.msg, /home/tthmatt/ld_ROS/devel/share/om_aiv_navigation/msg/GoToGoal.msg)
Linked: (/home/tthmatt/ld_ROS/devel/.private/om_aiv_navigation/share/om_aiv_navigation/msg/UndockActionResult.msg, /home/tthmatt/ld_ROS/devel/share/om_aiv_navigation/msg/UndockActionResult.msg)
Linked: (/home/tthmatt/ld_ROS/devel/.private/om_aiv_navigation/share/om_aiv_navigation/msg/PlayGoal.msg, /home/tthmatt/ld_ROS/devel/share/om_aiv_navigation/msg/PlayGoal.msg)
Linked: (/home/tthmatt/ld_ROS/devel/.private/om_aiv_navigation/share/om_aiv_navigation/msg/ExecuteMacroActionFeedback.msg, /home/tthmatt/ld_ROS/devel/share/om_aiv_navigation/msg/ExecuteMacroActionFeedback.msg)
Linked: (/home/tthmatt/ld_ROS/devel/.private/om_aiv_navigation/share/om_aiv_navigation/msg/GoToActionFeedback.msg, /home/tthmatt/ld_ROS/devel/share/om_aiv_navigation/msg/GoToActionFeedback.msg)
Linked: (/home/tthmatt/ld_ROS/devel/.private/om_aiv_navigation/share/om_aiv_navigation/msg/StopResult.msg, /home/tthmatt/ld_ROS/devel/share/om_aiv_navigation/msg/StopResult.msg)
Linked: (/home/tthmatt/ld_ROS/devel/.private/om_aiv_navigation/share/om_aiv_navigation/msg/PlayAction.msg, /home/tthmatt/ld_ROS/devel/share/om_aiv_navigation/msg/PlayAction.msg)
Linked: (/home/tthmatt/ld_ROS/devel/.private/om_aiv_navigation/share/om_aiv_navigation/msg/PatrolResumeActionGoal.msg, /home/tthmatt/ld_ROS/devel/share/om_aiv_navigation/msg/PatrolResumeActionGoal.msg)
Linked: (/home/tthmatt/ld_ROS/devel/.private/om_aiv_navigation/share/om_aiv_navigation/msg/DockActionFeedback.msg, /home/tthmatt/ld_ROS/devel/share/om_aiv_navigation/msg/DockActionFeedback.msg)
Linked: (/home/tthmatt/ld_ROS/devel/.private/om_aiv_navigation/share/om_aiv_navigation/msg/PatrolResumeActionResult.msg, /home/tthmatt/ld_ROS/devel/share/om_aiv_navigation/msg/PatrolResumeActionResult.msg)
Linked: (/home/tthmatt/ld_ROS/devel/.private/om_aiv_navigation/share/om_aiv_navigation/msg/StopGoal.msg, /home/tthmatt/ld_ROS/devel/share/om_aiv_navigation/msg/StopGoal.msg)
Linked: (/home/tthmatt/ld_ROS/devel/.private/om_aiv_navigation/share/om_aiv_navigation/msg/ExecuteMacroActionGoal.msg, /home/tthmatt/ld_ROS/devel/share/om_aiv_navigation/msg/ExecuteMacroActionGoal.msg)
Linked: (/home/tthmatt/ld_ROS/devel/.private/om_aiv_navigation/share/om_aiv_navigation/msg/PlayActionGoal.msg, /home/tthmatt/ld_ROS/devel/share/om_aiv_navigation/msg/PlayActionGoal.msg)
Linked: (/home/tthmatt/ld_ROS/devel/.private/om_aiv_navigation/share/om_aiv_navigation/msg/DoTaskActionResult.msg, /home/tthmatt/ld_ROS/devel/share/om_aiv_navigation/msg/DoTaskActionResult.msg)
Linked: (/home/tthmatt/ld_ROS/devel/.private/om_aiv_navigation/share/om_aiv_navigation/msg/StopActionGoal.msg, /home/tthmatt/ld_ROS/devel/share/om_aiv_navigation/msg/StopActionGoal.msg)
Linked: (/home/tthmatt/ld_ROS/devel/.private/om_aiv_navigation/share/om_aiv_navigation/msg/GoToActionResult.msg, /home/tthmatt/ld_ROS/devel/share/om_aiv_navigation/msg/GoToActionResult.msg)
Linked: (/home/tthmatt/ld_ROS/devel/.private/om_aiv_navigation/share/om_aiv_navigation/msg/ExecuteMacroAction.msg, /home/tthmatt/ld_ROS/devel/share/om_aiv_navigation/msg/ExecuteMacroAction.msg)
Linked: (/home/tthmatt/ld_ROS/devel/.private/om_aiv_navigation/share/om_aiv_navigation/msg/UndockGoal.msg, /home/tthmatt/ld_ROS/devel/share/om_aiv_navigation/msg/UndockGoal.msg)
Linked: (/home/tthmatt/ld_ROS/devel/.private/om_aiv_navigation/share/om_aiv_navigation/msg/UndockFeedback.msg, /home/tthmatt/ld_ROS/devel/share/om_aiv_navigation/msg/UndockFeedback.msg)
Linked: (/home/tthmatt/ld_ROS/devel/.private/om_aiv_navigation/share/om_aiv_navigation/msg/DoTaskResult.msg, /home/tthmatt/ld_ROS/devel/share/om_aiv_navigation/msg/DoTaskResult.msg)
Linked: (/home/tthmatt/ld_ROS/devel/.private/om_aiv_navigation/share/om_aiv_navigation/msg/DoTaskFeedback.msg, /home/tthmatt/ld_ROS/devel/share/om_aiv_navigation/msg/DoTaskFeedback.msg)
Linked: (/home/tthmatt/ld_ROS/devel/.private/om_aiv_navigation/share/om_aiv_navigation/msg/UndockAction.msg, /home/tthmatt/ld_ROS/devel/share/om_aiv_navigation/msg/UndockAction.msg)
Linked: (/home/tthmatt/ld_ROS/devel/.private/om_aiv_navigation/share/om_aiv_navigation/msg/PatrolResumeActionFeedback.msg, /home/tthmatt/ld_ROS/devel/share/om_aiv_navigation/msg/PatrolResumeActionFeedback.msg)
Linked: (/home/tthmatt/ld_ROS/devel/.private/om_aiv_navigation/share/om_aiv_navigation/msg/PatrolOnceGoal.msg, /home/tthmatt/ld_ROS/devel/share/om_aiv_navigation/msg/PatrolOnceGoal.msg)
Linked: (/home/tthmatt/ld_ROS/devel/.private/om_aiv_navigation/share/om_aiv_navigation/msg/UndockActionGoal.msg, /home/tthmatt/ld_ROS/devel/share/om_aiv_navigation/msg/UndockActionGoal.msg)
Linked: (/home/tthmatt/ld_ROS/devel/.private/om_aiv_navigation/share/om_aiv_navigation/msg/StopActionFeedback.msg, /home/tthmatt/ld_ROS/devel/share/om_aiv_navigation/msg/StopActionFeedback.msg)
Linked: (/home/tthmatt/ld_ROS/devel/.private/om_aiv_navigation/share/om_aiv_navigation/msg/PlayActionResult.msg, /home/tthmatt/ld_ROS/devel/share/om_aiv_navigation/msg/PlayActionResult.msg)
Linked: (/home/tthmatt/ld_ROS/devel/.private/om_aiv_navigation/share/om_aiv_navigation/msg/DoTaskGoal.msg, /home/tthmatt/ld_ROS/devel/share/om_aiv_navigation/msg/DoTaskGoal.msg)
Linked: (/home/tthmatt/ld_ROS/devel/.private/om_aiv_navigation/share/om_aiv_navigation/msg/StopActionResult.msg, /home/tthmatt/ld_ROS/devel/share/om_aiv_navigation/msg/StopActionResult.msg)
Linked: (/home/tthmatt/ld_ROS/devel/.private/om_aiv_navigation/share/om_aiv_navigation/msg/StopFeedback.msg, /home/tthmatt/ld_ROS/devel/share/om_aiv_navigation/msg/StopFeedback.msg)
Linked: (/home/tthmatt/ld_ROS/devel/.private/om_aiv_navigation/share/om_aiv_navigation/msg/PatrolOnceActionFeedback.msg, /home/tthmatt/ld_ROS/devel/share/om_aiv_navigation/msg/PatrolOnceActionFeedback.msg)
Linked: (/home/tthmatt/ld_ROS/devel/.private/om_aiv_navigation/share/om_aiv_navigation/msg/DoTaskActionFeedback.msg, /home/tthmatt/ld_ROS/devel/share/om_aiv_navigation/msg/DoTaskActionFeedback.msg)
Linked: (/home/tthmatt/ld_ROS/devel/.private/om_aiv_navigation/share/om_aiv_navigation/msg/GoToFeedback.msg, /home/tthmatt/ld_ROS/devel/share/om_aiv_navigation/msg/GoToFeedback.msg)
Linked: (/home/tthmatt/ld_ROS/devel/.private/om_aiv_navigation/share/om_aiv_navigation/msg/DockFeedback.msg, /home/tthmatt/ld_ROS/devel/share/om_aiv_navigation/msg/DockFeedback.msg)
Linked: (/home/tthmatt/ld_ROS/devel/.private/om_aiv_navigation/share/om_aiv_navigation/msg/PatrolResumeResult.msg, /home/tthmatt/ld_ROS/devel/share/om_aiv_navigation/msg/PatrolResumeResult.msg)
Linked: (/home/tthmatt/ld_ROS/devel/.private/om_aiv_navigation/share/om_aiv_navigation/msg/DockGoal.msg, /home/tthmatt/ld_ROS/devel/share/om_aiv_navigation/msg/DockGoal.msg)
Linked: (/home/tthmatt/ld_ROS/devel/.private/om_aiv_navigation/share/om_aiv_navigation/msg/ExecuteMacroResult.msg, /home/tthmatt/ld_ROS/devel/share/om_aiv_navigation/msg/ExecuteMacroResult.msg)
Linked: (/home/tthmatt/ld_ROS/devel/.private/om_aiv_navigation/share/om_aiv_navigation/msg/PatrolOnceActionResult.msg, /home/tthmatt/ld_ROS/devel/share/om_aiv_navigation/msg/PatrolOnceActionResult.msg)
Linked: (/home/tthmatt/ld_ROS/devel/.private/om_aiv_navigation/share/om_aiv_navigation/msg/StopAction.msg, /home/tthmatt/ld_ROS/devel/share/om_aiv_navigation/msg/StopAction.msg)
Linked: (/home/tthmatt/ld_ROS/devel/.private/om_aiv_navigation/share/om_aiv_navigation/msg/PlayResult.msg, /home/tthmatt/ld_ROS/devel/share/om_aiv_navigation/msg/PlayResult.msg)
Linked: (/home/tthmatt/ld_ROS/devel/.private/om_aiv_navigation/share/om_aiv_navigation/msg/PatrolResumeAction.msg, /home/tthmatt/ld_ROS/devel/share/om_aiv_navigation/msg/PatrolResumeAction.msg)
Linked: (/home/tthmatt/ld_ROS/devel/.private/om_aiv_navigation/share/om_aiv_navigation/msg/GoToActionGoal.msg, /home/tthmatt/ld_ROS/devel/share/om_aiv_navigation/msg/GoToActionGoal.msg)
Linked: (/home/tthmatt/ld_ROS/devel/.private/om_aiv_navigation/share/om_aiv_navigation/msg/DockAction.msg, /home/tthmatt/ld_ROS/devel/share/om_aiv_navigation/msg/DockAction.msg)
Linked: (/home/tthmatt/ld_ROS/devel/.private/om_aiv_navigation/share/om_aiv_navigation/msg/UndockResult.msg, /home/tthmatt/ld_ROS/devel/share/om_aiv_navigation/msg/UndockResult.msg)
Linked: (/home/tthmatt/ld_ROS/devel/.private/om_aiv_navigation/share/om_aiv_navigation/msg/DockResult.msg, /home/tthmatt/ld_ROS/devel/share/om_aiv_navigation/msg/DockResult.msg)
Linked: (/home/tthmatt/ld_ROS/devel/.private/om_aiv_navigation/share/om_aiv_navigation/msg/PatrolOnceActionGoal.msg, /home/tthmatt/ld_ROS/devel/share/om_aiv_navigation/msg/PatrolOnceActionGoal.msg)
Linked: (/home/tthmatt/ld_ROS/devel/.private/om_aiv_navigation/share/om_aiv_navigation/msg/ExecuteMacroActionResult.msg, /home/tthmatt/ld_ROS/devel/share/om_aiv_navigation/msg/ExecuteMacroActionResult.msg)
Linked: (/home/tthmatt/ld_ROS/devel/.private/om_aiv_navigation/share/om_aiv_navigation/msg/PlayFeedback.msg, /home/tthmatt/ld_ROS/devel/share/om_aiv_navigation/msg/PlayFeedback.msg)
Linked: (/home/tthmatt/ld_ROS/devel/.private/om_aiv_navigation/share/om_aiv_navigation/msg/PlayActionFeedback.msg, /home/tthmatt/ld_ROS/devel/share/om_aiv_navigation/msg/PlayActionFeedback.msg)
Linked: (/home/tthmatt/ld_ROS/devel/.private/om_aiv_navigation/share/om_aiv_navigation/msg/PatrolOnceAction.msg, /home/tthmatt/ld_ROS/devel/share/om_aiv_navigation/msg/PatrolOnceAction.msg)
Linked: (/home/tthmatt/ld_ROS/devel/.private/om_aiv_navigation/share/om_aiv_navigation/msg/DoTaskActionGoal.msg, /home/tthmatt/ld_ROS/devel/share/om_aiv_navigation/msg/DoTaskActionGoal.msg)
Linked: (/home/tthmatt/ld_ROS/devel/.private/om_aiv_navigation/share/om_aiv_navigation/msg/PatrolResumeGoal.msg, /home/tthmatt/ld_ROS/devel/share/om_aiv_navigation/msg/PatrolResumeGoal.msg)
