[35m[1mScanning dependencies of target _om_aiv_navigation_generate_messages_check_deps_PatrolActionFeedback[0m
[  0%] Built target _om_aiv_navigation_generate_messages_check_deps_PlayResult
[  0%] Built target _om_aiv_navigation_generate_messages_check_deps_GoToAction
[  0%] Built target _om_aiv_navigation_generate_messages_check_deps_PatrolActionFeedback
[  0%] Built target _om_aiv_navigation_generate_messages_check_deps_PatrolResumeActionGoal
[35m[1mScanning dependencies of target _om_aiv_navigation_generate_messages_check_deps_PatrolGoal[0m
[35m[1mScanning dependencies of target _om_aiv_navigation_generate_messages_check_deps_PatrolAction[0m
[  0%] Built target _om_aiv_navigation_generate_messages_check_deps_PatrolGoal
[  0%] Built target _om_aiv_navigation_generate_messages_check_deps_DoTaskAction
[  0%] Built target _om_aiv_navigation_generate_messages_check_deps_GoToActionFeedback
[  0%] Built target _om_aiv_navigation_generate_messages_check_deps_PatrolAction
[35m[1mScanning dependencies of target _om_aiv_navigation_generate_messages_check_deps_PatrolFeedback[0m
[  0%] Built target _om_aiv_navigation_generate_messages_check_deps_ExecuteMacroActionResult
[  0%] Built target _om_aiv_navigation_generate_messages_check_deps_PatrolFeedback
[  0%] Built target _om_aiv_navigation_generate_messages_check_deps_PatrolOnceActionFeedback
[  0%] Built target _om_aiv_navigation_generate_messages_check_deps_StopActionResult
[  0%] Built target _om_aiv_navigation_generate_messages_check_deps_PatrolOnceActionResult
[  0%] Built target _om_aiv_navigation_generate_messages_check_deps_UndockAction
[  0%] Built target _om_aiv_navigation_generate_messages_check_deps_PlayGoal
[  0%] Built target _om_aiv_navigation_generate_messages_check_deps_GoToActionResult
[35m[1mScanning dependencies of target _om_aiv_navigation_generate_messages_check_deps_PatrolActionResult[0m
[  0%] Built target _om_aiv_navigation_generate_messages_check_deps_UndockActionFeedback
[  0%] Built target _om_aiv_navigation_generate_messages_check_deps_DockActionFeedback
[  0%] Built target _om_aiv_navigation_generate_messages_check_deps_DockActionResult
[  0%] Built target _om_aiv_navigation_generate_messages_check_deps_PatrolActionResult
[  0%] Built target _om_aiv_navigation_generate_messages_check_deps_ExecuteMacroActionFeedback
[  0%] Built target _om_aiv_navigation_generate_messages_check_deps_GoToFeedback
[  0%] Built target _om_aiv_navigation_generate_messages_check_deps_ExecuteMacroFeedback
[  0%] Built target _om_aiv_navigation_generate_messages_check_deps_DoTaskGoal
[  0%] Built target _om_aiv_navigation_generate_messages_check_deps_PlayActionGoal
[  0%] Built target _om_aiv_navigation_generate_messages_check_deps_UndockActionGoal
[  0%] Built target _om_aiv_navigation_generate_messages_check_deps_StopAction
[  0%] Built target _om_aiv_navigation_generate_messages_check_deps_PlayAction
[  0%] Built target _om_aiv_navigation_generate_messages_check_deps_StopActionFeedback
[  0%] Built target _om_aiv_navigation_generate_messages_check_deps_StopResult
[  0%] Built target _om_aiv_navigation_generate_messages_check_deps_UndockActionResult
[  0%] Built target _om_aiv_navigation_generate_messages_check_deps_ExecuteMacroGoal
[  0%] Built target actionlib_msgs_generate_messages_py
[  0%] Built target _om_aiv_navigation_generate_messages_check_deps_GoToGoal
[  0%] Built target _om_aiv_navigation_generate_messages_check_deps_UndockGoal
[  0%] Built target _om_aiv_navigation_generate_messages_check_deps_ExecuteMacroAction
[  0%] Built target _om_aiv_navigation_generate_messages_check_deps_ExecuteMacroActionGoal
[  0%] Built target _om_aiv_navigation_generate_messages_check_deps_DockActionGoal
[  0%] Built target _om_aiv_navigation_generate_messages_check_deps_StopFeedback
[  0%] Built target _om_aiv_navigation_generate_messages_check_deps_PatrolOnceAction
[  0%] Built target _om_aiv_navigation_generate_messages_check_deps_UndockFeedback
[  0%] Built target _om_aiv_navigation_generate_messages_check_deps_PatrolOnceFeedback
[  0%] Built target _om_aiv_navigation_generate_messages_check_deps_PatrolResumeAction
[  0%] Built target _om_aiv_navigation_generate_messages_check_deps_DockFeedback
[  0%] Built target _om_aiv_navigation_generate_messages_check_deps_PatrolResumeActionFeedback
[  0%] Built target _om_aiv_navigation_generate_messages_check_deps_PatrolResumeFeedback
[  0%] Built target _om_aiv_navigation_generate_messages_check_deps_DoTaskActionGoal
[  0%] Built target _om_aiv_navigation_generate_messages_check_deps_DoTaskActionFeedback
[  0%] Built target _om_aiv_navigation_generate_messages_check_deps_GoToResult
[  0%] Built target _om_aiv_navigation_generate_messages_check_deps_PatrolOnceGoal
[  0%] Built target _om_aiv_navigation_generate_messages_check_deps_PlayActionFeedback
[  0%] Built target _om_aiv_navigation_generate_messages_check_deps_GoToActionGoal
[  0%] Built target _om_aiv_navigation_generate_messages_check_deps_StopActionGoal
[  0%] Built target _om_aiv_navigation_generate_messages_check_deps_ExecuteMacroResult
[  0%] Built target _om_aiv_navigation_generate_messages_check_deps_PatrolResumeActionResult
[  0%] Built target _om_aiv_navigation_generate_messages_check_deps_PatrolResumeGoal
[  0%] Built target _om_aiv_navigation_generate_messages_check_deps_DoTaskActionResult
[35m[1mScanning dependencies of target _om_aiv_navigation_generate_messages_check_deps_PatrolResult[0m
[  0%] Built target _om_aiv_navigation_generate_messages_check_deps_PatrolOnceResult
[  0%] Built target _om_aiv_navigation_generate_messages_check_deps_PatrolOnceActionGoal
[  0%] Built target _om_aiv_navigation_generate_messages_check_deps_DoTaskFeedback
[35m[1mScanning dependencies of target _om_aiv_navigation_generate_messages_check_deps_PatrolActionGoal[0m
[  0%] Built target _om_aiv_navigation_generate_messages_check_deps_PatrolResult
[  0%] Built target _om_aiv_navigation_generate_messages_check_deps_DockResult
[  0%] Built target _om_aiv_navigation_generate_messages_check_deps_PlayFeedback
[  0%] Built target _om_aiv_navigation_generate_messages_check_deps_PatrolActionGoal
[  0%] Built target _om_aiv_navigation_generate_messages_check_deps_DockGoal
[  0%] Built target _om_aiv_navigation_generate_messages_check_deps_StopGoal
[  0%] Built target _om_aiv_navigation_generate_messages_check_deps_PatrolResumeResult
[  0%] Built target _om_aiv_navigation_generate_messages_check_deps_DoTaskResult
[  0%] Built target actionlib_msgs_generate_messages_nodejs
[  0%] Built target _om_aiv_navigation_generate_messages_check_deps_UndockResult
[  0%] Built target _om_aiv_navigation_generate_messages_check_deps_PlayActionResult
[  0%] Built target actionlib_msgs_generate_messages_lisp
[  0%] Built target _om_aiv_navigation_generate_messages_check_deps_DockAction
[  0%] Built target actionlib_msgs_generate_messages_eus
[  0%] Built target actionlib_msgs_generate_messages_cpp
[  1%] [34m[1mGenerating Lisp code from om_aiv_navigation/PatrolActionResult.msg[0m
[  1%] [34m[1mGenerating Javascript code from om_aiv_navigation/PatrolActionResult.msg[0m
[  1%] [34m[1mGenerating Python from MSG om_aiv_navigation/PatrolActionResult[0m
[  1%] [34m[1mGenerating EusLisp code from om_aiv_navigation/PatrolActionResult.msg[0m
[  2%] [34m[1mGenerating Lisp code from om_aiv_navigation/PatrolGoal.msg[0m
[  2%] [34m[1mGenerating Javascript code from om_aiv_navigation/PatrolGoal.msg[0m
[  2%] [34m[1mGenerating Lisp code from om_aiv_navigation/PatrolActionGoal.msg[0m
[  3%] [34m[1mGenerating Javascript code from om_aiv_navigation/PatrolActionGoal.msg[0m
[  3%] [34m[1mGenerating Python from MSG om_aiv_navigation/PatrolGoal[0m
[  3%] [34m[1mGenerating EusLisp code from om_aiv_navigation/PatrolGoal.msg[0m
[  3%] [34m[1mGenerating Lisp code from om_aiv_navigation/PatrolResult.msg[0m
[  3%] [34m[1mGenerating Javascript code from om_aiv_navigation/PatrolResult.msg[0m
[  3%] [34m[1mGenerating EusLisp code from om_aiv_navigation/PatrolActionGoal.msg[0m
[  3%] [34m[1mGenerating Javascript code from om_aiv_navigation/PatrolAction.msg[0m
[  3%] [34m[1mGenerating Lisp code from om_aiv_navigation/PatrolAction.msg[0m
[  3%] [34m[1mGenerating Python from MSG om_aiv_navigation/PatrolActionGoal[0m
[  4%] [34m[1mGenerating Javascript code from om_aiv_navigation/PatrolFeedback.msg[0m
[  4%] [34m[1mGenerating EusLisp code from om_aiv_navigation/PatrolResult.msg[0m
[  4%] [34m[1mGenerating Lisp code from om_aiv_navigation/PatrolFeedback.msg[0m
[  4%] [34m[1mGenerating Javascript code from om_aiv_navigation/PatrolActionFeedback.msg[0m
[  5%] [34m[1mGenerating Lisp code from om_aiv_navigation/PatrolActionFeedback.msg[0m
[  6%] [34m[1mGenerating Python from MSG om_aiv_navigation/PatrolResult[0m
[  6%] [34m[1mGenerating EusLisp code from om_aiv_navigation/PatrolAction.msg[0m
[ 23%] Built target om_aiv_navigation_generate_messages_nodejs
[ 41%] Built target om_aiv_navigation_generate_messages_lisp
[ 42%] [34m[1mGenerating Python from MSG om_aiv_navigation/PatrolAction[0m
[ 42%] [34m[1mGenerating C++ code from om_aiv_navigation/PatrolActionResult.msg[0m
[ 42%] [34m[1mGenerating EusLisp code from om_aiv_navigation/PatrolFeedback.msg[0m
[ 42%] [34m[1mGenerating C++ code from om_aiv_navigation/PatrolGoal.msg[0m
[ 42%] [34m[1mGenerating Python from MSG om_aiv_navigation/PatrolFeedback[0m
[ 42%] [34m[1mGenerating EusLisp code from om_aiv_navigation/PatrolActionFeedback.msg[0m
[ 61%] Built target om_aiv_navigation_generate_messages_eus
[ 62%] [34m[1mGenerating C++ code from om_aiv_navigation/PatrolActionGoal.msg[0m
[ 62%] [34m[1mGenerating C++ code from om_aiv_navigation/PatrolResult.msg[0m
[ 62%] [34m[1mGenerating Python from MSG om_aiv_navigation/PatrolActionFeedback[0m
[ 62%] [34m[1mGenerating C++ code from om_aiv_navigation/PatrolAction.msg[0m
[ 63%] [34m[1mGenerating Python msg __init__.py for om_aiv_navigation[0m
[ 64%] [34m[1mGenerating C++ code from om_aiv_navigation/PatrolFeedback.msg[0m
[ 64%] [34m[1mGenerating C++ code from om_aiv_navigation/PatrolActionFeedback.msg[0m
[ 82%] Built target om_aiv_navigation_generate_messages_py
[100%] Built target om_aiv_navigation_generate_messages_cpp
[100%] Built target om_aiv_navigation_generate_messages
