Symlinking /home/tthmatt/ld_ROS/devel/lib/python2.7/dist-packages/om_aiv_navigation/__init__.py
Symlinking /home/tthmatt/ld_ROS/devel/lib/python2.7/dist-packages/om_aiv_navigation/msg/_PatrolResumeActionFeedback.py
Symlinking /home/tthmatt/ld_ROS/devel/lib/python2.7/dist-packages/om_aiv_navigation/msg/_GoToActionResult.py
Symlinking /home/tthmatt/ld_ROS/devel/lib/python2.7/dist-packages/om_aiv_navigation/msg/_UndockActionFeedback.py
Symlinking /home/tthmatt/ld_ROS/devel/lib/python2.7/dist-packages/om_aiv_navigation/msg/_PatrolOnceAction.py
Symlinking /home/tthmatt/ld_ROS/devel/lib/python2.7/dist-packages/om_aiv_navigation/msg/_QueueDropoffActionFeedback.py
Symlinking /home/tthmatt/ld_ROS/devel/lib/python2.7/dist-packages/om_aiv_navigation/msg/_UndockResult.py
Symlinking /home/tthmatt/ld_ROS/devel/lib/python2.7/dist-packages/om_aiv_navigation/msg/_PatrolActionFeedback.py
Symlinking /home/tthmatt/ld_ROS/devel/lib/python2.7/dist-packages/om_aiv_navigation/msg/_UndockGoal.py
Symlinking /home/tthmatt/ld_ROS/devel/lib/python2.7/dist-packages/om_aiv_navigation/msg/_DockGoal.py
Symlinking /home/tthmatt/ld_ROS/devel/lib/python2.7/dist-packages/om_aiv_navigation/msg/_DockActionResult.py
Symlinking /home/tthmatt/ld_ROS/devel/lib/python2.7/dist-packages/om_aiv_navigation/msg/_QueueDropoffFeedback.py
Symlinking /home/tthmatt/ld_ROS/devel/lib/python2.7/dist-packages/om_aiv_navigation/msg/_PlayGoal.py
Symlinking /home/tthmatt/ld_ROS/devel/lib/python2.7/dist-packages/om_aiv_navigation/msg/_ExecuteMacroAction.py
Symlinking /home/tthmatt/ld_ROS/devel/lib/python2.7/dist-packages/om_aiv_navigation/msg/_PatrolResumeResult.py
Symlinking /home/tthmatt/ld_ROS/devel/lib/python2.7/dist-packages/om_aiv_navigation/msg/_DockActionFeedback.py
Symlinking /home/tthmatt/ld_ROS/devel/lib/python2.7/dist-packages/om_aiv_navigation/msg/_QueueDropoffActionResult.py
Symlinking /home/tthmatt/ld_ROS/devel/lib/python2.7/dist-packages/om_aiv_navigation/msg/_PatrolOnceFeedback.py
Symlinking /home/tthmatt/ld_ROS/devel/lib/python2.7/dist-packages/om_aiv_navigation/msg/_UndockActionGoal.py
Symlinking /home/tthmatt/ld_ROS/devel/lib/python2.7/dist-packages/om_aiv_navigation/msg/_PlayAction.py
Symlinking /home/tthmatt/ld_ROS/devel/lib/python2.7/dist-packages/om_aiv_navigation/msg/_DockAction.py
Symlinking /home/tthmatt/ld_ROS/devel/lib/python2.7/dist-packages/om_aiv_navigation/msg/_PatrolActionGoal.py
Symlinking /home/tthmatt/ld_ROS/devel/lib/python2.7/dist-packages/om_aiv_navigation/msg/__init__.py
Symlinking /home/tthmatt/ld_ROS/devel/lib/python2.7/dist-packages/om_aiv_navigation/msg/_StopAction.py
Symlinking /home/tthmatt/ld_ROS/devel/lib/python2.7/dist-packages/om_aiv_navigation/msg/_PatrolGoal.py
Symlinking /home/tthmatt/ld_ROS/devel/lib/python2.7/dist-packages/om_aiv_navigation/msg/_PlayActionFeedback.py
Symlinking /home/tthmatt/ld_ROS/devel/lib/python2.7/dist-packages/om_aiv_navigation/msg/_PatrolOnceActionFeedback.py
Symlinking /home/tthmatt/ld_ROS/devel/lib/python2.7/dist-packages/om_aiv_navigation/msg/_UndockAction.py
Symlinking /home/tthmatt/ld_ROS/devel/lib/python2.7/dist-packages/om_aiv_navigation/msg/_ExecuteMacroResult.py
Symlinking /home/tthmatt/ld_ROS/devel/lib/python2.7/dist-packages/om_aiv_navigation/msg/_DoTaskGoal.py
Symlinking /home/tthmatt/ld_ROS/devel/lib/python2.7/dist-packages/om_aiv_navigation/msg/_ExecuteMacroActionResult.py
Symlinking /home/tthmatt/ld_ROS/devel/lib/python2.7/dist-packages/om_aiv_navigation/msg/_GoToGoal.py
Symlinking /home/tthmatt/ld_ROS/devel/lib/python2.7/dist-packages/om_aiv_navigation/msg/_PatrolFeedback.py
Symlinking /home/tthmatt/ld_ROS/devel/lib/python2.7/dist-packages/om_aiv_navigation/msg/_PatrolResumeActionGoal.py
Symlinking /home/tthmatt/ld_ROS/devel/lib/python2.7/dist-packages/om_aiv_navigation/msg/_PatrolResumeGoal.py
Symlinking /home/tthmatt/ld_ROS/devel/lib/python2.7/dist-packages/om_aiv_navigation/msg/_PlayActionResult.py
Symlinking /home/tthmatt/ld_ROS/devel/lib/python2.7/dist-packages/om_aiv_navigation/msg/_GoToActionGoal.py
Symlinking /home/tthmatt/ld_ROS/devel/lib/python2.7/dist-packages/om_aiv_navigation/msg/_DockResult.py
Symlinking /home/tthmatt/ld_ROS/devel/lib/python2.7/dist-packages/om_aiv_navigation/msg/_DockActionGoal.py
Symlinking /home/tthmatt/ld_ROS/devel/lib/python2.7/dist-packages/om_aiv_navigation/msg/_PatrolOnceActionGoal.py
Symlinking /home/tthmatt/ld_ROS/devel/lib/python2.7/dist-packages/om_aiv_navigation/msg/_DoTaskResult.py
Symlinking /home/tthmatt/ld_ROS/devel/lib/python2.7/dist-packages/om_aiv_navigation/msg/_ExecuteMacroActionGoal.py
Symlinking /home/tthmatt/ld_ROS/devel/lib/python2.7/dist-packages/om_aiv_navigation/msg/_PatrolResumeActionResult.py
Symlinking /home/tthmatt/ld_ROS/devel/lib/python2.7/dist-packages/om_aiv_navigation/msg/_GoToFeedback.py
Symlinking /home/tthmatt/ld_ROS/devel/lib/python2.7/dist-packages/om_aiv_navigation/msg/_StopActionGoal.py
Symlinking /home/tthmatt/ld_ROS/devel/lib/python2.7/dist-packages/om_aiv_navigation/msg/_ExecuteMacroGoal.py
Symlinking /home/tthmatt/ld_ROS/devel/lib/python2.7/dist-packages/om_aiv_navigation/msg/_DoTaskActionGoal.py
Symlinking /home/tthmatt/ld_ROS/devel/lib/python2.7/dist-packages/om_aiv_navigation/msg/_PatrolOnceResult.py
Symlinking /home/tthmatt/ld_ROS/devel/lib/python2.7/dist-packages/om_aiv_navigation/msg/_PatrolResumeAction.py
Symlinking /home/tthmatt/ld_ROS/devel/lib/python2.7/dist-packages/om_aiv_navigation/msg/_DockFeedback.py
Symlinking /home/tthmatt/ld_ROS/devel/lib/python2.7/dist-packages/om_aiv_navigation/msg/_QueueDropoffAction.py
Symlinking /home/tthmatt/ld_ROS/devel/lib/python2.7/dist-packages/om_aiv_navigation/msg/_PatrolResumeFeedback.py
Symlinking /home/tthmatt/ld_ROS/devel/lib/python2.7/dist-packages/om_aiv_navigation/msg/_GoToActionFeedback.py
Symlinking /home/tthmatt/ld_ROS/devel/lib/python2.7/dist-packages/om_aiv_navigation/msg/_StopResult.py
Symlinking /home/tthmatt/ld_ROS/devel/lib/python2.7/dist-packages/om_aiv_navigation/msg/_UndockActionResult.py
Symlinking /home/tthmatt/ld_ROS/devel/lib/python2.7/dist-packages/om_aiv_navigation/msg/_DoTaskActionFeedback.py
Symlinking /home/tthmatt/ld_ROS/devel/lib/python2.7/dist-packages/om_aiv_navigation/msg/_QueueDropoffResult.py
Symlinking /home/tthmatt/ld_ROS/devel/lib/python2.7/dist-packages/om_aiv_navigation/msg/_DoTaskAction.py
Symlinking /home/tthmatt/ld_ROS/devel/lib/python2.7/dist-packages/om_aiv_navigation/msg/_PatrolActionResult.py
Symlinking /home/tthmatt/ld_ROS/devel/lib/python2.7/dist-packages/om_aiv_navigation/msg/_StopActionResult.py
Symlinking /home/tthmatt/ld_ROS/devel/lib/python2.7/dist-packages/om_aiv_navigation/msg/_QueueDropoffActionGoal.py
Symlinking /home/tthmatt/ld_ROS/devel/lib/python2.7/dist-packages/om_aiv_navigation/msg/_PlayResult.py
Symlinking /home/tthmatt/ld_ROS/devel/lib/python2.7/dist-packages/om_aiv_navigation/msg/_GoToAction.py
Symlinking /home/tthmatt/ld_ROS/devel/lib/python2.7/dist-packages/om_aiv_navigation/msg/_PatrolResult.py
Symlinking /home/tthmatt/ld_ROS/devel/lib/python2.7/dist-packages/om_aiv_navigation/msg/_GoToResult.py
Symlinking /home/tthmatt/ld_ROS/devel/lib/python2.7/dist-packages/om_aiv_navigation/msg/_DoTaskFeedback.py
Symlinking /home/tthmatt/ld_ROS/devel/lib/python2.7/dist-packages/om_aiv_navigation/msg/_PatrolOnceActionResult.py
Symlinking /home/tthmatt/ld_ROS/devel/lib/python2.7/dist-packages/om_aiv_navigation/msg/_PatrolOnceGoal.py
Symlinking /home/tthmatt/ld_ROS/devel/lib/python2.7/dist-packages/om_aiv_navigation/msg/_UndockFeedback.py
Symlinking /home/tthmatt/ld_ROS/devel/lib/python2.7/dist-packages/om_aiv_navigation/msg/_StopGoal.py
Symlinking /home/tthmatt/ld_ROS/devel/lib/python2.7/dist-packages/om_aiv_navigation/msg/_ExecuteMacroFeedback.py
Symlinking /home/tthmatt/ld_ROS/devel/lib/python2.7/dist-packages/om_aiv_navigation/msg/_QueueDropoffGoal.py
Symlinking /home/tthmatt/ld_ROS/devel/lib/python2.7/dist-packages/om_aiv_navigation/msg/_StopActionFeedback.py
Symlinking /home/tthmatt/ld_ROS/devel/lib/python2.7/dist-packages/om_aiv_navigation/msg/_StopFeedback.py
Symlinking /home/tthmatt/ld_ROS/devel/lib/python2.7/dist-packages/om_aiv_navigation/msg/_PlayActionGoal.py
Symlinking /home/tthmatt/ld_ROS/devel/lib/python2.7/dist-packages/om_aiv_navigation/msg/_DoTaskActionResult.py
Symlinking /home/tthmatt/ld_ROS/devel/lib/python2.7/dist-packages/om_aiv_navigation/msg/_PatrolAction.py
Symlinking /home/tthmatt/ld_ROS/devel/lib/python2.7/dist-packages/om_aiv_navigation/msg/_PlayFeedback.py
Symlinking /home/tthmatt/ld_ROS/devel/lib/python2.7/dist-packages/om_aiv_navigation/msg/_ExecuteMacroActionFeedback.py
Symlinking /home/tthmatt/ld_ROS/devel/lib/pkgconfig/om_aiv_navigation.pc
Symlinking /home/tthmatt/ld_ROS/devel/share/om_aiv_navigation/cmake/om_aiv_navigationConfig.cmake
Symlinking /home/tthmatt/ld_ROS/devel/share/om_aiv_navigation/cmake/om_aiv_navigationConfig-version.cmake
Symlinking /home/tthmatt/ld_ROS/devel/share/om_aiv_navigation/cmake/om_aiv_navigation-msg-paths.cmake
Symlinking /home/tthmatt/ld_ROS/devel/share/om_aiv_navigation/cmake/om_aiv_navigation-msg-extras.cmake
Symlinking /home/tthmatt/ld_ROS/devel/share/om_aiv_navigation/msg/DockActionResult.msg
Symlinking /home/tthmatt/ld_ROS/devel/share/om_aiv_navigation/msg/PatrolOnceResult.msg
Symlinking /home/tthmatt/ld_ROS/devel/share/om_aiv_navigation/msg/DoTaskAction.msg
Symlinking /home/tthmatt/ld_ROS/devel/share/om_aiv_navigation/msg/ExecuteMacroFeedback.msg
Symlinking /home/tthmatt/ld_ROS/devel/share/om_aiv_navigation/msg/PatrolOnceFeedback.msg
Symlinking /home/tthmatt/ld_ROS/devel/share/om_aiv_navigation/msg/GoToResult.msg
Symlinking /home/tthmatt/ld_ROS/devel/share/om_aiv_navigation/msg/UndockActionFeedback.msg
Symlinking /home/tthmatt/ld_ROS/devel/share/om_aiv_navigation/msg/ExecuteMacroGoal.msg
Symlinking /home/tthmatt/ld_ROS/devel/share/om_aiv_navigation/msg/DockActionGoal.msg
Symlinking /home/tthmatt/ld_ROS/devel/share/om_aiv_navigation/msg/GoToAction.msg
Symlinking /home/tthmatt/ld_ROS/devel/share/om_aiv_navigation/msg/PatrolResumeFeedback.msg
Symlinking /home/tthmatt/ld_ROS/devel/share/om_aiv_navigation/msg/GoToGoal.msg
Symlinking /home/tthmatt/ld_ROS/devel/share/om_aiv_navigation/msg/UndockActionResult.msg
Symlinking /home/tthmatt/ld_ROS/devel/share/om_aiv_navigation/msg/QueueDropoffActionGoal.msg
Symlinking /home/tthmatt/ld_ROS/devel/share/om_aiv_navigation/msg/PlayGoal.msg
Symlinking /home/tthmatt/ld_ROS/devel/share/om_aiv_navigation/msg/ExecuteMacroActionFeedback.msg
Symlinking /home/tthmatt/ld_ROS/devel/share/om_aiv_navigation/msg/GoToActionFeedback.msg
Symlinking /home/tthmatt/ld_ROS/devel/share/om_aiv_navigation/msg/StopResult.msg
Symlinking /home/tthmatt/ld_ROS/devel/share/om_aiv_navigation/msg/PatrolActionFeedback.msg
Symlinking /home/tthmatt/ld_ROS/devel/share/om_aiv_navigation/msg/PlayAction.msg
Symlinking /home/tthmatt/ld_ROS/devel/share/om_aiv_navigation/msg/PatrolResumeActionGoal.msg
Symlinking /home/tthmatt/ld_ROS/devel/share/om_aiv_navigation/msg/DockActionFeedback.msg
Symlinking /home/tthmatt/ld_ROS/devel/share/om_aiv_navigation/msg/PatrolResumeActionResult.msg
Symlinking /home/tthmatt/ld_ROS/devel/share/om_aiv_navigation/msg/PatrolFeedback.msg
Symlinking /home/tthmatt/ld_ROS/devel/share/om_aiv_navigation/msg/QueueDropoffAction.msg
Symlinking /home/tthmatt/ld_ROS/devel/share/om_aiv_navigation/msg/StopGoal.msg
Symlinking /home/tthmatt/ld_ROS/devel/share/om_aiv_navigation/msg/ExecuteMacroActionGoal.msg
Symlinking /home/tthmatt/ld_ROS/devel/share/om_aiv_navigation/msg/PlayActionGoal.msg
Symlinking /home/tthmatt/ld_ROS/devel/share/om_aiv_navigation/msg/QueueDropoffGoal.msg
Symlinking /home/tthmatt/ld_ROS/devel/share/om_aiv_navigation/msg/DoTaskActionResult.msg
Symlinking /home/tthmatt/ld_ROS/devel/share/om_aiv_navigation/msg/StopActionGoal.msg
Symlinking /home/tthmatt/ld_ROS/devel/share/om_aiv_navigation/msg/GoToActionResult.msg
Symlinking /home/tthmatt/ld_ROS/devel/share/om_aiv_navigation/msg/PatrolActionGoal.msg
Symlinking /home/tthmatt/ld_ROS/devel/share/om_aiv_navigation/msg/ExecuteMacroAction.msg
Symlinking /home/tthmatt/ld_ROS/devel/share/om_aiv_navigation/msg/UndockGoal.msg
Symlinking /home/tthmatt/ld_ROS/devel/share/om_aiv_navigation/msg/UndockFeedback.msg
Symlinking /home/tthmatt/ld_ROS/devel/share/om_aiv_navigation/msg/DoTaskResult.msg
Symlinking /home/tthmatt/ld_ROS/devel/share/om_aiv_navigation/msg/DoTaskFeedback.msg
Symlinking /home/tthmatt/ld_ROS/devel/share/om_aiv_navigation/msg/PatrolAction.msg
Symlinking /home/tthmatt/ld_ROS/devel/share/om_aiv_navigation/msg/UndockAction.msg
Symlinking /home/tthmatt/ld_ROS/devel/share/om_aiv_navigation/msg/PatrolResumeActionFeedback.msg
Symlinking /home/tthmatt/ld_ROS/devel/share/om_aiv_navigation/msg/PatrolOnceGoal.msg
Symlinking /home/tthmatt/ld_ROS/devel/share/om_aiv_navigation/msg/UndockActionGoal.msg
Symlinking /home/tthmatt/ld_ROS/devel/share/om_aiv_navigation/msg/QueueDropoffResult.msg
Symlinking /home/tthmatt/ld_ROS/devel/share/om_aiv_navigation/msg/StopActionFeedback.msg
Symlinking /home/tthmatt/ld_ROS/devel/share/om_aiv_navigation/msg/PlayActionResult.msg
Symlinking /home/tthmatt/ld_ROS/devel/share/om_aiv_navigation/msg/DoTaskGoal.msg
Symlinking /home/tthmatt/ld_ROS/devel/share/om_aiv_navigation/msg/StopActionResult.msg
Symlinking /home/tthmatt/ld_ROS/devel/share/om_aiv_navigation/msg/StopFeedback.msg
Symlinking /home/tthmatt/ld_ROS/devel/share/om_aiv_navigation/msg/PatrolOnceActionFeedback.msg
Symlinking /home/tthmatt/ld_ROS/devel/share/om_aiv_navigation/msg/PatrolResult.msg
Symlinking /home/tthmatt/ld_ROS/devel/share/om_aiv_navigation/msg/DoTaskActionFeedback.msg
Symlinking /home/tthmatt/ld_ROS/devel/share/om_aiv_navigation/msg/GoToFeedback.msg
Symlinking /home/tthmatt/ld_ROS/devel/share/om_aiv_navigation/msg/DockFeedback.msg
Symlinking /home/tthmatt/ld_ROS/devel/share/om_aiv_navigation/msg/PatrolResumeResult.msg
Symlinking /home/tthmatt/ld_ROS/devel/share/om_aiv_navigation/msg/DockGoal.msg
Symlinking /home/tthmatt/ld_ROS/devel/share/om_aiv_navigation/msg/ExecuteMacroResult.msg
Symlinking /home/tthmatt/ld_ROS/devel/share/om_aiv_navigation/msg/PatrolOnceActionResult.msg
Symlinking /home/tthmatt/ld_ROS/devel/share/om_aiv_navigation/msg/StopAction.msg
Symlinking /home/tthmatt/ld_ROS/devel/share/om_aiv_navigation/msg/PlayResult.msg
Symlinking /home/tthmatt/ld_ROS/devel/share/om_aiv_navigation/msg/PatrolResumeAction.msg
Symlinking /home/tthmatt/ld_ROS/devel/share/om_aiv_navigation/msg/GoToActionGoal.msg
Symlinking /home/tthmatt/ld_ROS/devel/share/om_aiv_navigation/msg/PatrolActionResult.msg
Symlinking /home/tthmatt/ld_ROS/devel/share/om_aiv_navigation/msg/QueueDropoffFeedback.msg
Symlinking /home/tthmatt/ld_ROS/devel/share/om_aiv_navigation/msg/QueueDropoffActionResult.msg
Symlinking /home/tthmatt/ld_ROS/devel/share/om_aiv_navigation/msg/QueueDropoffActionFeedback.msg
Symlinking /home/tthmatt/ld_ROS/devel/share/om_aiv_navigation/msg/DockAction.msg
Symlinking /home/tthmatt/ld_ROS/devel/share/om_aiv_navigation/msg/UndockResult.msg
Symlinking /home/tthmatt/ld_ROS/devel/share/om_aiv_navigation/msg/DockResult.msg
Symlinking /home/tthmatt/ld_ROS/devel/share/om_aiv_navigation/msg/PatrolOnceActionGoal.msg
Symlinking /home/tthmatt/ld_ROS/devel/share/om_aiv_navigation/msg/ExecuteMacroActionResult.msg
Symlinking /home/tthmatt/ld_ROS/devel/share/om_aiv_navigation/msg/PatrolGoal.msg
Symlinking /home/tthmatt/ld_ROS/devel/share/om_aiv_navigation/msg/PlayFeedback.msg
Symlinking /home/tthmatt/ld_ROS/devel/share/om_aiv_navigation/msg/PlayActionFeedback.msg
Symlinking /home/tthmatt/ld_ROS/devel/share/om_aiv_navigation/msg/PatrolOnceAction.msg
Symlinking /home/tthmatt/ld_ROS/devel/share/om_aiv_navigation/msg/DoTaskActionGoal.msg
Symlinking /home/tthmatt/ld_ROS/devel/share/om_aiv_navigation/msg/PatrolResumeGoal.msg
Symlinking /home/tthmatt/ld_ROS/devel/share/common-lisp/ros/om_aiv_navigation/msg/GoToFeedback.lisp
Symlinking /home/tthmatt/ld_ROS/devel/share/common-lisp/ros/om_aiv_navigation/msg/_package_UndockAction.lisp
Symlinking /home/tthmatt/ld_ROS/devel/share/common-lisp/ros/om_aiv_navigation/msg/PlayGoal.lisp
Symlinking /home/tthmatt/ld_ROS/devel/share/common-lisp/ros/om_aiv_navigation/msg/StopActionFeedback.lisp
Symlinking /home/tthmatt/ld_ROS/devel/share/common-lisp/ros/om_aiv_navigation/msg/_package_PatrolOnceActionGoal.lisp
Symlinking /home/tthmatt/ld_ROS/devel/share/common-lisp/ros/om_aiv_navigation/msg/GoToGoal.lisp
Symlinking /home/tthmatt/ld_ROS/devel/share/common-lisp/ros/om_aiv_navigation/msg/PatrolResumeGoal.lisp
Symlinking /home/tthmatt/ld_ROS/devel/share/common-lisp/ros/om_aiv_navigation/msg/GoToActionGoal.lisp
Symlinking /home/tthmatt/ld_ROS/devel/share/common-lisp/ros/om_aiv_navigation/msg/_package_PatrolResumeResult.lisp
Symlinking /home/tthmatt/ld_ROS/devel/share/common-lisp/ros/om_aiv_navigation/msg/_package_DockActionGoal.lisp
Symlinking /home/tthmatt/ld_ROS/devel/share/common-lisp/ros/om_aiv_navigation/msg/_package_DoTaskActionFeedback.lisp
Symlinking /home/tthmatt/ld_ROS/devel/share/common-lisp/ros/om_aiv_navigation/msg/ExecuteMacroAction.lisp
Symlinking /home/tthmatt/ld_ROS/devel/share/common-lisp/ros/om_aiv_navigation/msg/PatrolResumeFeedback.lisp
Symlinking /home/tthmatt/ld_ROS/devel/share/common-lisp/ros/om_aiv_navigation/msg/PlayFeedback.lisp
Symlinking /home/tthmatt/ld_ROS/devel/share/common-lisp/ros/om_aiv_navigation/msg/ExecuteMacroActionGoal.lisp
Symlinking /home/tthmatt/ld_ROS/devel/share/common-lisp/ros/om_aiv_navigation/msg/_package_PatrolOnceActionFeedback.lisp
Symlinking /home/tthmatt/ld_ROS/devel/share/common-lisp/ros/om_aiv_navigation/msg/_package_PlayResult.lisp
Symlinking /home/tthmatt/ld_ROS/devel/share/common-lisp/ros/om_aiv_navigation/msg/PatrolGoal.lisp
Symlinking /home/tthmatt/ld_ROS/devel/share/common-lisp/ros/om_aiv_navigation/msg/_package.lisp
Symlinking /home/tthmatt/ld_ROS/devel/share/common-lisp/ros/om_aiv_navigation/msg/PatrolResumeActionFeedback.lisp
Symlinking /home/tthmatt/ld_ROS/devel/share/common-lisp/ros/om_aiv_navigation/msg/_package_DockActionFeedback.lisp
Symlinking /home/tthmatt/ld_ROS/devel/share/common-lisp/ros/om_aiv_navigation/msg/_package_QueueDropoffResult.lisp
Symlinking /home/tthmatt/ld_ROS/devel/share/common-lisp/ros/om_aiv_navigation/msg/_package_GoToFeedback.lisp
Symlinking /home/tthmatt/ld_ROS/devel/share/common-lisp/ros/om_aiv_navigation/msg/DoTaskFeedback.lisp
Symlinking /home/tthmatt/ld_ROS/devel/share/common-lisp/ros/om_aiv_navigation/msg/DoTaskResult.lisp
Symlinking /home/tthmatt/ld_ROS/devel/share/common-lisp/ros/om_aiv_navigation/msg/_package_ExecuteMacroFeedback.lisp
Symlinking /home/tthmatt/ld_ROS/devel/share/common-lisp/ros/om_aiv_navigation/msg/UndockGoal.lisp
Symlinking /home/tthmatt/ld_ROS/devel/share/common-lisp/ros/om_aiv_navigation/msg/PatrolOnceAction.lisp
Symlinking /home/tthmatt/ld_ROS/devel/share/common-lisp/ros/om_aiv_navigation/msg/StopGoal.lisp
Symlinking /home/tthmatt/ld_ROS/devel/share/common-lisp/ros/om_aiv_navigation/msg/om_aiv_navigation-msg.asd
Symlinking /home/tthmatt/ld_ROS/devel/share/common-lisp/ros/om_aiv_navigation/msg/_package_QueueDropoffAction.lisp
Symlinking /home/tthmatt/ld_ROS/devel/share/common-lisp/ros/om_aiv_navigation/msg/_package_PlayFeedback.lisp
Symlinking /home/tthmatt/ld_ROS/devel/share/common-lisp/ros/om_aiv_navigation/msg/_package_PatrolOnceGoal.lisp
Symlinking /home/tthmatt/ld_ROS/devel/share/common-lisp/ros/om_aiv_navigation/msg/_package_QueueDropoffFeedback.lisp
Symlinking /home/tthmatt/ld_ROS/devel/share/common-lisp/ros/om_aiv_navigation/msg/_package_GoToGoal.lisp
Symlinking /home/tthmatt/ld_ROS/devel/share/common-lisp/ros/om_aiv_navigation/msg/PatrolFeedback.lisp
Symlinking /home/tthmatt/ld_ROS/devel/share/common-lisp/ros/om_aiv_navigation/msg/PatrolActionFeedback.lisp
Symlinking /home/tthmatt/ld_ROS/devel/share/common-lisp/ros/om_aiv_navigation/msg/PatrolOnceResult.lisp
Symlinking /home/tthmatt/ld_ROS/devel/share/common-lisp/ros/om_aiv_navigation/msg/_package_PatrolOnceAction.lisp
Symlinking /home/tthmatt/ld_ROS/devel/share/common-lisp/ros/om_aiv_navigation/msg/StopAction.lisp
Symlinking /home/tthmatt/ld_ROS/devel/share/common-lisp/ros/om_aiv_navigation/msg/QueueDropoffGoal.lisp
Symlinking /home/tthmatt/ld_ROS/devel/share/common-lisp/ros/om_aiv_navigation/msg/_package_DoTaskResult.lisp
Symlinking /home/tthmatt/ld_ROS/devel/share/common-lisp/ros/om_aiv_navigation/msg/_package_QueueDropoffActionResult.lisp
Symlinking /home/tthmatt/ld_ROS/devel/share/common-lisp/ros/om_aiv_navigation/msg/_package_GoToActionResult.lisp
Symlinking /home/tthmatt/ld_ROS/devel/share/common-lisp/ros/om_aiv_navigation/msg/PatrolActionGoal.lisp
Symlinking /home/tthmatt/ld_ROS/devel/share/common-lisp/ros/om_aiv_navigation/msg/PatrolOnceActionResult.lisp
Symlinking /home/tthmatt/ld_ROS/devel/share/common-lisp/ros/om_aiv_navigation/msg/_package_QueueDropoffActionGoal.lisp
Symlinking /home/tthmatt/ld_ROS/devel/share/common-lisp/ros/om_aiv_navigation/msg/DoTaskActionGoal.lisp
Symlinking /home/tthmatt/ld_ROS/devel/share/common-lisp/ros/om_aiv_navigation/msg/GoToActionFeedback.lisp
Symlinking /home/tthmatt/ld_ROS/devel/share/common-lisp/ros/om_aiv_navigation/msg/ExecuteMacroActionFeedback.lisp
Symlinking /home/tthmatt/ld_ROS/devel/share/common-lisp/ros/om_aiv_navigation/msg/_package_GoToActionFeedback.lisp
Symlinking /home/tthmatt/ld_ROS/devel/share/common-lisp/ros/om_aiv_navigation/msg/PatrolActionResult.lisp
Symlinking /home/tthmatt/ld_ROS/devel/share/common-lisp/ros/om_aiv_navigation/msg/UndockFeedback.lisp
Symlinking /home/tthmatt/ld_ROS/devel/share/common-lisp/ros/om_aiv_navigation/msg/DockFeedback.lisp
Symlinking /home/tthmatt/ld_ROS/devel/share/common-lisp/ros/om_aiv_navigation/msg/_package_PatrolResumeActionResult.lisp
Symlinking /home/tthmatt/ld_ROS/devel/share/common-lisp/ros/om_aiv_navigation/msg/_package_StopActionResult.lisp
Symlinking /home/tthmatt/ld_ROS/devel/share/common-lisp/ros/om_aiv_navigation/msg/DockActionFeedback.lisp
Symlinking /home/tthmatt/ld_ROS/devel/share/common-lisp/ros/om_aiv_navigation/msg/UndockActionResult.lisp
Symlinking /home/tthmatt/ld_ROS/devel/share/common-lisp/ros/om_aiv_navigation/msg/PlayAction.lisp
Symlinking /home/tthmatt/ld_ROS/devel/share/common-lisp/ros/om_aiv_navigation/msg/_package_PatrolOnceResult.lisp
Symlinking /home/tthmatt/ld_ROS/devel/share/common-lisp/ros/om_aiv_navigation/msg/_package_ExecuteMacroGoal.lisp
Symlinking /home/tthmatt/ld_ROS/devel/share/common-lisp/ros/om_aiv_navigation/msg/_package_StopResult.lisp
Symlinking /home/tthmatt/ld_ROS/devel/share/common-lisp/ros/om_aiv_navigation/msg/StopActionResult.lisp
Symlinking /home/tthmatt/ld_ROS/devel/share/common-lisp/ros/om_aiv_navigation/msg/PatrolAction.lisp
Symlinking /home/tthmatt/ld_ROS/devel/share/common-lisp/ros/om_aiv_navigation/msg/UndockActionGoal.lisp
Symlinking /home/tthmatt/ld_ROS/devel/share/common-lisp/ros/om_aiv_navigation/msg/_package_PatrolFeedback.lisp
Symlinking /home/tthmatt/ld_ROS/devel/share/common-lisp/ros/om_aiv_navigation/msg/_package_PlayAction.lisp
Symlinking /home/tthmatt/ld_ROS/devel/share/common-lisp/ros/om_aiv_navigation/msg/DockGoal.lisp
Symlinking /home/tthmatt/ld_ROS/devel/share/common-lisp/ros/om_aiv_navigation/msg/ExecuteMacroResult.lisp
Symlinking /home/tthmatt/ld_ROS/devel/share/common-lisp/ros/om_aiv_navigation/msg/_package_PlayGoal.lisp
Symlinking /home/tthmatt/ld_ROS/devel/share/common-lisp/ros/om_aiv_navigation/msg/_package_GoToAction.lisp
Symlinking /home/tthmatt/ld_ROS/devel/share/common-lisp/ros/om_aiv_navigation/msg/_package_QueueDropoffGoal.lisp
Symlinking /home/tthmatt/ld_ROS/devel/share/common-lisp/ros/om_aiv_navigation/msg/_package_PatrolOnceActionResult.lisp
Symlinking /home/tthmatt/ld_ROS/devel/share/common-lisp/ros/om_aiv_navigation/msg/GoToResult.lisp
Symlinking /home/tthmatt/ld_ROS/devel/share/common-lisp/ros/om_aiv_navigation/msg/PatrolResult.lisp
Symlinking /home/tthmatt/ld_ROS/devel/share/common-lisp/ros/om_aiv_navigation/msg/QueueDropoffResult.lisp
Symlinking /home/tthmatt/ld_ROS/devel/share/common-lisp/ros/om_aiv_navigation/msg/_package_StopGoal.lisp
Symlinking /home/tthmatt/ld_ROS/devel/share/common-lisp/ros/om_aiv_navigation/msg/_package_StopFeedback.lisp
Symlinking /home/tthmatt/ld_ROS/devel/share/common-lisp/ros/om_aiv_navigation/msg/_package_PatrolOnceFeedback.lisp
Symlinking /home/tthmatt/ld_ROS/devel/share/common-lisp/ros/om_aiv_navigation/msg/_package_PatrolResult.lisp
Symlinking /home/tthmatt/ld_ROS/devel/share/common-lisp/ros/om_aiv_navigation/msg/_package_PatrolResumeActionGoal.lisp
Symlinking /home/tthmatt/ld_ROS/devel/share/common-lisp/ros/om_aiv_navigation/msg/_package_PatrolActionGoal.lisp
Symlinking /home/tthmatt/ld_ROS/devel/share/common-lisp/ros/om_aiv_navigation/msg/_package_UndockActionResult.lisp
Symlinking /home/tthmatt/ld_ROS/devel/share/common-lisp/ros/om_aiv_navigation/msg/_package_UndockGoal.lisp
Symlinking /home/tthmatt/ld_ROS/devel/share/common-lisp/ros/om_aiv_navigation/msg/UndockActionFeedback.lisp
Symlinking /home/tthmatt/ld_ROS/devel/share/common-lisp/ros/om_aiv_navigation/msg/_package_DoTaskAction.lisp
Symlinking /home/tthmatt/ld_ROS/devel/share/common-lisp/ros/om_aiv_navigation/msg/GoToActionResult.lisp
Symlinking /home/tthmatt/ld_ROS/devel/share/common-lisp/ros/om_aiv_navigation/msg/_package_UndockActionGoal.lisp
Symlinking /home/tthmatt/ld_ROS/devel/share/common-lisp/ros/om_aiv_navigation/msg/_package_PatrolResumeAction.lisp
Symlinking /home/tthmatt/ld_ROS/devel/share/common-lisp/ros/om_aiv_navigation/msg/StopResult.lisp
Symlinking /home/tthmatt/ld_ROS/devel/share/common-lisp/ros/om_aiv_navigation/msg/DoTaskGoal.lisp
Symlinking /home/tthmatt/ld_ROS/devel/share/common-lisp/ros/om_aiv_navigation/msg/_package_UndockResult.lisp
Symlinking /home/tthmatt/ld_ROS/devel/share/common-lisp/ros/om_aiv_navigation/msg/ExecuteMacroGoal.lisp
Symlinking /home/tthmatt/ld_ROS/devel/share/common-lisp/ros/om_aiv_navigation/msg/_package_StopActionGoal.lisp
Symlinking /home/tthmatt/ld_ROS/devel/share/common-lisp/ros/om_aiv_navigation/msg/_package_ExecuteMacroActionGoal.lisp
Symlinking /home/tthmatt/ld_ROS/devel/share/common-lisp/ros/om_aiv_navigation/msg/DockActionResult.lisp
Symlinking /home/tthmatt/ld_ROS/devel/share/common-lisp/ros/om_aiv_navigation/msg/PatrolOnceActionGoal.lisp
Symlinking /home/tthmatt/ld_ROS/devel/share/common-lisp/ros/om_aiv_navigation/msg/PatrolOnceFeedback.lisp
Symlinking /home/tthmatt/ld_ROS/devel/share/common-lisp/ros/om_aiv_navigation/msg/QueueDropoffActionFeedback.lisp
Symlinking /home/tthmatt/ld_ROS/devel/share/common-lisp/ros/om_aiv_navigation/msg/_package_UndockFeedback.lisp
Symlinking /home/tthmatt/ld_ROS/devel/share/common-lisp/ros/om_aiv_navigation/msg/_package_ExecuteMacroAction.lisp
Symlinking /home/tthmatt/ld_ROS/devel/share/common-lisp/ros/om_aiv_navigation/msg/PlayResult.lisp
Symlinking /home/tthmatt/ld_ROS/devel/share/common-lisp/ros/om_aiv_navigation/msg/_package_PatrolResumeActionFeedback.lisp
Symlinking /home/tthmatt/ld_ROS/devel/share/common-lisp/ros/om_aiv_navigation/msg/_package_ExecuteMacroResult.lisp
Symlinking /home/tthmatt/ld_ROS/devel/share/common-lisp/ros/om_aiv_navigation/msg/UndockAction.lisp
Symlinking /home/tthmatt/ld_ROS/devel/share/common-lisp/ros/om_aiv_navigation/msg/DockResult.lisp
Symlinking /home/tthmatt/ld_ROS/devel/share/common-lisp/ros/om_aiv_navigation/msg/PatrolResumeActionResult.lisp
Symlinking /home/tthmatt/ld_ROS/devel/share/common-lisp/ros/om_aiv_navigation/msg/QueueDropoffActionGoal.lisp
Symlinking /home/tthmatt/ld_ROS/devel/share/common-lisp/ros/om_aiv_navigation/msg/_package_GoToResult.lisp
Symlinking /home/tthmatt/ld_ROS/devel/share/common-lisp/ros/om_aiv_navigation/msg/_package_ExecuteMacroActionResult.lisp
Symlinking /home/tthmatt/ld_ROS/devel/share/common-lisp/ros/om_aiv_navigation/msg/_package_DoTaskActionGoal.lisp
Symlinking /home/tthmatt/ld_ROS/devel/share/common-lisp/ros/om_aiv_navigation/msg/StopFeedback.lisp
Symlinking /home/tthmatt/ld_ROS/devel/share/common-lisp/ros/om_aiv_navigation/msg/_package_PlayActionFeedback.lisp
Symlinking /home/tthmatt/ld_ROS/devel/share/common-lisp/ros/om_aiv_navigation/msg/_package_UndockActionFeedback.lisp
Symlinking /home/tthmatt/ld_ROS/devel/share/common-lisp/ros/om_aiv_navigation/msg/_package_PatrolResumeGoal.lisp
Symlinking /home/tthmatt/ld_ROS/devel/share/common-lisp/ros/om_aiv_navigation/msg/_package_PatrolResumeFeedback.lisp
Symlinking /home/tthmatt/ld_ROS/devel/share/common-lisp/ros/om_aiv_navigation/msg/QueueDropoffAction.lisp
Symlinking /home/tthmatt/ld_ROS/devel/share/common-lisp/ros/om_aiv_navigation/msg/UndockResult.lisp
Symlinking /home/tthmatt/ld_ROS/devel/share/common-lisp/ros/om_aiv_navigation/msg/PlayActionFeedback.lisp
Symlinking /home/tthmatt/ld_ROS/devel/share/common-lisp/ros/om_aiv_navigation/msg/_package_DockAction.lisp
Symlinking /home/tthmatt/ld_ROS/devel/share/common-lisp/ros/om_aiv_navigation/msg/_package_StopActionFeedback.lisp
Symlinking /home/tthmatt/ld_ROS/devel/share/common-lisp/ros/om_aiv_navigation/msg/PatrolResumeAction.lisp
Symlinking /home/tthmatt/ld_ROS/devel/share/common-lisp/ros/om_aiv_navigation/msg/_package_ExecuteMacroActionFeedback.lisp
Symlinking /home/tthmatt/ld_ROS/devel/share/common-lisp/ros/om_aiv_navigation/msg/_package_DockGoal.lisp
Symlinking /home/tthmatt/ld_ROS/devel/share/common-lisp/ros/om_aiv_navigation/msg/PatrolOnceActionFeedback.lisp
Symlinking /home/tthmatt/ld_ROS/devel/share/common-lisp/ros/om_aiv_navigation/msg/_package_PlayActionResult.lisp
Symlinking /home/tthmatt/ld_ROS/devel/share/common-lisp/ros/om_aiv_navigation/msg/QueueDropoffFeedback.lisp
Symlinking /home/tthmatt/ld_ROS/devel/share/common-lisp/ros/om_aiv_navigation/msg/PatrolOnceGoal.lisp
Symlinking /home/tthmatt/ld_ROS/devel/share/common-lisp/ros/om_aiv_navigation/msg/_package_DockResult.lisp
Symlinking /home/tthmatt/ld_ROS/devel/share/common-lisp/ros/om_aiv_navigation/msg/DockActionGoal.lisp
Symlinking /home/tthmatt/ld_ROS/devel/share/common-lisp/ros/om_aiv_navigation/msg/DoTaskActionResult.lisp
Symlinking /home/tthmatt/ld_ROS/devel/share/common-lisp/ros/om_aiv_navigation/msg/_package_PatrolGoal.lisp
Symlinking /home/tthmatt/ld_ROS/devel/share/common-lisp/ros/om_aiv_navigation/msg/_package_DoTaskActionResult.lisp
Symlinking /home/tthmatt/ld_ROS/devel/share/common-lisp/ros/om_aiv_navigation/msg/_package_DockActionResult.lisp
Symlinking /home/tthmatt/ld_ROS/devel/share/common-lisp/ros/om_aiv_navigation/msg/_package_PatrolActionFeedback.lisp
Symlinking /home/tthmatt/ld_ROS/devel/share/common-lisp/ros/om_aiv_navigation/msg/_package_PatrolAction.lisp
Symlinking /home/tthmatt/ld_ROS/devel/share/common-lisp/ros/om_aiv_navigation/msg/ExecuteMacroFeedback.lisp
Symlinking /home/tthmatt/ld_ROS/devel/share/common-lisp/ros/om_aiv_navigation/msg/_package_PlayActionGoal.lisp
Symlinking /home/tthmatt/ld_ROS/devel/share/common-lisp/ros/om_aiv_navigation/msg/_package_PatrolActionResult.lisp
Symlinking /home/tthmatt/ld_ROS/devel/share/common-lisp/ros/om_aiv_navigation/msg/PlayActionResult.lisp
Symlinking /home/tthmatt/ld_ROS/devel/share/common-lisp/ros/om_aiv_navigation/msg/_package_GoToActionGoal.lisp
Symlinking /home/tthmatt/ld_ROS/devel/share/common-lisp/ros/om_aiv_navigation/msg/ExecuteMacroActionResult.lisp
Symlinking /home/tthmatt/ld_ROS/devel/share/common-lisp/ros/om_aiv_navigation/msg/_package_DockFeedback.lisp
Symlinking /home/tthmatt/ld_ROS/devel/share/common-lisp/ros/om_aiv_navigation/msg/_package_DoTaskFeedback.lisp
Symlinking /home/tthmatt/ld_ROS/devel/share/common-lisp/ros/om_aiv_navigation/msg/PlayActionGoal.lisp
Symlinking /home/tthmatt/ld_ROS/devel/share/common-lisp/ros/om_aiv_navigation/msg/DockAction.lisp
Symlinking /home/tthmatt/ld_ROS/devel/share/common-lisp/ros/om_aiv_navigation/msg/DoTaskActionFeedback.lisp
Symlinking /home/tthmatt/ld_ROS/devel/share/common-lisp/ros/om_aiv_navigation/msg/PatrolResumeResult.lisp
Symlinking /home/tthmatt/ld_ROS/devel/share/common-lisp/ros/om_aiv_navigation/msg/DoTaskAction.lisp
Symlinking /home/tthmatt/ld_ROS/devel/share/common-lisp/ros/om_aiv_navigation/msg/QueueDropoffActionResult.lisp
Symlinking /home/tthmatt/ld_ROS/devel/share/common-lisp/ros/om_aiv_navigation/msg/_package_DoTaskGoal.lisp
Symlinking /home/tthmatt/ld_ROS/devel/share/common-lisp/ros/om_aiv_navigation/msg/GoToAction.lisp
Symlinking /home/tthmatt/ld_ROS/devel/share/common-lisp/ros/om_aiv_navigation/msg/_package_QueueDropoffActionFeedback.lisp
Symlinking /home/tthmatt/ld_ROS/devel/share/common-lisp/ros/om_aiv_navigation/msg/StopActionGoal.lisp
Symlinking /home/tthmatt/ld_ROS/devel/share/common-lisp/ros/om_aiv_navigation/msg/PatrolResumeActionGoal.lisp
Symlinking /home/tthmatt/ld_ROS/devel/share/common-lisp/ros/om_aiv_navigation/msg/_package_StopAction.lisp
Symlinking /home/tthmatt/ld_ROS/devel/share/gennodejs/ros/om_aiv_navigation/_index.js
Symlinking /home/tthmatt/ld_ROS/devel/share/gennodejs/ros/om_aiv_navigation/msg/UndockActionFeedback.js
Symlinking /home/tthmatt/ld_ROS/devel/share/gennodejs/ros/om_aiv_navigation/msg/PatrolOnceActionFeedback.js
Symlinking /home/tthmatt/ld_ROS/devel/share/gennodejs/ros/om_aiv_navigation/msg/GoToFeedback.js
Symlinking /home/tthmatt/ld_ROS/devel/share/gennodejs/ros/om_aiv_navigation/msg/UndockActionResult.js
Symlinking /home/tthmatt/ld_ROS/devel/share/gennodejs/ros/om_aiv_navigation/msg/StopActionGoal.js
Symlinking /home/tthmatt/ld_ROS/devel/share/gennodejs/ros/om_aiv_navigation/msg/PatrolFeedback.js
Symlinking /home/tthmatt/ld_ROS/devel/share/gennodejs/ros/om_aiv_navigation/msg/PlayActionFeedback.js
Symlinking /home/tthmatt/ld_ROS/devel/share/gennodejs/ros/om_aiv_navigation/msg/DoTaskActionResult.js
Symlinking /home/tthmatt/ld_ROS/devel/share/gennodejs/ros/om_aiv_navigation/msg/DockAction.js
Symlinking /home/tthmatt/ld_ROS/devel/share/gennodejs/ros/om_aiv_navigation/msg/PatrolResult.js
Symlinking /home/tthmatt/ld_ROS/devel/share/gennodejs/ros/om_aiv_navigation/msg/PatrolGoal.js
Symlinking /home/tthmatt/ld_ROS/devel/share/gennodejs/ros/om_aiv_navigation/msg/ExecuteMacroActionGoal.js
Symlinking /home/tthmatt/ld_ROS/devel/share/gennodejs/ros/om_aiv_navigation/msg/_index.js
Symlinking /home/tthmatt/ld_ROS/devel/share/gennodejs/ros/om_aiv_navigation/msg/PatrolResumeActionFeedback.js
Symlinking /home/tthmatt/ld_ROS/devel/share/gennodejs/ros/om_aiv_navigation/msg/PatrolResumeFeedback.js
Symlinking /home/tthmatt/ld_ROS/devel/share/gennodejs/ros/om_aiv_navigation/msg/PatrolOnceAction.js
Symlinking /home/tthmatt/ld_ROS/devel/share/gennodejs/ros/om_aiv_navigation/msg/StopResult.js
Symlinking /home/tthmatt/ld_ROS/devel/share/gennodejs/ros/om_aiv_navigation/msg/PatrolResumeGoal.js
Symlinking /home/tthmatt/ld_ROS/devel/share/gennodejs/ros/om_aiv_navigation/msg/DoTaskGoal.js
Symlinking /home/tthmatt/ld_ROS/devel/share/gennodejs/ros/om_aiv_navigation/msg/ExecuteMacroResult.js
Symlinking /home/tthmatt/ld_ROS/devel/share/gennodejs/ros/om_aiv_navigation/msg/DockActionGoal.js
Symlinking /home/tthmatt/ld_ROS/devel/share/gennodejs/ros/om_aiv_navigation/msg/StopGoal.js
Symlinking /home/tthmatt/ld_ROS/devel/share/gennodejs/ros/om_aiv_navigation/msg/PatrolResumeActionGoal.js
Symlinking /home/tthmatt/ld_ROS/devel/share/gennodejs/ros/om_aiv_navigation/msg/DoTaskFeedback.js
Symlinking /home/tthmatt/ld_ROS/devel/share/gennodejs/ros/om_aiv_navigation/msg/UndockGoal.js
Symlinking /home/tthmatt/ld_ROS/devel/share/gennodejs/ros/om_aiv_navigation/msg/ExecuteMacroActionResult.js
Symlinking /home/tthmatt/ld_ROS/devel/share/gennodejs/ros/om_aiv_navigation/msg/PatrolOnceFeedback.js
Symlinking /home/tthmatt/ld_ROS/devel/share/gennodejs/ros/om_aiv_navigation/msg/UndockResult.js
Symlinking /home/tthmatt/ld_ROS/devel/share/gennodejs/ros/om_aiv_navigation/msg/DockGoal.js
Symlinking /home/tthmatt/ld_ROS/devel/share/gennodejs/ros/om_aiv_navigation/msg/UndockAction.js
Symlinking /home/tthmatt/ld_ROS/devel/share/gennodejs/ros/om_aiv_navigation/msg/QueueDropoffActionGoal.js
Symlinking /home/tthmatt/ld_ROS/devel/share/gennodejs/ros/om_aiv_navigation/msg/QueueDropoffAction.js
Symlinking /home/tthmatt/ld_ROS/devel/share/gennodejs/ros/om_aiv_navigation/msg/GoToAction.js
Symlinking /home/tthmatt/ld_ROS/devel/share/gennodejs/ros/om_aiv_navigation/msg/UndockActionGoal.js
Symlinking /home/tthmatt/ld_ROS/devel/share/gennodejs/ros/om_aiv_navigation/msg/StopActionFeedback.js
Symlinking /home/tthmatt/ld_ROS/devel/share/gennodejs/ros/om_aiv_navigation/msg/QueueDropoffActionResult.js
Symlinking /home/tthmatt/ld_ROS/devel/share/gennodejs/ros/om_aiv_navigation/msg/PlayActionResult.js
Symlinking /home/tthmatt/ld_ROS/devel/share/gennodejs/ros/om_aiv_navigation/msg/PlayFeedback.js
Symlinking /home/tthmatt/ld_ROS/devel/share/gennodejs/ros/om_aiv_navigation/msg/PatrolOnceGoal.js
Symlinking /home/tthmatt/ld_ROS/devel/share/gennodejs/ros/om_aiv_navigation/msg/DockFeedback.js
Symlinking /home/tthmatt/ld_ROS/devel/share/gennodejs/ros/om_aiv_navigation/msg/QueueDropoffResult.js
Symlinking /home/tthmatt/ld_ROS/devel/share/gennodejs/ros/om_aiv_navigation/msg/QueueDropoffGoal.js
Symlinking /home/tthmatt/ld_ROS/devel/share/gennodejs/ros/om_aiv_navigation/msg/PatrolResumeResult.js
Symlinking /home/tthmatt/ld_ROS/devel/share/gennodejs/ros/om_aiv_navigation/msg/GoToActionResult.js
Symlinking /home/tthmatt/ld_ROS/devel/share/gennodejs/ros/om_aiv_navigation/msg/PatrolAction.js
Symlinking /home/tthmatt/ld_ROS/devel/share/gennodejs/ros/om_aiv_navigation/msg/PatrolOnceResult.js
Symlinking /home/tthmatt/ld_ROS/devel/share/gennodejs/ros/om_aiv_navigation/msg/PlayGoal.js
Symlinking /home/tthmatt/ld_ROS/devel/share/gennodejs/ros/om_aiv_navigation/msg/StopFeedback.js
Symlinking /home/tthmatt/ld_ROS/devel/share/gennodejs/ros/om_aiv_navigation/msg/DoTaskActionFeedback.js
Symlinking /home/tthmatt/ld_ROS/devel/share/gennodejs/ros/om_aiv_navigation/msg/StopAction.js
Symlinking /home/tthmatt/ld_ROS/devel/share/gennodejs/ros/om_aiv_navigation/msg/ExecuteMacroGoal.js
Symlinking /home/tthmatt/ld_ROS/devel/share/gennodejs/ros/om_aiv_navigation/msg/PlayAction.js
Symlinking /home/tthmatt/ld_ROS/devel/share/gennodejs/ros/om_aiv_navigation/msg/QueueDropoffFeedback.js
Symlinking /home/tthmatt/ld_ROS/devel/share/gennodejs/ros/om_aiv_navigation/msg/ExecuteMacroActionFeedback.js
Symlinking /home/tthmatt/ld_ROS/devel/share/gennodejs/ros/om_aiv_navigation/msg/StopActionResult.js
Symlinking /home/tthmatt/ld_ROS/devel/share/gennodejs/ros/om_aiv_navigation/msg/PatrolOnceActionResult.js
Symlinking /home/tthmatt/ld_ROS/devel/share/gennodejs/ros/om_aiv_navigation/msg/PlayActionGoal.js
Symlinking /home/tthmatt/ld_ROS/devel/share/gennodejs/ros/om_aiv_navigation/msg/ExecuteMacroAction.js
Symlinking /home/tthmatt/ld_ROS/devel/share/gennodejs/ros/om_aiv_navigation/msg/QueueDropoffActionFeedback.js
Symlinking /home/tthmatt/ld_ROS/devel/share/gennodejs/ros/om_aiv_navigation/msg/DockResult.js
Symlinking /home/tthmatt/ld_ROS/devel/share/gennodejs/ros/om_aiv_navigation/msg/DoTaskActionGoal.js
Symlinking /home/tthmatt/ld_ROS/devel/share/gennodejs/ros/om_aiv_navigation/msg/DockActionFeedback.js
Symlinking /home/tthmatt/ld_ROS/devel/share/gennodejs/ros/om_aiv_navigation/msg/GoToActionGoal.js
Symlinking /home/tthmatt/ld_ROS/devel/share/gennodejs/ros/om_aiv_navigation/msg/DoTaskAction.js
Symlinking /home/tthmatt/ld_ROS/devel/share/gennodejs/ros/om_aiv_navigation/msg/PatrolOnceActionGoal.js
Symlinking /home/tthmatt/ld_ROS/devel/share/gennodejs/ros/om_aiv_navigation/msg/GoToResult.js
Symlinking /home/tthmatt/ld_ROS/devel/share/gennodejs/ros/om_aiv_navigation/msg/PatrolResumeActionResult.js
Symlinking /home/tthmatt/ld_ROS/devel/share/gennodejs/ros/om_aiv_navigation/msg/DoTaskResult.js
Symlinking /home/tthmatt/ld_ROS/devel/share/gennodejs/ros/om_aiv_navigation/msg/ExecuteMacroFeedback.js
Symlinking /home/tthmatt/ld_ROS/devel/share/gennodejs/ros/om_aiv_navigation/msg/PlayResult.js
Symlinking /home/tthmatt/ld_ROS/devel/share/gennodejs/ros/om_aiv_navigation/msg/GoToGoal.js
Symlinking /home/tthmatt/ld_ROS/devel/share/gennodejs/ros/om_aiv_navigation/msg/PatrolResumeAction.js
Symlinking /home/tthmatt/ld_ROS/devel/share/gennodejs/ros/om_aiv_navigation/msg/PatrolActionGoal.js
Symlinking /home/tthmatt/ld_ROS/devel/share/gennodejs/ros/om_aiv_navigation/msg/PatrolActionResult.js
Symlinking /home/tthmatt/ld_ROS/devel/share/gennodejs/ros/om_aiv_navigation/msg/DockActionResult.js
Symlinking /home/tthmatt/ld_ROS/devel/share/gennodejs/ros/om_aiv_navigation/msg/UndockFeedback.js
Symlinking /home/tthmatt/ld_ROS/devel/share/gennodejs/ros/om_aiv_navigation/msg/PatrolActionFeedback.js
Symlinking /home/tthmatt/ld_ROS/devel/share/gennodejs/ros/om_aiv_navigation/msg/GoToActionFeedback.js
Symlinking /home/tthmatt/ld_ROS/devel/share/roseus/ros/om_aiv_navigation/manifest.l
Symlinking /home/tthmatt/ld_ROS/devel/share/roseus/ros/om_aiv_navigation/msg/DockGoal.l
Symlinking /home/tthmatt/ld_ROS/devel/share/roseus/ros/om_aiv_navigation/msg/QueueDropoffActionFeedback.l
Symlinking /home/tthmatt/ld_ROS/devel/share/roseus/ros/om_aiv_navigation/msg/PatrolOnceGoal.l
Symlinking /home/tthmatt/ld_ROS/devel/share/roseus/ros/om_aiv_navigation/msg/PatrolActionGoal.l
Symlinking /home/tthmatt/ld_ROS/devel/share/roseus/ros/om_aiv_navigation/msg/QueueDropoffActionGoal.l
Symlinking /home/tthmatt/ld_ROS/devel/share/roseus/ros/om_aiv_navigation/msg/QueueDropoffActionResult.l
Symlinking /home/tthmatt/ld_ROS/devel/share/roseus/ros/om_aiv_navigation/msg/DockActionGoal.l
Symlinking /home/tthmatt/ld_ROS/devel/share/roseus/ros/om_aiv_navigation/msg/PatrolFeedback.l
Symlinking /home/tthmatt/ld_ROS/devel/share/roseus/ros/om_aiv_navigation/msg/PatrolAction.l
Symlinking /home/tthmatt/ld_ROS/devel/share/roseus/ros/om_aiv_navigation/msg/ExecuteMacroGoal.l
Symlinking /home/tthmatt/ld_ROS/devel/share/roseus/ros/om_aiv_navigation/msg/QueueDropoffResult.l
Symlinking /home/tthmatt/ld_ROS/devel/share/roseus/ros/om_aiv_navigation/msg/StopAction.l
Symlinking /home/tthmatt/ld_ROS/devel/share/roseus/ros/om_aiv_navigation/msg/DoTaskFeedback.l
Symlinking /home/tthmatt/ld_ROS/devel/share/roseus/ros/om_aiv_navigation/msg/PatrolResumeGoal.l
Symlinking /home/tthmatt/ld_ROS/devel/share/roseus/ros/om_aiv_navigation/msg/PatrolResumeActionGoal.l
Symlinking /home/tthmatt/ld_ROS/devel/share/roseus/ros/om_aiv_navigation/msg/DockResult.l
Symlinking /home/tthmatt/ld_ROS/devel/share/roseus/ros/om_aiv_navigation/msg/GoToGoal.l
Symlinking /home/tthmatt/ld_ROS/devel/share/roseus/ros/om_aiv_navigation/msg/PlayGoal.l
Symlinking /home/tthmatt/ld_ROS/devel/share/roseus/ros/om_aiv_navigation/msg/PatrolOnceActionGoal.l
Symlinking /home/tthmatt/ld_ROS/devel/share/roseus/ros/om_aiv_navigation/msg/DoTaskActionFeedback.l
Symlinking /home/tthmatt/ld_ROS/devel/share/roseus/ros/om_aiv_navigation/msg/DoTaskActionResult.l
Symlinking /home/tthmatt/ld_ROS/devel/share/roseus/ros/om_aiv_navigation/msg/QueueDropoffGoal.l
Symlinking /home/tthmatt/ld_ROS/devel/share/roseus/ros/om_aiv_navigation/msg/DoTaskResult.l
Symlinking /home/tthmatt/ld_ROS/devel/share/roseus/ros/om_aiv_navigation/msg/UndockActionGoal.l
Symlinking /home/tthmatt/ld_ROS/devel/share/roseus/ros/om_aiv_navigation/msg/DoTaskAction.l
Symlinking /home/tthmatt/ld_ROS/devel/share/roseus/ros/om_aiv_navigation/msg/PatrolOnceActionResult.l
Symlinking /home/tthmatt/ld_ROS/devel/share/roseus/ros/om_aiv_navigation/msg/PlayAction.l
Symlinking /home/tthmatt/ld_ROS/devel/share/roseus/ros/om_aiv_navigation/msg/StopActionGoal.l
Symlinking /home/tthmatt/ld_ROS/devel/share/roseus/ros/om_aiv_navigation/msg/StopActionResult.l
Symlinking /home/tthmatt/ld_ROS/devel/share/roseus/ros/om_aiv_navigation/msg/PatrolResumeFeedback.l
Symlinking /home/tthmatt/ld_ROS/devel/share/roseus/ros/om_aiv_navigation/msg/ExecuteMacroFeedback.l
Symlinking /home/tthmatt/ld_ROS/devel/share/roseus/ros/om_aiv_navigation/msg/PatrolOnceAction.l
Symlinking /home/tthmatt/ld_ROS/devel/share/roseus/ros/om_aiv_navigation/msg/UndockFeedback.l
Symlinking /home/tthmatt/ld_ROS/devel/share/roseus/ros/om_aiv_navigation/msg/PatrolOnceFeedback.l
Symlinking /home/tthmatt/ld_ROS/devel/share/roseus/ros/om_aiv_navigation/msg/PatrolOnceResult.l
Symlinking /home/tthmatt/ld_ROS/devel/share/roseus/ros/om_aiv_navigation/msg/PlayActionGoal.l
Symlinking /home/tthmatt/ld_ROS/devel/share/roseus/ros/om_aiv_navigation/msg/UndockActionResult.l
Symlinking /home/tthmatt/ld_ROS/devel/share/roseus/ros/om_aiv_navigation/msg/GoToActionResult.l
Symlinking /home/tthmatt/ld_ROS/devel/share/roseus/ros/om_aiv_navigation/msg/DoTaskActionGoal.l
Symlinking /home/tthmatt/ld_ROS/devel/share/roseus/ros/om_aiv_navigation/msg/DoTaskGoal.l
Symlinking /home/tthmatt/ld_ROS/devel/share/roseus/ros/om_aiv_navigation/msg/PlayResult.l
Symlinking /home/tthmatt/ld_ROS/devel/share/roseus/ros/om_aiv_navigation/msg/PatrolResult.l
Symlinking /home/tthmatt/ld_ROS/devel/share/roseus/ros/om_aiv_navigation/msg/PatrolResumeAction.l
Symlinking /home/tthmatt/ld_ROS/devel/share/roseus/ros/om_aiv_navigation/msg/PatrolGoal.l
Symlinking /home/tthmatt/ld_ROS/devel/share/roseus/ros/om_aiv_navigation/msg/UndockGoal.l
Symlinking /home/tthmatt/ld_ROS/devel/share/roseus/ros/om_aiv_navigation/msg/QueueDropoffAction.l
Symlinking /home/tthmatt/ld_ROS/devel/share/roseus/ros/om_aiv_navigation/msg/UndockActionFeedback.l
Symlinking /home/tthmatt/ld_ROS/devel/share/roseus/ros/om_aiv_navigation/msg/GoToActionFeedback.l
Symlinking /home/tthmatt/ld_ROS/devel/share/roseus/ros/om_aiv_navigation/msg/ExecuteMacroResult.l
Symlinking /home/tthmatt/ld_ROS/devel/share/roseus/ros/om_aiv_navigation/msg/PatrolResumeActionFeedback.l
Symlinking /home/tthmatt/ld_ROS/devel/share/roseus/ros/om_aiv_navigation/msg/ExecuteMacroAction.l
Symlinking /home/tthmatt/ld_ROS/devel/share/roseus/ros/om_aiv_navigation/msg/GoToFeedback.l
Symlinking /home/tthmatt/ld_ROS/devel/share/roseus/ros/om_aiv_navigation/msg/DockAction.l
Symlinking /home/tthmatt/ld_ROS/devel/share/roseus/ros/om_aiv_navigation/msg/UndockResult.l
Symlinking /home/tthmatt/ld_ROS/devel/share/roseus/ros/om_aiv_navigation/msg/PatrolActionFeedback.l
Symlinking /home/tthmatt/ld_ROS/devel/share/roseus/ros/om_aiv_navigation/msg/DockActionResult.l
Symlinking /home/tthmatt/ld_ROS/devel/share/roseus/ros/om_aiv_navigation/msg/GoToActionGoal.l
Symlinking /home/tthmatt/ld_ROS/devel/share/roseus/ros/om_aiv_navigation/msg/StopGoal.l
Symlinking /home/tthmatt/ld_ROS/devel/share/roseus/ros/om_aiv_navigation/msg/StopFeedback.l
Symlinking /home/tthmatt/ld_ROS/devel/share/roseus/ros/om_aiv_navigation/msg/UndockAction.l
Symlinking /home/tthmatt/ld_ROS/devel/share/roseus/ros/om_aiv_navigation/msg/PlayFeedback.l
Symlinking /home/tthmatt/ld_ROS/devel/share/roseus/ros/om_aiv_navigation/msg/PatrolOnceActionFeedback.l
Symlinking /home/tthmatt/ld_ROS/devel/share/roseus/ros/om_aiv_navigation/msg/GoToAction.l
Symlinking /home/tthmatt/ld_ROS/devel/share/roseus/ros/om_aiv_navigation/msg/PatrolResumeActionResult.l
Symlinking /home/tthmatt/ld_ROS/devel/share/roseus/ros/om_aiv_navigation/msg/PatrolActionResult.l
Symlinking /home/tthmatt/ld_ROS/devel/share/roseus/ros/om_aiv_navigation/msg/StopResult.l
Symlinking /home/tthmatt/ld_ROS/devel/share/roseus/ros/om_aiv_navigation/msg/ExecuteMacroActionGoal.l
Symlinking /home/tthmatt/ld_ROS/devel/share/roseus/ros/om_aiv_navigation/msg/DockFeedback.l
Symlinking /home/tthmatt/ld_ROS/devel/share/roseus/ros/om_aiv_navigation/msg/ExecuteMacroActionFeedback.l
Symlinking /home/tthmatt/ld_ROS/devel/share/roseus/ros/om_aiv_navigation/msg/StopActionFeedback.l
Symlinking /home/tthmatt/ld_ROS/devel/share/roseus/ros/om_aiv_navigation/msg/DockActionFeedback.l
Symlinking /home/tthmatt/ld_ROS/devel/share/roseus/ros/om_aiv_navigation/msg/PlayActionFeedback.l
Symlinking /home/tthmatt/ld_ROS/devel/share/roseus/ros/om_aiv_navigation/msg/PlayActionResult.l
Symlinking /home/tthmatt/ld_ROS/devel/share/roseus/ros/om_aiv_navigation/msg/QueueDropoffFeedback.l
Symlinking /home/tthmatt/ld_ROS/devel/share/roseus/ros/om_aiv_navigation/msg/ExecuteMacroActionResult.l
Symlinking /home/tthmatt/ld_ROS/devel/share/roseus/ros/om_aiv_navigation/msg/GoToResult.l
Symlinking /home/tthmatt/ld_ROS/devel/share/roseus/ros/om_aiv_navigation/msg/PatrolResumeResult.l
Symlinking /home/tthmatt/ld_ROS/devel/include/om_aiv_navigation/PatrolOnceGoal.h
Symlinking /home/tthmatt/ld_ROS/devel/include/om_aiv_navigation/GoToGoal.h
Symlinking /home/tthmatt/ld_ROS/devel/include/om_aiv_navigation/QueueDropoffGoal.h
Symlinking /home/tthmatt/ld_ROS/devel/include/om_aiv_navigation/PlayFeedback.h
Symlinking /home/tthmatt/ld_ROS/devel/include/om_aiv_navigation/GoToActionResult.h
Symlinking /home/tthmatt/ld_ROS/devel/include/om_aiv_navigation/PlayActionResult.h
Symlinking /home/tthmatt/ld_ROS/devel/include/om_aiv_navigation/GoToActionGoal.h
Symlinking /home/tthmatt/ld_ROS/devel/include/om_aiv_navigation/UndockResult.h
Symlinking /home/tthmatt/ld_ROS/devel/include/om_aiv_navigation/PatrolActionFeedback.h
Symlinking /home/tthmatt/ld_ROS/devel/include/om_aiv_navigation/PlayActionGoal.h
Symlinking /home/tthmatt/ld_ROS/devel/include/om_aiv_navigation/PlayAction.h
Symlinking /home/tthmatt/ld_ROS/devel/include/om_aiv_navigation/PatrolOnceFeedback.h
Symlinking /home/tthmatt/ld_ROS/devel/include/om_aiv_navigation/PatrolResumeResult.h
Symlinking /home/tthmatt/ld_ROS/devel/include/om_aiv_navigation/QueueDropoffActionFeedback.h
Symlinking /home/tthmatt/ld_ROS/devel/include/om_aiv_navigation/PatrolResumeAction.h
Symlinking /home/tthmatt/ld_ROS/devel/include/om_aiv_navigation/PlayActionFeedback.h
Symlinking /home/tthmatt/ld_ROS/devel/include/om_aiv_navigation/ExecuteMacroActionGoal.h
Symlinking /home/tthmatt/ld_ROS/devel/include/om_aiv_navigation/UndockActionResult.h
Symlinking /home/tthmatt/ld_ROS/devel/include/om_aiv_navigation/PatrolOnceActionGoal.h
Symlinking /home/tthmatt/ld_ROS/devel/include/om_aiv_navigation/GoToResult.h
Symlinking /home/tthmatt/ld_ROS/devel/include/om_aiv_navigation/DoTaskGoal.h
Symlinking /home/tthmatt/ld_ROS/devel/include/om_aiv_navigation/GoToActionFeedback.h
Symlinking /home/tthmatt/ld_ROS/devel/include/om_aiv_navigation/UndockGoal.h
Symlinking /home/tthmatt/ld_ROS/devel/include/om_aiv_navigation/DoTaskAction.h
Symlinking /home/tthmatt/ld_ROS/devel/include/om_aiv_navigation/ExecuteMacroGoal.h
Symlinking /home/tthmatt/ld_ROS/devel/include/om_aiv_navigation/PatrolResumeGoal.h
Symlinking /home/tthmatt/ld_ROS/devel/include/om_aiv_navigation/PatrolResumeActionFeedback.h
Symlinking /home/tthmatt/ld_ROS/devel/include/om_aiv_navigation/StopActionResult.h
Symlinking /home/tthmatt/ld_ROS/devel/include/om_aiv_navigation/UndockFeedback.h
Symlinking /home/tthmatt/ld_ROS/devel/include/om_aiv_navigation/ExecuteMacroActionFeedback.h
Symlinking /home/tthmatt/ld_ROS/devel/include/om_aiv_navigation/DoTaskActionFeedback.h
Symlinking /home/tthmatt/ld_ROS/devel/include/om_aiv_navigation/PatrolResumeFeedback.h
Symlinking /home/tthmatt/ld_ROS/devel/include/om_aiv_navigation/UndockActionFeedback.h
Symlinking /home/tthmatt/ld_ROS/devel/include/om_aiv_navigation/PatrolAction.h
Symlinking /home/tthmatt/ld_ROS/devel/include/om_aiv_navigation/PlayResult.h
Symlinking /home/tthmatt/ld_ROS/devel/include/om_aiv_navigation/DoTaskActionGoal.h
Symlinking /home/tthmatt/ld_ROS/devel/include/om_aiv_navigation/PatrolActionResult.h
Symlinking /home/tthmatt/ld_ROS/devel/include/om_aiv_navigation/PatrolGoal.h
Symlinking /home/tthmatt/ld_ROS/devel/include/om_aiv_navigation/QueueDropoffActionGoal.h
Symlinking /home/tthmatt/ld_ROS/devel/include/om_aiv_navigation/PatrolOnceResult.h
Symlinking /home/tthmatt/ld_ROS/devel/include/om_aiv_navigation/PatrolResumeActionResult.h
Symlinking /home/tthmatt/ld_ROS/devel/include/om_aiv_navigation/PatrolResult.h
Symlinking /home/tthmatt/ld_ROS/devel/include/om_aiv_navigation/DoTaskFeedback.h
Symlinking /home/tthmatt/ld_ROS/devel/include/om_aiv_navigation/StopActionGoal.h
Symlinking /home/tthmatt/ld_ROS/devel/include/om_aiv_navigation/DockActionGoal.h
Symlinking /home/tthmatt/ld_ROS/devel/include/om_aiv_navigation/PatrolFeedback.h
Symlinking /home/tthmatt/ld_ROS/devel/include/om_aiv_navigation/QueueDropoffActionResult.h
Symlinking /home/tthmatt/ld_ROS/devel/include/om_aiv_navigation/DockAction.h
Symlinking /home/tthmatt/ld_ROS/devel/include/om_aiv_navigation/UndockActionGoal.h
Symlinking /home/tthmatt/ld_ROS/devel/include/om_aiv_navigation/ExecuteMacroAction.h
Symlinking /home/tthmatt/ld_ROS/devel/include/om_aiv_navigation/DockFeedback.h
Symlinking /home/tthmatt/ld_ROS/devel/include/om_aiv_navigation/UndockAction.h
Symlinking /home/tthmatt/ld_ROS/devel/include/om_aiv_navigation/QueueDropoffAction.h
Symlinking /home/tthmatt/ld_ROS/devel/include/om_aiv_navigation/StopActionFeedback.h
Symlinking /home/tthmatt/ld_ROS/devel/include/om_aiv_navigation/StopResult.h
Symlinking /home/tthmatt/ld_ROS/devel/include/om_aiv_navigation/DockGoal.h
Symlinking /home/tthmatt/ld_ROS/devel/include/om_aiv_navigation/PatrolOnceAction.h
Symlinking /home/tthmatt/ld_ROS/devel/include/om_aiv_navigation/PatrolOnceActionResult.h
Symlinking /home/tthmatt/ld_ROS/devel/include/om_aiv_navigation/PatrolActionGoal.h
Symlinking /home/tthmatt/ld_ROS/devel/include/om_aiv_navigation/QueueDropoffResult.h
Symlinking /home/tthmatt/ld_ROS/devel/include/om_aiv_navigation/GoToFeedback.h
Symlinking /home/tthmatt/ld_ROS/devel/include/om_aiv_navigation/StopAction.h
Symlinking /home/tthmatt/ld_ROS/devel/include/om_aiv_navigation/PatrolOnceActionFeedback.h
Symlinking /home/tthmatt/ld_ROS/devel/include/om_aiv_navigation/ExecuteMacroResult.h
Symlinking /home/tthmatt/ld_ROS/devel/include/om_aiv_navigation/DockActionFeedback.h
Symlinking /home/tthmatt/ld_ROS/devel/include/om_aiv_navigation/DockActionResult.h
Symlinking /home/tthmatt/ld_ROS/devel/include/om_aiv_navigation/StopGoal.h
Symlinking /home/tthmatt/ld_ROS/devel/include/om_aiv_navigation/StopFeedback.h
Symlinking /home/tthmatt/ld_ROS/devel/include/om_aiv_navigation/DoTaskResult.h
Symlinking /home/tthmatt/ld_ROS/devel/include/om_aiv_navigation/ExecuteMacroActionResult.h
Symlinking /home/tthmatt/ld_ROS/devel/include/om_aiv_navigation/DoTaskActionResult.h
Symlinking /home/tthmatt/ld_ROS/devel/include/om_aiv_navigation/PatrolResumeActionGoal.h
Symlinking /home/tthmatt/ld_ROS/devel/include/om_aiv_navigation/QueueDropoffFeedback.h
Symlinking /home/tthmatt/ld_ROS/devel/include/om_aiv_navigation/GoToAction.h
Symlinking /home/tthmatt/ld_ROS/devel/include/om_aiv_navigation/ExecuteMacroFeedback.h
Symlinking /home/tthmatt/ld_ROS/devel/include/om_aiv_navigation/PlayGoal.h
Symlinking /home/tthmatt/ld_ROS/devel/include/om_aiv_navigation/DockResult.h
