Not searching for unused variables given on the command line.
[36m--[0m The C compiler identification is GNU 7.4.0
[36m--[0m The CXX compiler identification is GNU 7.4.0
[36m--[0m Check for working C compiler: /usr/bin/cc
[36m--[0m Check for working C compiler: /usr/bin/cc -- works
[36m--[0m Detecting C compiler ABI info
[36m--[0m Detecting C compiler ABI info - done
[36m--[0m Detecting C compile features
[36m--[0m Detecting C compile features - done
[36m--[0m Check for working CXX compiler: /usr/bin/c++
[36m--[0m Check for working CXX compiler: /usr/bin/c++ -- works
[36m--[0m Detecting CXX compiler ABI info
[36m--[0m Detecting CXX compiler ABI info - done
[36m--[0m Detecting CXX compile features
[36m--[0m Detecting CXX compile features - done
[36m--[0m Using CATKIN_DEVEL_PREFIX: /home/tthmatt/Omron_LD_ROS_Package/devel/.private/om_aiv_navigation
[36m--[0m Using CMAKE_PREFIX_PATH: /home/tthmatt/Omron_LD_ROS_Package/devel;/home/tthmatt/ws/devel;/home/tthmatt/catkin_ws/devel;/opt/ros/melodic
[36m--[0m This workspace overlays: /home/tthmatt/Omron_LD_ROS_Package/devel;/home/tthmatt/ws/devel;/home/tthmatt/catkin_ws/devel;/opt/ros/melodic
[36m--[0m Found PythonInterp: /usr/bin/python2 (found suitable version "2.7.15", minimum required is "2")
[36m--[0m Using PYTHON_EXECUTABLE: /usr/bin/python2
[36m--[0m Using Debian Python package layout
[36m--[0m Using empy: /usr/bin/empy
[36m--[0m Using CATKIN_ENABLE_TESTING: ON
[36m--[0m Call enable_testing()
[36m--[0m Using CATKIN_TEST_RESULTS_DIR: /home/tthmatt/Omron_LD_ROS_Package/build/om_aiv_navigation/test_results
[36m--[0m Found gtest sources under '/usr/src/googletest': gtests will be built
[36m--[0m Found gmock sources under '/usr/src/googletest': gmock will be built
[36m--[0m Found PythonInterp: /usr/bin/python2 (found version "2.7.15")
[36m--[0m Looking for pthread.h
[36m--[0m Looking for pthread.h - found
[36m--[0m Looking for pthread_create
[36m--[0m Looking for pthread_create - not found
[36m--[0m Looking for pthread_create in pthreads
[36m--[0m Looking for pthread_create in pthreads - not found
[36m--[0m Looking for pthread_create in pthread
[36m--[0m Looking for pthread_create in pthread - found
[36m--[0m Found Threads: TRUE
[36m--[0m Using Python nosetests: /usr/bin/nosetests-2.7
[36m--[0m catkin 0.7.19
[36m--[0m BUILD_SHARED_LIBS is on
[36m--[0m Using these message generators: gencpp;geneus;genlisp;gennodejs;genpy
[36m--[0m Generating .msg files for action om_aiv_navigation/Action /home/tthmatt/Omron_LD_ROS_Package/src/om_aiv_navigation/action/Action.action
Generating for action Action
[36m--[0m Generating .msg files for action om_aiv_navigation/Dock /home/tthmatt/Omron_LD_ROS_Package/src/om_aiv_navigation/action/Dock.action
Generating for action Dock
[36m--[0m Generating .msg files for action om_aiv_navigation/DoTask /home/tthmatt/Omron_LD_ROS_Package/src/om_aiv_navigation/action/DoTask.action
Generating for action DoTask
[36m--[0m Generating .msg files for action om_aiv_navigation/ExecuteMacro /home/tthmatt/Omron_LD_ROS_Package/src/om_aiv_navigation/action/ExecuteMacro.action
Generating for action ExecuteMacro
[36m--[0m Generating .msg files for action om_aiv_navigation/PatrolOnce /home/tthmatt/Omron_LD_ROS_Package/src/om_aiv_navigation/action/PatrolOnce.action
Generating for action PatrolOnce
[36m--[0m Generating .msg files for action om_aiv_navigation/GoTo /home/tthmatt/Omron_LD_ROS_Package/src/om_aiv_navigation/action/GoTo.action
Generating for action GoTo
[36m--[0m Generating .msg files for action om_aiv_navigation/PatrolOnce /home/tthmatt/Omron_LD_ROS_Package/src/om_aiv_navigation/action/PatrolOnce.action
[36m--[0m Generating .msg files for action om_aiv_navigation/Patrol /home/tthmatt/Omron_LD_ROS_Package/src/om_aiv_navigation/action/Patrol.action
Generating for action Patrol
[36m--[0m Generating .msg files for action om_aiv_navigation/PatrolResume /home/tthmatt/Omron_LD_ROS_Package/src/om_aiv_navigation/action/PatrolResume.action
Generating for action PatrolResume
[36m--[0m Generating .msg files for action om_aiv_navigation/Play /home/tthmatt/Omron_LD_ROS_Package/src/om_aiv_navigation/action/Play.action
Generating for action Play
[36m--[0m Generating .msg files for action om_aiv_navigation/QueueDropoff /home/tthmatt/Omron_LD_ROS_Package/src/om_aiv_navigation/action/QueueDropoff.action
Generating for action QueueDropoff
[36m--[0m Generating .msg files for action om_aiv_navigation/Stop /home/tthmatt/Omron_LD_ROS_Package/src/om_aiv_navigation/action/Stop.action
Generating for action Stop
[36m--[0m Generating .msg files for action om_aiv_navigation/Undock /home/tthmatt/Omron_LD_ROS_Package/src/om_aiv_navigation/action/Undock.action
Generating for action Undock
[36m--[0m om_aiv_navigation: 91 messages, 0 services
[33m[1mCMake Warning[0m at /opt/ros/melodic/share/catkin/cmake/catkin_package.cmake:166 (message):
  catkin_package() DEPENDS on 'system_lib' but neither
  'system_lib_INCLUDE_DIRS' nor 'system_lib_LIBRARIES' is defined.
[36mCall Stack (most recent call first):[0m
  /opt/ros/melodic/share/catkin/cmake/catkin_package.cmake:102 (_catkin_package)
  CMakeLists.txt:117 (catkin_package)


[36m--[0m Configuring done
[36m--[0m Generating done
[36m--[0m Build files have been written to: /home/tthmatt/Omron_LD_ROS_Package/build/om_aiv_navigation
