Linked: (/home/tthmatt/ld_ROS/devel/.private/om_aiv_navigation/lib/pkgconfig/om_aiv_navigation.pc, /home/tthmatt/ld_ROS/devel/lib/pkgconfig/om_aiv_navigation.pc)
Linked: (/home/tthmatt/ld_ROS/devel/.private/om_aiv_navigation/share/om_aiv_navigation/cmake/om_aiv_navigationConfig.cmake, /home/tthmatt/ld_ROS/devel/share/om_aiv_navigation/cmake/om_aiv_navigationConfig.cmake)
Linked: (/home/tthmatt/ld_ROS/devel/.private/om_aiv_navigation/share/om_aiv_navigation/cmake/om_aiv_navigationConfig-version.cmake, /home/tthmatt/ld_ROS/devel/share/om_aiv_navigation/cmake/om_aiv_navigationConfig-version.cmake)
Symlinking /home/tthmatt/ld_ROS/devel/share/om_aiv_navigation/msg/DockActionResult.msg
Symlinking /home/tthmatt/ld_ROS/devel/share/om_aiv_navigation/msg/PatrolOnceResult.msg
Symlinking /home/tthmatt/ld_ROS/devel/share/om_aiv_navigation/msg/DoTaskAction.msg
Symlinking /home/tthmatt/ld_ROS/devel/share/om_aiv_navigation/msg/ExecuteMacroFeedback.msg
Symlinking /home/tthmatt/ld_ROS/devel/share/om_aiv_navigation/msg/PatrolOnceFeedback.msg
Symlinking /home/tthmatt/ld_ROS/devel/share/om_aiv_navigation/msg/GoToResult.msg
Symlinking /home/tthmatt/ld_ROS/devel/share/om_aiv_navigation/msg/UndockActionFeedback.msg
Symlinking /home/tthmatt/ld_ROS/devel/share/om_aiv_navigation/msg/ExecuteMacroGoal.msg
Symlinking /home/tthmatt/ld_ROS/devel/share/om_aiv_navigation/msg/DockActionGoal.msg
Symlinking /home/tthmatt/ld_ROS/devel/share/om_aiv_navigation/msg/GoToAction.msg
Symlinking /home/tthmatt/ld_ROS/devel/share/om_aiv_navigation/msg/PatrolResumeFeedback.msg
Symlinking /home/tthmatt/ld_ROS/devel/share/om_aiv_navigation/msg/GoToGoal.msg
Symlinking /home/tthmatt/ld_ROS/devel/share/om_aiv_navigation/msg/UndockActionResult.msg
Symlinking /home/tthmatt/ld_ROS/devel/share/om_aiv_navigation/msg/PlayGoal.msg
Symlinking /home/tthmatt/ld_ROS/devel/share/om_aiv_navigation/msg/ExecuteMacroActionFeedback.msg
Symlinking /home/tthmatt/ld_ROS/devel/share/om_aiv_navigation/msg/GoToActionFeedback.msg
Symlinking /home/tthmatt/ld_ROS/devel/share/om_aiv_navigation/msg/StopResult.msg
Symlinking /home/tthmatt/ld_ROS/devel/share/om_aiv_navigation/msg/PlayAction.msg
Symlinking /home/tthmatt/ld_ROS/devel/share/om_aiv_navigation/msg/PatrolResumeActionGoal.msg
Symlinking /home/tthmatt/ld_ROS/devel/share/om_aiv_navigation/msg/DockActionFeedback.msg
Symlinking /home/tthmatt/ld_ROS/devel/share/om_aiv_navigation/msg/PatrolResumeActionResult.msg
Symlinking /home/tthmatt/ld_ROS/devel/share/om_aiv_navigation/msg/StopGoal.msg
Symlinking /home/tthmatt/ld_ROS/devel/share/om_aiv_navigation/msg/ExecuteMacroActionGoal.msg
Symlinking /home/tthmatt/ld_ROS/devel/share/om_aiv_navigation/msg/PlayActionGoal.msg
Symlinking /home/tthmatt/ld_ROS/devel/share/om_aiv_navigation/msg/DoTaskActionResult.msg
Symlinking /home/tthmatt/ld_ROS/devel/share/om_aiv_navigation/msg/StopActionGoal.msg
Symlinking /home/tthmatt/ld_ROS/devel/share/om_aiv_navigation/msg/GoToActionResult.msg
Symlinking /home/tthmatt/ld_ROS/devel/share/om_aiv_navigation/msg/ExecuteMacroAction.msg
Symlinking /home/tthmatt/ld_ROS/devel/share/om_aiv_navigation/msg/UndockGoal.msg
Symlinking /home/tthmatt/ld_ROS/devel/share/om_aiv_navigation/msg/UndockFeedback.msg
Symlinking /home/tthmatt/ld_ROS/devel/share/om_aiv_navigation/msg/DoTaskResult.msg
Symlinking /home/tthmatt/ld_ROS/devel/share/om_aiv_navigation/msg/DoTaskFeedback.msg
Symlinking /home/tthmatt/ld_ROS/devel/share/om_aiv_navigation/msg/UndockAction.msg
Symlinking /home/tthmatt/ld_ROS/devel/share/om_aiv_navigation/msg/PatrolResumeActionFeedback.msg
Symlinking /home/tthmatt/ld_ROS/devel/share/om_aiv_navigation/msg/PatrolOnceGoal.msg
Symlinking /home/tthmatt/ld_ROS/devel/share/om_aiv_navigation/msg/UndockActionGoal.msg
Symlinking /home/tthmatt/ld_ROS/devel/share/om_aiv_navigation/msg/StopActionFeedback.msg
Symlinking /home/tthmatt/ld_ROS/devel/share/om_aiv_navigation/msg/PlayActionResult.msg
Symlinking /home/tthmatt/ld_ROS/devel/share/om_aiv_navigation/msg/DoTaskGoal.msg
Symlinking /home/tthmatt/ld_ROS/devel/share/om_aiv_navigation/msg/StopActionResult.msg
Symlinking /home/tthmatt/ld_ROS/devel/share/om_aiv_navigation/msg/StopFeedback.msg
Symlinking /home/tthmatt/ld_ROS/devel/share/om_aiv_navigation/msg/PatrolOnceActionFeedback.msg
Symlinking /home/tthmatt/ld_ROS/devel/share/om_aiv_navigation/msg/DoTaskActionFeedback.msg
Symlinking /home/tthmatt/ld_ROS/devel/share/om_aiv_navigation/msg/GoToFeedback.msg
Symlinking /home/tthmatt/ld_ROS/devel/share/om_aiv_navigation/msg/DockFeedback.msg
Symlinking /home/tthmatt/ld_ROS/devel/share/om_aiv_navigation/msg/PatrolResumeResult.msg
Symlinking /home/tthmatt/ld_ROS/devel/share/om_aiv_navigation/msg/DockGoal.msg
Symlinking /home/tthmatt/ld_ROS/devel/share/om_aiv_navigation/msg/ExecuteMacroResult.msg
Symlinking /home/tthmatt/ld_ROS/devel/share/om_aiv_navigation/msg/PatrolOnceActionResult.msg
Symlinking /home/tthmatt/ld_ROS/devel/share/om_aiv_navigation/msg/StopAction.msg
Symlinking /home/tthmatt/ld_ROS/devel/share/om_aiv_navigation/msg/PlayResult.msg
Symlinking /home/tthmatt/ld_ROS/devel/share/om_aiv_navigation/msg/PatrolResumeAction.msg
Symlinking /home/tthmatt/ld_ROS/devel/share/om_aiv_navigation/msg/GoToActionGoal.msg
Symlinking /home/tthmatt/ld_ROS/devel/share/om_aiv_navigation/msg/DockAction.msg
Symlinking /home/tthmatt/ld_ROS/devel/share/om_aiv_navigation/msg/UndockResult.msg
Symlinking /home/tthmatt/ld_ROS/devel/share/om_aiv_navigation/msg/DockResult.msg
Symlinking /home/tthmatt/ld_ROS/devel/share/om_aiv_navigation/msg/PatrolOnceActionGoal.msg
Symlinking /home/tthmatt/ld_ROS/devel/share/om_aiv_navigation/msg/ExecuteMacroActionResult.msg
Symlinking /home/tthmatt/ld_ROS/devel/share/om_aiv_navigation/msg/PlayFeedback.msg
Symlinking /home/tthmatt/ld_ROS/devel/share/om_aiv_navigation/msg/PlayActionFeedback.msg
Symlinking /home/tthmatt/ld_ROS/devel/share/om_aiv_navigation/msg/PatrolOnceAction.msg
Symlinking /home/tthmatt/ld_ROS/devel/share/om_aiv_navigation/msg/DoTaskActionGoal.msg
Symlinking /home/tthmatt/ld_ROS/devel/share/om_aiv_navigation/msg/PatrolResumeGoal.msg
