[  0%] Built target _om_aiv_navigation_generate_messages_check_deps_UndockResult
[  0%] Built target _om_aiv_navigation_generate_messages_check_deps_PlayResult
[  0%] Built target _om_aiv_navigation_generate_messages_check_deps_PatrolResumeActionGoal
[  0%] Built target _om_aiv_navigation_generate_messages_check_deps_PatrolActionFeedback
[  0%] Built target _om_aiv_navigation_generate_messages_check_deps_PatrolGoal
[  0%] Built target _om_aiv_navigation_generate_messages_check_deps_QueueDropoffResult
[  0%] Built target _om_aiv_navigation_generate_messages_check_deps_PatrolAction
[  0%] Built target _om_aiv_navigation_generate_messages_check_deps_DoTaskAction
[  0%] Built target _om_aiv_navigation_generate_messages_check_deps_GoToAction
[  0%] Built target _om_aiv_navigation_generate_messages_check_deps_GoToResult
[  0%] Built target _om_aiv_navigation_generate_messages_check_deps_PatrolActionGoal
[  0%] Built target _om_aiv_navigation_generate_messages_check_deps_QueueDropoffActionGoal
[  0%] Built target _om_aiv_navigation_generate_messages_check_deps_PatrolOnceActionFeedback
[  0%] Built target _om_aiv_navigation_generate_messages_check_deps_PatrolFeedback
[  0%] Built target _om_aiv_navigation_generate_messages_check_deps_PatrolOnceActionResult
[  0%] Built target _om_aiv_navigation_generate_messages_check_deps_StopActionResult
[  0%] Built target _om_aiv_navigation_generate_messages_check_deps_UndockAction
[  0%] Built target _om_aiv_navigation_generate_messages_check_deps_GoToActionResult
[  0%] Built target _om_aiv_navigation_generate_messages_check_deps_PlayGoal
[  0%] Built target _om_aiv_navigation_generate_messages_check_deps_UndockActionFeedback
[  0%] Built target _om_aiv_navigation_generate_messages_check_deps_PatrolActionResult
[  0%] Built target _om_aiv_navigation_generate_messages_check_deps_DockActionResult
[  0%] Built target _om_aiv_navigation_generate_messages_check_deps_ExecuteMacroActionResult
[  0%] Built target _om_aiv_navigation_generate_messages_check_deps_QueueDropoffAction
[  0%] Built target _om_aiv_navigation_generate_messages_check_deps_ExecuteMacroFeedback
[  0%] Built target _om_aiv_navigation_generate_messages_check_deps_GoToFeedback
[  0%] Built target _om_aiv_navigation_generate_messages_check_deps_ExecuteMacroActionFeedback
[  0%] Built target _om_aiv_navigation_generate_messages_check_deps_DoTaskGoal
[  0%] Built target _om_aiv_navigation_generate_messages_check_deps_StopAction
[  0%] Built target _om_aiv_navigation_generate_messages_check_deps_QueueDropoffActionResult
[  0%] Built target _om_aiv_navigation_generate_messages_check_deps_PlayActionGoal
[  0%] Built target _om_aiv_navigation_generate_messages_check_deps_UndockActionGoal
[  0%] Built target _om_aiv_navigation_generate_messages_check_deps_PlayAction
[  0%] Built target _om_aiv_navigation_generate_messages_check_deps_StopActionFeedback
[  0%] Built target _om_aiv_navigation_generate_messages_check_deps_GoToActionFeedback
[  0%] Built target _om_aiv_navigation_generate_messages_check_deps_PlayActionFeedback
[  0%] Built target _om_aiv_navigation_generate_messages_check_deps_StopResult
[  0%] Built target _om_aiv_navigation_generate_messages_check_deps_QueueDropoffFeedback
[  0%] Built target _om_aiv_navigation_generate_messages_check_deps_DockActionFeedback
[  0%] Built target _om_aiv_navigation_generate_messages_check_deps_QueueDropoffGoal
[  0%] Built target actionlib_msgs_generate_messages_py
[  0%] Built target _om_aiv_navigation_generate_messages_check_deps_UndockActionResult
[  0%] Built target _om_aiv_navigation_generate_messages_check_deps_ExecuteMacroGoal
[  0%] Built target _om_aiv_navigation_generate_messages_check_deps_GoToGoal
[  0%] Built target _om_aiv_navigation_generate_messages_check_deps_UndockGoal
[  0%] Built target _om_aiv_navigation_generate_messages_check_deps_ExecuteMacroAction
[  0%] Built target _om_aiv_navigation_generate_messages_check_deps_ExecuteMacroActionGoal
[  0%] Built target _om_aiv_navigation_generate_messages_check_deps_StopFeedback
[  0%] Built target _om_aiv_navigation_generate_messages_check_deps_DockActionGoal
[  0%] Built target _om_aiv_navigation_generate_messages_check_deps_PatrolOnceAction
[  0%] Built target _om_aiv_navigation_generate_messages_check_deps_DockAction
[  0%] Built target _om_aiv_navigation_generate_messages_check_deps_UndockFeedback
[  0%] Built target _om_aiv_navigation_generate_messages_check_deps_PlayActionResult
[  0%] Built target _om_aiv_navigation_generate_messages_check_deps_DockFeedback
[  0%] Built target _om_aiv_navigation_generate_messages_check_deps_PatrolResumeActionFeedback
[  0%] Built target _om_aiv_navigation_generate_messages_check_deps_PatrolResumeFeedback
[  0%] Built target _om_aiv_navigation_generate_messages_check_deps_DoTaskActionGoal
[  0%] Built target _om_aiv_navigation_generate_messages_check_deps_DoTaskActionFeedback
[  0%] Built target _om_aiv_navigation_generate_messages_check_deps_PatrolOnceGoal
[  0%] Built target _om_aiv_navigation_generate_messages_check_deps_GoToActionGoal
[  0%] Built target _om_aiv_navigation_generate_messages_check_deps_PatrolOnceFeedback
[  0%] Built target _om_aiv_navigation_generate_messages_check_deps_PatrolResumeAction
[  0%] Built target _om_aiv_navigation_generate_messages_check_deps_QueueDropoffActionFeedback
[  0%] Built target _om_aiv_navigation_generate_messages_check_deps_StopActionGoal
[  0%] Built target _om_aiv_navigation_generate_messages_check_deps_ExecuteMacroResult
[  0%] Built target _om_aiv_navigation_generate_messages_check_deps_PatrolResumeActionResult
[  0%] Built target _om_aiv_navigation_generate_messages_check_deps_PatrolResumeGoal
[  0%] Built target _om_aiv_navigation_generate_messages_check_deps_DoTaskActionResult
[  0%] Built target _om_aiv_navigation_generate_messages_check_deps_PatrolOnceResult
[  0%] Built target _om_aiv_navigation_generate_messages_check_deps_DoTaskFeedback
[  0%] Built target _om_aiv_navigation_generate_messages_check_deps_PatrolOnceActionGoal
[  0%] Built target _om_aiv_navigation_generate_messages_check_deps_PatrolResult
[  0%] Built target _om_aiv_navigation_generate_messages_check_deps_DockResult
[  0%] Built target _om_aiv_navigation_generate_messages_check_deps_PlayFeedback
[  0%] Built target _om_aiv_navigation_generate_messages_check_deps_DockGoal
[  0%] Built target _om_aiv_navigation_generate_messages_check_deps_StopGoal
[  0%] Built target _om_aiv_navigation_generate_messages_check_deps_DoTaskResult
[  0%] Built target actionlib_msgs_generate_messages_nodejs
[  0%] Built target actionlib_msgs_generate_messages_lisp
[  0%] Built target _om_aiv_navigation_generate_messages_check_deps_PatrolResumeResult
[  0%] Built target actionlib_msgs_generate_messages_eus
[  0%] Built target actionlib_msgs_generate_messages_cpp
[ 39%] Built target om_aiv_navigation_generate_messages_py
[ 39%] Built target om_aiv_navigation_generate_messages_nodejs
[ 60%] Built target om_aiv_navigation_generate_messages_lisp
[ 79%] Built target om_aiv_navigation_generate_messages_eus
[100%] Built target om_aiv_navigation_generate_messages_cpp
[100%] Built target om_aiv_navigation_generate_messages
