[35m[1mScanning dependencies of target _om_aiv_navigation_generate_messages_check_deps_ActionGoal[0m
[  0%] Built target _om_aiv_navigation_generate_messages_check_deps_ActionGoal
[35m[1mScanning dependencies of target _om_aiv_navigation_generate_messages_check_deps_QueueDropoffAction[0m
[35m[1mScanning dependencies of target _om_aiv_navigation_generate_messages_check_deps_UndockActionGoal[0m
[35m[1mScanning dependencies of target _om_aiv_navigation_generate_messages_check_deps_QueueDropoffActionResult[0m
[  0%] Built target _om_aiv_navigation_generate_messages_check_deps_QueueDropoffAction
[35m[1mScanning dependencies of target _om_aiv_navigation_generate_messages_check_deps_DockActionResult[0m
[  0%] Built target _om_aiv_navigation_generate_messages_check_deps_UndockActionGoal
[35m[1mScanning dependencies of target _om_aiv_navigation_generate_messages_check_deps_ExecuteMacroFeedback[0m
[  0%] Built target _om_aiv_navigation_generate_messages_check_deps_QueueDropoffActionResult
[35m[1mScanning dependencies of target _om_aiv_navigation_generate_messages_check_deps_ActionActionGoal[0m
[  0%] Built target _om_aiv_navigation_generate_messages_check_deps_DockActionResult
[  0%] Built target _om_aiv_navigation_generate_messages_check_deps_ExecuteMacroFeedback
[35m[1mScanning dependencies of target _om_aiv_navigation_generate_messages_check_deps_PatrolResumeActionFeedback[0m
[  0%] Built target _om_aiv_navigation_generate_messages_check_deps_ActionActionGoal
[35m[1mScanning dependencies of target _om_aiv_navigation_generate_messages_check_deps_PlayResult[0m
[35m[1mScanning dependencies of target _om_aiv_navigation_generate_messages_check_deps_GoToGoal[0m
[  0%] Built target _om_aiv_navigation_generate_messages_check_deps_PatrolResumeActionFeedback
[  0%] Built target _om_aiv_navigation_generate_messages_check_deps_PlayResult
[35m[1mScanning dependencies of target _om_aiv_navigation_generate_messages_check_deps_DoTaskGoal[0m
[35m[1mScanning dependencies of target _om_aiv_navigation_generate_messages_check_deps_StopAction[0m
[  0%] Built target _om_aiv_navigation_generate_messages_check_deps_GoToGoal
[35m[1mScanning dependencies of target _om_aiv_navigation_generate_messages_check_deps_PatrolOnceResult[0m
[  0%] Built target _om_aiv_navigation_generate_messages_check_deps_DoTaskGoal
[  0%] Built target _om_aiv_navigation_generate_messages_check_deps_StopAction
[35m[1mScanning dependencies of target _om_aiv_navigation_generate_messages_check_deps_ActionAction[0m
[35m[1mScanning dependencies of target _om_aiv_navigation_generate_messages_check_deps_PlayActionFeedback[0m
[  0%] Built target _om_aiv_navigation_generate_messages_check_deps_PatrolOnceResult
[35m[1mScanning dependencies of target _om_aiv_navigation_generate_messages_check_deps_DockGoal[0m
[  0%] Built target _om_aiv_navigation_generate_messages_check_deps_ActionAction
[  0%] Built target _om_aiv_navigation_generate_messages_check_deps_PlayActionFeedback
[35m[1mScanning dependencies of target _om_aiv_navigation_generate_messages_check_deps_PatrolOnceAction[0m
[35m[1mScanning dependencies of target _om_aiv_navigation_generate_messages_check_deps_UndockFeedback[0m
[  0%] Built target _om_aiv_navigation_generate_messages_check_deps_DockGoal
[35m[1mScanning dependencies of target _om_aiv_navigation_generate_messages_check_deps_PatrolOnceActionFeedback[0m
[35m[1mScanning dependencies of target _om_aiv_navigation_generate_messages_check_deps_ExecuteMacroGoal[0m
[  0%] Built target _om_aiv_navigation_generate_messages_check_deps_PatrolOnceAction
[  0%] Built target _om_aiv_navigation_generate_messages_check_deps_UndockFeedback
[35m[1mScanning dependencies of target _om_aiv_navigation_generate_messages_check_deps_PatrolAction[0m
[35m[1mScanning dependencies of target _om_aiv_navigation_generate_messages_check_deps_GoToResult[0m
[  0%] Built target _om_aiv_navigation_generate_messages_check_deps_PatrolOnceActionFeedback
[35m[1mScanning dependencies of target _om_aiv_navigation_generate_messages_check_deps_DoTaskActionFeedback[0m
[  0%] Built target _om_aiv_navigation_generate_messages_check_deps_ExecuteMacroGoal
[35m[1mScanning dependencies of target _om_aiv_navigation_generate_messages_check_deps_PatrolActionGoal[0m
[  0%] Built target _om_aiv_navigation_generate_messages_check_deps_PatrolAction
[  0%] Built target _om_aiv_navigation_generate_messages_check_deps_GoToResult
[35m[1mScanning dependencies of target _om_aiv_navigation_generate_messages_check_deps_StopActionResult[0m
[35m[1mScanning dependencies of target _om_aiv_navigation_generate_messages_check_deps_PatrolFeedback[0m
[  0%] Built target _om_aiv_navigation_generate_messages_check_deps_DoTaskActionFeedback
[35m[1mScanning dependencies of target _om_aiv_navigation_generate_messages_check_deps_PlayActionGoal[0m
[  0%] Built target _om_aiv_navigation_generate_messages_check_deps_PatrolActionGoal
[  0%] Built target _om_aiv_navigation_generate_messages_check_deps_StopActionResult
[35m[1mScanning dependencies of target _om_aiv_navigation_generate_messages_check_deps_PatrolOnceGoal[0m
[  0%] Built target _om_aiv_navigation_generate_messages_check_deps_PatrolFeedback
[35m[1mScanning dependencies of target _om_aiv_navigation_generate_messages_check_deps_ActionResult[0m
[  0%] Built target _om_aiv_navigation_generate_messages_check_deps_PlayActionGoal
[35m[1mScanning dependencies of target _om_aiv_navigation_generate_messages_check_deps_GoToActionGoal[0m
[35m[1mScanning dependencies of target _om_aiv_navigation_generate_messages_check_deps_StopActionFeedback[0m
[  0%] Built target _om_aiv_navigation_generate_messages_check_deps_PatrolOnceGoal
[  0%] Built target _om_aiv_navigation_generate_messages_check_deps_ActionResult
[35m[1mScanning dependencies of target _om_aiv_navigation_generate_messages_check_deps_PlayAction[0m
[35m[1mScanning dependencies of target _om_aiv_navigation_generate_messages_check_deps_DoTaskAction[0m
[  0%] Built target _om_aiv_navigation_generate_messages_check_deps_GoToActionGoal
[  0%] Built target _om_aiv_navigation_generate_messages_check_deps_StopActionFeedback
[35m[1mScanning dependencies of target _om_aiv_navigation_generate_messages_check_deps_ActionFeedback[0m
[35m[1mScanning dependencies of target _om_aiv_navigation_generate_messages_check_deps_UndockGoal[0m
[  0%] Built target _om_aiv_navigation_generate_messages_check_deps_PlayAction
[  0%] Built target _om_aiv_navigation_generate_messages_check_deps_DoTaskAction
[35m[1mScanning dependencies of target _om_aiv_navigation_generate_messages_check_deps_ActionActionResult[0m
[35m[1mScanning dependencies of target _om_aiv_navigation_generate_messages_check_deps_ExecuteMacroActionFeedback[0m
[  0%] Built target _om_aiv_navigation_generate_messages_check_deps_UndockGoal
[  0%] Built target _om_aiv_navigation_generate_messages_check_deps_ActionFeedback
[35m[1mScanning dependencies of target _om_aiv_navigation_generate_messages_check_deps_GoToFeedback[0m
[35m[1mScanning dependencies of target _om_aiv_navigation_generate_messages_check_deps_PlayFeedback[0m
[  0%] Built target _om_aiv_navigation_generate_messages_check_deps_ActionActionResult
[  0%] Built target _om_aiv_navigation_generate_messages_check_deps_ExecuteMacroActionFeedback
[35m[1mScanning dependencies of target _om_aiv_navigation_generate_messages_check_deps_DockResult[0m
[35m[1mScanning dependencies of target _om_aiv_navigation_generate_messages_check_deps_PatrolResumeActionGoal[0m
[  0%] Built target _om_aiv_navigation_generate_messages_check_deps_GoToFeedback
[  0%] Built target _om_aiv_navigation_generate_messages_check_deps_PlayFeedback
[35m[1mScanning dependencies of target _om_aiv_navigation_generate_messages_check_deps_ExecuteMacroActionResult[0m
[35m[1mScanning dependencies of target _om_aiv_navigation_generate_messages_check_deps_QueueDropoffGoal[0m
[  0%] Built target _om_aiv_navigation_generate_messages_check_deps_DockResult
[  0%] Built target _om_aiv_navigation_generate_messages_check_deps_PatrolResumeActionGoal
[35m[1mScanning dependencies of target _om_aiv_navigation_generate_messages_check_deps_UndockActionResult[0m
[35m[1mScanning dependencies of target _om_aiv_navigation_generate_messages_check_deps_DockActionGoal[0m
[  0%] Built target _om_aiv_navigation_generate_messages_check_deps_ExecuteMacroActionResult
[  0%] Built target _om_aiv_navigation_generate_messages_check_deps_QueueDropoffGoal
[35m[1mScanning dependencies of target _om_aiv_navigation_generate_messages_check_deps_DockActionFeedback[0m
[35m[1mScanning dependencies of target _om_aiv_navigation_generate_messages_check_deps_QueueDropoffFeedback[0m
[  0%] Built target _om_aiv_navigation_generate_messages_check_deps_UndockActionResult
[  0%] Built target _om_aiv_navigation_generate_messages_check_deps_DockActionGoal
[35m[1mScanning dependencies of target _om_aiv_navigation_generate_messages_check_deps_PatrolActionResult[0m
[35m[1mScanning dependencies of target _om_aiv_navigation_generate_messages_check_deps_UndockResult[0m
[  0%] Built target _om_aiv_navigation_generate_messages_check_deps_QueueDropoffFeedback
[  0%] Built target _om_aiv_navigation_generate_messages_check_deps_DockActionFeedback
[35m[1mScanning dependencies of target _om_aiv_navigation_generate_messages_check_deps_StopResult[0m
[35m[1mScanning dependencies of target _om_aiv_navigation_generate_messages_check_deps_PatrolResumeResult[0m
[  0%] Built target _om_aiv_navigation_generate_messages_check_deps_PatrolActionResult
[  0%] Built target _om_aiv_navigation_generate_messages_check_deps_UndockResult
[35m[1mScanning dependencies of target _om_aiv_navigation_generate_messages_check_deps_PatrolGoal[0m
[35m[1mScanning dependencies of target _om_aiv_navigation_generate_messages_check_deps_StopFeedback[0m
[  0%] Built target _om_aiv_navigation_generate_messages_check_deps_PatrolResumeResult
[  0%] Built target _om_aiv_navigation_generate_messages_check_deps_StopResult
[35m[1mScanning dependencies of target actionlib_msgs_generate_messages_py[0m
[35m[1mScanning dependencies of target _om_aiv_navigation_generate_messages_check_deps_PatrolActionFeedback[0m
[  0%] Built target actionlib_msgs_generate_messages_py
[  0%] Built target _om_aiv_navigation_generate_messages_check_deps_PatrolGoal
[  0%] Built target _om_aiv_navigation_generate_messages_check_deps_StopFeedback
[35m[1mScanning dependencies of target _om_aiv_navigation_generate_messages_check_deps_DoTaskResult[0m
[35m[1mScanning dependencies of target _om_aiv_navigation_generate_messages_check_deps_StopGoal[0m
[35m[1mScanning dependencies of target _om_aiv_navigation_generate_messages_check_deps_QueueDropoffActionGoal[0m
[  0%] Built target _om_aiv_navigation_generate_messages_check_deps_PatrolActionFeedback
[  0%] Built target _om_aiv_navigation_generate_messages_check_deps_DoTaskResult
[35m[1mScanning dependencies of target _om_aiv_navigation_generate_messages_check_deps_ExecuteMacroActionGoal[0m
[35m[1mScanning dependencies of target _om_aiv_navigation_generate_messages_check_deps_UndockAction[0m
[  0%] Built target _om_aiv_navigation_generate_messages_check_deps_StopGoal
[  0%] Built target _om_aiv_navigation_generate_messages_check_deps_QueueDropoffActionGoal
[35m[1mScanning dependencies of target _om_aiv_navigation_generate_messages_check_deps_PatrolOnceActionResult[0m
[35m[1mScanning dependencies of target _om_aiv_navigation_generate_messages_check_deps_ExecuteMacroAction[0m
[  0%] Built target _om_aiv_navigation_generate_messages_check_deps_ExecuteMacroActionGoal
[35m[1mScanning dependencies of target _om_aiv_navigation_generate_messages_check_deps_GoToAction[0m
[  0%] Built target _om_aiv_navigation_generate_messages_check_deps_UndockAction
[  0%] Built target _om_aiv_navigation_generate_messages_check_deps_ExecuteMacroAction
[  0%] Built target _om_aiv_navigation_generate_messages_check_deps_PatrolOnceActionResult
[35m[1mScanning dependencies of target _om_aiv_navigation_generate_messages_check_deps_PatrolResumeGoal[0m
[35m[1mScanning dependencies of target _om_aiv_navigation_generate_messages_check_deps_DoTaskActionResult[0m
[35m[1mScanning dependencies of target _om_aiv_navigation_generate_messages_check_deps_PatrolResumeActionResult[0m
[  0%] Built target _om_aiv_navigation_generate_messages_check_deps_GoToAction
[35m[1mScanning dependencies of target _om_aiv_navigation_generate_messages_check_deps_DoTaskActionGoal[0m
[  0%] Built target _om_aiv_navigation_generate_messages_check_deps_PatrolResumeActionResult
[  0%] Built target _om_aiv_navigation_generate_messages_check_deps_DoTaskActionResult
[  0%] Built target _om_aiv_navigation_generate_messages_check_deps_PatrolResumeGoal
[35m[1mScanning dependencies of target _om_aiv_navigation_generate_messages_check_deps_PatrolResumeFeedback[0m
[35m[1mScanning dependencies of target _om_aiv_navigation_generate_messages_check_deps_DockFeedback[0m
[35m[1mScanning dependencies of target _om_aiv_navigation_generate_messages_check_deps_QueueDropoffResult[0m
[  0%] Built target _om_aiv_navigation_generate_messages_check_deps_DoTaskActionGoal
[35m[1mScanning dependencies of target _om_aiv_navigation_generate_messages_check_deps_QueueDropoffActionFeedback[0m
[  0%] Built target _om_aiv_navigation_generate_messages_check_deps_DockFeedback
[  0%] Built target _om_aiv_navigation_generate_messages_check_deps_PatrolResumeFeedback
[  0%] Built target _om_aiv_navigation_generate_messages_check_deps_QueueDropoffResult
[35m[1mScanning dependencies of target _om_aiv_navigation_generate_messages_check_deps_PatrolResumeAction[0m
[35m[1mScanning dependencies of target _om_aiv_navigation_generate_messages_check_deps_PatrolOnceFeedback[0m
[35m[1mScanning dependencies of target _om_aiv_navigation_generate_messages_check_deps_PlayGoal[0m
[  0%] Built target _om_aiv_navigation_generate_messages_check_deps_QueueDropoffActionFeedback
[35m[1mScanning dependencies of target _om_aiv_navigation_generate_messages_check_deps_ActionActionFeedback[0m
[  0%] Built target _om_aiv_navigation_generate_messages_check_deps_PatrolResumeAction
[  0%] Built target _om_aiv_navigation_generate_messages_check_deps_PlayGoal
[  0%] Built target _om_aiv_navigation_generate_messages_check_deps_PatrolOnceFeedback
[35m[1mScanning dependencies of target _om_aiv_navigation_generate_messages_check_deps_GoToActionResult[0m
[35m[1mScanning dependencies of target _om_aiv_navigation_generate_messages_check_deps_DoTaskFeedback[0m
[35m[1mScanning dependencies of target _om_aiv_navigation_generate_messages_check_deps_GoToActionFeedback[0m
[  0%] Built target _om_aiv_navigation_generate_messages_check_deps_ActionActionFeedback
[35m[1mScanning dependencies of target _om_aiv_navigation_generate_messages_check_deps_UndockActionFeedback[0m
[  0%] Built target _om_aiv_navigation_generate_messages_check_deps_GoToActionResult
[35m[1mScanning dependencies of target _om_aiv_navigation_generate_messages_check_deps_StopActionGoal[0m
[  0%] Built target _om_aiv_navigation_generate_messages_check_deps_DoTaskFeedback
[  0%] Built target _om_aiv_navigation_generate_messages_check_deps_GoToActionFeedback
[35m[1mScanning dependencies of target _om_aiv_navigation_generate_messages_check_deps_ExecuteMacroResult[0m
[35m[1mScanning dependencies of target _om_aiv_navigation_generate_messages_check_deps_PlayActionResult[0m
[  0%] Built target _om_aiv_navigation_generate_messages_check_deps_UndockActionFeedback
[35m[1mScanning dependencies of target _om_aiv_navigation_generate_messages_check_deps_DockAction[0m
[  0%] Built target _om_aiv_navigation_generate_messages_check_deps_StopActionGoal
[35m[1mScanning dependencies of target _om_aiv_navigation_generate_messages_check_deps_PatrolResult[0m
[  0%] Built target _om_aiv_navigation_generate_messages_check_deps_ExecuteMacroResult
[  0%] Built target _om_aiv_navigation_generate_messages_check_deps_PlayActionResult
[35m[1mScanning dependencies of target _om_aiv_navigation_generate_messages_check_deps_PatrolOnceActionGoal[0m
[  0%] Built target _om_aiv_navigation_generate_messages_check_deps_DockAction
[35m[1mScanning dependencies of target actionlib_msgs_generate_messages_nodejs[0m
[  0%] Built target actionlib_msgs_generate_messages_nodejs
[35m[1mScanning dependencies of target actionlib_msgs_generate_messages_lisp[0m
[  0%] Built target _om_aiv_navigation_generate_messages_check_deps_PatrolResult
[35m[1mScanning dependencies of target actionlib_msgs_generate_messages_eus[0m
[  0%] Built target actionlib_msgs_generate_messages_lisp
[35m[1mScanning dependencies of target actionlib_msgs_generate_messages_cpp[0m
[  0%] Built target actionlib_msgs_generate_messages_eus
[  0%] Built target _om_aiv_navigation_generate_messages_check_deps_PatrolOnceActionGoal
[  0%] Built target actionlib_msgs_generate_messages_cpp
[35m[1mScanning dependencies of target om_aiv_navigation_generate_messages_py[0m
[35m[1mScanning dependencies of target om_aiv_navigation_generate_messages_nodejs[0m
[35m[1mScanning dependencies of target om_aiv_navigation_generate_messages_lisp[0m
[35m[1mScanning dependencies of target om_aiv_navigation_generate_messages_eus[0m
[  1%] [34m[1mGenerating Python from MSG om_aiv_navigation/DoTaskActionGoal[0m
[  1%] [34m[1mGenerating Javascript code from om_aiv_navigation/DoTaskActionGoal.msg[0m
[  1%] [34m[1mGenerating Lisp code from om_aiv_navigation/DoTaskActionGoal.msg[0m
[  2%] [34m[1mGenerating EusLisp code from om_aiv_navigation/DoTaskActionGoal.msg[0m
[  2%] [34m[1mGenerating Javascript code from om_aiv_navigation/DoTaskAction.msg[0m
[  3%] [34m[1mGenerating Lisp code from om_aiv_navigation/DoTaskAction.msg[0m
[  3%] [34m[1mGenerating EusLisp code from om_aiv_navigation/DoTaskAction.msg[0m
[  3%] [34m[1mGenerating Python from MSG om_aiv_navigation/DoTaskAction[0m
[  3%] [34m[1mGenerating Javascript code from om_aiv_navigation/StopActionFeedback.msg[0m
[  3%] [34m[1mGenerating Lisp code from om_aiv_navigation/StopActionFeedback.msg[0m
[  3%] [34m[1mGenerating Javascript code from om_aiv_navigation/GoToActionGoal.msg[0m
[  3%] [34m[1mGenerating EusLisp code from om_aiv_navigation/StopActionFeedback.msg[0m
[  3%] [34m[1mGenerating Lisp code from om_aiv_navigation/GoToActionGoal.msg[0m
[  4%] [34m[1mGenerating Javascript code from om_aiv_navigation/PlayActionGoal.msg[0m
[  5%] [34m[1mGenerating Python from MSG om_aiv_navigation/StopActionFeedback[0m
[  5%] [34m[1mGenerating Lisp code from om_aiv_navigation/PlayActionGoal.msg[0m
[  5%] [34m[1mGenerating EusLisp code from om_aiv_navigation/GoToActionGoal.msg[0m
[  5%] [34m[1mGenerating Javascript code from om_aiv_navigation/PatrolActionGoal.msg[0m
[  5%] [34m[1mGenerating Lisp code from om_aiv_navigation/PatrolActionGoal.msg[0m
[  5%] [34m[1mGenerating Javascript code from om_aiv_navigation/PatrolFeedback.msg[0m
[  6%] [34m[1mGenerating EusLisp code from om_aiv_navigation/PlayActionGoal.msg[0m
[  6%] [34m[1mGenerating Python from MSG om_aiv_navigation/GoToActionGoal[0m
[  7%] [34m[1mGenerating Lisp code from om_aiv_navigation/PatrolFeedback.msg[0m
[  7%] [34m[1mGenerating Javascript code from om_aiv_navigation/StopFeedback.msg[0m
[  7%] [34m[1mGenerating EusLisp code from om_aiv_navigation/PatrolActionGoal.msg[0m
[  7%] [34m[1mGenerating Lisp code from om_aiv_navigation/StopFeedback.msg[0m
[  8%] [34m[1mGenerating Javascript code from om_aiv_navigation/GoToResult.msg[0m
[  8%] [34m[1mGenerating Python from MSG om_aiv_navigation/PlayActionGoal[0m
[  8%] [34m[1mGenerating Lisp code from om_aiv_navigation/GoToResult.msg[0m
[  8%] [34m[1mGenerating Javascript code from om_aiv_navigation/ActionFeedback.msg[0m
[  8%] [34m[1mGenerating EusLisp code from om_aiv_navigation/PatrolFeedback.msg[0m
[  8%] [34m[1mGenerating Lisp code from om_aiv_navigation/ActionFeedback.msg[0m
[  8%] [34m[1mGenerating Javascript code from om_aiv_navigation/DockResult.msg[0m
[  8%] [34m[1mGenerating Python from MSG om_aiv_navigation/PatrolActionGoal[0m
[  8%] [34m[1mGenerating EusLisp code from om_aiv_navigation/StopFeedback.msg[0m
[  9%] [34m[1mGenerating Lisp code from om_aiv_navigation/DockResult.msg[0m
[  9%] [34m[1mGenerating Javascript code from om_aiv_navigation/ExecuteMacroGoal.msg[0m
[  9%] [34m[1mGenerating Javascript code from om_aiv_navigation/StopActionResult.msg[0m
[  9%] [34m[1mGenerating Lisp code from om_aiv_navigation/ExecuteMacroGoal.msg[0m
[ 10%] [34m[1mGenerating EusLisp code from om_aiv_navigation/GoToResult.msg[0m
[ 10%] [34m[1mGenerating Python from MSG om_aiv_navigation/PatrolFeedback[0m
[ 11%] [34m[1mGenerating Javascript code from om_aiv_navigation/PatrolOnceGoal.msg[0m
[ 11%] [34m[1mGenerating Lisp code from om_aiv_navigation/StopActionResult.msg[0m
[ 11%] [34m[1mGenerating EusLisp code from om_aiv_navigation/ActionFeedback.msg[0m
[ 11%] [34m[1mGenerating Javascript code from om_aiv_navigation/PatrolOnceAction.msg[0m
[ 11%] [34m[1mGenerating Lisp code from om_aiv_navigation/PatrolOnceGoal.msg[0m
[ 12%] [34m[1mGenerating Python from MSG om_aiv_navigation/StopFeedback[0m
[ 12%] [34m[1mGenerating Javascript code from om_aiv_navigation/PatrolGoal.msg[0m
[ 13%] [34m[1mGenerating Lisp code from om_aiv_navigation/PatrolOnceAction.msg[0m
[ 13%] [34m[1mGenerating EusLisp code from om_aiv_navigation/DockResult.msg[0m
[ 13%] [34m[1mGenerating Javascript code from om_aiv_navigation/PatrolResult.msg[0m
[ 13%] [34m[1mGenerating Lisp code from om_aiv_navigation/PatrolGoal.msg[0m
[ 13%] [34m[1mGenerating Python from MSG om_aiv_navigation/GoToResult[0m
[ 14%] [34m[1mGenerating EusLisp code from om_aiv_navigation/ExecuteMacroGoal.msg[0m
[ 14%] [34m[1mGenerating Javascript code from om_aiv_navigation/DockGoal.msg[0m
[ 14%] [34m[1mGenerating Lisp code from om_aiv_navigation/PatrolResult.msg[0m
[ 14%] [34m[1mGenerating Javascript code from om_aiv_navigation/PatrolResumeAction.msg[0m
[ 14%] [34m[1mGenerating EusLisp code from om_aiv_navigation/StopActionResult.msg[0m
[ 14%] [34m[1mGenerating Lisp code from om_aiv_navigation/DockGoal.msg[0m
[ 14%] [34m[1mGenerating Python from MSG om_aiv_navigation/ActionFeedback[0m
[ 14%] [34m[1mGenerating Javascript code from om_aiv_navigation/GoToFeedback.msg[0m
[ 14%] [34m[1mGenerating Lisp code from om_aiv_navigation/PatrolResumeAction.msg[0m
[ 15%] [34m[1mGenerating EusLisp code from om_aiv_navigation/PatrolOnceGoal.msg[0m
[ 15%] [34m[1mGenerating Javascript code from om_aiv_navigation/PatrolOnceFeedback.msg[0m
[ 16%] [34m[1mGenerating Lisp code from om_aiv_navigation/GoToFeedback.msg[0m
[ 16%] [34m[1mGenerating Python from MSG om_aiv_navigation/DockResult[0m
[ 17%] [34m[1mGenerating Javascript code from om_aiv_navigation/UndockFeedback.msg[0m
[ 17%] [34m[1mGenerating EusLisp code from om_aiv_navigation/PatrolOnceAction.msg[0m
[ 17%] [34m[1mGenerating Lisp code from om_aiv_navigation/PatrolOnceFeedback.msg[0m
[ 17%] [34m[1mGenerating Javascript code from om_aiv_navigation/PatrolOnceActionFeedback.msg[0m
[ 17%] [34m[1mGenerating Lisp code from om_aiv_navigation/UndockFeedback.msg[0m
[ 17%] [34m[1mGenerating EusLisp code from om_aiv_navigation/PatrolGoal.msg[0m
[ 17%] [34m[1mGenerating Javascript code from om_aiv_navigation/PatrolResumeActionFeedback.msg[0m
[ 18%] [34m[1mGenerating Python from MSG om_aiv_navigation/ExecuteMacroGoal[0m
[ 18%] [34m[1mGenerating Lisp code from om_aiv_navigation/PatrolOnceActionFeedback.msg[0m
[ 18%] [34m[1mGenerating Javascript code from om_aiv_navigation/DoTaskActionResult.msg[0m
[ 18%] [34m[1mGenerating EusLisp code from om_aiv_navigation/PatrolResult.msg[0m
[ 19%] [34m[1mGenerating Lisp code from om_aiv_navigation/PatrolResumeActionFeedback.msg[0m
[ 19%] [34m[1mGenerating Javascript code from om_aiv_navigation/PatrolResumeFeedback.msg[0m
[ 19%] [34m[1mGenerating Python from MSG om_aiv_navigation/StopActionResult[0m
[ 20%] [34m[1mGenerating EusLisp code from om_aiv_navigation/DockGoal.msg[0m
[ 20%] [34m[1mGenerating Lisp code from om_aiv_navigation/DoTaskActionResult.msg[0m
[ 21%] [34m[1mGenerating Javascript code from om_aiv_navigation/DockFeedback.msg[0m
[ 21%] [34m[1mGenerating Lisp code from om_aiv_navigation/PatrolResumeFeedback.msg[0m
[ 21%] [34m[1mGenerating Javascript code from om_aiv_navigation/DoTaskActionFeedback.msg[0m
[ 21%] [34m[1mGenerating EusLisp code from om_aiv_navigation/PatrolResumeAction.msg[0m
[ 21%] [34m[1mGenerating Python from MSG om_aiv_navigation/PatrolOnceGoal[0m
[ 21%] [34m[1mGenerating Lisp code from om_aiv_navigation/DockFeedback.msg[0m
[ 21%] [34m[1mGenerating Javascript code from om_aiv_navigation/PatrolResumeActionResult.msg[0m
[ 21%] [34m[1mGenerating EusLisp code from om_aiv_navigation/GoToFeedback.msg[0m
[ 22%] [34m[1mGenerating Lisp code from om_aiv_navigation/DoTaskActionFeedback.msg[0m
[ 22%] [34m[1mGenerating Javascript code from om_aiv_navigation/QueueDropoffResult.msg[0m
[ 22%] [34m[1mGenerating Python from MSG om_aiv_navigation/PatrolOnceAction[0m
[ 22%] [34m[1mGenerating Lisp code from om_aiv_navigation/PatrolResumeActionResult.msg[0m
[ 23%] [34m[1mGenerating Javascript code from om_aiv_navigation/PatrolOnceActionResult.msg[0m
[ 23%] [34m[1mGenerating EusLisp code from om_aiv_navigation/PatrolOnceFeedback.msg[0m
[ 23%] [34m[1mGenerating Lisp code from om_aiv_navigation/QueueDropoffResult.msg[0m
[ 23%] [34m[1mGenerating Javascript code from om_aiv_navigation/ActionActionResult.msg[0m
[ 24%] [34m[1mGenerating EusLisp code from om_aiv_navigation/UndockFeedback.msg[0m
[ 25%] [34m[1mGenerating Python from MSG om_aiv_navigation/PatrolGoal[0m
[ 25%] [34m[1mGenerating Lisp code from om_aiv_navigation/PatrolOnceActionResult.msg[0m
[ 25%] [34m[1mGenerating Javascript code from om_aiv_navigation/StopActionGoal.msg[0m
[ 25%] [34m[1mGenerating Lisp code from om_aiv_navigation/ActionActionResult.msg[0m
[ 25%] [34m[1mGenerating EusLisp code from om_aiv_navigation/PatrolOnceActionFeedback.msg[0m
[ 25%] [34m[1mGenerating Javascript code from om_aiv_navigation/ExecuteMacroResult.msg[0m
[ 25%] [34m[1mGenerating Python from MSG om_aiv_navigation/PatrolResult[0m
[ 26%] [34m[1mGenerating Lisp code from om_aiv_navigation/StopActionGoal.msg[0m
[ 27%] [34m[1mGenerating Javascript code from om_aiv_navigation/GoToActionResult.msg[0m
[ 27%] [34m[1mGenerating EusLisp code from om_aiv_navigation/PatrolResumeActionFeedback.msg[0m
[ 27%] [34m[1mGenerating Lisp code from om_aiv_navigation/ExecuteMacroResult.msg[0m
[ 27%] [34m[1mGenerating Javascript code from om_aiv_navigation/PatrolActionFeedback.msg[0m
[ 27%] [34m[1mGenerating Python from MSG om_aiv_navigation/DockGoal[0m
[ 27%] [34m[1mGenerating Lisp code from om_aiv_navigation/GoToActionResult.msg[0m
[ 27%] [34m[1mGenerating EusLisp code from om_aiv_navigation/DoTaskActionResult.msg[0m
[ 27%] [34m[1mGenerating Javascript code from om_aiv_navigation/PatrolAction.msg[0m
[ 27%] [34m[1mGenerating Lisp code from om_aiv_navigation/PatrolActionFeedback.msg[0m
[ 27%] [34m[1mGenerating Javascript code from om_aiv_navigation/QueueDropoffFeedback.msg[0m
[ 27%] [34m[1mGenerating EusLisp code from om_aiv_navigation/PatrolResumeFeedback.msg[0m
[ 28%] [34m[1mGenerating Python from MSG om_aiv_navigation/PatrolResumeAction[0m
[ 28%] [34m[1mGenerating Lisp code from om_aiv_navigation/PatrolAction.msg[0m
[ 28%] [34m[1mGenerating Javascript code from om_aiv_navigation/ExecuteMacroActionGoal.msg[0m
[ 28%] [34m[1mGenerating Lisp code from om_aiv_navigation/QueueDropoffFeedback.msg[0m
[ 29%] [34m[1mGenerating EusLisp code from om_aiv_navigation/DockFeedback.msg[0m
[ 30%] [34m[1mGenerating Javascript code from om_aiv_navigation/GoToActionFeedback.msg[0m
[ 30%] [34m[1mGenerating Lisp code from om_aiv_navigation/ExecuteMacroActionGoal.msg[0m
[ 30%] [34m[1mGenerating Python from MSG om_aiv_navigation/GoToFeedback[0m
[ 30%] [34m[1mGenerating EusLisp code from om_aiv_navigation/DoTaskActionFeedback.msg[0m
[ 30%] [34m[1mGenerating Javascript code from om_aiv_navigation/UndockActionFeedback.msg[0m
[ 30%] [34m[1mGenerating Lisp code from om_aiv_navigation/GoToActionFeedback.msg[0m
[ 30%] [34m[1mGenerating Javascript code from om_aiv_navigation/PatrolResumeActionGoal.msg[0m
[ 30%] [34m[1mGenerating EusLisp code from om_aiv_navigation/PatrolResumeActionResult.msg[0m
[ 31%] [34m[1mGenerating Lisp code from om_aiv_navigation/UndockActionFeedback.msg[0m
[ 32%] [34m[1mGenerating Python from MSG om_aiv_navigation/PatrolOnceFeedback[0m
[ 32%] [34m[1mGenerating Javascript code from om_aiv_navigation/PatrolResumeGoal.msg[0m
[ 32%] [34m[1mGenerating Lisp code from om_aiv_navigation/PatrolResumeActionGoal.msg[0m
[ 32%] [34m[1mGenerating EusLisp code from om_aiv_navigation/QueueDropoffResult.msg[0m
[ 33%] [34m[1mGenerating Javascript code from om_aiv_navigation/DockActionGoal.msg[0m
[ 33%] [34m[1mGenerating Lisp code from om_aiv_navigation/PatrolResumeGoal.msg[0m
[ 33%] [34m[1mGenerating Python from MSG om_aiv_navigation/UndockFeedback[0m
[ 33%] [34m[1mGenerating Javascript code from om_aiv_navigation/UndockActionResult.msg[0m
[ 34%] [34m[1mGenerating EusLisp code from om_aiv_navigation/PatrolOnceActionResult.msg[0m
[ 34%] [34m[1mGenerating Lisp code from om_aiv_navigation/DockActionGoal.msg[0m
[ 34%] [34m[1mGenerating Javascript code from om_aiv_navigation/QueueDropoffActionResult.msg[0m
[ 34%] [34m[1mGenerating Lisp code from om_aiv_navigation/UndockActionResult.msg[0m
[ 34%] [34m[1mGenerating Python from MSG om_aiv_navigation/PatrolOnceActionFeedback[0m
[ 34%] [34m[1mGenerating EusLisp code from om_aiv_navigation/ActionActionResult.msg[0m
[ 34%] [34m[1mGenerating Javascript code from om_aiv_navigation/QueueDropoffGoal.msg[0m
[ 35%] [34m[1mGenerating Lisp code from om_aiv_navigation/QueueDropoffActionResult.msg[0m
[ 35%] [34m[1mGenerating EusLisp code from om_aiv_navigation/StopActionGoal.msg[0m
[ 36%] [34m[1mGenerating Javascript code from om_aiv_navigation/StopResult.msg[0m
[ 36%] [34m[1mGenerating Lisp code from om_aiv_navigation/QueueDropoffGoal.msg[0m
[ 36%] [34m[1mGenerating Python from MSG om_aiv_navigation/PatrolResumeActionFeedback[0m
[ 36%] [34m[1mGenerating Javascript code from om_aiv_navigation/StopGoal.msg[0m
[ 36%] [34m[1mGenerating Lisp code from om_aiv_navigation/StopResult.msg[0m
[ 36%] [34m[1mGenerating EusLisp code from om_aiv_navigation/ExecuteMacroResult.msg[0m
[ 36%] [34m[1mGenerating Javascript code from om_aiv_navigation/PatrolResumeResult.msg[0m
[ 36%] [34m[1mGenerating Lisp code from om_aiv_navigation/StopGoal.msg[0m
[ 37%] [34m[1mGenerating Python from MSG om_aiv_navigation/DoTaskActionResult[0m
[ 38%] [34m[1mGenerating EusLisp code from om_aiv_navigation/GoToActionResult.msg[0m
[ 38%] [34m[1mGenerating Javascript code from om_aiv_navigation/UndockActionGoal.msg[0m
[ 39%] [34m[1mGenerating Lisp code from om_aiv_navigation/PatrolResumeResult.msg[0m
[ 39%] [34m[1mGenerating Javascript code from om_aiv_navigation/QueueDropoffActionGoal.msg[0m
[ 39%] [34m[1mGenerating EusLisp code from om_aiv_navigation/PatrolActionFeedback.msg[0m
[ 39%] [34m[1mGenerating Lisp code from om_aiv_navigation/UndockActionGoal.msg[0m
[ 39%] [34m[1mGenerating Python from MSG om_aiv_navigation/PatrolResumeFeedback[0m
[ 40%] [34m[1mGenerating Javascript code from om_aiv_navigation/DockAction.msg[0m
[ 40%] [34m[1mGenerating Lisp code from om_aiv_navigation/QueueDropoffActionGoal.msg[0m
[ 40%] [34m[1mGenerating EusLisp code from om_aiv_navigation/PatrolAction.msg[0m
[ 40%] [34m[1mGenerating Javascript code from om_aiv_navigation/QueueDropoffActionFeedback.msg[0m
[ 40%] [34m[1mGenerating Lisp code from om_aiv_navigation/DockAction.msg[0m
[ 40%] [34m[1mGenerating Python from MSG om_aiv_navigation/DockFeedback[0m
[ 40%] [34m[1mGenerating Javascript code from om_aiv_navigation/PlayActionFeedback.msg[0m
[ 40%] [34m[1mGenerating EusLisp code from om_aiv_navigation/QueueDropoffFeedback.msg[0m
[ 41%] [34m[1mGenerating Lisp code from om_aiv_navigation/QueueDropoffActionFeedback.msg[0m
[ 41%] [34m[1mGenerating Javascript code from om_aiv_navigation/PlayAction.msg[0m
[ 41%] [34m[1mGenerating Lisp code from om_aiv_navigation/PlayActionFeedback.msg[0m
[ 41%] [34m[1mGenerating EusLisp code from om_aiv_navigation/ExecuteMacroActionGoal.msg[0m
[ 41%] [34m[1mGenerating Python from MSG om_aiv_navigation/DoTaskActionFeedback[0m
[ 42%] [34m[1mGenerating Javascript code from om_aiv_navigation/PatrolOnceActionGoal.msg[0m
[ 42%] [34m[1mGenerating Lisp code from om_aiv_navigation/PlayAction.msg[0m
[ 42%] [34m[1mGenerating Javascript code from om_aiv_navigation/ExecuteMacroAction.msg[0m
[ 43%] [34m[1mGenerating EusLisp code from om_aiv_navigation/GoToActionFeedback.msg[0m
[ 43%] [34m[1mGenerating Lisp code from om_aiv_navigation/PatrolOnceActionGoal.msg[0m
[ 43%] [34m[1mGenerating Javascript code from om_aiv_navigation/ActionGoal.msg[0m
[ 44%] [34m[1mGenerating Python from MSG om_aiv_navigation/PatrolResumeActionResult[0m
[ 44%] [34m[1mGenerating Lisp code from om_aiv_navigation/ExecuteMacroAction.msg[0m
[ 44%] [34m[1mGenerating EusLisp code from om_aiv_navigation/UndockActionFeedback.msg[0m
[ 44%] [34m[1mGenerating Javascript code from om_aiv_navigation/DockActionFeedback.msg[0m
[ 45%] [34m[1mGenerating Lisp code from om_aiv_navigation/ActionGoal.msg[0m
[ 46%] [34m[1mGenerating Javascript code from om_aiv_navigation/UndockAction.msg[0m
[ 46%] [34m[1mGenerating Python from MSG om_aiv_navigation/QueueDropoffResult[0m
[ 46%] [34m[1mGenerating EusLisp code from om_aiv_navigation/PatrolResumeActionGoal.msg[0m
[ 46%] [34m[1mGenerating Lisp code from om_aiv_navigation/DockActionFeedback.msg[0m
[ 46%] [34m[1mGenerating Javascript code from om_aiv_navigation/DoTaskResult.msg[0m
[ 46%] [34m[1mGenerating Lisp code from om_aiv_navigation/UndockAction.msg[0m
[ 46%] [34m[1mGenerating EusLisp code from om_aiv_navigation/PatrolResumeGoal.msg[0m
[ 46%] [34m[1mGenerating Javascript code from om_aiv_navigation/QueueDropoffAction.msg[0m
[ 46%] [34m[1mGenerating Python from MSG om_aiv_navigation/PatrolOnceActionResult[0m
[ 46%] [34m[1mGenerating Lisp code from om_aiv_navigation/DoTaskResult.msg[0m
[ 46%] [34m[1mGenerating Javascript code from om_aiv_navigation/ActionActionFeedback.msg[0m
[ 47%] [34m[1mGenerating EusLisp code from om_aiv_navigation/DockActionGoal.msg[0m
[ 48%] [34m[1mGenerating Lisp code from om_aiv_navigation/QueueDropoffAction.msg[0m
[ 48%] [34m[1mGenerating Javascript code from om_aiv_navigation/ActionAction.msg[0m
[ 48%] [34m[1mGenerating Python from MSG om_aiv_navigation/ActionActionResult[0m
[ 48%] [34m[1mGenerating Lisp code from om_aiv_navigation/ActionActionFeedback.msg[0m
[ 48%] [34m[1mGenerating EusLisp code from om_aiv_navigation/UndockActionResult.msg[0m
[ 50%] [34m[1mGenerating Javascript code from om_aiv_navigation/GoToAction.msg[0m
[ 50%] [34m[1mGenerating Lisp code from om_aiv_navigation/ActionAction.msg[0m
[ 50%] [34m[1mGenerating Javascript code from om_aiv_navigation/PatrolOnceResult.msg[0m
[ 50%] [34m[1mGenerating EusLisp code from om_aiv_navigation/QueueDropoffActionResult.msg[0m
[ 50%] [34m[1mGenerating Python from MSG om_aiv_navigation/StopActionGoal[0m
[ 50%] [34m[1mGenerating Lisp code from om_aiv_navigation/GoToAction.msg[0m
[ 50%] [34m[1mGenerating Javascript code from om_aiv_navigation/ExecuteMacroActionFeedback.msg[0m
[ 50%] [34m[1mGenerating EusLisp code from om_aiv_navigation/QueueDropoffGoal.msg[0m
[ 51%] [34m[1mGenerating Lisp code from om_aiv_navigation/PatrolOnceResult.msg[0m
[ 51%] [34m[1mGenerating Javascript code from om_aiv_navigation/PlayResult.msg[0m
[ 52%] [34m[1mGenerating Python from MSG om_aiv_navigation/ExecuteMacroResult[0m
[ 52%] [34m[1mGenerating Lisp code from om_aiv_navigation/ExecuteMacroActionFeedback.msg[0m
[ 53%] [34m[1mGenerating EusLisp code from om_aiv_navigation/StopResult.msg[0m
[ 54%] [34m[1mGenerating Javascript code from om_aiv_navigation/ExecuteMacroActionResult.msg[0m
[ 54%] [34m[1mGenerating Lisp code from om_aiv_navigation/PlayResult.msg[0m
[ 54%] [34m[1mGenerating Javascript code from om_aiv_navigation/ExecuteMacroFeedback.msg[0m
[ 54%] [34m[1mGenerating Python from MSG om_aiv_navigation/GoToActionResult[0m
[ 54%] [34m[1mGenerating EusLisp code from om_aiv_navigation/StopGoal.msg[0m
[ 54%] [34m[1mGenerating Lisp code from om_aiv_navigation/ExecuteMacroActionResult.msg[0m
[ 54%] [34m[1mGenerating Javascript code from om_aiv_navigation/UndockGoal.msg[0m
[ 54%] [34m[1mGenerating Lisp code from om_aiv_navigation/ExecuteMacroFeedback.msg[0m
[ 54%] [34m[1mGenerating EusLisp code from om_aiv_navigation/PatrolResumeResult.msg[0m
[ 54%] [34m[1mGenerating Javascript code from om_aiv_navigation/PlayActionResult.msg[0m
[ 54%] [34m[1mGenerating Python from MSG om_aiv_navigation/PatrolActionFeedback[0m
[ 55%] [34m[1mGenerating Lisp code from om_aiv_navigation/UndockGoal.msg[0m
[ 56%] [34m[1mGenerating Javascript code from om_aiv_navigation/PlayGoal.msg[0m
[ 56%] [34m[1mGenerating EusLisp code from om_aiv_navigation/UndockActionGoal.msg[0m
[ 56%] [34m[1mGenerating Lisp code from om_aiv_navigation/PlayActionResult.msg[0m
[ 56%] [34m[1mGenerating Javascript code from om_aiv_navigation/DockActionResult.msg[0m
[ 56%] [34m[1mGenerating Python from MSG om_aiv_navigation/PatrolAction[0m
[ 56%] [34m[1mGenerating Lisp code from om_aiv_navigation/PlayGoal.msg[0m
[ 56%] [34m[1mGenerating EusLisp code from om_aiv_navigation/QueueDropoffActionGoal.msg[0m
[ 56%] [34m[1mGenerating Javascript code from om_aiv_navigation/PatrolActionResult.msg[0m
[ 56%] [34m[1mGenerating Lisp code from om_aiv_navigation/DockActionResult.msg[0m
[ 56%] [34m[1mGenerating Javascript code from om_aiv_navigation/DoTaskFeedback.msg[0m
[ 57%] [34m[1mGenerating Python from MSG om_aiv_navigation/QueueDropoffFeedback[0m
[ 58%] [34m[1mGenerating EusLisp code from om_aiv_navigation/DockAction.msg[0m
[ 59%] [34m[1mGenerating Lisp code from om_aiv_navigation/PatrolActionResult.msg[0m
[ 59%] [34m[1mGenerating Javascript code from om_aiv_navigation/PlayFeedback.msg[0m
[ 59%] [34m[1mGenerating Lisp code from om_aiv_navigation/DoTaskFeedback.msg[0m
[ 59%] [34m[1mGenerating EusLisp code from om_aiv_navigation/QueueDropoffActionFeedback.msg[0m
[ 60%] [34m[1mGenerating Javascript code from om_aiv_navigation/UndockResult.msg[0m
[ 60%] [34m[1mGenerating Python from MSG om_aiv_navigation/ExecuteMacroActionGoal[0m
[ 60%] [34m[1mGenerating Lisp code from om_aiv_navigation/PlayFeedback.msg[0m
[ 60%] [34m[1mGenerating Javascript code from om_aiv_navigation/ActionResult.msg[0m
[ 60%] [34m[1mGenerating EusLisp code from om_aiv_navigation/PlayActionFeedback.msg[0m
[ 60%] [34m[1mGenerating Lisp code from om_aiv_navigation/UndockResult.msg[0m
[ 60%] [34m[1mGenerating Javascript code from om_aiv_navigation/StopAction.msg[0m
[ 60%] [34m[1mGenerating Python from MSG om_aiv_navigation/GoToActionFeedback[0m
[ 61%] [34m[1mGenerating Lisp code from om_aiv_navigation/ActionResult.msg[0m
[ 61%] [34m[1mGenerating EusLisp code from om_aiv_navigation/PlayAction.msg[0m
[ 61%] [34m[1mGenerating Javascript code from om_aiv_navigation/DoTaskGoal.msg[0m
[ 61%] [34m[1mGenerating Lisp code from om_aiv_navigation/StopAction.msg[0m
[ 62%] [34m[1mGenerating Javascript code from om_aiv_navigation/GoToGoal.msg[0m
[ 63%] [34m[1mGenerating EusLisp code from om_aiv_navigation/PatrolOnceActionGoal.msg[0m
[ 63%] [34m[1mGenerating Python from MSG om_aiv_navigation/UndockActionFeedback[0m
[ 63%] [34m[1mGenerating Lisp code from om_aiv_navigation/DoTaskGoal.msg[0m
[ 63%] [34m[1mGenerating Javascript code from om_aiv_navigation/ActionActionGoal.msg[0m
[ 63%] [34m[1mGenerating Lisp code from om_aiv_navigation/GoToGoal.msg[0m
[ 63%] [34m[1mGenerating EusLisp code from om_aiv_navigation/ExecuteMacroAction.msg[0m
[ 63%] Built target om_aiv_navigation_generate_messages_nodejs
[35m[1mScanning dependencies of target om_aiv_navigation_generate_messages_cpp[0m
[ 63%] [34m[1mGenerating C++ code from om_aiv_navigation/DoTaskActionGoal.msg[0m
[ 63%] [34m[1mGenerating Lisp code from om_aiv_navigation/ActionActionGoal.msg[0m
[ 64%] [34m[1mGenerating Python from MSG om_aiv_navigation/PatrolResumeActionGoal[0m
[ 64%] [34m[1mGenerating EusLisp code from om_aiv_navigation/ActionGoal.msg[0m
[ 64%] Built target om_aiv_navigation_generate_messages_lisp
[ 65%] [34m[1mGenerating C++ code from om_aiv_navigation/DoTaskAction.msg[0m
[ 65%] [34m[1mGenerating EusLisp code from om_aiv_navigation/DockActionFeedback.msg[0m
[ 65%] [34m[1mGenerating Python from MSG om_aiv_navigation/PatrolResumeGoal[0m
[ 65%] [34m[1mGenerating C++ code from om_aiv_navigation/StopActionFeedback.msg[0m
[ 66%] [34m[1mGenerating EusLisp code from om_aiv_navigation/UndockAction.msg[0m
[ 66%] [34m[1mGenerating C++ code from om_aiv_navigation/GoToActionGoal.msg[0m
[ 66%] [34m[1mGenerating Python from MSG om_aiv_navigation/DockActionGoal[0m
[ 66%] [34m[1mGenerating EusLisp code from om_aiv_navigation/DoTaskResult.msg[0m
[ 66%] [34m[1mGenerating C++ code from om_aiv_navigation/PlayActionGoal.msg[0m
[ 66%] [34m[1mGenerating Python from MSG om_aiv_navigation/UndockActionResult[0m
[ 66%] [34m[1mGenerating EusLisp code from om_aiv_navigation/QueueDropoffAction.msg[0m
[ 66%] [34m[1mGenerating C++ code from om_aiv_navigation/PatrolActionGoal.msg[0m
[ 66%] [34m[1mGenerating EusLisp code from om_aiv_navigation/ActionActionFeedback.msg[0m
[ 66%] [34m[1mGenerating Python from MSG om_aiv_navigation/QueueDropoffActionResult[0m
[ 67%] [34m[1mGenerating C++ code from om_aiv_navigation/PatrolFeedback.msg[0m
[ 67%] [34m[1mGenerating EusLisp code from om_aiv_navigation/ActionAction.msg[0m
[ 67%] [34m[1mGenerating C++ code from om_aiv_navigation/StopFeedback.msg[0m
[ 68%] [34m[1mGenerating Python from MSG om_aiv_navigation/QueueDropoffGoal[0m
[ 69%] [34m[1mGenerating EusLisp code from om_aiv_navigation/GoToAction.msg[0m
[ 69%] [34m[1mGenerating C++ code from om_aiv_navigation/GoToResult.msg[0m
[ 69%] [34m[1mGenerating Python from MSG om_aiv_navigation/StopResult[0m
[ 69%] [34m[1mGenerating EusLisp code from om_aiv_navigation/PatrolOnceResult.msg[0m
[ 69%] [34m[1mGenerating C++ code from om_aiv_navigation/ActionFeedback.msg[0m
[ 70%] [34m[1mGenerating C++ code from om_aiv_navigation/DockResult.msg[0m
[ 70%] [34m[1mGenerating EusLisp code from om_aiv_navigation/ExecuteMacroActionFeedback.msg[0m
[ 70%] [34m[1mGenerating Python from MSG om_aiv_navigation/StopGoal[0m
[ 70%] [34m[1mGenerating EusLisp code from om_aiv_navigation/PlayResult.msg[0m
[ 70%] [34m[1mGenerating C++ code from om_aiv_navigation/ExecuteMacroGoal.msg[0m
[ 70%] [34m[1mGenerating C++ code from om_aiv_navigation/StopActionResult.msg[0m
[ 70%] [34m[1mGenerating Python from MSG om_aiv_navigation/PatrolResumeResult[0m
[ 71%] [34m[1mGenerating EusLisp code from om_aiv_navigation/ExecuteMacroActionResult.msg[0m
[ 71%] [34m[1mGenerating EusLisp code from om_aiv_navigation/ExecuteMacroFeedback.msg[0m
[ 72%] [34m[1mGenerating Python from MSG om_aiv_navigation/UndockActionGoal[0m
[ 72%] [34m[1mGenerating C++ code from om_aiv_navigation/PatrolOnceGoal.msg[0m
[ 73%] [34m[1mGenerating C++ code from om_aiv_navigation/PatrolOnceAction.msg[0m
[ 73%] [34m[1mGenerating EusLisp code from om_aiv_navigation/UndockGoal.msg[0m
[ 73%] [34m[1mGenerating Python from MSG om_aiv_navigation/QueueDropoffActionGoal[0m
[ 73%] [34m[1mGenerating EusLisp code from om_aiv_navigation/PlayActionResult.msg[0m
[ 73%] [34m[1mGenerating C++ code from om_aiv_navigation/PatrolGoal.msg[0m
[ 73%] [34m[1mGenerating C++ code from om_aiv_navigation/PatrolResult.msg[0m
[ 74%] [34m[1mGenerating EusLisp code from om_aiv_navigation/PlayGoal.msg[0m
[ 74%] [34m[1mGenerating Python from MSG om_aiv_navigation/DockAction[0m
[ 74%] [34m[1mGenerating EusLisp code from om_aiv_navigation/DockActionResult.msg[0m
[ 74%] [34m[1mGenerating C++ code from om_aiv_navigation/DockGoal.msg[0m
[ 74%] [34m[1mGenerating Python from MSG om_aiv_navigation/QueueDropoffActionFeedback[0m
[ 74%] [34m[1mGenerating C++ code from om_aiv_navigation/PatrolResumeAction.msg[0m
[ 74%] [34m[1mGenerating EusLisp code from om_aiv_navigation/PatrolActionResult.msg[0m
[ 75%] [34m[1mGenerating Python from MSG om_aiv_navigation/PlayActionFeedback[0m
[ 75%] [34m[1mGenerating EusLisp code from om_aiv_navigation/DoTaskFeedback.msg[0m
[ 76%] [34m[1mGenerating C++ code from om_aiv_navigation/GoToFeedback.msg[0m
[ 76%] [34m[1mGenerating C++ code from om_aiv_navigation/PatrolOnceFeedback.msg[0m
[ 76%] [34m[1mGenerating EusLisp code from om_aiv_navigation/PlayFeedback.msg[0m
[ 76%] [34m[1mGenerating Python from MSG om_aiv_navigation/PlayAction[0m
[ 77%] [34m[1mGenerating EusLisp code from om_aiv_navigation/UndockResult.msg[0m
[ 77%] [34m[1mGenerating C++ code from om_aiv_navigation/UndockFeedback.msg[0m
[ 77%] [34m[1mGenerating C++ code from om_aiv_navigation/PatrolOnceActionFeedback.msg[0m
[ 77%] [34m[1mGenerating Python from MSG om_aiv_navigation/PatrolOnceActionGoal[0m
[ 77%] [34m[1mGenerating EusLisp code from om_aiv_navigation/ActionResult.msg[0m
[ 77%] [34m[1mGenerating EusLisp code from om_aiv_navigation/StopAction.msg[0m
[ 78%] [34m[1mGenerating C++ code from om_aiv_navigation/PatrolResumeActionFeedback.msg[0m
[ 78%] [34m[1mGenerating Python from MSG om_aiv_navigation/ExecuteMacroAction[0m
[ 78%] [34m[1mGenerating Python from MSG om_aiv_navigation/ActionGoal[0m
[ 78%] [34m[1mGenerating EusLisp code from om_aiv_navigation/DoTaskGoal.msg[0m
[ 79%] [34m[1mGenerating Python from MSG om_aiv_navigation/DockActionFeedback[0m
[ 79%] [34m[1mGenerating Python from MSG om_aiv_navigation/UndockAction[0m
[ 80%] [34m[1mGenerating EusLisp code from om_aiv_navigation/GoToGoal.msg[0m
[ 80%] [34m[1mGenerating C++ code from om_aiv_navigation/DoTaskActionResult.msg[0m
[ 80%] [34m[1mGenerating EusLisp code from om_aiv_navigation/ActionActionGoal.msg[0m
[ 80%] [34m[1mGenerating Python from MSG om_aiv_navigation/DoTaskResult[0m
[ 80%] [34m[1mGenerating C++ code from om_aiv_navigation/PatrolResumeFeedback.msg[0m
[ 80%] [34m[1mGenerating EusLisp manifest code for om_aiv_navigation[0m
[ 80%] [34m[1mGenerating C++ code from om_aiv_navigation/DockFeedback.msg[0m
[ 80%] [34m[1mGenerating Python from MSG om_aiv_navigation/QueueDropoffAction[0m
[ 81%] [34m[1mGenerating C++ code from om_aiv_navigation/DoTaskActionFeedback.msg[0m
[ 81%] [34m[1mGenerating C++ code from om_aiv_navigation/PatrolResumeActionResult.msg[0m
[ 82%] [34m[1mGenerating Python from MSG om_aiv_navigation/ActionActionFeedback[0m
[ 82%] [34m[1mGenerating Python from MSG om_aiv_navigation/ActionAction[0m
[ 82%] [34m[1mGenerating Python from MSG om_aiv_navigation/GoToAction[0m
[ 82%] [34m[1mGenerating C++ code from om_aiv_navigation/QueueDropoffResult.msg[0m
[ 82%] [34m[1mGenerating Python from MSG om_aiv_navigation/PatrolOnceResult[0m
[ 83%] [34m[1mGenerating Python from MSG om_aiv_navigation/ExecuteMacroActionFeedback[0m
[ 83%] [34m[1mGenerating C++ code from om_aiv_navigation/PatrolOnceActionResult.msg[0m
[ 83%] [34m[1mGenerating C++ code from om_aiv_navigation/ActionActionResult.msg[0m
[ 83%] [34m[1mGenerating Python from MSG om_aiv_navigation/PlayResult[0m
[ 83%] [34m[1mGenerating Python from MSG om_aiv_navigation/ExecuteMacroActionResult[0m
[ 83%] [34m[1mGenerating Python from MSG om_aiv_navigation/ExecuteMacroFeedback[0m
[ 84%] [34m[1mGenerating C++ code from om_aiv_navigation/StopActionGoal.msg[0m
[ 84%] [34m[1mGenerating C++ code from om_aiv_navigation/ExecuteMacroResult.msg[0m
[ 84%] [34m[1mGenerating Python from MSG om_aiv_navigation/UndockGoal[0m
[ 84%] [34m[1mGenerating C++ code from om_aiv_navigation/GoToActionResult.msg[0m
[ 84%] Built target om_aiv_navigation_generate_messages_eus
[ 85%] [34m[1mGenerating Python from MSG om_aiv_navigation/PlayActionResult[0m
[ 85%] [34m[1mGenerating Python from MSG om_aiv_navigation/PlayGoal[0m
[ 85%] [34m[1mGenerating C++ code from om_aiv_navigation/PatrolActionFeedback.msg[0m
[ 85%] [34m[1mGenerating Python from MSG om_aiv_navigation/DockActionResult[0m
[ 86%] [34m[1mGenerating C++ code from om_aiv_navigation/PatrolAction.msg[0m
[ 86%] [34m[1mGenerating C++ code from om_aiv_navigation/QueueDropoffFeedback.msg[0m
[ 86%] [34m[1mGenerating Python from MSG om_aiv_navigation/PatrolActionResult[0m
[ 86%] [34m[1mGenerating C++ code from om_aiv_navigation/ExecuteMacroActionGoal.msg[0m
[ 86%] [34m[1mGenerating C++ code from om_aiv_navigation/GoToActionFeedback.msg[0m
[ 87%] [34m[1mGenerating C++ code from om_aiv_navigation/UndockActionFeedback.msg[0m
[ 88%] [34m[1mGenerating Python from MSG om_aiv_navigation/DoTaskFeedback[0m
[ 88%] [34m[1mGenerating C++ code from om_aiv_navigation/PatrolResumeActionGoal.msg[0m
[ 88%] [34m[1mGenerating C++ code from om_aiv_navigation/PatrolResumeGoal.msg[0m
[ 88%] [34m[1mGenerating Python from MSG om_aiv_navigation/PlayFeedback[0m
[ 88%] [34m[1mGenerating C++ code from om_aiv_navigation/DockActionGoal.msg[0m
[ 88%] [34m[1mGenerating C++ code from om_aiv_navigation/UndockActionResult.msg[0m
[ 88%] [34m[1mGenerating Python from MSG om_aiv_navigation/UndockResult[0m
[ 89%] [34m[1mGenerating C++ code from om_aiv_navigation/QueueDropoffActionResult.msg[0m
[ 89%] [34m[1mGenerating C++ code from om_aiv_navigation/QueueDropoffGoal.msg[0m
[ 89%] [34m[1mGenerating Python from MSG om_aiv_navigation/ActionResult[0m
[ 89%] [34m[1mGenerating C++ code from om_aiv_navigation/StopResult.msg[0m
[ 89%] [34m[1mGenerating C++ code from om_aiv_navigation/StopGoal.msg[0m
[ 91%] [34m[1mGenerating Python from MSG om_aiv_navigation/StopAction[0m
[ 91%] [34m[1mGenerating C++ code from om_aiv_navigation/PatrolResumeResult.msg[0m
[ 91%] [34m[1mGenerating C++ code from om_aiv_navigation/UndockActionGoal.msg[0m
[ 91%] [34m[1mGenerating C++ code from om_aiv_navigation/QueueDropoffActionGoal.msg[0m
[ 91%] [34m[1mGenerating Python from MSG om_aiv_navigation/DoTaskGoal[0m
[ 91%] [34m[1mGenerating C++ code from om_aiv_navigation/DockAction.msg[0m
[ 91%] [34m[1mGenerating Python from MSG om_aiv_navigation/GoToGoal[0m
[ 92%] [34m[1mGenerating C++ code from om_aiv_navigation/QueueDropoffActionFeedback.msg[0m
[ 92%] [34m[1mGenerating C++ code from om_aiv_navigation/PlayActionFeedback.msg[0m
[ 92%] [34m[1mGenerating C++ code from om_aiv_navigation/PlayAction.msg[0m
[ 92%] [34m[1mGenerating Python from MSG om_aiv_navigation/ActionActionGoal[0m
[ 92%] [34m[1mGenerating C++ code from om_aiv_navigation/PatrolOnceActionGoal.msg[0m
[ 92%] [34m[1mGenerating C++ code from om_aiv_navigation/ExecuteMacroAction.msg[0m
[ 93%] [34m[1mGenerating Python msg __init__.py for om_aiv_navigation[0m
[ 94%] [34m[1mGenerating C++ code from om_aiv_navigation/ActionGoal.msg[0m
[ 94%] Built target om_aiv_navigation_generate_messages_py
[ 94%] [34m[1mGenerating C++ code from om_aiv_navigation/DockActionFeedback.msg[0m
[ 94%] [34m[1mGenerating C++ code from om_aiv_navigation/UndockAction.msg[0m
[ 94%] [34m[1mGenerating C++ code from om_aiv_navigation/DoTaskResult.msg[0m
[ 95%] [34m[1mGenerating C++ code from om_aiv_navigation/QueueDropoffAction.msg[0m
[ 95%] [34m[1mGenerating C++ code from om_aiv_navigation/ActionActionFeedback.msg[0m
[ 95%] [34m[1mGenerating C++ code from om_aiv_navigation/ActionAction.msg[0m
[ 95%] [34m[1mGenerating C++ code from om_aiv_navigation/GoToAction.msg[0m
[ 96%] [34m[1mGenerating C++ code from om_aiv_navigation/PatrolOnceResult.msg[0m
[ 96%] [34m[1mGenerating C++ code from om_aiv_navigation/ExecuteMacroActionFeedback.msg[0m
[ 96%] [34m[1mGenerating C++ code from om_aiv_navigation/PlayResult.msg[0m
[ 96%] [34m[1mGenerating C++ code from om_aiv_navigation/ExecuteMacroActionResult.msg[0m
[ 96%] [34m[1mGenerating C++ code from om_aiv_navigation/ExecuteMacroFeedback.msg[0m
[ 97%] [34m[1mGenerating C++ code from om_aiv_navigation/UndockGoal.msg[0m
[ 97%] [34m[1mGenerating C++ code from om_aiv_navigation/PlayActionResult.msg[0m
[ 97%] [34m[1mGenerating C++ code from om_aiv_navigation/PlayGoal.msg[0m
[ 97%] [34m[1mGenerating C++ code from om_aiv_navigation/DockActionResult.msg[0m
[ 98%] [34m[1mGenerating C++ code from om_aiv_navigation/PatrolActionResult.msg[0m
[ 98%] [34m[1mGenerating C++ code from om_aiv_navigation/DoTaskFeedback.msg[0m
[ 98%] [34m[1mGenerating C++ code from om_aiv_navigation/PlayFeedback.msg[0m
[ 98%] [34m[1mGenerating C++ code from om_aiv_navigation/UndockResult.msg[0m
[100%] [34m[1mGenerating C++ code from om_aiv_navigation/ActionResult.msg[0m
[100%] [34m[1mGenerating C++ code from om_aiv_navigation/StopAction.msg[0m
[100%] [34m[1mGenerating C++ code from om_aiv_navigation/DoTaskGoal.msg[0m
[100%] [34m[1mGenerating C++ code from om_aiv_navigation/GoToGoal.msg[0m
[100%] [34m[1mGenerating C++ code from om_aiv_navigation/ActionActionGoal.msg[0m
[100%] Built target om_aiv_navigation_generate_messages_cpp
[35m[1mScanning dependencies of target om_aiv_navigation_generate_messages[0m
[100%] Built target om_aiv_navigation_generate_messages
