Determining if the pthread_create exist failed with the following output:
Change Dir: /home/tthmatt/ld_ROS/build/ld_actions/CMakeFiles/CMakeTmp

Run Build Command:"/usr/bin/make" "cmTC_7ab39/fast"
/usr/bin/make -f CMakeFiles/cmTC_7ab39.dir/build.make CMakeFiles/cmTC_7ab39.dir/build
make[1]: Entering directory '/home/tthmatt/ld_ROS/build/ld_actions/CMakeFiles/CMakeTmp'
Building C object CMakeFiles/cmTC_7ab39.dir/CheckSymbolExists.c.o
/usr/bin/cc    -o CMakeFiles/cmTC_7ab39.dir/CheckSymbolExists.c.o   -c /home/tthmatt/ld_ROS/build/ld_actions/CMakeFiles/CMakeTmp/CheckSymbolExists.c
Linking C executable cmTC_7ab39
/usr/bin/cmake -E cmake_link_script CMakeFiles/cmTC_7ab39.dir/link.txt --verbose=1
/usr/bin/cc      -rdynamic CMakeFiles/cmTC_7ab39.dir/CheckSymbolExists.c.o  -o cmTC_7ab39 
CMakeFiles/cmTC_7ab39.dir/CheckSymbolExists.c.o: In function `main':
CheckSymbolExists.c:(.text+0x1b): undefined reference to `pthread_create'
collect2: error: ld returned 1 exit status
CMakeFiles/cmTC_7ab39.dir/build.make:97: recipe for target 'cmTC_7ab39' failed
make[1]: *** [cmTC_7ab39] Error 1
make[1]: Leaving directory '/home/tthmatt/ld_ROS/build/ld_actions/CMakeFiles/CMakeTmp'
Makefile:126: recipe for target 'cmTC_7ab39/fast' failed
make: *** [cmTC_7ab39/fast] Error 2

File /home/tthmatt/ld_ROS/build/ld_actions/CMakeFiles/CMakeTmp/CheckSymbolExists.c:
/* */
#include <pthread.h>

int main(int argc, char** argv)
{
  (void)argv;
#ifndef pthread_create
  return ((int*)(&pthread_create))[argc];
#else
  (void)argc;
  return 0;
#endif
}

Determining if the function pthread_create exists in the pthreads failed with the following output:
Change Dir: /home/tthmatt/ld_ROS/build/ld_actions/CMakeFiles/CMakeTmp

Run Build Command:"/usr/bin/make" "cmTC_1832e/fast"
/usr/bin/make -f CMakeFiles/cmTC_1832e.dir/build.make CMakeFiles/cmTC_1832e.dir/build
make[1]: Entering directory '/home/tthmatt/ld_ROS/build/ld_actions/CMakeFiles/CMakeTmp'
Building C object CMakeFiles/cmTC_1832e.dir/CheckFunctionExists.c.o
/usr/bin/cc   -DCHECK_FUNCTION_EXISTS=pthread_create   -o CMakeFiles/cmTC_1832e.dir/CheckFunctionExists.c.o   -c /usr/share/cmake-3.10/Modules/CheckFunctionExists.c
Linking C executable cmTC_1832e
/usr/bin/cmake -E cmake_link_script CMakeFiles/cmTC_1832e.dir/link.txt --verbose=1
/usr/bin/cc  -DCHECK_FUNCTION_EXISTS=pthread_create    -rdynamic CMakeFiles/cmTC_1832e.dir/CheckFunctionExists.c.o  -o cmTC_1832e -lpthreads 
/usr/bin/ld: cannot find -lpthreads
collect2: error: ld returned 1 exit status
CMakeFiles/cmTC_1832e.dir/build.make:97: recipe for target 'cmTC_1832e' failed
make[1]: *** [cmTC_1832e] Error 1
make[1]: Leaving directory '/home/tthmatt/ld_ROS/build/ld_actions/CMakeFiles/CMakeTmp'
Makefile:126: recipe for target 'cmTC_1832e/fast' failed
make: *** [cmTC_1832e/fast] Error 2


