Determining if the pthread_create exist failed with the following output:
Change Dir: /home/tthmatt/ld_ROS/build/ld_arcl/CMakeFiles/CMakeTmp

Run Build Command:"/usr/bin/make" "cmTC_f8e9b/fast"
/usr/bin/make -f CMakeFiles/cmTC_f8e9b.dir/build.make CMakeFiles/cmTC_f8e9b.dir/build
make[1]: Entering directory '/home/tthmatt/ld_ROS/build/ld_arcl/CMakeFiles/CMakeTmp'
Building C object CMakeFiles/cmTC_f8e9b.dir/CheckSymbolExists.c.o
/usr/bin/cc    -o CMakeFiles/cmTC_f8e9b.dir/CheckSymbolExists.c.o   -c /home/tthmatt/ld_ROS/build/ld_arcl/CMakeFiles/CMakeTmp/CheckSymbolExists.c
Linking C executable cmTC_f8e9b
/usr/bin/cmake -E cmake_link_script CMakeFiles/cmTC_f8e9b.dir/link.txt --verbose=1
/usr/bin/cc      -rdynamic CMakeFiles/cmTC_f8e9b.dir/CheckSymbolExists.c.o  -o cmTC_f8e9b 
CMakeFiles/cmTC_f8e9b.dir/CheckSymbolExists.c.o: In function `main':
CheckSymbolExists.c:(.text+0x1b): undefined reference to `pthread_create'
collect2: error: ld returned 1 exit status
CMakeFiles/cmTC_f8e9b.dir/build.make:97: recipe for target 'cmTC_f8e9b' failed
make[1]: *** [cmTC_f8e9b] Error 1
make[1]: Leaving directory '/home/tthmatt/ld_ROS/build/ld_arcl/CMakeFiles/CMakeTmp'
Makefile:126: recipe for target 'cmTC_f8e9b/fast' failed
make: *** [cmTC_f8e9b/fast] Error 2

File /home/tthmatt/ld_ROS/build/ld_arcl/CMakeFiles/CMakeTmp/CheckSymbolExists.c:
/* */
#include <pthread.h>

int main(int argc, char** argv)
{
  (void)argv;
#ifndef pthread_create
  return ((int*)(&pthread_create))[argc];
#else
  (void)argc;
  return 0;
#endif
}

Determining if the function pthread_create exists in the pthreads failed with the following output:
Change Dir: /home/tthmatt/ld_ROS/build/ld_arcl/CMakeFiles/CMakeTmp

Run Build Command:"/usr/bin/make" "cmTC_ddc6d/fast"
/usr/bin/make -f CMakeFiles/cmTC_ddc6d.dir/build.make CMakeFiles/cmTC_ddc6d.dir/build
make[1]: Entering directory '/home/tthmatt/ld_ROS/build/ld_arcl/CMakeFiles/CMakeTmp'
Building C object CMakeFiles/cmTC_ddc6d.dir/CheckFunctionExists.c.o
/usr/bin/cc   -DCHECK_FUNCTION_EXISTS=pthread_create   -o CMakeFiles/cmTC_ddc6d.dir/CheckFunctionExists.c.o   -c /usr/share/cmake-3.10/Modules/CheckFunctionExists.c
Linking C executable cmTC_ddc6d
/usr/bin/cmake -E cmake_link_script CMakeFiles/cmTC_ddc6d.dir/link.txt --verbose=1
/usr/bin/cc  -DCHECK_FUNCTION_EXISTS=pthread_create    -rdynamic CMakeFiles/cmTC_ddc6d.dir/CheckFunctionExists.c.o  -o cmTC_ddc6d -lpthreads 
/usr/bin/ld: cannot find -lpthreads
collect2: error: ld returned 1 exit status
CMakeFiles/cmTC_ddc6d.dir/build.make:97: recipe for target 'cmTC_ddc6d' failed
make[1]: *** [cmTC_ddc6d] Error 1
make[1]: Leaving directory '/home/tthmatt/ld_ROS/build/ld_arcl/CMakeFiles/CMakeTmp'
Makefile:126: recipe for target 'cmTC_ddc6d/fast' failed
make: *** [cmTC_ddc6d/fast] Error 2


