Symlinking /home/tthmatt/ld_ROS/devel/lib/python2.7/dist-packages/actions_tutorial/__init__.py
Symlinking /home/tthmatt/ld_ROS/devel/lib/python2.7/dist-packages/actions_tutorial/msg/__init__.py
Symlinking /home/tthmatt/ld_ROS/devel/lib/python2.7/dist-packages/actions_tutorial/msg/_dockResult.py
Symlinking /home/tthmatt/ld_ROS/devel/lib/python2.7/dist-packages/actions_tutorial/msg/_dockGoal.py
Symlinking /home/tthmatt/ld_ROS/devel/lib/python2.7/dist-packages/actions_tutorial/msg/_dockActionResult.py
Symlinking /home/tthmatt/ld_ROS/devel/lib/python2.7/dist-packages/actions_tutorial/msg/_dockActionGoal.py
Symlinking /home/tthmatt/ld_ROS/devel/lib/python2.7/dist-packages/actions_tutorial/msg/_dockActionFeedback.py
Symlinking /home/tthmatt/ld_ROS/devel/lib/python2.7/dist-packages/actions_tutorial/msg/_dockAction.py
Symlinking /home/tthmatt/ld_ROS/devel/lib/python2.7/dist-packages/actions_tutorial/msg/_dockFeedback.py
Symlinking /home/tthmatt/ld_ROS/devel/lib/pkgconfig/actions_tutorial.pc
Symlinking /home/tthmatt/ld_ROS/devel/share/actions_tutorial/cmake/actions_tutorialConfig-version.cmake
Symlinking /home/tthmatt/ld_ROS/devel/share/actions_tutorial/cmake/actions_tutorial-msg-paths.cmake
Symlinking /home/tthmatt/ld_ROS/devel/share/actions_tutorial/cmake/actions_tutorialConfig.cmake
Symlinking /home/tthmatt/ld_ROS/devel/share/actions_tutorial/cmake/actions_tutorial-msg-extras.cmake
Symlinking /home/tthmatt/ld_ROS/devel/share/actions_tutorial/msg/dockAction.msg
Symlinking /home/tthmatt/ld_ROS/devel/share/actions_tutorial/msg/dockActionGoal.msg
Symlinking /home/tthmatt/ld_ROS/devel/share/actions_tutorial/msg/dockActionResult.msg
Symlinking /home/tthmatt/ld_ROS/devel/share/actions_tutorial/msg/dockFeedback.msg
Symlinking /home/tthmatt/ld_ROS/devel/share/actions_tutorial/msg/dockResult.msg
Symlinking /home/tthmatt/ld_ROS/devel/share/actions_tutorial/msg/dockGoal.msg
Symlinking /home/tthmatt/ld_ROS/devel/share/actions_tutorial/msg/dockActionFeedback.msg
Symlinking /home/tthmatt/ld_ROS/devel/share/common-lisp/ros/actions_tutorial/msg/_package_dockResult.lisp
Symlinking /home/tthmatt/ld_ROS/devel/share/common-lisp/ros/actions_tutorial/msg/_package_dockFeedback.lisp
Symlinking /home/tthmatt/ld_ROS/devel/share/common-lisp/ros/actions_tutorial/msg/dockFeedback.lisp
Symlinking /home/tthmatt/ld_ROS/devel/share/common-lisp/ros/actions_tutorial/msg/_package.lisp
Symlinking /home/tthmatt/ld_ROS/devel/share/common-lisp/ros/actions_tutorial/msg/dockActionGoal.lisp
Symlinking /home/tthmatt/ld_ROS/devel/share/common-lisp/ros/actions_tutorial/msg/dockGoal.lisp
Symlinking /home/tthmatt/ld_ROS/devel/share/common-lisp/ros/actions_tutorial/msg/_package_dockActionFeedback.lisp
Symlinking /home/tthmatt/ld_ROS/devel/share/common-lisp/ros/actions_tutorial/msg/dockResult.lisp
Symlinking /home/tthmatt/ld_ROS/devel/share/common-lisp/ros/actions_tutorial/msg/_package_dockAction.lisp
Symlinking /home/tthmatt/ld_ROS/devel/share/common-lisp/ros/actions_tutorial/msg/_package_dockActionGoal.lisp
Symlinking /home/tthmatt/ld_ROS/devel/share/common-lisp/ros/actions_tutorial/msg/_package_dockActionResult.lisp
Symlinking /home/tthmatt/ld_ROS/devel/share/common-lisp/ros/actions_tutorial/msg/dockActionFeedback.lisp
Symlinking /home/tthmatt/ld_ROS/devel/share/common-lisp/ros/actions_tutorial/msg/dockAction.lisp
Symlinking /home/tthmatt/ld_ROS/devel/share/common-lisp/ros/actions_tutorial/msg/_package_dockGoal.lisp
Symlinking /home/tthmatt/ld_ROS/devel/share/common-lisp/ros/actions_tutorial/msg/actions_tutorial-msg.asd
Symlinking /home/tthmatt/ld_ROS/devel/share/common-lisp/ros/actions_tutorial/msg/dockActionResult.lisp
Symlinking /home/tthmatt/ld_ROS/devel/share/gennodejs/ros/actions_tutorial/_index.js
Symlinking /home/tthmatt/ld_ROS/devel/share/gennodejs/ros/actions_tutorial/msg/dockGoal.js
Symlinking /home/tthmatt/ld_ROS/devel/share/gennodejs/ros/actions_tutorial/msg/dockActionFeedback.js
Symlinking /home/tthmatt/ld_ROS/devel/share/gennodejs/ros/actions_tutorial/msg/dockActionResult.js
Symlinking /home/tthmatt/ld_ROS/devel/share/gennodejs/ros/actions_tutorial/msg/dockResult.js
Symlinking /home/tthmatt/ld_ROS/devel/share/gennodejs/ros/actions_tutorial/msg/_index.js
Symlinking /home/tthmatt/ld_ROS/devel/share/gennodejs/ros/actions_tutorial/msg/dockActionGoal.js
Symlinking /home/tthmatt/ld_ROS/devel/share/gennodejs/ros/actions_tutorial/msg/dockAction.js
Symlinking /home/tthmatt/ld_ROS/devel/share/gennodejs/ros/actions_tutorial/msg/dockFeedback.js
Symlinking /home/tthmatt/ld_ROS/devel/share/roseus/ros/actions_tutorial/manifest.l
Symlinking /home/tthmatt/ld_ROS/devel/share/roseus/ros/actions_tutorial/msg/dockFeedback.l
Symlinking /home/tthmatt/ld_ROS/devel/share/roseus/ros/actions_tutorial/msg/dockActionResult.l
Symlinking /home/tthmatt/ld_ROS/devel/share/roseus/ros/actions_tutorial/msg/dockAction.l
Symlinking /home/tthmatt/ld_ROS/devel/share/roseus/ros/actions_tutorial/msg/dockGoal.l
Symlinking /home/tthmatt/ld_ROS/devel/share/roseus/ros/actions_tutorial/msg/dockActionFeedback.l
Symlinking /home/tthmatt/ld_ROS/devel/share/roseus/ros/actions_tutorial/msg/dockResult.l
Symlinking /home/tthmatt/ld_ROS/devel/share/roseus/ros/actions_tutorial/msg/dockActionGoal.l
Symlinking /home/tthmatt/ld_ROS/devel/include/actions_tutorial/dockResult.h
Symlinking /home/tthmatt/ld_ROS/devel/include/actions_tutorial/dockAction.h
Symlinking /home/tthmatt/ld_ROS/devel/include/actions_tutorial/dockActionResult.h
Symlinking /home/tthmatt/ld_ROS/devel/include/actions_tutorial/dockActionFeedback.h
Symlinking /home/tthmatt/ld_ROS/devel/include/actions_tutorial/dockFeedback.h
Symlinking /home/tthmatt/ld_ROS/devel/include/actions_tutorial/dockGoal.h
Symlinking /home/tthmatt/ld_ROS/devel/include/actions_tutorial/dockActionGoal.h
