[  0%] Built target actionlib_msgs_generate_messages_py
[  0%] Built target _actions_tutorial_generate_messages_check_deps_DockGoal
[  0%] Built target _actions_tutorial_generate_messages_check_deps_DockActionGoal
[  0%] Built target _actions_tutorial_generate_messages_check_deps_DockAction
[  0%] Built target _actions_tutorial_generate_messages_check_deps_DockActionFeedback
[  0%] Built target actionlib_msgs_generate_messages_cpp
[  0%] Built target _actions_tutorial_generate_messages_check_deps_DockActionResult
[  0%] Built target _actions_tutorial_generate_messages_check_deps_DockResult
[  0%] Built target _actions_tutorial_generate_messages_check_deps_DockFeedback
[  0%] Built target actionlib_msgs_generate_messages_lisp
[  0%] Built target actionlib_msgs_generate_messages_eus
[  0%] Built target actionlib_msgs_generate_messages_nodejs
[  2%] [34m[1mGenerating Python from MSG actions_tutorial/DockActionFeedback[0m
[  5%] [34m[1mGenerating Python from MSG actions_tutorial/DockActionGoal[0m
[  8%] [34m[1mGenerating Python from MSG actions_tutorial/DockAction[0m
[ 10%] [34m[1mGenerating C++ code from actions_tutorial/DockActionGoal.msg[0m
[ 13%] [34m[1mGenerating Python from MSG actions_tutorial/DockGoal[0m
[ 16%] [34m[1mGenerating EusLisp code from actions_tutorial/DockActionGoal.msg[0m
[ 18%] [34m[1mGenerating EusLisp code from actions_tutorial/DockActionFeedback.msg[0m
[ 21%] [34m[1mGenerating C++ code from actions_tutorial/DockActionFeedback.msg[0m
[ 24%] [34m[1mGenerating C++ code from actions_tutorial/DockAction.msg[0m
[ 27%] [34m[1mGenerating EusLisp code from actions_tutorial/DockAction.msg[0m
[ 29%] [34m[1mGenerating Python from MSG actions_tutorial/DockFeedback[0m
[ 32%] [34m[1mGenerating EusLisp code from actions_tutorial/DockGoal.msg[0m
[ 35%] [34m[1mGenerating C++ code from actions_tutorial/DockGoal.msg[0m
[ 37%] [34m[1mGenerating C++ code from actions_tutorial/DockFeedback.msg[0m
[ 40%] [34m[1mGenerating Python from MSG actions_tutorial/DockActionResult[0m
[ 43%] [34m[1mGenerating EusLisp code from actions_tutorial/DockFeedback.msg[0m
[ 45%] [34m[1mGenerating EusLisp code from actions_tutorial/DockActionResult.msg[0m
[ 48%] [34m[1mGenerating Python from MSG actions_tutorial/DockResult[0m
[ 51%] [34m[1mGenerating C++ code from actions_tutorial/DockActionResult.msg[0m
[ 54%] [34m[1mGenerating C++ code from actions_tutorial/DockResult.msg[0m
[ 56%] [34m[1mGenerating EusLisp code from actions_tutorial/DockResult.msg[0m
[ 59%] [34m[1mGenerating Python msg __init__.py for actions_tutorial[0m
[ 62%] Built target actions_tutorial_generate_messages_eus
[ 64%] [34m[1mGenerating Lisp code from actions_tutorial/DockActionGoal.msg[0m
[ 67%] [34m[1mGenerating Lisp code from actions_tutorial/DockActionFeedback.msg[0m
[ 67%] Built target actions_tutorial_generate_messages_cpp
[ 70%] [34m[1mGenerating Lisp code from actions_tutorial/DockAction.msg[0m
[ 72%] [34m[1mGenerating Javascript code from actions_tutorial/DockActionGoal.msg[0m
[ 72%] Built target actions_tutorial_generate_messages_py
[ 75%] [34m[1mGenerating Lisp code from actions_tutorial/DockGoal.msg[0m
[ 78%] [34m[1mGenerating Lisp code from actions_tutorial/DockFeedback.msg[0m
[ 81%] [34m[1mGenerating Lisp code from actions_tutorial/DockActionResult.msg[0m
[ 83%] [34m[1mGenerating Javascript code from actions_tutorial/DockActionFeedback.msg[0m
[ 86%] [34m[1mGenerating Lisp code from actions_tutorial/DockResult.msg[0m
[ 89%] [34m[1mGenerating Javascript code from actions_tutorial/DockAction.msg[0m
[ 91%] [34m[1mGenerating Javascript code from actions_tutorial/DockGoal.msg[0m
[ 91%] Built target actions_tutorial_generate_messages_lisp
[ 94%] [34m[1mGenerating Javascript code from actions_tutorial/DockFeedback.msg[0m
[100%] [34m[1mGenerating Javascript code from actions_tutorial/DockActionResult.msg[0m
[100%] [34m[1mGenerating Javascript code from actions_tutorial/DockResult.msg[0m
[100%] Built target actions_tutorial_generate_messages_nodejs
[100%] Built target actions_tutorial_generate_messages
