[35m[1mScanning dependencies of target _actions_tutorial_generate_messages_check_deps_WashTheDishesAction[0m
[35m[1mScanning dependencies of target _actions_tutorial_generate_messages_check_deps_WashTheDishesActionResult[0m
[35m[1mScanning dependencies of target _actions_tutorial_generate_messages_check_deps_WashTheDishesActionGoal[0m
[  0%] Built target actionlib_msgs_generate_messages_py
[35m[1mScanning dependencies of target _actions_tutorial_generate_messages_check_deps_WashTheDishesResult[0m
[  0%] Built target _actions_tutorial_generate_messages_check_deps_WashTheDishesActionResult
[  0%] Built target _actions_tutorial_generate_messages_check_deps_WashTheDishesAction
[35m[1mScanning dependencies of target _actions_tutorial_generate_messages_check_deps_WashTheDishesGoal[0m
[  0%] Built target _actions_tutorial_generate_messages_check_deps_WashTheDishesActionGoal
[35m[1mScanning dependencies of target _actions_tutorial_generate_messages_check_deps_WashTheDishesFeedback[0m
[35m[1mScanning dependencies of target _actions_tutorial_generate_messages_check_deps_WashTheDishesActionFeedback[0m
[  0%] Built target _actions_tutorial_generate_messages_check_deps_WashTheDishesResult
[  0%] Built target _actions_tutorial_generate_messages_check_deps_WashTheDishesGoal
[  0%] Built target actionlib_msgs_generate_messages_cpp
[  0%] Built target _actions_tutorial_generate_messages_check_deps_WashTheDishesFeedback
[  0%] Built target _actions_tutorial_generate_messages_check_deps_WashTheDishesActionFeedback
[  0%] Built target actionlib_msgs_generate_messages_eus
[  0%] Built target actionlib_msgs_generate_messages_lisp
[  0%] Built target actionlib_msgs_generate_messages_nodejs
[  2%] [34m[1mGenerating Python from MSG actions_tutorial/WashTheDishesActionResult[0m
[  8%] [34m[1mGenerating EusLisp code from actions_tutorial/WashTheDishesActionResult.msg[0m
[  5%] [34m[1mGenerating C++ code from actions_tutorial/WashTheDishesActionResult.msg[0m
[ 10%] [34m[1mGenerating Lisp code from actions_tutorial/WashTheDishesActionResult.msg[0m
[ 13%] [34m[1mGenerating Lisp code from actions_tutorial/WashTheDishesActionGoal.msg[0m
[ 16%] [34m[1mGenerating EusLisp code from actions_tutorial/WashTheDishesActionGoal.msg[0m
[ 18%] [34m[1mGenerating Python from MSG actions_tutorial/WashTheDishesActionGoal[0m
[ 21%] [34m[1mGenerating Lisp code from actions_tutorial/WashTheDishesActionFeedback.msg[0m
[ 24%] [34m[1mGenerating C++ code from actions_tutorial/WashTheDishesActionGoal.msg[0m
[ 27%] [34m[1mGenerating Lisp code from actions_tutorial/WashTheDishesFeedback.msg[0m
[ 29%] [34m[1mGenerating EusLisp code from actions_tutorial/WashTheDishesActionFeedback.msg[0m
[ 32%] [34m[1mGenerating Lisp code from actions_tutorial/WashTheDishesAction.msg[0m
[ 35%] [34m[1mGenerating Python from MSG actions_tutorial/WashTheDishesActionFeedback[0m
[ 37%] [34m[1mGenerating EusLisp code from actions_tutorial/WashTheDishesFeedback.msg[0m
[ 40%] [34m[1mGenerating Lisp code from actions_tutorial/WashTheDishesResult.msg[0m
[ 43%] [34m[1mGenerating Lisp code from actions_tutorial/WashTheDishesGoal.msg[0m
[ 45%] [34m[1mGenerating C++ code from actions_tutorial/WashTheDishesActionFeedback.msg[0m
[ 48%] [34m[1mGenerating EusLisp code from actions_tutorial/WashTheDishesAction.msg[0m
[ 51%] [34m[1mGenerating Python from MSG actions_tutorial/WashTheDishesFeedback[0m
[ 51%] Built target actions_tutorial_generate_messages_lisp
[ 54%] [34m[1mGenerating Javascript code from actions_tutorial/WashTheDishesActionResult.msg[0m
[ 56%] [34m[1mGenerating EusLisp code from actions_tutorial/WashTheDishesResult.msg[0m
[ 59%] [34m[1mGenerating Javascript code from actions_tutorial/WashTheDishesActionGoal.msg[0m
[ 62%] [34m[1mGenerating Python from MSG actions_tutorial/WashTheDishesAction[0m
[ 64%] [34m[1mGenerating C++ code from actions_tutorial/WashTheDishesFeedback.msg[0m
[ 67%] [34m[1mGenerating EusLisp code from actions_tutorial/WashTheDishesGoal.msg[0m
[ 70%] [34m[1mGenerating Javascript code from actions_tutorial/WashTheDishesActionFeedback.msg[0m
[ 72%] [34m[1mGenerating Javascript code from actions_tutorial/WashTheDishesFeedback.msg[0m
[ 75%] Built target actions_tutorial_generate_messages_eus
[ 78%] [34m[1mGenerating Javascript code from actions_tutorial/WashTheDishesAction.msg[0m
[ 81%] [34m[1mGenerating Javascript code from actions_tutorial/WashTheDishesResult.msg[0m
[ 83%] [34m[1mGenerating Python from MSG actions_tutorial/WashTheDishesResult[0m
[ 86%] [34m[1mGenerating C++ code from actions_tutorial/WashTheDishesAction.msg[0m
[ 89%] [34m[1mGenerating Javascript code from actions_tutorial/WashTheDishesGoal.msg[0m
[ 91%] [34m[1mGenerating C++ code from actions_tutorial/WashTheDishesResult.msg[0m
[ 91%] Built target actions_tutorial_generate_messages_nodejs
[ 94%] [34m[1mGenerating C++ code from actions_tutorial/WashTheDishesGoal.msg[0m
[ 97%] [34m[1mGenerating Python from MSG actions_tutorial/WashTheDishesGoal[0m
[100%] [34m[1mGenerating Python msg __init__.py for actions_tutorial[0m
[100%] Built target actions_tutorial_generate_messages_cpp
[100%] Built target actions_tutorial_generate_messages_py
[100%] Built target actions_tutorial_generate_messages
