[35m[1mScanning dependencies of target _actions_tutorial_generate_messages_check_deps_dockGoal[0m
[35m[1mScanning dependencies of target _actions_tutorial_generate_messages_check_deps_dockResult[0m
[35m[1mScanning dependencies of target _actions_tutorial_generate_messages_check_deps_dockActionResult[0m
[35m[1mScanning dependencies of target actionlib_msgs_generate_messages_py[0m
[  0%] Built target actionlib_msgs_generate_messages_py
[35m[1mScanning dependencies of target _actions_tutorial_generate_messages_check_deps_dockFeedback[0m
[  0%] Built target _actions_tutorial_generate_messages_check_deps_dockResult
[35m[1mScanning dependencies of target _actions_tutorial_generate_messages_check_deps_dockActionGoal[0m
[  0%] Built target _actions_tutorial_generate_messages_check_deps_dockActionResult
[  0%] Built target _actions_tutorial_generate_messages_check_deps_dockGoal
[  0%] Built target _actions_tutorial_generate_messages_check_deps_dockFeedback
[35m[1mScanning dependencies of target _actions_tutorial_generate_messages_check_deps_dockActionFeedback[0m
[35m[1mScanning dependencies of target _actions_tutorial_generate_messages_check_deps_dockAction[0m
[35m[1mScanning dependencies of target actionlib_msgs_generate_messages_cpp[0m
[  0%] Built target actionlib_msgs_generate_messages_cpp
[  0%] Built target _actions_tutorial_generate_messages_check_deps_dockActionGoal
[35m[1mScanning dependencies of target actionlib_msgs_generate_messages_eus[0m
[  0%] Built target _actions_tutorial_generate_messages_check_deps_dockActionFeedback
[35m[1mScanning dependencies of target actionlib_msgs_generate_messages_lisp[0m
[  0%] Built target _actions_tutorial_generate_messages_check_deps_dockAction
[  0%] Built target actionlib_msgs_generate_messages_eus
[35m[1mScanning dependencies of target actionlib_msgs_generate_messages_nodejs[0m
[  0%] Built target actionlib_msgs_generate_messages_lisp
[35m[1mScanning dependencies of target actions_tutorial_generate_messages_py[0m
[35m[1mScanning dependencies of target actions_tutorial_generate_messages_cpp[0m
[  0%] Built target actionlib_msgs_generate_messages_nodejs
[35m[1mScanning dependencies of target actions_tutorial_generate_messages_eus[0m
[  2%] [34m[1mGenerating C++ code from actions_tutorial/dockActionGoal.msg[0m
[  5%] [34m[1mGenerating Python from MSG actions_tutorial/dockActionGoal[0m
[  8%] [34m[1mGenerating EusLisp code from actions_tutorial/dockActionGoal.msg[0m
[35m[1mScanning dependencies of target actions_tutorial_generate_messages_lisp[0m
[ 10%] [34m[1mGenerating Lisp code from actions_tutorial/dockActionGoal.msg[0m
[ 13%] [34m[1mGenerating Lisp code from actions_tutorial/dockActionFeedback.msg[0m
[ 18%] [34m[1mGenerating EusLisp code from actions_tutorial/dockActionFeedback.msg[0m
[ 18%] [34m[1mGenerating Python from MSG actions_tutorial/dockActionFeedback[0m
[ 21%] [34m[1mGenerating Lisp code from actions_tutorial/dockAction.msg[0m
[ 24%] [34m[1mGenerating C++ code from actions_tutorial/dockActionFeedback.msg[0m
[ 27%] [34m[1mGenerating EusLisp code from actions_tutorial/dockAction.msg[0m
[ 29%] [34m[1mGenerating Lisp code from actions_tutorial/dockGoal.msg[0m
[ 32%] [34m[1mGenerating Python from MSG actions_tutorial/dockAction[0m
[ 35%] [34m[1mGenerating Lisp code from actions_tutorial/dockFeedback.msg[0m
[ 37%] [34m[1mGenerating EusLisp code from actions_tutorial/dockGoal.msg[0m
[ 40%] [34m[1mGenerating Lisp code from actions_tutorial/dockActionResult.msg[0m
[ 43%] [34m[1mGenerating C++ code from actions_tutorial/dockAction.msg[0m
[ 45%] [34m[1mGenerating EusLisp code from actions_tutorial/dockFeedback.msg[0m
[ 48%] [34m[1mGenerating Python from MSG actions_tutorial/dockGoal[0m
[ 51%] [34m[1mGenerating Lisp code from actions_tutorial/dockResult.msg[0m
[ 54%] [34m[1mGenerating EusLisp code from actions_tutorial/dockActionResult.msg[0m
[ 54%] Built target actions_tutorial_generate_messages_lisp
[35m[1mScanning dependencies of target actions_tutorial_generate_messages_nodejs[0m
[ 56%] [34m[1mGenerating Javascript code from actions_tutorial/dockActionGoal.msg[0m
[ 59%] [34m[1mGenerating Python from MSG actions_tutorial/dockFeedback[0m
[ 62%] [34m[1mGenerating EusLisp code from actions_tutorial/dockResult.msg[0m
[ 64%] [34m[1mGenerating C++ code from actions_tutorial/dockGoal.msg[0m
[ 67%] [34m[1mGenerating Javascript code from actions_tutorial/dockActionFeedback.msg[0m
[ 70%] [34m[1mGenerating Javascript code from actions_tutorial/dockAction.msg[0m
[ 72%] [34m[1mGenerating EusLisp manifest code for actions_tutorial[0m
[ 75%] [34m[1mGenerating Python from MSG actions_tutorial/dockActionResult[0m
[ 78%] [34m[1mGenerating Javascript code from actions_tutorial/dockGoal.msg[0m
[ 81%] [34m[1mGenerating C++ code from actions_tutorial/dockFeedback.msg[0m
[ 83%] [34m[1mGenerating Javascript code from actions_tutorial/dockFeedback.msg[0m
[ 86%] [34m[1mGenerating Python from MSG actions_tutorial/dockResult[0m
[ 89%] [34m[1mGenerating Javascript code from actions_tutorial/dockActionResult.msg[0m
[ 91%] [34m[1mGenerating Javascript code from actions_tutorial/dockResult.msg[0m
[ 91%] Built target actions_tutorial_generate_messages_nodejs
[ 94%] [34m[1mGenerating C++ code from actions_tutorial/dockActionResult.msg[0m
[ 97%] [34m[1mGenerating C++ code from actions_tutorial/dockResult.msg[0m
[100%] [34m[1mGenerating Python msg __init__.py for actions_tutorial[0m
[100%] Built target actions_tutorial_generate_messages_py
[100%] Built target actions_tutorial_generate_messages_cpp
[100%] Built target actions_tutorial_generate_messages_eus
[35m[1mScanning dependencies of target actions_tutorial_generate_messages[0m
[100%] Built target actions_tutorial_generate_messages
