Linked: (/home/tthmatt/ld_ROS/devel/.private/actions_tutorial/lib/python2.7/dist-packages/actions_tutorial/__init__.py, /home/tthmatt/ld_ROS/devel/lib/python2.7/dist-packages/actions_tutorial/__init__.py)
Linked: (/home/tthmatt/ld_ROS/devel/.private/actions_tutorial/lib/python2.7/dist-packages/actions_tutorial/msg/_WashTheDishesActionResult.py, /home/tthmatt/ld_ROS/devel/lib/python2.7/dist-packages/actions_tutorial/msg/_WashTheDishesActionResult.py)
Linked: (/home/tthmatt/ld_ROS/devel/.private/actions_tutorial/lib/python2.7/dist-packages/actions_tutorial/msg/_DockGoal.py, /home/tthmatt/ld_ROS/devel/lib/python2.7/dist-packages/actions_tutorial/msg/_DockGoal.py)
Linked: (/home/tthmatt/ld_ROS/devel/.private/actions_tutorial/lib/python2.7/dist-packages/actions_tutorial/msg/_DockActionResult.py, /home/tthmatt/ld_ROS/devel/lib/python2.7/dist-packages/actions_tutorial/msg/_DockActionResult.py)
Linked: (/home/tthmatt/ld_ROS/devel/.private/actions_tutorial/lib/python2.7/dist-packages/actions_tutorial/msg/_DockActionFeedback.py, /home/tthmatt/ld_ROS/devel/lib/python2.7/dist-packages/actions_tutorial/msg/_DockActionFeedback.py)
Linked: (/home/tthmatt/ld_ROS/devel/.private/actions_tutorial/lib/python2.7/dist-packages/actions_tutorial/msg/_DockAction.py, /home/tthmatt/ld_ROS/devel/lib/python2.7/dist-packages/actions_tutorial/msg/_DockAction.py)
Linked: (/home/tthmatt/ld_ROS/devel/.private/actions_tutorial/lib/python2.7/dist-packages/actions_tutorial/msg/__init__.py, /home/tthmatt/ld_ROS/devel/lib/python2.7/dist-packages/actions_tutorial/msg/__init__.py)
Linked: (/home/tthmatt/ld_ROS/devel/.private/actions_tutorial/lib/python2.7/dist-packages/actions_tutorial/msg/_WashTheDishesResult.py, /home/tthmatt/ld_ROS/devel/lib/python2.7/dist-packages/actions_tutorial/msg/_WashTheDishesResult.py)
Linked: (/home/tthmatt/ld_ROS/devel/.private/actions_tutorial/lib/python2.7/dist-packages/actions_tutorial/msg/_dockResult.py, /home/tthmatt/ld_ROS/devel/lib/python2.7/dist-packages/actions_tutorial/msg/_dockResult.py)
Linked: (/home/tthmatt/ld_ROS/devel/.private/actions_tutorial/lib/python2.7/dist-packages/actions_tutorial/msg/_WashTheDishesAction.py, /home/tthmatt/ld_ROS/devel/lib/python2.7/dist-packages/actions_tutorial/msg/_WashTheDishesAction.py)
Linked: (/home/tthmatt/ld_ROS/devel/.private/actions_tutorial/lib/python2.7/dist-packages/actions_tutorial/msg/_DockResult.py, /home/tthmatt/ld_ROS/devel/lib/python2.7/dist-packages/actions_tutorial/msg/_DockResult.py)
Linked: (/home/tthmatt/ld_ROS/devel/.private/actions_tutorial/lib/python2.7/dist-packages/actions_tutorial/msg/_dockGoal.py, /home/tthmatt/ld_ROS/devel/lib/python2.7/dist-packages/actions_tutorial/msg/_dockGoal.py)
Linked: (/home/tthmatt/ld_ROS/devel/.private/actions_tutorial/lib/python2.7/dist-packages/actions_tutorial/msg/_DockActionGoal.py, /home/tthmatt/ld_ROS/devel/lib/python2.7/dist-packages/actions_tutorial/msg/_DockActionGoal.py)
Linked: (/home/tthmatt/ld_ROS/devel/.private/actions_tutorial/lib/python2.7/dist-packages/actions_tutorial/msg/_WashTheDishesFeedback.py, /home/tthmatt/ld_ROS/devel/lib/python2.7/dist-packages/actions_tutorial/msg/_WashTheDishesFeedback.py)
Linked: (/home/tthmatt/ld_ROS/devel/.private/actions_tutorial/lib/python2.7/dist-packages/actions_tutorial/msg/_dockActionResult.py, /home/tthmatt/ld_ROS/devel/lib/python2.7/dist-packages/actions_tutorial/msg/_dockActionResult.py)
Linked: (/home/tthmatt/ld_ROS/devel/.private/actions_tutorial/lib/python2.7/dist-packages/actions_tutorial/msg/_DockFeedback.py, /home/tthmatt/ld_ROS/devel/lib/python2.7/dist-packages/actions_tutorial/msg/_DockFeedback.py)
Linked: (/home/tthmatt/ld_ROS/devel/.private/actions_tutorial/lib/python2.7/dist-packages/actions_tutorial/msg/_dockActionGoal.py, /home/tthmatt/ld_ROS/devel/lib/python2.7/dist-packages/actions_tutorial/msg/_dockActionGoal.py)
Linked: (/home/tthmatt/ld_ROS/devel/.private/actions_tutorial/lib/python2.7/dist-packages/actions_tutorial/msg/_WashTheDishesActionFeedback.py, /home/tthmatt/ld_ROS/devel/lib/python2.7/dist-packages/actions_tutorial/msg/_WashTheDishesActionFeedback.py)
Linked: (/home/tthmatt/ld_ROS/devel/.private/actions_tutorial/lib/python2.7/dist-packages/actions_tutorial/msg/_WashTheDishesGoal.py, /home/tthmatt/ld_ROS/devel/lib/python2.7/dist-packages/actions_tutorial/msg/_WashTheDishesGoal.py)
Linked: (/home/tthmatt/ld_ROS/devel/.private/actions_tutorial/lib/python2.7/dist-packages/actions_tutorial/msg/_dockActionFeedback.py, /home/tthmatt/ld_ROS/devel/lib/python2.7/dist-packages/actions_tutorial/msg/_dockActionFeedback.py)
Linked: (/home/tthmatt/ld_ROS/devel/.private/actions_tutorial/lib/python2.7/dist-packages/actions_tutorial/msg/_dockAction.py, /home/tthmatt/ld_ROS/devel/lib/python2.7/dist-packages/actions_tutorial/msg/_dockAction.py)
Linked: (/home/tthmatt/ld_ROS/devel/.private/actions_tutorial/lib/python2.7/dist-packages/actions_tutorial/msg/_dockFeedback.py, /home/tthmatt/ld_ROS/devel/lib/python2.7/dist-packages/actions_tutorial/msg/_dockFeedback.py)
Linked: (/home/tthmatt/ld_ROS/devel/.private/actions_tutorial/lib/python2.7/dist-packages/actions_tutorial/msg/_WashTheDishesActionGoal.py, /home/tthmatt/ld_ROS/devel/lib/python2.7/dist-packages/actions_tutorial/msg/_WashTheDishesActionGoal.py)
Linked: (/home/tthmatt/ld_ROS/devel/.private/actions_tutorial/lib/pkgconfig/actions_tutorial.pc, /home/tthmatt/ld_ROS/devel/lib/pkgconfig/actions_tutorial.pc)
Linked: (/home/tthmatt/ld_ROS/devel/.private/actions_tutorial/share/actions_tutorial/cmake/actions_tutorialConfig-version.cmake, /home/tthmatt/ld_ROS/devel/share/actions_tutorial/cmake/actions_tutorialConfig-version.cmake)
Linked: (/home/tthmatt/ld_ROS/devel/.private/actions_tutorial/share/actions_tutorial/cmake/actions_tutorial-msg-paths.cmake, /home/tthmatt/ld_ROS/devel/share/actions_tutorial/cmake/actions_tutorial-msg-paths.cmake)
Linked: (/home/tthmatt/ld_ROS/devel/.private/actions_tutorial/share/actions_tutorial/cmake/actions_tutorialConfig.cmake, /home/tthmatt/ld_ROS/devel/share/actions_tutorial/cmake/actions_tutorialConfig.cmake)
Linked: (/home/tthmatt/ld_ROS/devel/.private/actions_tutorial/share/actions_tutorial/cmake/actions_tutorial-msg-extras.cmake, /home/tthmatt/ld_ROS/devel/share/actions_tutorial/cmake/actions_tutorial-msg-extras.cmake)
Linked: (/home/tthmatt/ld_ROS/devel/.private/actions_tutorial/share/actions_tutorial/msg/DockActionResult.msg, /home/tthmatt/ld_ROS/devel/share/actions_tutorial/msg/DockActionResult.msg)
Linked: (/home/tthmatt/ld_ROS/devel/.private/actions_tutorial/share/actions_tutorial/msg/DockActionGoal.msg, /home/tthmatt/ld_ROS/devel/share/actions_tutorial/msg/DockActionGoal.msg)
Linked: (/home/tthmatt/ld_ROS/devel/.private/actions_tutorial/share/actions_tutorial/msg/WashTheDishesActionGoal.msg, /home/tthmatt/ld_ROS/devel/share/actions_tutorial/msg/WashTheDishesActionGoal.msg)
Linked: (/home/tthmatt/ld_ROS/devel/.private/actions_tutorial/share/actions_tutorial/msg/WashTheDishesActionResult.msg, /home/tthmatt/ld_ROS/devel/share/actions_tutorial/msg/WashTheDishesActionResult.msg)
Linked: (/home/tthmatt/ld_ROS/devel/.private/actions_tutorial/share/actions_tutorial/msg/DockActionFeedback.msg, /home/tthmatt/ld_ROS/devel/share/actions_tutorial/msg/DockActionFeedback.msg)
Linked: (/home/tthmatt/ld_ROS/devel/.private/actions_tutorial/share/actions_tutorial/msg/dockAction.msg, /home/tthmatt/ld_ROS/devel/share/actions_tutorial/msg/dockAction.msg)
Linked: (/home/tthmatt/ld_ROS/devel/.private/actions_tutorial/share/actions_tutorial/msg/WashTheDishesResult.msg, /home/tthmatt/ld_ROS/devel/share/actions_tutorial/msg/WashTheDishesResult.msg)
Linked: (/home/tthmatt/ld_ROS/devel/.private/actions_tutorial/share/actions_tutorial/msg/WashTheDishesGoal.msg, /home/tthmatt/ld_ROS/devel/share/actions_tutorial/msg/WashTheDishesGoal.msg)
Linked: (/home/tthmatt/ld_ROS/devel/.private/actions_tutorial/share/actions_tutorial/msg/dockActionGoal.msg, /home/tthmatt/ld_ROS/devel/share/actions_tutorial/msg/dockActionGoal.msg)
Linked: (/home/tthmatt/ld_ROS/devel/.private/actions_tutorial/share/actions_tutorial/msg/dockActionResult.msg, /home/tthmatt/ld_ROS/devel/share/actions_tutorial/msg/dockActionResult.msg)
Linked: (/home/tthmatt/ld_ROS/devel/.private/actions_tutorial/share/actions_tutorial/msg/dockFeedback.msg, /home/tthmatt/ld_ROS/devel/share/actions_tutorial/msg/dockFeedback.msg)
Linked: (/home/tthmatt/ld_ROS/devel/.private/actions_tutorial/share/actions_tutorial/msg/dockResult.msg, /home/tthmatt/ld_ROS/devel/share/actions_tutorial/msg/dockResult.msg)
Linked: (/home/tthmatt/ld_ROS/devel/.private/actions_tutorial/share/actions_tutorial/msg/DockFeedback.msg, /home/tthmatt/ld_ROS/devel/share/actions_tutorial/msg/DockFeedback.msg)
Linked: (/home/tthmatt/ld_ROS/devel/.private/actions_tutorial/share/actions_tutorial/msg/DockGoal.msg, /home/tthmatt/ld_ROS/devel/share/actions_tutorial/msg/DockGoal.msg)
Linked: (/home/tthmatt/ld_ROS/devel/.private/actions_tutorial/share/actions_tutorial/msg/dockGoal.msg, /home/tthmatt/ld_ROS/devel/share/actions_tutorial/msg/dockGoal.msg)
Linked: (/home/tthmatt/ld_ROS/devel/.private/actions_tutorial/share/actions_tutorial/msg/WashTheDishesActionFeedback.msg, /home/tthmatt/ld_ROS/devel/share/actions_tutorial/msg/WashTheDishesActionFeedback.msg)
Linked: (/home/tthmatt/ld_ROS/devel/.private/actions_tutorial/share/actions_tutorial/msg/dockActionFeedback.msg, /home/tthmatt/ld_ROS/devel/share/actions_tutorial/msg/dockActionFeedback.msg)
Linked: (/home/tthmatt/ld_ROS/devel/.private/actions_tutorial/share/actions_tutorial/msg/DockAction.msg, /home/tthmatt/ld_ROS/devel/share/actions_tutorial/msg/DockAction.msg)
Linked: (/home/tthmatt/ld_ROS/devel/.private/actions_tutorial/share/actions_tutorial/msg/DockResult.msg, /home/tthmatt/ld_ROS/devel/share/actions_tutorial/msg/DockResult.msg)
Linked: (/home/tthmatt/ld_ROS/devel/.private/actions_tutorial/share/actions_tutorial/msg/WashTheDishesAction.msg, /home/tthmatt/ld_ROS/devel/share/actions_tutorial/msg/WashTheDishesAction.msg)
Linked: (/home/tthmatt/ld_ROS/devel/.private/actions_tutorial/share/actions_tutorial/msg/WashTheDishesFeedback.msg, /home/tthmatt/ld_ROS/devel/share/actions_tutorial/msg/WashTheDishesFeedback.msg)
Linked: (/home/tthmatt/ld_ROS/devel/.private/actions_tutorial/share/common-lisp/ros/actions_tutorial/msg/_package_WashTheDishesGoal.lisp, /home/tthmatt/ld_ROS/devel/share/common-lisp/ros/actions_tutorial/msg/_package_WashTheDishesGoal.lisp)
Linked: (/home/tthmatt/ld_ROS/devel/.private/actions_tutorial/share/common-lisp/ros/actions_tutorial/msg/_package_dockResult.lisp, /home/tthmatt/ld_ROS/devel/share/common-lisp/ros/actions_tutorial/msg/_package_dockResult.lisp)
Linked: (/home/tthmatt/ld_ROS/devel/.private/actions_tutorial/share/common-lisp/ros/actions_tutorial/msg/WashTheDishesGoal.lisp, /home/tthmatt/ld_ROS/devel/share/common-lisp/ros/actions_tutorial/msg/WashTheDishesGoal.lisp)
Linked: (/home/tthmatt/ld_ROS/devel/.private/actions_tutorial/share/common-lisp/ros/actions_tutorial/msg/_package_dockFeedback.lisp, /home/tthmatt/ld_ROS/devel/share/common-lisp/ros/actions_tutorial/msg/_package_dockFeedback.lisp)
Linked: (/home/tthmatt/ld_ROS/devel/.private/actions_tutorial/share/common-lisp/ros/actions_tutorial/msg/dockFeedback.lisp, /home/tthmatt/ld_ROS/devel/share/common-lisp/ros/actions_tutorial/msg/dockFeedback.lisp)
Linked: (/home/tthmatt/ld_ROS/devel/.private/actions_tutorial/share/common-lisp/ros/actions_tutorial/msg/_package_DockActionGoal.lisp, /home/tthmatt/ld_ROS/devel/share/common-lisp/ros/actions_tutorial/msg/_package_DockActionGoal.lisp)
Linked: (/home/tthmatt/ld_ROS/devel/.private/actions_tutorial/share/common-lisp/ros/actions_tutorial/msg/_package_WashTheDishesActionGoal.lisp, /home/tthmatt/ld_ROS/devel/share/common-lisp/ros/actions_tutorial/msg/_package_WashTheDishesActionGoal.lisp)
Linked: (/home/tthmatt/ld_ROS/devel/.private/actions_tutorial/share/common-lisp/ros/actions_tutorial/msg/_package.lisp, /home/tthmatt/ld_ROS/devel/share/common-lisp/ros/actions_tutorial/msg/_package.lisp)
Linked: (/home/tthmatt/ld_ROS/devel/.private/actions_tutorial/share/common-lisp/ros/actions_tutorial/msg/_package_DockActionFeedback.lisp, /home/tthmatt/ld_ROS/devel/share/common-lisp/ros/actions_tutorial/msg/_package_DockActionFeedback.lisp)
Linked: (/home/tthmatt/ld_ROS/devel/.private/actions_tutorial/share/common-lisp/ros/actions_tutorial/msg/dockActionGoal.lisp, /home/tthmatt/ld_ROS/devel/share/common-lisp/ros/actions_tutorial/msg/dockActionGoal.lisp)
Linked: (/home/tthmatt/ld_ROS/devel/.private/actions_tutorial/share/common-lisp/ros/actions_tutorial/msg/dockGoal.lisp, /home/tthmatt/ld_ROS/devel/share/common-lisp/ros/actions_tutorial/msg/dockGoal.lisp)
Linked: (/home/tthmatt/ld_ROS/devel/.private/actions_tutorial/share/common-lisp/ros/actions_tutorial/msg/_package_dockActionFeedback.lisp, /home/tthmatt/ld_ROS/devel/share/common-lisp/ros/actions_tutorial/msg/_package_dockActionFeedback.lisp)
Linked: (/home/tthmatt/ld_ROS/devel/.private/actions_tutorial/share/common-lisp/ros/actions_tutorial/msg/_package_WashTheDishesAction.lisp, /home/tthmatt/ld_ROS/devel/share/common-lisp/ros/actions_tutorial/msg/_package_WashTheDishesAction.lisp)
Linked: (/home/tthmatt/ld_ROS/devel/.private/actions_tutorial/share/common-lisp/ros/actions_tutorial/msg/_package_WashTheDishesResult.lisp, /home/tthmatt/ld_ROS/devel/share/common-lisp/ros/actions_tutorial/msg/_package_WashTheDishesResult.lisp)
Linked: (/home/tthmatt/ld_ROS/devel/.private/actions_tutorial/share/common-lisp/ros/actions_tutorial/msg/WashTheDishesActionResult.lisp, /home/tthmatt/ld_ROS/devel/share/common-lisp/ros/actions_tutorial/msg/WashTheDishesActionResult.lisp)
Linked: (/home/tthmatt/ld_ROS/devel/.private/actions_tutorial/share/common-lisp/ros/actions_tutorial/msg/DockFeedback.lisp, /home/tthmatt/ld_ROS/devel/share/common-lisp/ros/actions_tutorial/msg/DockFeedback.lisp)
Linked: (/home/tthmatt/ld_ROS/devel/.private/actions_tutorial/share/common-lisp/ros/actions_tutorial/msg/WashTheDishesResult.lisp, /home/tthmatt/ld_ROS/devel/share/common-lisp/ros/actions_tutorial/msg/WashTheDishesResult.lisp)
Linked: (/home/tthmatt/ld_ROS/devel/.private/actions_tutorial/share/common-lisp/ros/actions_tutorial/msg/DockActionFeedback.lisp, /home/tthmatt/ld_ROS/devel/share/common-lisp/ros/actions_tutorial/msg/DockActionFeedback.lisp)
Linked: (/home/tthmatt/ld_ROS/devel/.private/actions_tutorial/share/common-lisp/ros/actions_tutorial/msg/dockResult.lisp, /home/tthmatt/ld_ROS/devel/share/common-lisp/ros/actions_tutorial/msg/dockResult.lisp)
Linked: (/home/tthmatt/ld_ROS/devel/.private/actions_tutorial/share/common-lisp/ros/actions_tutorial/msg/_package_WashTheDishesActionResult.lisp, /home/tthmatt/ld_ROS/devel/share/common-lisp/ros/actions_tutorial/msg/_package_WashTheDishesActionResult.lisp)
Linked: (/home/tthmatt/ld_ROS/devel/.private/actions_tutorial/share/common-lisp/ros/actions_tutorial/msg/DockGoal.lisp, /home/tthmatt/ld_ROS/devel/share/common-lisp/ros/actions_tutorial/msg/DockGoal.lisp)
Linked: (/home/tthmatt/ld_ROS/devel/.private/actions_tutorial/share/common-lisp/ros/actions_tutorial/msg/_package_dockAction.lisp, /home/tthmatt/ld_ROS/devel/share/common-lisp/ros/actions_tutorial/msg/_package_dockAction.lisp)
Linked: (/home/tthmatt/ld_ROS/devel/.private/actions_tutorial/share/common-lisp/ros/actions_tutorial/msg/_package_dockActionGoal.lisp, /home/tthmatt/ld_ROS/devel/share/common-lisp/ros/actions_tutorial/msg/_package_dockActionGoal.lisp)
Linked: (/home/tthmatt/ld_ROS/devel/.private/actions_tutorial/share/common-lisp/ros/actions_tutorial/msg/WashTheDishesFeedback.lisp, /home/tthmatt/ld_ROS/devel/share/common-lisp/ros/actions_tutorial/msg/WashTheDishesFeedback.lisp)
Linked: (/home/tthmatt/ld_ROS/devel/.private/actions_tutorial/share/common-lisp/ros/actions_tutorial/msg/_package_WashTheDishesFeedback.lisp, /home/tthmatt/ld_ROS/devel/share/common-lisp/ros/actions_tutorial/msg/_package_WashTheDishesFeedback.lisp)
Linked: (/home/tthmatt/ld_ROS/devel/.private/actions_tutorial/share/common-lisp/ros/actions_tutorial/msg/DockActionResult.lisp, /home/tthmatt/ld_ROS/devel/share/common-lisp/ros/actions_tutorial/msg/DockActionResult.lisp)
Linked: (/home/tthmatt/ld_ROS/devel/.private/actions_tutorial/share/common-lisp/ros/actions_tutorial/msg/_package_dockActionResult.lisp, /home/tthmatt/ld_ROS/devel/share/common-lisp/ros/actions_tutorial/msg/_package_dockActionResult.lisp)
Linked: (/home/tthmatt/ld_ROS/devel/.private/actions_tutorial/share/common-lisp/ros/actions_tutorial/msg/dockActionFeedback.lisp, /home/tthmatt/ld_ROS/devel/share/common-lisp/ros/actions_tutorial/msg/dockActionFeedback.lisp)
Linked: (/home/tthmatt/ld_ROS/devel/.private/actions_tutorial/share/common-lisp/ros/actions_tutorial/msg/DockResult.lisp, /home/tthmatt/ld_ROS/devel/share/common-lisp/ros/actions_tutorial/msg/DockResult.lisp)
Linked: (/home/tthmatt/ld_ROS/devel/.private/actions_tutorial/share/common-lisp/ros/actions_tutorial/msg/WashTheDishesActionFeedback.lisp, /home/tthmatt/ld_ROS/devel/share/common-lisp/ros/actions_tutorial/msg/WashTheDishesActionFeedback.lisp)
Linked: (/home/tthmatt/ld_ROS/devel/.private/actions_tutorial/share/common-lisp/ros/actions_tutorial/msg/_package_DockAction.lisp, /home/tthmatt/ld_ROS/devel/share/common-lisp/ros/actions_tutorial/msg/_package_DockAction.lisp)
Linked: (/home/tthmatt/ld_ROS/devel/.private/actions_tutorial/share/common-lisp/ros/actions_tutorial/msg/_package_DockGoal.lisp, /home/tthmatt/ld_ROS/devel/share/common-lisp/ros/actions_tutorial/msg/_package_DockGoal.lisp)
Linked: (/home/tthmatt/ld_ROS/devel/.private/actions_tutorial/share/common-lisp/ros/actions_tutorial/msg/dockAction.lisp, /home/tthmatt/ld_ROS/devel/share/common-lisp/ros/actions_tutorial/msg/dockAction.lisp)
Linked: (/home/tthmatt/ld_ROS/devel/.private/actions_tutorial/share/common-lisp/ros/actions_tutorial/msg/_package_DockResult.lisp, /home/tthmatt/ld_ROS/devel/share/common-lisp/ros/actions_tutorial/msg/_package_DockResult.lisp)
Linked: (/home/tthmatt/ld_ROS/devel/.private/actions_tutorial/share/common-lisp/ros/actions_tutorial/msg/DockActionGoal.lisp, /home/tthmatt/ld_ROS/devel/share/common-lisp/ros/actions_tutorial/msg/DockActionGoal.lisp)
Linked: (/home/tthmatt/ld_ROS/devel/.private/actions_tutorial/share/common-lisp/ros/actions_tutorial/msg/_package_dockGoal.lisp, /home/tthmatt/ld_ROS/devel/share/common-lisp/ros/actions_tutorial/msg/_package_dockGoal.lisp)
Linked: (/home/tthmatt/ld_ROS/devel/.private/actions_tutorial/share/common-lisp/ros/actions_tutorial/msg/_package_DockActionResult.lisp, /home/tthmatt/ld_ROS/devel/share/common-lisp/ros/actions_tutorial/msg/_package_DockActionResult.lisp)
Linked: (/home/tthmatt/ld_ROS/devel/.private/actions_tutorial/share/common-lisp/ros/actions_tutorial/msg/WashTheDishesActionGoal.lisp, /home/tthmatt/ld_ROS/devel/share/common-lisp/ros/actions_tutorial/msg/WashTheDishesActionGoal.lisp)
Linked: (/home/tthmatt/ld_ROS/devel/.private/actions_tutorial/share/common-lisp/ros/actions_tutorial/msg/_package_DockFeedback.lisp, /home/tthmatt/ld_ROS/devel/share/common-lisp/ros/actions_tutorial/msg/_package_DockFeedback.lisp)
Linked: (/home/tthmatt/ld_ROS/devel/.private/actions_tutorial/share/common-lisp/ros/actions_tutorial/msg/actions_tutorial-msg.asd, /home/tthmatt/ld_ROS/devel/share/common-lisp/ros/actions_tutorial/msg/actions_tutorial-msg.asd)
Linked: (/home/tthmatt/ld_ROS/devel/.private/actions_tutorial/share/common-lisp/ros/actions_tutorial/msg/WashTheDishesAction.lisp, /home/tthmatt/ld_ROS/devel/share/common-lisp/ros/actions_tutorial/msg/WashTheDishesAction.lisp)
Linked: (/home/tthmatt/ld_ROS/devel/.private/actions_tutorial/share/common-lisp/ros/actions_tutorial/msg/DockAction.lisp, /home/tthmatt/ld_ROS/devel/share/common-lisp/ros/actions_tutorial/msg/DockAction.lisp)
Linked: (/home/tthmatt/ld_ROS/devel/.private/actions_tutorial/share/common-lisp/ros/actions_tutorial/msg/dockActionResult.lisp, /home/tthmatt/ld_ROS/devel/share/common-lisp/ros/actions_tutorial/msg/dockActionResult.lisp)
Linked: (/home/tthmatt/ld_ROS/devel/.private/actions_tutorial/share/common-lisp/ros/actions_tutorial/msg/_package_WashTheDishesActionFeedback.lisp, /home/tthmatt/ld_ROS/devel/share/common-lisp/ros/actions_tutorial/msg/_package_WashTheDishesActionFeedback.lisp)
Linked: (/home/tthmatt/ld_ROS/devel/.private/actions_tutorial/share/gennodejs/ros/actions_tutorial/_index.js, /home/tthmatt/ld_ROS/devel/share/gennodejs/ros/actions_tutorial/_index.js)
Linked: (/home/tthmatt/ld_ROS/devel/.private/actions_tutorial/share/gennodejs/ros/actions_tutorial/msg/dockGoal.js, /home/tthmatt/ld_ROS/devel/share/gennodejs/ros/actions_tutorial/msg/dockGoal.js)
Linked: (/home/tthmatt/ld_ROS/devel/.private/actions_tutorial/share/gennodejs/ros/actions_tutorial/msg/DockAction.js, /home/tthmatt/ld_ROS/devel/share/gennodejs/ros/actions_tutorial/msg/DockAction.js)
Linked: (/home/tthmatt/ld_ROS/devel/.private/actions_tutorial/share/gennodejs/ros/actions_tutorial/msg/dockActionFeedback.js, /home/tthmatt/ld_ROS/devel/share/gennodejs/ros/actions_tutorial/msg/dockActionFeedback.js)
Linked: (/home/tthmatt/ld_ROS/devel/.private/actions_tutorial/share/gennodejs/ros/actions_tutorial/msg/dockActionResult.js, /home/tthmatt/ld_ROS/devel/share/gennodejs/ros/actions_tutorial/msg/dockActionResult.js)
Linked: (/home/tthmatt/ld_ROS/devel/.private/actions_tutorial/share/gennodejs/ros/actions_tutorial/msg/dockResult.js, /home/tthmatt/ld_ROS/devel/share/gennodejs/ros/actions_tutorial/msg/dockResult.js)
Linked: (/home/tthmatt/ld_ROS/devel/.private/actions_tutorial/share/gennodejs/ros/actions_tutorial/msg/_index.js, /home/tthmatt/ld_ROS/devel/share/gennodejs/ros/actions_tutorial/msg/_index.js)
Linked: (/home/tthmatt/ld_ROS/devel/.private/actions_tutorial/share/gennodejs/ros/actions_tutorial/msg/DockActionGoal.js, /home/tthmatt/ld_ROS/devel/share/gennodejs/ros/actions_tutorial/msg/DockActionGoal.js)
Linked: (/home/tthmatt/ld_ROS/devel/.private/actions_tutorial/share/gennodejs/ros/actions_tutorial/msg/WashTheDishesAction.js, /home/tthmatt/ld_ROS/devel/share/gennodejs/ros/actions_tutorial/msg/WashTheDishesAction.js)
Linked: (/home/tthmatt/ld_ROS/devel/.private/actions_tutorial/share/gennodejs/ros/actions_tutorial/msg/WashTheDishesFeedback.js, /home/tthmatt/ld_ROS/devel/share/gennodejs/ros/actions_tutorial/msg/WashTheDishesFeedback.js)
Linked: (/home/tthmatt/ld_ROS/devel/.private/actions_tutorial/share/gennodejs/ros/actions_tutorial/msg/DockGoal.js, /home/tthmatt/ld_ROS/devel/share/gennodejs/ros/actions_tutorial/msg/DockGoal.js)
Linked: (/home/tthmatt/ld_ROS/devel/.private/actions_tutorial/share/gennodejs/ros/actions_tutorial/msg/WashTheDishesActionGoal.js, /home/tthmatt/ld_ROS/devel/share/gennodejs/ros/actions_tutorial/msg/WashTheDishesActionGoal.js)
Linked: (/home/tthmatt/ld_ROS/devel/.private/actions_tutorial/share/gennodejs/ros/actions_tutorial/msg/WashTheDishesResult.js, /home/tthmatt/ld_ROS/devel/share/gennodejs/ros/actions_tutorial/msg/WashTheDishesResult.js)
Linked: (/home/tthmatt/ld_ROS/devel/.private/actions_tutorial/share/gennodejs/ros/actions_tutorial/msg/DockFeedback.js, /home/tthmatt/ld_ROS/devel/share/gennodejs/ros/actions_tutorial/msg/DockFeedback.js)
Linked: (/home/tthmatt/ld_ROS/devel/.private/actions_tutorial/share/gennodejs/ros/actions_tutorial/msg/dockActionGoal.js, /home/tthmatt/ld_ROS/devel/share/gennodejs/ros/actions_tutorial/msg/dockActionGoal.js)
Linked: (/home/tthmatt/ld_ROS/devel/.private/actions_tutorial/share/gennodejs/ros/actions_tutorial/msg/WashTheDishesActionFeedback.js, /home/tthmatt/ld_ROS/devel/share/gennodejs/ros/actions_tutorial/msg/WashTheDishesActionFeedback.js)
Linked: (/home/tthmatt/ld_ROS/devel/.private/actions_tutorial/share/gennodejs/ros/actions_tutorial/msg/dockAction.js, /home/tthmatt/ld_ROS/devel/share/gennodejs/ros/actions_tutorial/msg/dockAction.js)
Linked: (/home/tthmatt/ld_ROS/devel/.private/actions_tutorial/share/gennodejs/ros/actions_tutorial/msg/WashTheDishesActionResult.js, /home/tthmatt/ld_ROS/devel/share/gennodejs/ros/actions_tutorial/msg/WashTheDishesActionResult.js)
Linked: (/home/tthmatt/ld_ROS/devel/.private/actions_tutorial/share/gennodejs/ros/actions_tutorial/msg/DockResult.js, /home/tthmatt/ld_ROS/devel/share/gennodejs/ros/actions_tutorial/msg/DockResult.js)
Linked: (/home/tthmatt/ld_ROS/devel/.private/actions_tutorial/share/gennodejs/ros/actions_tutorial/msg/DockActionFeedback.js, /home/tthmatt/ld_ROS/devel/share/gennodejs/ros/actions_tutorial/msg/DockActionFeedback.js)
Linked: (/home/tthmatt/ld_ROS/devel/.private/actions_tutorial/share/gennodejs/ros/actions_tutorial/msg/dockFeedback.js, /home/tthmatt/ld_ROS/devel/share/gennodejs/ros/actions_tutorial/msg/dockFeedback.js)
Linked: (/home/tthmatt/ld_ROS/devel/.private/actions_tutorial/share/gennodejs/ros/actions_tutorial/msg/WashTheDishesGoal.js, /home/tthmatt/ld_ROS/devel/share/gennodejs/ros/actions_tutorial/msg/WashTheDishesGoal.js)
Linked: (/home/tthmatt/ld_ROS/devel/.private/actions_tutorial/share/gennodejs/ros/actions_tutorial/msg/DockActionResult.js, /home/tthmatt/ld_ROS/devel/share/gennodejs/ros/actions_tutorial/msg/DockActionResult.js)
Linked: (/home/tthmatt/ld_ROS/devel/.private/actions_tutorial/share/roseus/ros/actions_tutorial/manifest.l, /home/tthmatt/ld_ROS/devel/share/roseus/ros/actions_tutorial/manifest.l)
Linked: (/home/tthmatt/ld_ROS/devel/.private/actions_tutorial/share/roseus/ros/actions_tutorial/msg/DockGoal.l, /home/tthmatt/ld_ROS/devel/share/roseus/ros/actions_tutorial/msg/DockGoal.l)
Linked: (/home/tthmatt/ld_ROS/devel/.private/actions_tutorial/share/roseus/ros/actions_tutorial/msg/dockFeedback.l, /home/tthmatt/ld_ROS/devel/share/roseus/ros/actions_tutorial/msg/dockFeedback.l)
Linked: (/home/tthmatt/ld_ROS/devel/.private/actions_tutorial/share/roseus/ros/actions_tutorial/msg/WashTheDishesGoal.l, /home/tthmatt/ld_ROS/devel/share/roseus/ros/actions_tutorial/msg/WashTheDishesGoal.l)
Linked: (/home/tthmatt/ld_ROS/devel/.private/actions_tutorial/share/roseus/ros/actions_tutorial/msg/WashTheDishesFeedback.l, /home/tthmatt/ld_ROS/devel/share/roseus/ros/actions_tutorial/msg/WashTheDishesFeedback.l)
Linked: (/home/tthmatt/ld_ROS/devel/.private/actions_tutorial/share/roseus/ros/actions_tutorial/msg/DockActionGoal.l, /home/tthmatt/ld_ROS/devel/share/roseus/ros/actions_tutorial/msg/DockActionGoal.l)
Linked: (/home/tthmatt/ld_ROS/devel/.private/actions_tutorial/share/roseus/ros/actions_tutorial/msg/DockResult.l, /home/tthmatt/ld_ROS/devel/share/roseus/ros/actions_tutorial/msg/DockResult.l)
Linked: (/home/tthmatt/ld_ROS/devel/.private/actions_tutorial/share/roseus/ros/actions_tutorial/msg/WashTheDishesActionFeedback.l, /home/tthmatt/ld_ROS/devel/share/roseus/ros/actions_tutorial/msg/WashTheDishesActionFeedback.l)
Linked: (/home/tthmatt/ld_ROS/devel/.private/actions_tutorial/share/roseus/ros/actions_tutorial/msg/dockActionResult.l, /home/tthmatt/ld_ROS/devel/share/roseus/ros/actions_tutorial/msg/dockActionResult.l)
Linked: (/home/tthmatt/ld_ROS/devel/.private/actions_tutorial/share/roseus/ros/actions_tutorial/msg/WashTheDishesActionResult.l, /home/tthmatt/ld_ROS/devel/share/roseus/ros/actions_tutorial/msg/WashTheDishesActionResult.l)
Linked: (/home/tthmatt/ld_ROS/devel/.private/actions_tutorial/share/roseus/ros/actions_tutorial/msg/WashTheDishesAction.l, /home/tthmatt/ld_ROS/devel/share/roseus/ros/actions_tutorial/msg/WashTheDishesAction.l)
Linked: (/home/tthmatt/ld_ROS/devel/.private/actions_tutorial/share/roseus/ros/actions_tutorial/msg/dockAction.l, /home/tthmatt/ld_ROS/devel/share/roseus/ros/actions_tutorial/msg/dockAction.l)
Linked: (/home/tthmatt/ld_ROS/devel/.private/actions_tutorial/share/roseus/ros/actions_tutorial/msg/dockGoal.l, /home/tthmatt/ld_ROS/devel/share/roseus/ros/actions_tutorial/msg/dockGoal.l)
Linked: (/home/tthmatt/ld_ROS/devel/.private/actions_tutorial/share/roseus/ros/actions_tutorial/msg/WashTheDishesActionGoal.l, /home/tthmatt/ld_ROS/devel/share/roseus/ros/actions_tutorial/msg/WashTheDishesActionGoal.l)
Linked: (/home/tthmatt/ld_ROS/devel/.private/actions_tutorial/share/roseus/ros/actions_tutorial/msg/dockActionFeedback.l, /home/tthmatt/ld_ROS/devel/share/roseus/ros/actions_tutorial/msg/dockActionFeedback.l)
Linked: (/home/tthmatt/ld_ROS/devel/.private/actions_tutorial/share/roseus/ros/actions_tutorial/msg/DockAction.l, /home/tthmatt/ld_ROS/devel/share/roseus/ros/actions_tutorial/msg/DockAction.l)
Linked: (/home/tthmatt/ld_ROS/devel/.private/actions_tutorial/share/roseus/ros/actions_tutorial/msg/DockActionResult.l, /home/tthmatt/ld_ROS/devel/share/roseus/ros/actions_tutorial/msg/DockActionResult.l)
Linked: (/home/tthmatt/ld_ROS/devel/.private/actions_tutorial/share/roseus/ros/actions_tutorial/msg/WashTheDishesResult.l, /home/tthmatt/ld_ROS/devel/share/roseus/ros/actions_tutorial/msg/WashTheDishesResult.l)
Linked: (/home/tthmatt/ld_ROS/devel/.private/actions_tutorial/share/roseus/ros/actions_tutorial/msg/DockFeedback.l, /home/tthmatt/ld_ROS/devel/share/roseus/ros/actions_tutorial/msg/DockFeedback.l)
Linked: (/home/tthmatt/ld_ROS/devel/.private/actions_tutorial/share/roseus/ros/actions_tutorial/msg/dockResult.l, /home/tthmatt/ld_ROS/devel/share/roseus/ros/actions_tutorial/msg/dockResult.l)
Linked: (/home/tthmatt/ld_ROS/devel/.private/actions_tutorial/share/roseus/ros/actions_tutorial/msg/DockActionFeedback.l, /home/tthmatt/ld_ROS/devel/share/roseus/ros/actions_tutorial/msg/DockActionFeedback.l)
Linked: (/home/tthmatt/ld_ROS/devel/.private/actions_tutorial/share/roseus/ros/actions_tutorial/msg/dockActionGoal.l, /home/tthmatt/ld_ROS/devel/share/roseus/ros/actions_tutorial/msg/dockActionGoal.l)
Linked: (/home/tthmatt/ld_ROS/devel/.private/actions_tutorial/include/actions_tutorial/WashTheDishesActionGoal.h, /home/tthmatt/ld_ROS/devel/include/actions_tutorial/WashTheDishesActionGoal.h)
Linked: (/home/tthmatt/ld_ROS/devel/.private/actions_tutorial/include/actions_tutorial/WashTheDishesResult.h, /home/tthmatt/ld_ROS/devel/include/actions_tutorial/WashTheDishesResult.h)
Linked: (/home/tthmatt/ld_ROS/devel/.private/actions_tutorial/include/actions_tutorial/dockResult.h, /home/tthmatt/ld_ROS/devel/include/actions_tutorial/dockResult.h)
Linked: (/home/tthmatt/ld_ROS/devel/.private/actions_tutorial/include/actions_tutorial/WashTheDishesFeedback.h, /home/tthmatt/ld_ROS/devel/include/actions_tutorial/WashTheDishesFeedback.h)
Linked: (/home/tthmatt/ld_ROS/devel/.private/actions_tutorial/include/actions_tutorial/WashTheDishesGoal.h, /home/tthmatt/ld_ROS/devel/include/actions_tutorial/WashTheDishesGoal.h)
Linked: (/home/tthmatt/ld_ROS/devel/.private/actions_tutorial/include/actions_tutorial/WashTheDishesAction.h, /home/tthmatt/ld_ROS/devel/include/actions_tutorial/WashTheDishesAction.h)
Linked: (/home/tthmatt/ld_ROS/devel/.private/actions_tutorial/include/actions_tutorial/WashTheDishesActionResult.h, /home/tthmatt/ld_ROS/devel/include/actions_tutorial/WashTheDishesActionResult.h)
Linked: (/home/tthmatt/ld_ROS/devel/.private/actions_tutorial/include/actions_tutorial/WashTheDishesActionFeedback.h, /home/tthmatt/ld_ROS/devel/include/actions_tutorial/WashTheDishesActionFeedback.h)
Linked: (/home/tthmatt/ld_ROS/devel/.private/actions_tutorial/include/actions_tutorial/DockActionGoal.h, /home/tthmatt/ld_ROS/devel/include/actions_tutorial/DockActionGoal.h)
Linked: (/home/tthmatt/ld_ROS/devel/.private/actions_tutorial/include/actions_tutorial/DockAction.h, /home/tthmatt/ld_ROS/devel/include/actions_tutorial/DockAction.h)
Linked: (/home/tthmatt/ld_ROS/devel/.private/actions_tutorial/include/actions_tutorial/dockAction.h, /home/tthmatt/ld_ROS/devel/include/actions_tutorial/dockAction.h)
Linked: (/home/tthmatt/ld_ROS/devel/.private/actions_tutorial/include/actions_tutorial/DockFeedback.h, /home/tthmatt/ld_ROS/devel/include/actions_tutorial/DockFeedback.h)
Linked: (/home/tthmatt/ld_ROS/devel/.private/actions_tutorial/include/actions_tutorial/DockGoal.h, /home/tthmatt/ld_ROS/devel/include/actions_tutorial/DockGoal.h)
Linked: (/home/tthmatt/ld_ROS/devel/.private/actions_tutorial/include/actions_tutorial/dockActionResult.h, /home/tthmatt/ld_ROS/devel/include/actions_tutorial/dockActionResult.h)
Linked: (/home/tthmatt/ld_ROS/devel/.private/actions_tutorial/include/actions_tutorial/dockActionFeedback.h, /home/tthmatt/ld_ROS/devel/include/actions_tutorial/dockActionFeedback.h)
Linked: (/home/tthmatt/ld_ROS/devel/.private/actions_tutorial/include/actions_tutorial/dockFeedback.h, /home/tthmatt/ld_ROS/devel/include/actions_tutorial/dockFeedback.h)
Linked: (/home/tthmatt/ld_ROS/devel/.private/actions_tutorial/include/actions_tutorial/DockActionFeedback.h, /home/tthmatt/ld_ROS/devel/include/actions_tutorial/DockActionFeedback.h)
Linked: (/home/tthmatt/ld_ROS/devel/.private/actions_tutorial/include/actions_tutorial/DockActionResult.h, /home/tthmatt/ld_ROS/devel/include/actions_tutorial/DockActionResult.h)
Linked: (/home/tthmatt/ld_ROS/devel/.private/actions_tutorial/include/actions_tutorial/dockGoal.h, /home/tthmatt/ld_ROS/devel/include/actions_tutorial/dockGoal.h)
Linked: (/home/tthmatt/ld_ROS/devel/.private/actions_tutorial/include/actions_tutorial/dockActionGoal.h, /home/tthmatt/ld_ROS/devel/include/actions_tutorial/dockActionGoal.h)
Linked: (/home/tthmatt/ld_ROS/devel/.private/actions_tutorial/include/actions_tutorial/DockResult.h, /home/tthmatt/ld_ROS/devel/include/actions_tutorial/DockResult.h)
