Linked: (/home/tthmatt/ld_ROS/devel/.private/actions_tutorial/lib/python2.7/dist-packages/actions_tutorial/__init__.py, /home/tthmatt/ld_ROS/devel/lib/python2.7/dist-packages/actions_tutorial/__init__.py)
Symlinking /home/tthmatt/ld_ROS/devel/lib/python2.7/dist-packages/actions_tutorial/msg/_WashTheDishesActionResult.py
Linked: (/home/tthmatt/ld_ROS/devel/.private/actions_tutorial/lib/python2.7/dist-packages/actions_tutorial/msg/__init__.py, /home/tthmatt/ld_ROS/devel/lib/python2.7/dist-packages/actions_tutorial/msg/__init__.py)
Symlinking /home/tthmatt/ld_ROS/devel/lib/python2.7/dist-packages/actions_tutorial/msg/_WashTheDishesResult.py
Linked: (/home/tthmatt/ld_ROS/devel/.private/actions_tutorial/lib/python2.7/dist-packages/actions_tutorial/msg/_dockResult.py, /home/tthmatt/ld_ROS/devel/lib/python2.7/dist-packages/actions_tutorial/msg/_dockResult.py)
Symlinking /home/tthmatt/ld_ROS/devel/lib/python2.7/dist-packages/actions_tutorial/msg/_WashTheDishesAction.py
Linked: (/home/tthmatt/ld_ROS/devel/.private/actions_tutorial/lib/python2.7/dist-packages/actions_tutorial/msg/_dockGoal.py, /home/tthmatt/ld_ROS/devel/lib/python2.7/dist-packages/actions_tutorial/msg/_dockGoal.py)
Symlinking /home/tthmatt/ld_ROS/devel/lib/python2.7/dist-packages/actions_tutorial/msg/_WashTheDishesFeedback.py
Linked: (/home/tthmatt/ld_ROS/devel/.private/actions_tutorial/lib/python2.7/dist-packages/actions_tutorial/msg/_dockActionResult.py, /home/tthmatt/ld_ROS/devel/lib/python2.7/dist-packages/actions_tutorial/msg/_dockActionResult.py)
Linked: (/home/tthmatt/ld_ROS/devel/.private/actions_tutorial/lib/python2.7/dist-packages/actions_tutorial/msg/_dockActionGoal.py, /home/tthmatt/ld_ROS/devel/lib/python2.7/dist-packages/actions_tutorial/msg/_dockActionGoal.py)
Symlinking /home/tthmatt/ld_ROS/devel/lib/python2.7/dist-packages/actions_tutorial/msg/_WashTheDishesActionFeedback.py
Symlinking /home/tthmatt/ld_ROS/devel/lib/python2.7/dist-packages/actions_tutorial/msg/_WashTheDishesGoal.py
Linked: (/home/tthmatt/ld_ROS/devel/.private/actions_tutorial/lib/python2.7/dist-packages/actions_tutorial/msg/_dockActionFeedback.py, /home/tthmatt/ld_ROS/devel/lib/python2.7/dist-packages/actions_tutorial/msg/_dockActionFeedback.py)
Linked: (/home/tthmatt/ld_ROS/devel/.private/actions_tutorial/lib/python2.7/dist-packages/actions_tutorial/msg/_dockAction.py, /home/tthmatt/ld_ROS/devel/lib/python2.7/dist-packages/actions_tutorial/msg/_dockAction.py)
Linked: (/home/tthmatt/ld_ROS/devel/.private/actions_tutorial/lib/python2.7/dist-packages/actions_tutorial/msg/_dockFeedback.py, /home/tthmatt/ld_ROS/devel/lib/python2.7/dist-packages/actions_tutorial/msg/_dockFeedback.py)
Symlinking /home/tthmatt/ld_ROS/devel/lib/python2.7/dist-packages/actions_tutorial/msg/_WashTheDishesActionGoal.py
Linked: (/home/tthmatt/ld_ROS/devel/.private/actions_tutorial/lib/pkgconfig/actions_tutorial.pc, /home/tthmatt/ld_ROS/devel/lib/pkgconfig/actions_tutorial.pc)
Linked: (/home/tthmatt/ld_ROS/devel/.private/actions_tutorial/share/actions_tutorial/cmake/actions_tutorialConfig-version.cmake, /home/tthmatt/ld_ROS/devel/share/actions_tutorial/cmake/actions_tutorialConfig-version.cmake)
Linked: (/home/tthmatt/ld_ROS/devel/.private/actions_tutorial/share/actions_tutorial/cmake/actions_tutorial-msg-paths.cmake, /home/tthmatt/ld_ROS/devel/share/actions_tutorial/cmake/actions_tutorial-msg-paths.cmake)
Linked: (/home/tthmatt/ld_ROS/devel/.private/actions_tutorial/share/actions_tutorial/cmake/actions_tutorialConfig.cmake, /home/tthmatt/ld_ROS/devel/share/actions_tutorial/cmake/actions_tutorialConfig.cmake)
Linked: (/home/tthmatt/ld_ROS/devel/.private/actions_tutorial/share/actions_tutorial/cmake/actions_tutorial-msg-extras.cmake, /home/tthmatt/ld_ROS/devel/share/actions_tutorial/cmake/actions_tutorial-msg-extras.cmake)
Symlinking /home/tthmatt/ld_ROS/devel/share/actions_tutorial/msg/WashTheDishesActionGoal.msg
Symlinking /home/tthmatt/ld_ROS/devel/share/actions_tutorial/msg/WashTheDishesActionResult.msg
Linked: (/home/tthmatt/ld_ROS/devel/.private/actions_tutorial/share/actions_tutorial/msg/dockAction.msg, /home/tthmatt/ld_ROS/devel/share/actions_tutorial/msg/dockAction.msg)
Symlinking /home/tthmatt/ld_ROS/devel/share/actions_tutorial/msg/WashTheDishesResult.msg
Symlinking /home/tthmatt/ld_ROS/devel/share/actions_tutorial/msg/WashTheDishesGoal.msg
Linked: (/home/tthmatt/ld_ROS/devel/.private/actions_tutorial/share/actions_tutorial/msg/dockActionGoal.msg, /home/tthmatt/ld_ROS/devel/share/actions_tutorial/msg/dockActionGoal.msg)
Linked: (/home/tthmatt/ld_ROS/devel/.private/actions_tutorial/share/actions_tutorial/msg/dockActionResult.msg, /home/tthmatt/ld_ROS/devel/share/actions_tutorial/msg/dockActionResult.msg)
Linked: (/home/tthmatt/ld_ROS/devel/.private/actions_tutorial/share/actions_tutorial/msg/dockFeedback.msg, /home/tthmatt/ld_ROS/devel/share/actions_tutorial/msg/dockFeedback.msg)
Linked: (/home/tthmatt/ld_ROS/devel/.private/actions_tutorial/share/actions_tutorial/msg/dockResult.msg, /home/tthmatt/ld_ROS/devel/share/actions_tutorial/msg/dockResult.msg)
Linked: (/home/tthmatt/ld_ROS/devel/.private/actions_tutorial/share/actions_tutorial/msg/dockGoal.msg, /home/tthmatt/ld_ROS/devel/share/actions_tutorial/msg/dockGoal.msg)
Symlinking /home/tthmatt/ld_ROS/devel/share/actions_tutorial/msg/WashTheDishesActionFeedback.msg
Linked: (/home/tthmatt/ld_ROS/devel/.private/actions_tutorial/share/actions_tutorial/msg/dockActionFeedback.msg, /home/tthmatt/ld_ROS/devel/share/actions_tutorial/msg/dockActionFeedback.msg)
Symlinking /home/tthmatt/ld_ROS/devel/share/actions_tutorial/msg/WashTheDishesAction.msg
Symlinking /home/tthmatt/ld_ROS/devel/share/actions_tutorial/msg/WashTheDishesFeedback.msg
Symlinking /home/tthmatt/ld_ROS/devel/share/common-lisp/ros/actions_tutorial/msg/_package_WashTheDishesGoal.lisp
Linked: (/home/tthmatt/ld_ROS/devel/.private/actions_tutorial/share/common-lisp/ros/actions_tutorial/msg/_package_dockResult.lisp, /home/tthmatt/ld_ROS/devel/share/common-lisp/ros/actions_tutorial/msg/_package_dockResult.lisp)
Symlinking /home/tthmatt/ld_ROS/devel/share/common-lisp/ros/actions_tutorial/msg/WashTheDishesGoal.lisp
Linked: (/home/tthmatt/ld_ROS/devel/.private/actions_tutorial/share/common-lisp/ros/actions_tutorial/msg/_package_dockFeedback.lisp, /home/tthmatt/ld_ROS/devel/share/common-lisp/ros/actions_tutorial/msg/_package_dockFeedback.lisp)
Linked: (/home/tthmatt/ld_ROS/devel/.private/actions_tutorial/share/common-lisp/ros/actions_tutorial/msg/dockFeedback.lisp, /home/tthmatt/ld_ROS/devel/share/common-lisp/ros/actions_tutorial/msg/dockFeedback.lisp)
Symlinking /home/tthmatt/ld_ROS/devel/share/common-lisp/ros/actions_tutorial/msg/_package_WashTheDishesActionGoal.lisp
Linked: (/home/tthmatt/ld_ROS/devel/.private/actions_tutorial/share/common-lisp/ros/actions_tutorial/msg/_package.lisp, /home/tthmatt/ld_ROS/devel/share/common-lisp/ros/actions_tutorial/msg/_package.lisp)
Linked: (/home/tthmatt/ld_ROS/devel/.private/actions_tutorial/share/common-lisp/ros/actions_tutorial/msg/dockActionGoal.lisp, /home/tthmatt/ld_ROS/devel/share/common-lisp/ros/actions_tutorial/msg/dockActionGoal.lisp)
Linked: (/home/tthmatt/ld_ROS/devel/.private/actions_tutorial/share/common-lisp/ros/actions_tutorial/msg/dockGoal.lisp, /home/tthmatt/ld_ROS/devel/share/common-lisp/ros/actions_tutorial/msg/dockGoal.lisp)
Linked: (/home/tthmatt/ld_ROS/devel/.private/actions_tutorial/share/common-lisp/ros/actions_tutorial/msg/_package_dockActionFeedback.lisp, /home/tthmatt/ld_ROS/devel/share/common-lisp/ros/actions_tutorial/msg/_package_dockActionFeedback.lisp)
Symlinking /home/tthmatt/ld_ROS/devel/share/common-lisp/ros/actions_tutorial/msg/_package_WashTheDishesAction.lisp
Symlinking /home/tthmatt/ld_ROS/devel/share/common-lisp/ros/actions_tutorial/msg/_package_WashTheDishesResult.lisp
Symlinking /home/tthmatt/ld_ROS/devel/share/common-lisp/ros/actions_tutorial/msg/WashTheDishesActionResult.lisp
Symlinking /home/tthmatt/ld_ROS/devel/share/common-lisp/ros/actions_tutorial/msg/WashTheDishesResult.lisp
Linked: (/home/tthmatt/ld_ROS/devel/.private/actions_tutorial/share/common-lisp/ros/actions_tutorial/msg/dockResult.lisp, /home/tthmatt/ld_ROS/devel/share/common-lisp/ros/actions_tutorial/msg/dockResult.lisp)
Symlinking /home/tthmatt/ld_ROS/devel/share/common-lisp/ros/actions_tutorial/msg/_package_WashTheDishesActionResult.lisp
Linked: (/home/tthmatt/ld_ROS/devel/.private/actions_tutorial/share/common-lisp/ros/actions_tutorial/msg/_package_dockAction.lisp, /home/tthmatt/ld_ROS/devel/share/common-lisp/ros/actions_tutorial/msg/_package_dockAction.lisp)
Linked: (/home/tthmatt/ld_ROS/devel/.private/actions_tutorial/share/common-lisp/ros/actions_tutorial/msg/_package_dockActionGoal.lisp, /home/tthmatt/ld_ROS/devel/share/common-lisp/ros/actions_tutorial/msg/_package_dockActionGoal.lisp)
Symlinking /home/tthmatt/ld_ROS/devel/share/common-lisp/ros/actions_tutorial/msg/WashTheDishesFeedback.lisp
Symlinking /home/tthmatt/ld_ROS/devel/share/common-lisp/ros/actions_tutorial/msg/_package_WashTheDishesFeedback.lisp
Linked: (/home/tthmatt/ld_ROS/devel/.private/actions_tutorial/share/common-lisp/ros/actions_tutorial/msg/_package_dockActionResult.lisp, /home/tthmatt/ld_ROS/devel/share/common-lisp/ros/actions_tutorial/msg/_package_dockActionResult.lisp)
Linked: (/home/tthmatt/ld_ROS/devel/.private/actions_tutorial/share/common-lisp/ros/actions_tutorial/msg/dockActionFeedback.lisp, /home/tthmatt/ld_ROS/devel/share/common-lisp/ros/actions_tutorial/msg/dockActionFeedback.lisp)
Symlinking /home/tthmatt/ld_ROS/devel/share/common-lisp/ros/actions_tutorial/msg/WashTheDishesActionFeedback.lisp
Linked: (/home/tthmatt/ld_ROS/devel/.private/actions_tutorial/share/common-lisp/ros/actions_tutorial/msg/dockAction.lisp, /home/tthmatt/ld_ROS/devel/share/common-lisp/ros/actions_tutorial/msg/dockAction.lisp)
Linked: (/home/tthmatt/ld_ROS/devel/.private/actions_tutorial/share/common-lisp/ros/actions_tutorial/msg/_package_dockGoal.lisp, /home/tthmatt/ld_ROS/devel/share/common-lisp/ros/actions_tutorial/msg/_package_dockGoal.lisp)
Symlinking /home/tthmatt/ld_ROS/devel/share/common-lisp/ros/actions_tutorial/msg/WashTheDishesActionGoal.lisp
Linked: (/home/tthmatt/ld_ROS/devel/.private/actions_tutorial/share/common-lisp/ros/actions_tutorial/msg/actions_tutorial-msg.asd, /home/tthmatt/ld_ROS/devel/share/common-lisp/ros/actions_tutorial/msg/actions_tutorial-msg.asd)
Symlinking /home/tthmatt/ld_ROS/devel/share/common-lisp/ros/actions_tutorial/msg/WashTheDishesAction.lisp
Linked: (/home/tthmatt/ld_ROS/devel/.private/actions_tutorial/share/common-lisp/ros/actions_tutorial/msg/dockActionResult.lisp, /home/tthmatt/ld_ROS/devel/share/common-lisp/ros/actions_tutorial/msg/dockActionResult.lisp)
Symlinking /home/tthmatt/ld_ROS/devel/share/common-lisp/ros/actions_tutorial/msg/_package_WashTheDishesActionFeedback.lisp
Linked: (/home/tthmatt/ld_ROS/devel/.private/actions_tutorial/share/gennodejs/ros/actions_tutorial/_index.js, /home/tthmatt/ld_ROS/devel/share/gennodejs/ros/actions_tutorial/_index.js)
Linked: (/home/tthmatt/ld_ROS/devel/.private/actions_tutorial/share/gennodejs/ros/actions_tutorial/msg/dockGoal.js, /home/tthmatt/ld_ROS/devel/share/gennodejs/ros/actions_tutorial/msg/dockGoal.js)
Linked: (/home/tthmatt/ld_ROS/devel/.private/actions_tutorial/share/gennodejs/ros/actions_tutorial/msg/dockActionFeedback.js, /home/tthmatt/ld_ROS/devel/share/gennodejs/ros/actions_tutorial/msg/dockActionFeedback.js)
Linked: (/home/tthmatt/ld_ROS/devel/.private/actions_tutorial/share/gennodejs/ros/actions_tutorial/msg/dockActionResult.js, /home/tthmatt/ld_ROS/devel/share/gennodejs/ros/actions_tutorial/msg/dockActionResult.js)
Linked: (/home/tthmatt/ld_ROS/devel/.private/actions_tutorial/share/gennodejs/ros/actions_tutorial/msg/dockResult.js, /home/tthmatt/ld_ROS/devel/share/gennodejs/ros/actions_tutorial/msg/dockResult.js)
Linked: (/home/tthmatt/ld_ROS/devel/.private/actions_tutorial/share/gennodejs/ros/actions_tutorial/msg/_index.js, /home/tthmatt/ld_ROS/devel/share/gennodejs/ros/actions_tutorial/msg/_index.js)
Symlinking /home/tthmatt/ld_ROS/devel/share/gennodejs/ros/actions_tutorial/msg/WashTheDishesAction.js
Symlinking /home/tthmatt/ld_ROS/devel/share/gennodejs/ros/actions_tutorial/msg/WashTheDishesFeedback.js
Symlinking /home/tthmatt/ld_ROS/devel/share/gennodejs/ros/actions_tutorial/msg/WashTheDishesActionGoal.js
Symlinking /home/tthmatt/ld_ROS/devel/share/gennodejs/ros/actions_tutorial/msg/WashTheDishesResult.js
Linked: (/home/tthmatt/ld_ROS/devel/.private/actions_tutorial/share/gennodejs/ros/actions_tutorial/msg/dockActionGoal.js, /home/tthmatt/ld_ROS/devel/share/gennodejs/ros/actions_tutorial/msg/dockActionGoal.js)
Symlinking /home/tthmatt/ld_ROS/devel/share/gennodejs/ros/actions_tutorial/msg/WashTheDishesActionFeedback.js
Linked: (/home/tthmatt/ld_ROS/devel/.private/actions_tutorial/share/gennodejs/ros/actions_tutorial/msg/dockAction.js, /home/tthmatt/ld_ROS/devel/share/gennodejs/ros/actions_tutorial/msg/dockAction.js)
Symlinking /home/tthmatt/ld_ROS/devel/share/gennodejs/ros/actions_tutorial/msg/WashTheDishesActionResult.js
Linked: (/home/tthmatt/ld_ROS/devel/.private/actions_tutorial/share/gennodejs/ros/actions_tutorial/msg/dockFeedback.js, /home/tthmatt/ld_ROS/devel/share/gennodejs/ros/actions_tutorial/msg/dockFeedback.js)
Symlinking /home/tthmatt/ld_ROS/devel/share/gennodejs/ros/actions_tutorial/msg/WashTheDishesGoal.js
Linked: (/home/tthmatt/ld_ROS/devel/.private/actions_tutorial/share/roseus/ros/actions_tutorial/manifest.l, /home/tthmatt/ld_ROS/devel/share/roseus/ros/actions_tutorial/manifest.l)
Linked: (/home/tthmatt/ld_ROS/devel/.private/actions_tutorial/share/roseus/ros/actions_tutorial/msg/dockFeedback.l, /home/tthmatt/ld_ROS/devel/share/roseus/ros/actions_tutorial/msg/dockFeedback.l)
Symlinking /home/tthmatt/ld_ROS/devel/share/roseus/ros/actions_tutorial/msg/WashTheDishesGoal.l
Symlinking /home/tthmatt/ld_ROS/devel/share/roseus/ros/actions_tutorial/msg/WashTheDishesFeedback.l
Symlinking /home/tthmatt/ld_ROS/devel/share/roseus/ros/actions_tutorial/msg/WashTheDishesActionFeedback.l
Linked: (/home/tthmatt/ld_ROS/devel/.private/actions_tutorial/share/roseus/ros/actions_tutorial/msg/dockActionResult.l, /home/tthmatt/ld_ROS/devel/share/roseus/ros/actions_tutorial/msg/dockActionResult.l)
Symlinking /home/tthmatt/ld_ROS/devel/share/roseus/ros/actions_tutorial/msg/WashTheDishesActionResult.l
Symlinking /home/tthmatt/ld_ROS/devel/share/roseus/ros/actions_tutorial/msg/WashTheDishesAction.l
Linked: (/home/tthmatt/ld_ROS/devel/.private/actions_tutorial/share/roseus/ros/actions_tutorial/msg/dockAction.l, /home/tthmatt/ld_ROS/devel/share/roseus/ros/actions_tutorial/msg/dockAction.l)
Linked: (/home/tthmatt/ld_ROS/devel/.private/actions_tutorial/share/roseus/ros/actions_tutorial/msg/dockGoal.l, /home/tthmatt/ld_ROS/devel/share/roseus/ros/actions_tutorial/msg/dockGoal.l)
Symlinking /home/tthmatt/ld_ROS/devel/share/roseus/ros/actions_tutorial/msg/WashTheDishesActionGoal.l
Linked: (/home/tthmatt/ld_ROS/devel/.private/actions_tutorial/share/roseus/ros/actions_tutorial/msg/dockActionFeedback.l, /home/tthmatt/ld_ROS/devel/share/roseus/ros/actions_tutorial/msg/dockActionFeedback.l)
Symlinking /home/tthmatt/ld_ROS/devel/share/roseus/ros/actions_tutorial/msg/WashTheDishesResult.l
Linked: (/home/tthmatt/ld_ROS/devel/.private/actions_tutorial/share/roseus/ros/actions_tutorial/msg/dockResult.l, /home/tthmatt/ld_ROS/devel/share/roseus/ros/actions_tutorial/msg/dockResult.l)
Linked: (/home/tthmatt/ld_ROS/devel/.private/actions_tutorial/share/roseus/ros/actions_tutorial/msg/dockActionGoal.l, /home/tthmatt/ld_ROS/devel/share/roseus/ros/actions_tutorial/msg/dockActionGoal.l)
Symlinking /home/tthmatt/ld_ROS/devel/include/actions_tutorial/WashTheDishesActionGoal.h
Symlinking /home/tthmatt/ld_ROS/devel/include/actions_tutorial/WashTheDishesResult.h
Linked: (/home/tthmatt/ld_ROS/devel/.private/actions_tutorial/include/actions_tutorial/dockResult.h, /home/tthmatt/ld_ROS/devel/include/actions_tutorial/dockResult.h)
Symlinking /home/tthmatt/ld_ROS/devel/include/actions_tutorial/WashTheDishesFeedback.h
Symlinking /home/tthmatt/ld_ROS/devel/include/actions_tutorial/WashTheDishesGoal.h
Symlinking /home/tthmatt/ld_ROS/devel/include/actions_tutorial/WashTheDishesAction.h
Symlinking /home/tthmatt/ld_ROS/devel/include/actions_tutorial/WashTheDishesActionResult.h
Symlinking /home/tthmatt/ld_ROS/devel/include/actions_tutorial/WashTheDishesActionFeedback.h
Linked: (/home/tthmatt/ld_ROS/devel/.private/actions_tutorial/include/actions_tutorial/dockAction.h, /home/tthmatt/ld_ROS/devel/include/actions_tutorial/dockAction.h)
Linked: (/home/tthmatt/ld_ROS/devel/.private/actions_tutorial/include/actions_tutorial/dockActionResult.h, /home/tthmatt/ld_ROS/devel/include/actions_tutorial/dockActionResult.h)
Linked: (/home/tthmatt/ld_ROS/devel/.private/actions_tutorial/include/actions_tutorial/dockActionFeedback.h, /home/tthmatt/ld_ROS/devel/include/actions_tutorial/dockActionFeedback.h)
Linked: (/home/tthmatt/ld_ROS/devel/.private/actions_tutorial/include/actions_tutorial/dockFeedback.h, /home/tthmatt/ld_ROS/devel/include/actions_tutorial/dockFeedback.h)
Linked: (/home/tthmatt/ld_ROS/devel/.private/actions_tutorial/include/actions_tutorial/dockGoal.h, /home/tthmatt/ld_ROS/devel/include/actions_tutorial/dockGoal.h)
Linked: (/home/tthmatt/ld_ROS/devel/.private/actions_tutorial/include/actions_tutorial/dockActionGoal.h, /home/tthmatt/ld_ROS/devel/include/actions_tutorial/dockActionGoal.h)
