Symlinking /home/tthmatt/ld_ROS/devel/lib/python2.7/dist-packages/ld_services/__init__.py
Symlinking /home/tthmatt/ld_ROS/devel/lib/python2.7/dist-packages/ld_services/srv/_ServiceExample.py
Symlinking /home/tthmatt/ld_ROS/devel/lib/python2.7/dist-packages/ld_services/srv/__init__.py
Linked: (/home/tthmatt/ld_ROS/devel/.private/ld_services/lib/pkgconfig/ld_services.pc, /home/tthmatt/ld_ROS/devel/lib/pkgconfig/ld_services.pc)
Linked: (/home/tthmatt/ld_ROS/devel/.private/ld_services/share/ld_services/cmake/ld_servicesConfig.cmake, /home/tthmatt/ld_ROS/devel/share/ld_services/cmake/ld_servicesConfig.cmake)
Linked: (/home/tthmatt/ld_ROS/devel/.private/ld_services/share/ld_services/cmake/ld_servicesConfig-version.cmake, /home/tthmatt/ld_ROS/devel/share/ld_services/cmake/ld_servicesConfig-version.cmake)
Symlinking /home/tthmatt/ld_ROS/devel/share/ld_services/cmake/ld_services-msg-paths.cmake
Symlinking /home/tthmatt/ld_ROS/devel/share/ld_services/cmake/ld_services-msg-extras.cmake
Symlinking /home/tthmatt/ld_ROS/devel/share/common-lisp/ros/ld_services/srv/_package.lisp
Symlinking /home/tthmatt/ld_ROS/devel/share/common-lisp/ros/ld_services/srv/_package_ServiceExample.lisp
Symlinking /home/tthmatt/ld_ROS/devel/share/common-lisp/ros/ld_services/srv/ServiceExample.lisp
Symlinking /home/tthmatt/ld_ROS/devel/share/common-lisp/ros/ld_services/srv/ld_services-srv.asd
Symlinking /home/tthmatt/ld_ROS/devel/share/gennodejs/ros/ld_services/_index.js
Symlinking /home/tthmatt/ld_ROS/devel/share/gennodejs/ros/ld_services/srv/_index.js
Symlinking /home/tthmatt/ld_ROS/devel/share/gennodejs/ros/ld_services/srv/ServiceExample.js
Symlinking /home/tthmatt/ld_ROS/devel/share/roseus/ros/ld_services/manifest.l
Symlinking /home/tthmatt/ld_ROS/devel/share/roseus/ros/ld_services/srv/ServiceExample.l
Symlinking /home/tthmatt/ld_ROS/devel/include/ld_services/ServiceExample.h
Symlinking /home/tthmatt/ld_ROS/devel/include/ld_services/ServiceExampleRequest.h
Symlinking /home/tthmatt/ld_ROS/devel/include/ld_services/ServiceExampleResponse.h
