[35m[1mScanning dependencies of target _ld_services_generate_messages_check_deps_ServiceExample[0m
[35m[1mScanning dependencies of target std_msgs_generate_messages_py[0m
[  0%] Built target std_msgs_generate_messages_py
[35m[1mScanning dependencies of target std_msgs_generate_messages_nodejs[0m
[  0%] Built target std_msgs_generate_messages_nodejs
[  0%] Built target _ld_services_generate_messages_check_deps_ServiceExample
[35m[1mScanning dependencies of target std_msgs_generate_messages_eus[0m
[35m[1mScanning dependencies of target std_msgs_generate_messages_cpp[0m
[  0%] Built target std_msgs_generate_messages_eus
[35m[1mScanning dependencies of target std_msgs_generate_messages_lisp[0m
[  0%] Built target std_msgs_generate_messages_cpp
[  0%] Built target std_msgs_generate_messages_lisp
[35m[1mScanning dependencies of target ld_services_generate_messages_py[0m
[35m[1mScanning dependencies of target ld_services_generate_messages_nodejs[0m
[ 14%] [34m[1mGenerating Python code from SRV ld_services/ServiceExample[0m
[ 28%] [34m[1mGenerating Javascript code from ld_services/ServiceExample.srv[0m
[ 28%] Built target ld_services_generate_messages_nodejs
[35m[1mScanning dependencies of target ld_services_generate_messages_cpp[0m
[ 42%] [34m[1mGenerating C++ code from ld_services/ServiceExample.srv[0m
[ 57%] [34m[1mGenerating Python srv __init__.py for ld_services[0m
[ 57%] Built target ld_services_generate_messages_py
[35m[1mScanning dependencies of target ld_services_generate_messages_eus[0m
[ 71%] [34m[1mGenerating EusLisp code from ld_services/ServiceExample.srv[0m
[ 85%] [34m[1mGenerating EusLisp manifest code for ld_services[0m
[ 85%] Built target ld_services_generate_messages_cpp
[35m[1mScanning dependencies of target ld_services_generate_messages_lisp[0m
[100%] [34m[1mGenerating Lisp code from ld_services/ServiceExample.srv[0m
[100%] Built target ld_services_generate_messages_lisp
[100%] Built target ld_services_generate_messages_eus
[35m[1mScanning dependencies of target ld_services_generate_messages[0m
[100%] Built target ld_services_generate_messages
