[  0%] Built target _ld_actions_generate_messages_check_deps_DockAction
[  0%] Built target _ld_actions_generate_messages_check_deps_DockActionGoal
[  0%] Built target _ld_actions_generate_messages_check_deps_DoTaskActionGoal
[  0%] Built target _ld_actions_generate_messages_check_deps_ExecuteMacroActionResult
[  0%] Built target actionlib_msgs_generate_messages_nodejs
[  0%] Built target _ld_actions_generate_messages_check_deps_ExecuteMacroGoal
[  0%] Built target _ld_actions_generate_messages_check_deps_DoTaskGoal
[  0%] Built target _ld_actions_generate_messages_check_deps_DoTaskActionFeedback
[  0%] Built target _ld_actions_generate_messages_check_deps_DoTaskActionResult
[  0%] Built target _ld_actions_generate_messages_check_deps_ExecuteMacroFeedback
[  0%] Built target _ld_actions_generate_messages_check_deps_DoTaskResult
[  0%] Built target _ld_actions_generate_messages_check_deps_DoTaskFeedback
[  0%] Built target _ld_actions_generate_messages_check_deps_DockActionResult
[  0%] Built target _ld_actions_generate_messages_check_deps_DockResult
[  0%] Built target _ld_actions_generate_messages_check_deps_ExecuteMacroAction
[  0%] Built target _ld_actions_generate_messages_check_deps_DockFeedback
[  0%] Built target _ld_actions_generate_messages_check_deps_ExecuteMacroActionFeedback
[  0%] Built target _ld_actions_generate_messages_check_deps_ExecuteMacroActionGoal
[  0%] Built target _ld_actions_generate_messages_check_deps_ExecuteMacroResult
[  0%] Built target actionlib_msgs_generate_messages_py
[  0%] Built target _ld_actions_generate_messages_check_deps_DoTaskAction
[  0%] Built target _ld_actions_generate_messages_check_deps_DockGoal
[  0%] Built target _ld_actions_generate_messages_check_deps_DockActionFeedback
[  0%] Built target actionlib_msgs_generate_messages_lisp
[  0%] Built target actionlib_msgs_generate_messages_eus
[  0%] Built target actionlib_msgs_generate_messages_cpp
[  1%] [34m[1mGenerating Javascript code from ld_actions/ExecuteMacroResult.msg[0m
[  2%] [34m[1mGenerating Lisp code from ld_actions/ExecuteMacroResult.msg[0m
[  3%] [34m[1mGenerating Python from MSG ld_actions/ExecuteMacroResult[0m
[  4%] [34m[1mGenerating EusLisp code from ld_actions/ExecuteMacroResult.msg[0m
[  5%] [34m[1mGenerating Javascript code from ld_actions/ExecuteMacroActionFeedback.msg[0m
[  6%] [34m[1mGenerating Lisp code from ld_actions/ExecuteMacroActionFeedback.msg[0m
[  7%] [34m[1mGenerating EusLisp code from ld_actions/ExecuteMacroActionFeedback.msg[0m
[  8%] [34m[1mGenerating Lisp code from ld_actions/ExecuteMacroFeedback.msg[0m
[  9%] [34m[1mGenerating Javascript code from ld_actions/ExecuteMacroFeedback.msg[0m
[ 10%] [34m[1mGenerating Python from MSG ld_actions/ExecuteMacroActionFeedback[0m
[ 12%] [34m[1mGenerating Lisp code from ld_actions/ExecuteMacroActionResult.msg[0m
[ 13%] [34m[1mGenerating Javascript code from ld_actions/ExecuteMacroActionResult.msg[0m
[ 14%] [34m[1mGenerating EusLisp code from ld_actions/ExecuteMacroFeedback.msg[0m
[ 15%] [34m[1mGenerating Lisp code from ld_actions/ExecuteMacroActionGoal.msg[0m
[ 16%] [34m[1mGenerating Javascript code from ld_actions/ExecuteMacroActionGoal.msg[0m
[ 17%] [34m[1mGenerating Python from MSG ld_actions/ExecuteMacroFeedback[0m
[ 18%] [34m[1mGenerating EusLisp code from ld_actions/ExecuteMacroActionResult.msg[0m
[ 18%] [34m[1mGenerating Lisp code from ld_actions/ExecuteMacroGoal.msg[0m
[ 19%] [34m[1mGenerating Javascript code from ld_actions/ExecuteMacroGoal.msg[0m
[ 20%] [34m[1mGenerating Lisp code from ld_actions/ExecuteMacroAction.msg[0m
[ 21%] [34m[1mGenerating Javascript code from ld_actions/ExecuteMacroAction.msg[0m
[ 23%] [34m[1mGenerating EusLisp code from ld_actions/ExecuteMacroActionGoal.msg[0m
[ 24%] [34m[1mGenerating Python from MSG ld_actions/ExecuteMacroActionResult[0m
[ 37%] Built target ld_actions_generate_messages_lisp
[ 49%] Built target ld_actions_generate_messages_nodejs
[ 50%] [34m[1mGenerating EusLisp code from ld_actions/ExecuteMacroGoal.msg[0m
[ 51%] [34m[1mGenerating C++ code from ld_actions/ExecuteMacroResult.msg[0m
[ 52%] [34m[1mGenerating EusLisp code from ld_actions/ExecuteMacroAction.msg[0m
[ 53%] [34m[1mGenerating C++ code from ld_actions/ExecuteMacroActionFeedback.msg[0m
[ 53%] [34m[1mGenerating Python from MSG ld_actions/ExecuteMacroActionGoal[0m
[ 65%] Built target ld_actions_generate_messages_eus
[ 67%] [34m[1mGenerating Python from MSG ld_actions/ExecuteMacroGoal[0m
[ 68%] [34m[1mGenerating C++ code from ld_actions/ExecuteMacroFeedback.msg[0m
[ 69%] [34m[1mGenerating Python from MSG ld_actions/ExecuteMacroAction[0m
[ 70%] [34m[1mGenerating C++ code from ld_actions/ExecuteMacroActionResult.msg[0m
[ 70%] [34m[1mGenerating C++ code from ld_actions/ExecuteMacroActionGoal.msg[0m
[ 71%] [34m[1mGenerating C++ code from ld_actions/ExecuteMacroGoal.msg[0m
[ 72%] [34m[1mGenerating Python msg __init__.py for ld_actions[0m
[ 73%] [34m[1mGenerating C++ code from ld_actions/ExecuteMacroAction.msg[0m
[ 86%] Built target ld_actions_generate_messages_py
[100%] Built target ld_actions_generate_messages_cpp
[100%] Built target ld_actions_generate_messages
