[36m--[0m Using CATKIN_DEVEL_PREFIX: /home/tthmatt/ld_ROS/devel/.private/ld_actions
[36m--[0m Using CMAKE_PREFIX_PATH: /home/tthmatt/ld_ROS/devel;/home/tthmatt/ws/devel;/home/tthmatt/catkin_ws/devel;/opt/ros/melodic
[36m--[0m This workspace overlays: /home/tthmatt/ld_ROS/devel;/home/tthmatt/ws/devel;/home/tthmatt/catkin_ws/devel;/opt/ros/melodic
[36m--[0m Found PythonInterp: /usr/bin/python2 (found suitable version "2.7.15", minimum required is "2")
[36m--[0m Using PYTHON_EXECUTABLE: /usr/bin/python2
[36m--[0m Using Debian Python package layout
[36m--[0m Using empy: /usr/bin/empy
[36m--[0m Using CATKIN_ENABLE_TESTING: ON
[36m--[0m Call enable_testing()
[36m--[0m Using CATKIN_TEST_RESULTS_DIR: /home/tthmatt/ld_ROS/build/ld_actions/test_results
[36m--[0m Found gmock sources under '/usr/src/googletest': gmock will be built
[36m--[0m Found PythonInterp: /usr/bin/python2 (found version "2.7.15")
[36m--[0m Found gtest sources under '/usr/src/googletest': gtests will be built
[36m--[0m Using Python nosetests: /usr/bin/nosetests-2.7
[36m--[0m catkin 0.7.17
[36m--[0m BUILD_SHARED_LIBS is on
[36m--[0m Using these message generators: gencpp;geneus;genlisp;gennodejs;genpy
[31m[1mCMake Error[0m at /opt/ros/melodic/share/catkin/cmake/assert.cmake:20 (message):


  Assertion failed: file
  '/home/tthmatt/ld_ROS/src/ld_actions/action/PatrolResume' does not exist.
  Message: action file not found

[36mCall Stack (most recent call first):[0m
  /opt/ros/melodic/share/actionlib_msgs/cmake/actionlib_msgs-extras.cmake:35 (assert_file_exists)
  CMakeLists.txt:65 (add_action_files)


[36m--[0m Configuring incomplete, errors occurred!
See also "/home/tthmatt/ld_ROS/build/ld_actions/CMakeFiles/CMakeOutput.log".
See also "/home/tthmatt/ld_ROS/build/ld_actions/CMakeFiles/CMakeError.log".
Makefile:1118: recipe for target 'cmake_check_build_system' failed
make: *** [cmake_check_build_system] Error 1
