[35m[1mScanning dependencies of target _ld_actions_generate_messages_check_deps_UndockActionFeedback[0m
[  0%] Built target _ld_actions_generate_messages_check_deps_DockActionResult
[  0%] Built target _ld_actions_generate_messages_check_deps_UndockActionFeedback
[  0%] Built target _ld_actions_generate_messages_check_deps_DockGoal
[  0%] Built target _ld_actions_generate_messages_check_deps_DoTaskGoal
[35m[1mScanning dependencies of target _ld_actions_generate_messages_check_deps_UndockActionResult[0m
[  0%] Built target _ld_actions_generate_messages_check_deps_DoTaskAction
[  0%] Built target _ld_actions_generate_messages_check_deps_ExecuteMacroActionResult
[  0%] Built target _ld_actions_generate_messages_check_deps_GoToFeedback
[  0%] Built target _ld_actions_generate_messages_check_deps_UndockActionResult
[  0%] Built target _ld_actions_generate_messages_check_deps_PatrolResumeFeedback
[  0%] Built target _ld_actions_generate_messages_check_deps_PatrolOnceAction
[  0%] Built target _ld_actions_generate_messages_check_deps_StopFeedback
[35m[1mScanning dependencies of target _ld_actions_generate_messages_check_deps_UndockActionGoal[0m
[  0%] Built target _ld_actions_generate_messages_check_deps_PatrolResumeActionGoal
[35m[1mScanning dependencies of target _ld_actions_generate_messages_check_deps_UndockAction[0m
[  0%] Built target _ld_actions_generate_messages_check_deps_PatrolResumeGoal
[  0%] Built target _ld_actions_generate_messages_check_deps_UndockActionGoal
[  0%] Built target _ld_actions_generate_messages_check_deps_PlayFeedback
[  0%] Built target _ld_actions_generate_messages_check_deps_UndockAction
[35m[1mScanning dependencies of target _ld_actions_generate_messages_check_deps_UndockGoal[0m
[  0%] Built target _ld_actions_generate_messages_check_deps_UndockGoal
[  0%] Built target _ld_actions_generate_messages_check_deps_GoToActionResult
[  0%] Built target _ld_actions_generate_messages_check_deps_PatrolOnceFeedback
[35m[1mScanning dependencies of target _ld_actions_generate_messages_check_deps_UndockFeedback[0m
[  0%] Built target _ld_actions_generate_messages_check_deps_PlayActionResult
[  0%] Built target _ld_actions_generate_messages_check_deps_StopGoal
[  0%] Built target _ld_actions_generate_messages_check_deps_PlayGoal
[  0%] Built target _ld_actions_generate_messages_check_deps_UndockFeedback
[  0%] Built target _ld_actions_generate_messages_check_deps_GoToAction
[  0%] Built target _ld_actions_generate_messages_check_deps_PatrolResumeActionResult
[  0%] Built target _ld_actions_generate_messages_check_deps_GoToActionFeedback
[  0%] Built target _ld_actions_generate_messages_check_deps_DockFeedback
[  0%] Built target _ld_actions_generate_messages_check_deps_DockActionFeedback
[  0%] Built target _ld_actions_generate_messages_check_deps_PatrolResumeActionFeedback
[  0%] Built target _ld_actions_generate_messages_check_deps_DoTaskFeedback
[  0%] Built target _ld_actions_generate_messages_check_deps_DoTaskResult
[  0%] Built target _ld_actions_generate_messages_check_deps_DockActionGoal
[  0%] Built target _ld_actions_generate_messages_check_deps_PatrolOnceResult
[  0%] Built target _ld_actions_generate_messages_check_deps_PatrolResumeResult
[  0%] Built target _ld_actions_generate_messages_check_deps_StopAction
[  0%] Built target _ld_actions_generate_messages_check_deps_StopActionFeedback
[35m[1mScanning dependencies of target _ld_actions_generate_messages_check_deps_UndockResult[0m
[  0%] Built target _ld_actions_generate_messages_check_deps_PlayResult
[  0%] Built target _ld_actions_generate_messages_check_deps_ExecuteMacroFeedback
[  0%] Built target _ld_actions_generate_messages_check_deps_UndockResult
[  0%] Built target _ld_actions_generate_messages_check_deps_PatrolOnceActionGoal
[  0%] Built target _ld_actions_generate_messages_check_deps_DoTaskActionResult
[  0%] Built target _ld_actions_generate_messages_check_deps_PatrolOnceActionResult
[  0%] Built target _ld_actions_generate_messages_check_deps_DoTaskActionFeedback
[  0%] Built target _ld_actions_generate_messages_check_deps_PatrolOnceGoal
[  0%] Built target actionlib_msgs_generate_messages_nodejs
[  0%] Built target _ld_actions_generate_messages_check_deps_PlayActionFeedback
[  0%] Built target _ld_actions_generate_messages_check_deps_DoTaskActionGoal
[  0%] Built target _ld_actions_generate_messages_check_deps_StopActionResult
[  0%] Built target _ld_actions_generate_messages_check_deps_GoToActionGoal
[  0%] Built target _ld_actions_generate_messages_check_deps_ExecuteMacroGoal
[  0%] Built target _ld_actions_generate_messages_check_deps_DockAction
[  0%] Built target _ld_actions_generate_messages_check_deps_ExecuteMacroActionFeedback
[  0%] Built target _ld_actions_generate_messages_check_deps_StopResult
[  0%] Built target _ld_actions_generate_messages_check_deps_GoToResult
[  0%] Built target _ld_actions_generate_messages_check_deps_ExecuteMacroActionGoal
[  0%] Built target _ld_actions_generate_messages_check_deps_ExecuteMacroResult
[  0%] Built target _ld_actions_generate_messages_check_deps_PlayAction
[  0%] Built target _ld_actions_generate_messages_check_deps_GoToGoal
[  0%] Built target _ld_actions_generate_messages_check_deps_PatrolResumeAction
[  0%] Built target _ld_actions_generate_messages_check_deps_PlayActionGoal
[  0%] Built target _ld_actions_generate_messages_check_deps_StopActionGoal
[  0%] Built target _ld_actions_generate_messages_check_deps_ExecuteMacroAction
[  0%] Built target actionlib_msgs_generate_messages_lisp
[  0%] Built target _ld_actions_generate_messages_check_deps_DockResult
[  0%] Built target actionlib_msgs_generate_messages_eus
[  0%] Built target _ld_actions_generate_messages_check_deps_PatrolOnceActionFeedback
[  0%] Built target actionlib_msgs_generate_messages_cpp
[  0%] Built target actionlib_msgs_generate_messages_py
[  0%] [34m[1mGenerating Lisp code from ld_actions/UndockActionGoal.msg[0m
[  0%] [34m[1mGenerating Javascript code from ld_actions/UndockActionGoal.msg[0m
[  1%] [34m[1mGenerating EusLisp code from ld_actions/UndockActionGoal.msg[0m
[  1%] [34m[1mGenerating C++ code from ld_actions/UndockActionGoal.msg[0m
[  1%] [34m[1mGenerating Javascript code from ld_actions/UndockAction.msg[0m
[  2%] [34m[1mGenerating Lisp code from ld_actions/UndockAction.msg[0m
[  2%] [34m[1mGenerating Javascript code from ld_actions/UndockActionResult.msg[0m
[  2%] [34m[1mGenerating EusLisp code from ld_actions/UndockAction.msg[0m
[  3%] [34m[1mGenerating Lisp code from ld_actions/UndockActionResult.msg[0m
[  3%] [34m[1mGenerating Javascript code from ld_actions/UndockActionFeedback.msg[0m
[  3%] [34m[1mGenerating Lisp code from ld_actions/UndockActionFeedback.msg[0m
[  3%] [34m[1mGenerating EusLisp code from ld_actions/UndockActionResult.msg[0m
[  4%] [34m[1mGenerating Javascript code from ld_actions/UndockResult.msg[0m
[  4%] [34m[1mGenerating C++ code from ld_actions/UndockAction.msg[0m
[  4%] [34m[1mGenerating Lisp code from ld_actions/UndockResult.msg[0m
[  4%] [34m[1mGenerating Javascript code from ld_actions/UndockGoal.msg[0m
[  4%] [34m[1mGenerating EusLisp code from ld_actions/UndockActionFeedback.msg[0m
[  5%] [34m[1mGenerating Lisp code from ld_actions/UndockGoal.msg[0m
[  6%] [34m[1mGenerating Javascript code from ld_actions/UndockFeedback.msg[0m
[  6%] [34m[1mGenerating Lisp code from ld_actions/UndockFeedback.msg[0m
[  6%] [34m[1mGenerating C++ code from ld_actions/UndockActionResult.msg[0m
[  6%] [34m[1mGenerating EusLisp code from ld_actions/UndockResult.msg[0m
[ 23%] Built target ld_actions_generate_messages_nodejs
[ 40%] Built target ld_actions_generate_messages_lisp
[ 40%] [34m[1mGenerating C++ code from ld_actions/UndockActionFeedback.msg[0m
[ 41%] [34m[1mGenerating Python from MSG ld_actions/UndockActionGoal[0m
[ 41%] [34m[1mGenerating EusLisp code from ld_actions/UndockGoal.msg[0m
[ 41%] [34m[1mGenerating EusLisp code from ld_actions/UndockFeedback.msg[0m
[ 42%] [34m[1mGenerating C++ code from ld_actions/UndockResult.msg[0m
[ 42%] [34m[1mGenerating Python from MSG ld_actions/UndockAction[0m
[ 61%] Built target ld_actions_generate_messages_eus
[ 61%] [34m[1mGenerating Python from MSG ld_actions/UndockActionResult[0m
[ 61%] [34m[1mGenerating C++ code from ld_actions/UndockGoal.msg[0m
[ 61%] [34m[1mGenerating Python from MSG ld_actions/UndockActionFeedback[0m
[ 62%] [34m[1mGenerating C++ code from ld_actions/UndockFeedback.msg[0m
[ 63%] [34m[1mGenerating Python from MSG ld_actions/UndockResult[0m
[ 63%] [34m[1mGenerating Python from MSG ld_actions/UndockGoal[0m
[ 63%] [34m[1mGenerating Python from MSG ld_actions/UndockFeedback[0m
[ 81%] Built target ld_actions_generate_messages_cpp
[ 82%] [34m[1mGenerating Python msg __init__.py for ld_actions[0m
[100%] Built target ld_actions_generate_messages_py
[100%] Built target ld_actions_generate_messages
