[  0%] Built target _ld_actions_generate_messages_check_deps_PatrolOnceGoal
[  0%] Built target _ld_actions_generate_messages_check_deps_PatrolOnceFeedback
[  0%] Built target _ld_actions_generate_messages_check_deps_PatrolOnceAction
[  0%] Built target _ld_actions_generate_messages_check_deps_ExecuteMacroResult
[  0%] Built target _ld_actions_generate_messages_check_deps_PatrolOnceActionFeedback
[  0%] Built target _ld_actions_generate_messages_check_deps_ExecuteMacroActionFeedback
[  0%] Built target _ld_actions_generate_messages_check_deps_ExecuteMacroGoal
[  0%] Built target _ld_actions_generate_messages_check_deps_DockAction
[  0%] Built target _ld_actions_generate_messages_check_deps_DockGoal
[  0%] Built target _ld_actions_generate_messages_check_deps_DockResult
[  0%] Built target actionlib_msgs_generate_messages_nodejs
[  0%] Built target _ld_actions_generate_messages_check_deps_DoTaskGoal
[  0%] Built target _ld_actions_generate_messages_check_deps_ExecuteMacroAction
[  0%] Built target _ld_actions_generate_messages_check_deps_PatrolOnceActionResult
[  0%] Built target _ld_actions_generate_messages_check_deps_DoTaskActionResult
[  0%] Built target _ld_actions_generate_messages_check_deps_DoTaskActionFeedback
[  0%] Built target _ld_actions_generate_messages_check_deps_PatrolOnceActionGoal
[  0%] Built target _ld_actions_generate_messages_check_deps_ExecuteMacroFeedback
[  0%] Built target _ld_actions_generate_messages_check_deps_DoTaskFeedback
[  0%] Built target _ld_actions_generate_messages_check_deps_ExecuteMacroActionResult
[  0%] Built target _ld_actions_generate_messages_check_deps_DockActionResult
[  0%] Built target _ld_actions_generate_messages_check_deps_DoTaskResult
[  0%] Built target _ld_actions_generate_messages_check_deps_DoTaskActionGoal
[  0%] Built target _ld_actions_generate_messages_check_deps_PatrolOnceResult
[  0%] Built target _ld_actions_generate_messages_check_deps_DockFeedback
[  0%] Built target _ld_actions_generate_messages_check_deps_DoTaskAction
[  0%] Built target _ld_actions_generate_messages_check_deps_ExecuteMacroActionGoal
[  0%] Built target _ld_actions_generate_messages_check_deps_DockActionFeedback
[  0%] Built target actionlib_msgs_generate_messages_lisp
[  0%] Built target _ld_actions_generate_messages_check_deps_DockActionGoal
[  0%] Built target actionlib_msgs_generate_messages_eus
[  0%] Built target actionlib_msgs_generate_messages_cpp
[  0%] Built target actionlib_msgs_generate_messages_py
[ 19%] Built target ld_actions_generate_messages_lisp
[ 55%] Built target ld_actions_generate_messages_nodejs
[ 60%] Built target ld_actions_generate_messages_eus
[ 79%] Built target ld_actions_generate_messages_cpp
[100%] Built target ld_actions_generate_messages_py
[100%] Built target ld_actions_generate_messages
