[35m[1mScanning dependencies of target _ld_actions_generate_messages_check_deps_DockGoal[0m
[35m[1mScanning dependencies of target actionlib_msgs_generate_messages_py[0m
[35m[1mScanning dependencies of target _ld_actions_generate_messages_check_deps_DockAction[0m
[  0%] Built target actionlib_msgs_generate_messages_py
[35m[1mScanning dependencies of target _ld_actions_generate_messages_check_deps_DockActionResult[0m
[  0%] Built target _ld_actions_generate_messages_check_deps_DockGoal
[  0%] Built target _ld_actions_generate_messages_check_deps_DockActionResult
[35m[1mScanning dependencies of target _ld_actions_generate_messages_check_deps_DockResult[0m
[35m[1mScanning dependencies of target _ld_actions_generate_messages_check_deps_DockFeedback[0m
[  0%] Built target _ld_actions_generate_messages_check_deps_DockAction
[35m[1mScanning dependencies of target _ld_actions_generate_messages_check_deps_DockActionFeedback[0m
[  0%] Built target _ld_actions_generate_messages_check_deps_DockResult
[  0%] Built target _ld_actions_generate_messages_check_deps_DockFeedback
[35m[1mScanning dependencies of target _ld_actions_generate_messages_check_deps_DockActionGoal[0m
[35m[1mScanning dependencies of target actionlib_msgs_generate_messages_nodejs[0m
[  0%] Built target actionlib_msgs_generate_messages_nodejs
[  0%] Built target _ld_actions_generate_messages_check_deps_DockActionFeedback
[35m[1mScanning dependencies of target actionlib_msgs_generate_messages_cpp[0m
[35m[1mScanning dependencies of target actionlib_msgs_generate_messages_eus[0m
[  0%] Built target actionlib_msgs_generate_messages_cpp
[  0%] Built target _ld_actions_generate_messages_check_deps_DockActionGoal
[  0%] Built target actionlib_msgs_generate_messages_eus
[35m[1mScanning dependencies of target actionlib_msgs_generate_messages_lisp[0m
[35m[1mScanning dependencies of target ld_actions_generate_messages_py[0m
[35m[1mScanning dependencies of target ld_actions_generate_messages_nodejs[0m
[  0%] Built target actionlib_msgs_generate_messages_lisp
[35m[1mScanning dependencies of target ld_actions_generate_messages_cpp[0m
[  2%] [34m[1mGenerating C++ code from ld_actions/DockAction.msg[0m
[  5%] [34m[1mGenerating Python from MSG ld_actions/DockAction[0m
[  8%] [34m[1mGenerating Javascript code from ld_actions/DockAction.msg[0m
[ 10%] [34m[1mGenerating Javascript code from ld_actions/DockActionFeedback.msg[0m
[ 13%] [34m[1mGenerating Javascript code from ld_actions/DockActionResult.msg[0m
[ 16%] [34m[1mGenerating Python from MSG ld_actions/DockActionFeedback[0m
[ 18%] [34m[1mGenerating Javascript code from ld_actions/DockResult.msg[0m
[ 21%] [34m[1mGenerating C++ code from ld_actions/DockActionFeedback.msg[0m
[ 24%] [34m[1mGenerating Javascript code from ld_actions/DockFeedback.msg[0m
[ 27%] [34m[1mGenerating Python from MSG ld_actions/DockActionResult[0m
[ 29%] [34m[1mGenerating Javascript code from ld_actions/DockActionGoal.msg[0m
[ 32%] [34m[1mGenerating Javascript code from ld_actions/DockGoal.msg[0m
[ 35%] [34m[1mGenerating C++ code from ld_actions/DockActionResult.msg[0m
[ 37%] [34m[1mGenerating Python from MSG ld_actions/DockResult[0m
[ 37%] Built target ld_actions_generate_messages_nodejs
[35m[1mScanning dependencies of target ld_actions_generate_messages_eus[0m
[ 40%] [34m[1mGenerating EusLisp code from ld_actions/DockAction.msg[0m
[ 43%] [34m[1mGenerating Python from MSG ld_actions/DockFeedback[0m
[ 45%] [34m[1mGenerating EusLisp code from ld_actions/DockActionFeedback.msg[0m
[ 48%] [34m[1mGenerating C++ code from ld_actions/DockResult.msg[0m
[ 51%] [34m[1mGenerating EusLisp code from ld_actions/DockActionResult.msg[0m
[ 54%] [34m[1mGenerating Python from MSG ld_actions/DockActionGoal[0m
[ 56%] [34m[1mGenerating C++ code from ld_actions/DockFeedback.msg[0m
[ 59%] [34m[1mGenerating EusLisp code from ld_actions/DockResult.msg[0m
[ 62%] [34m[1mGenerating Python from MSG ld_actions/DockGoal[0m
[ 64%] [34m[1mGenerating EusLisp code from ld_actions/DockFeedback.msg[0m
[ 67%] [34m[1mGenerating EusLisp code from ld_actions/DockActionGoal.msg[0m
[ 70%] [34m[1mGenerating C++ code from ld_actions/DockActionGoal.msg[0m
[ 72%] [34m[1mGenerating Python msg __init__.py for ld_actions[0m
[ 75%] [34m[1mGenerating EusLisp code from ld_actions/DockGoal.msg[0m
[ 78%] [34m[1mGenerating EusLisp manifest code for ld_actions[0m
[ 78%] Built target ld_actions_generate_messages_py
[ 81%] [34m[1mGenerating C++ code from ld_actions/DockGoal.msg[0m
[ 81%] Built target ld_actions_generate_messages_cpp
[35m[1mScanning dependencies of target ld_actions_generate_messages_lisp[0m
[ 83%] [34m[1mGenerating Lisp code from ld_actions/DockAction.msg[0m
[ 86%] [34m[1mGenerating Lisp code from ld_actions/DockActionResult.msg[0m
[ 89%] [34m[1mGenerating Lisp code from ld_actions/DockActionFeedback.msg[0m
[ 91%] [34m[1mGenerating Lisp code from ld_actions/DockResult.msg[0m
[ 94%] [34m[1mGenerating Lisp code from ld_actions/DockFeedback.msg[0m
[ 97%] [34m[1mGenerating Lisp code from ld_actions/DockActionGoal.msg[0m
[100%] [34m[1mGenerating Lisp code from ld_actions/DockGoal.msg[0m
[100%] Built target ld_actions_generate_messages_lisp
[100%] Built target ld_actions_generate_messages_eus
[35m[1mScanning dependencies of target ld_actions_generate_messages[0m
[100%] Built target ld_actions_generate_messages
