[  0%] Built target _ld_actions_generate_messages_check_deps_DockResult
[  0%] Built target _ld_actions_generate_messages_check_deps_DockActionResult
[  0%] Built target _ld_actions_generate_messages_check_deps_PatrolOnceActionFeedback
[  0%] Built target _ld_actions_generate_messages_check_deps_UndockActionFeedback
[  0%] Built target _ld_actions_generate_messages_check_deps_DoTaskGoal
[  0%] Built target _ld_actions_generate_messages_check_deps_DockGoal
[  0%] Built target _ld_actions_generate_messages_check_deps_DoTaskAction
[  0%] Built target _ld_actions_generate_messages_check_deps_GoToFeedback
[  0%] Built target _ld_actions_generate_messages_check_deps_ExecuteMacroActionResult
[  0%] Built target _ld_actions_generate_messages_check_deps_UndockActionResult
[  0%] Built target _ld_actions_generate_messages_check_deps_PatrolResumeFeedback
[  0%] Built target _ld_actions_generate_messages_check_deps_StopFeedback
[  0%] Built target _ld_actions_generate_messages_check_deps_PatrolOnceAction
[  0%] Built target _ld_actions_generate_messages_check_deps_PatrolResumeActionGoal
[  0%] Built target _ld_actions_generate_messages_check_deps_UndockActionGoal
[  0%] Built target _ld_actions_generate_messages_check_deps_PatrolResumeGoal
[  0%] Built target _ld_actions_generate_messages_check_deps_PlayFeedback
[  0%] Built target _ld_actions_generate_messages_check_deps_UndockAction
[  0%] Built target _ld_actions_generate_messages_check_deps_GoToActionResult
[  0%] Built target _ld_actions_generate_messages_check_deps_UndockGoal
[  0%] Built target _ld_actions_generate_messages_check_deps_PatrolOnceFeedback
[  0%] Built target _ld_actions_generate_messages_check_deps_PlayActionResult
[  0%] Built target _ld_actions_generate_messages_check_deps_StopGoal
[  0%] Built target _ld_actions_generate_messages_check_deps_PlayGoal
[  0%] Built target _ld_actions_generate_messages_check_deps_GoToActionFeedback
[  0%] Built target _ld_actions_generate_messages_check_deps_UndockFeedback
[  0%] Built target _ld_actions_generate_messages_check_deps_PatrolResumeActionResult
[  0%] Built target _ld_actions_generate_messages_check_deps_GoToAction
[  0%] Built target _ld_actions_generate_messages_check_deps_DockActionFeedback
[  0%] Built target _ld_actions_generate_messages_check_deps_DockFeedback
[  0%] Built target _ld_actions_generate_messages_check_deps_PatrolResumeActionFeedback
[  0%] Built target _ld_actions_generate_messages_check_deps_DoTaskFeedback
[  0%] Built target _ld_actions_generate_messages_check_deps_DoTaskResult
[  0%] Built target _ld_actions_generate_messages_check_deps_DockActionGoal
[  0%] Built target _ld_actions_generate_messages_check_deps_PatrolOnceResult
[  0%] Built target _ld_actions_generate_messages_check_deps_PatrolResumeResult
[  0%] Built target _ld_actions_generate_messages_check_deps_StopAction
[  0%] Built target _ld_actions_generate_messages_check_deps_PlayResult
[  0%] Built target _ld_actions_generate_messages_check_deps_StopActionFeedback
[  0%] Built target _ld_actions_generate_messages_check_deps_ExecuteMacroFeedback
[  0%] Built target _ld_actions_generate_messages_check_deps_UndockResult
[  0%] Built target _ld_actions_generate_messages_check_deps_PatrolOnceActionGoal
[  0%] Built target _ld_actions_generate_messages_check_deps_DoTaskActionFeedback
[  0%] Built target _ld_actions_generate_messages_check_deps_DoTaskActionResult
[  0%] Built target _ld_actions_generate_messages_check_deps_PatrolOnceActionResult
[  0%] Built target _ld_actions_generate_messages_check_deps_PlayActionFeedback
[  0%] Built target _ld_actions_generate_messages_check_deps_PatrolOnceGoal
[  0%] Built target _ld_actions_generate_messages_check_deps_DoTaskActionGoal
[  0%] Built target actionlib_msgs_generate_messages_nodejs
[  0%] Built target _ld_actions_generate_messages_check_deps_StopActionResult
[  0%] Built target _ld_actions_generate_messages_check_deps_ExecuteMacroGoal
[  0%] Built target _ld_actions_generate_messages_check_deps_GoToActionGoal
[  0%] Built target _ld_actions_generate_messages_check_deps_DockAction
[  0%] Built target _ld_actions_generate_messages_check_deps_ExecuteMacroActionFeedback
[  0%] Built target _ld_actions_generate_messages_check_deps_StopResult
[  0%] Built target _ld_actions_generate_messages_check_deps_GoToResult
[  0%] Built target _ld_actions_generate_messages_check_deps_ExecuteMacroResult
[  0%] Built target _ld_actions_generate_messages_check_deps_ExecuteMacroActionGoal
[  0%] Built target _ld_actions_generate_messages_check_deps_GoToGoal
[  0%] Built target _ld_actions_generate_messages_check_deps_PlayAction
[  0%] Built target _ld_actions_generate_messages_check_deps_PatrolResumeAction
[  0%] Built target actionlib_msgs_generate_messages_lisp
[  0%] Built target _ld_actions_generate_messages_check_deps_PlayActionGoal
[  0%] Built target _ld_actions_generate_messages_check_deps_StopActionGoal
[  0%] Built target _ld_actions_generate_messages_check_deps_ExecuteMacroAction
[  0%] Built target actionlib_msgs_generate_messages_eus
[  0%] Built target actionlib_msgs_generate_messages_cpp
[  0%] Built target actionlib_msgs_generate_messages_py
[  1%] [34m[1mGenerating Javascript code from ld_actions/DockActionResult.msg[0m
[  1%] [34m[1mGenerating Lisp code from ld_actions/DockActionResult.msg[0m
[  1%] [34m[1mGenerating EusLisp code from ld_actions/DockActionResult.msg[0m
[  2%] [34m[1mGenerating C++ code from ld_actions/DockActionResult.msg[0m
[  2%] [34m[1mGenerating Javascript code from ld_actions/DockActionFeedback.msg[0m
[  2%] [34m[1mGenerating Javascript code from ld_actions/DockAction.msg[0m
[  3%] [34m[1mGenerating Lisp code from ld_actions/DockActionFeedback.msg[0m
[  3%] [34m[1mGenerating Javascript code from ld_actions/DockFeedback.msg[0m
[  3%] [34m[1mGenerating EusLisp code from ld_actions/DockActionFeedback.msg[0m
[  3%] [34m[1mGenerating Lisp code from ld_actions/DockAction.msg[0m
[  4%] [34m[1mGenerating Javascript code from ld_actions/DockActionGoal.msg[0m
[  4%] [34m[1mGenerating Lisp code from ld_actions/DockFeedback.msg[0m
[  4%] [34m[1mGenerating C++ code from ld_actions/DockActionFeedback.msg[0m
[  4%] [34m[1mGenerating Javascript code from ld_actions/DockGoal.msg[0m
[  5%] [34m[1mGenerating EusLisp code from ld_actions/DockAction.msg[0m
[  6%] [34m[1mGenerating Lisp code from ld_actions/DockActionGoal.msg[0m
[  6%] [34m[1mGenerating Javascript code from ld_actions/DockResult.msg[0m
[  6%] [34m[1mGenerating Lisp code from ld_actions/DockGoal.msg[0m
[  7%] [34m[1mGenerating EusLisp code from ld_actions/DockFeedback.msg[0m
[ 24%] Built target ld_actions_generate_messages_nodejs
[ 24%] [34m[1mGenerating Lisp code from ld_actions/DockResult.msg[0m
[ 24%] [34m[1mGenerating Python from MSG ld_actions/DockActionResult[0m
[ 24%] [34m[1mGenerating C++ code from ld_actions/DockAction.msg[0m
[ 42%] Built target ld_actions_generate_messages_lisp
[ 42%] [34m[1mGenerating EusLisp code from ld_actions/DockActionGoal.msg[0m
[ 42%] [34m[1mGenerating Python from MSG ld_actions/DockActionFeedback[0m
[ 42%] [34m[1mGenerating Python from MSG ld_actions/DockAction[0m
[ 43%] [34m[1mGenerating EusLisp code from ld_actions/DockGoal.msg[0m
[ 44%] [34m[1mGenerating C++ code from ld_actions/DockFeedback.msg[0m
[ 45%] [34m[1mGenerating Python from MSG ld_actions/DockFeedback[0m
[ 46%] [34m[1mGenerating EusLisp code from ld_actions/DockResult.msg[0m
[ 46%] [34m[1mGenerating Python from MSG ld_actions/DockActionGoal[0m
[ 46%] [34m[1mGenerating Python from MSG ld_actions/DockGoal[0m
[ 62%] Built target ld_actions_generate_messages_eus
[ 63%] [34m[1mGenerating Python from MSG ld_actions/DockResult[0m
[ 63%] [34m[1mGenerating C++ code from ld_actions/DockActionGoal.msg[0m
[ 63%] [34m[1mGenerating C++ code from ld_actions/DockGoal.msg[0m
[ 63%] [34m[1mGenerating C++ code from ld_actions/DockResult.msg[0m
[ 64%] [34m[1mGenerating Python msg __init__.py for ld_actions[0m
[ 82%] Built target ld_actions_generate_messages_py
[100%] Built target ld_actions_generate_messages_cpp
[100%] Built target ld_actions_generate_messages
