Symlinking /home/tthmatt/ld_ROS/devel/lib/python2.7/dist-packages/ld_actions/__init__.py
Symlinking /home/tthmatt/ld_ROS/devel/lib/python2.7/dist-packages/ld_actions/msg/_DockGoal.py
Symlinking /home/tthmatt/ld_ROS/devel/lib/python2.7/dist-packages/ld_actions/msg/_DockActionResult.py
Symlinking /home/tthmatt/ld_ROS/devel/lib/python2.7/dist-packages/ld_actions/msg/_DockActionFeedback.py
Symlinking /home/tthmatt/ld_ROS/devel/lib/python2.7/dist-packages/ld_actions/msg/_DockAction.py
Symlinking /home/tthmatt/ld_ROS/devel/lib/python2.7/dist-packages/ld_actions/msg/__init__.py
Symlinking /home/tthmatt/ld_ROS/devel/lib/python2.7/dist-packages/ld_actions/msg/_DockResult.py
Symlinking /home/tthmatt/ld_ROS/devel/lib/python2.7/dist-packages/ld_actions/msg/_DockActionGoal.py
Symlinking /home/tthmatt/ld_ROS/devel/lib/python2.7/dist-packages/ld_actions/msg/_DockFeedback.py
Symlinking /home/tthmatt/ld_ROS/devel/lib/pkgconfig/ld_actions.pc
Symlinking /home/tthmatt/ld_ROS/devel/share/ld_actions/cmake/ld_actionsConfig-version.cmake
Symlinking /home/tthmatt/ld_ROS/devel/share/ld_actions/cmake/ld_actionsConfig.cmake
Symlinking /home/tthmatt/ld_ROS/devel/share/ld_actions/cmake/ld_actions-msg-paths.cmake
Symlinking /home/tthmatt/ld_ROS/devel/share/ld_actions/cmake/ld_actions-msg-extras.cmake
Symlinking /home/tthmatt/ld_ROS/devel/share/ld_actions/msg/DockActionResult.msg
Symlinking /home/tthmatt/ld_ROS/devel/share/ld_actions/msg/DockActionGoal.msg
Symlinking /home/tthmatt/ld_ROS/devel/share/ld_actions/msg/DockActionFeedback.msg
Symlinking /home/tthmatt/ld_ROS/devel/share/ld_actions/msg/DockFeedback.msg
Symlinking /home/tthmatt/ld_ROS/devel/share/ld_actions/msg/DockGoal.msg
Symlinking /home/tthmatt/ld_ROS/devel/share/ld_actions/msg/DockAction.msg
Symlinking /home/tthmatt/ld_ROS/devel/share/ld_actions/msg/DockResult.msg
Symlinking /home/tthmatt/ld_ROS/devel/share/common-lisp/ros/ld_actions/msg/_package_DockActionGoal.lisp
Symlinking /home/tthmatt/ld_ROS/devel/share/common-lisp/ros/ld_actions/msg/_package.lisp
Symlinking /home/tthmatt/ld_ROS/devel/share/common-lisp/ros/ld_actions/msg/_package_DockActionFeedback.lisp
Symlinking /home/tthmatt/ld_ROS/devel/share/common-lisp/ros/ld_actions/msg/DockFeedback.lisp
Symlinking /home/tthmatt/ld_ROS/devel/share/common-lisp/ros/ld_actions/msg/DockActionFeedback.lisp
Symlinking /home/tthmatt/ld_ROS/devel/share/common-lisp/ros/ld_actions/msg/DockGoal.lisp
Symlinking /home/tthmatt/ld_ROS/devel/share/common-lisp/ros/ld_actions/msg/DockActionResult.lisp
Symlinking /home/tthmatt/ld_ROS/devel/share/common-lisp/ros/ld_actions/msg/DockResult.lisp
Symlinking /home/tthmatt/ld_ROS/devel/share/common-lisp/ros/ld_actions/msg/_package_DockAction.lisp
Symlinking /home/tthmatt/ld_ROS/devel/share/common-lisp/ros/ld_actions/msg/_package_DockGoal.lisp
Symlinking /home/tthmatt/ld_ROS/devel/share/common-lisp/ros/ld_actions/msg/ld_actions-msg.asd
Symlinking /home/tthmatt/ld_ROS/devel/share/common-lisp/ros/ld_actions/msg/_package_DockResult.lisp
Symlinking /home/tthmatt/ld_ROS/devel/share/common-lisp/ros/ld_actions/msg/DockActionGoal.lisp
Symlinking /home/tthmatt/ld_ROS/devel/share/common-lisp/ros/ld_actions/msg/_package_DockActionResult.lisp
Symlinking /home/tthmatt/ld_ROS/devel/share/common-lisp/ros/ld_actions/msg/_package_DockFeedback.lisp
Symlinking /home/tthmatt/ld_ROS/devel/share/common-lisp/ros/ld_actions/msg/DockAction.lisp
Symlinking /home/tthmatt/ld_ROS/devel/share/gennodejs/ros/ld_actions/_index.js
Symlinking /home/tthmatt/ld_ROS/devel/share/gennodejs/ros/ld_actions/msg/DockAction.js
Symlinking /home/tthmatt/ld_ROS/devel/share/gennodejs/ros/ld_actions/msg/_index.js
Symlinking /home/tthmatt/ld_ROS/devel/share/gennodejs/ros/ld_actions/msg/DockActionGoal.js
Symlinking /home/tthmatt/ld_ROS/devel/share/gennodejs/ros/ld_actions/msg/DockGoal.js
Symlinking /home/tthmatt/ld_ROS/devel/share/gennodejs/ros/ld_actions/msg/DockFeedback.js
Symlinking /home/tthmatt/ld_ROS/devel/share/gennodejs/ros/ld_actions/msg/DockResult.js
Symlinking /home/tthmatt/ld_ROS/devel/share/gennodejs/ros/ld_actions/msg/DockActionFeedback.js
Symlinking /home/tthmatt/ld_ROS/devel/share/gennodejs/ros/ld_actions/msg/DockActionResult.js
Symlinking /home/tthmatt/ld_ROS/devel/share/roseus/ros/ld_actions/manifest.l
Symlinking /home/tthmatt/ld_ROS/devel/share/roseus/ros/ld_actions/msg/DockGoal.l
Symlinking /home/tthmatt/ld_ROS/devel/share/roseus/ros/ld_actions/msg/DockActionGoal.l
Symlinking /home/tthmatt/ld_ROS/devel/share/roseus/ros/ld_actions/msg/DockResult.l
Symlinking /home/tthmatt/ld_ROS/devel/share/roseus/ros/ld_actions/msg/DockAction.l
Symlinking /home/tthmatt/ld_ROS/devel/share/roseus/ros/ld_actions/msg/DockActionResult.l
Symlinking /home/tthmatt/ld_ROS/devel/share/roseus/ros/ld_actions/msg/DockFeedback.l
Symlinking /home/tthmatt/ld_ROS/devel/share/roseus/ros/ld_actions/msg/DockActionFeedback.l
Symlinking /home/tthmatt/ld_ROS/devel/include/ld_actions/DockActionGoal.h
Symlinking /home/tthmatt/ld_ROS/devel/include/ld_actions/DockAction.h
Symlinking /home/tthmatt/ld_ROS/devel/include/ld_actions/DockFeedback.h
Symlinking /home/tthmatt/ld_ROS/devel/include/ld_actions/DockGoal.h
Symlinking /home/tthmatt/ld_ROS/devel/include/ld_actions/DockActionFeedback.h
Symlinking /home/tthmatt/ld_ROS/devel/include/ld_actions/DockActionResult.h
Symlinking /home/tthmatt/ld_ROS/devel/include/ld_actions/DockResult.h
