[35m[1mScanning dependencies of target _ld_actions_generate_messages_check_deps_GoToFeedback[0m
[35m[1mScanning dependencies of target _ld_actions_generate_messages_check_deps_DockGoal[0m
[  0%] Built target _ld_actions_generate_messages_check_deps_GoToFeedback
[  0%] Built target _ld_actions_generate_messages_check_deps_DockGoal
[35m[1mScanning dependencies of target _ld_actions_generate_messages_check_deps_DoTaskAction[0m
[35m[1mScanning dependencies of target _ld_actions_generate_messages_check_deps_ExecuteMacroActionResult[0m
[  0%] Built target _ld_actions_generate_messages_check_deps_DoTaskAction
[35m[1mScanning dependencies of target _ld_actions_generate_messages_check_deps_UndockActionResult[0m
[  0%] Built target _ld_actions_generate_messages_check_deps_ExecuteMacroActionResult
[35m[1mScanning dependencies of target _ld_actions_generate_messages_check_deps_PatrolResumeFeedback[0m
[  0%] Built target _ld_actions_generate_messages_check_deps_UndockActionResult
[35m[1mScanning dependencies of target _ld_actions_generate_messages_check_deps_StopFeedback[0m
[  0%] Built target _ld_actions_generate_messages_check_deps_PatrolResumeFeedback
[35m[1mScanning dependencies of target _ld_actions_generate_messages_check_deps_PatrolOnceAction[0m
[  0%] Built target _ld_actions_generate_messages_check_deps_StopFeedback
[35m[1mScanning dependencies of target _ld_actions_generate_messages_check_deps_PatrolResumeActionGoal[0m
[  0%] Built target _ld_actions_generate_messages_check_deps_PatrolOnceAction
[35m[1mScanning dependencies of target _ld_actions_generate_messages_check_deps_UndockActionGoal[0m
[  0%] Built target _ld_actions_generate_messages_check_deps_PatrolResumeActionGoal
[  0%] Built target _ld_actions_generate_messages_check_deps_UndockActionGoal
[35m[1mScanning dependencies of target _ld_actions_generate_messages_check_deps_PatrolResumeGoal[0m
[35m[1mScanning dependencies of target _ld_actions_generate_messages_check_deps_PlayFeedback[0m
[  0%] Built target _ld_actions_generate_messages_check_deps_PatrolResumeGoal
[  0%] Built target _ld_actions_generate_messages_check_deps_PlayFeedback
[35m[1mScanning dependencies of target _ld_actions_generate_messages_check_deps_UndockAction[0m
[35m[1mScanning dependencies of target _ld_actions_generate_messages_check_deps_GoToActionResult[0m
[  0%] Built target _ld_actions_generate_messages_check_deps_GoToActionResult
[  0%] Built target _ld_actions_generate_messages_check_deps_UndockAction
[35m[1mScanning dependencies of target _ld_actions_generate_messages_check_deps_UndockGoal[0m
[35m[1mScanning dependencies of target _ld_actions_generate_messages_check_deps_PatrolOnceFeedback[0m
[  0%] Built target _ld_actions_generate_messages_check_deps_UndockGoal
[35m[1mScanning dependencies of target _ld_actions_generate_messages_check_deps_PlayActionResult[0m
[  0%] Built target _ld_actions_generate_messages_check_deps_PatrolOnceFeedback
[35m[1mScanning dependencies of target _ld_actions_generate_messages_check_deps_StopGoal[0m
[  0%] Built target _ld_actions_generate_messages_check_deps_PlayActionResult
[35m[1mScanning dependencies of target _ld_actions_generate_messages_check_deps_PlayGoal[0m
[  0%] Built target _ld_actions_generate_messages_check_deps_StopGoal
[35m[1mScanning dependencies of target _ld_actions_generate_messages_check_deps_UndockFeedback[0m
[  0%] Built target _ld_actions_generate_messages_check_deps_PlayGoal
[35m[1mScanning dependencies of target _ld_actions_generate_messages_check_deps_GoToAction[0m
[  0%] Built target _ld_actions_generate_messages_check_deps_UndockFeedback
[35m[1mScanning dependencies of target _ld_actions_generate_messages_check_deps_GoToActionFeedback[0m
[  0%] Built target _ld_actions_generate_messages_check_deps_GoToAction
[35m[1mScanning dependencies of target _ld_actions_generate_messages_check_deps_PatrolResumeActionResult[0m
[  0%] Built target _ld_actions_generate_messages_check_deps_GoToActionFeedback
[35m[1mScanning dependencies of target _ld_actions_generate_messages_check_deps_DockActionFeedback[0m
[  0%] Built target _ld_actions_generate_messages_check_deps_PatrolResumeActionResult
[35m[1mScanning dependencies of target _ld_actions_generate_messages_check_deps_DockFeedback[0m
[  0%] Built target _ld_actions_generate_messages_check_deps_DockActionFeedback
[35m[1mScanning dependencies of target _ld_actions_generate_messages_check_deps_PatrolResumeActionFeedback[0m
[  0%] Built target _ld_actions_generate_messages_check_deps_DockFeedback
[35m[1mScanning dependencies of target _ld_actions_generate_messages_check_deps_DoTaskFeedback[0m
[  0%] Built target _ld_actions_generate_messages_check_deps_PatrolResumeActionFeedback
[35m[1mScanning dependencies of target _ld_actions_generate_messages_check_deps_DoTaskResult[0m
[  0%] Built target _ld_actions_generate_messages_check_deps_DoTaskFeedback
[35m[1mScanning dependencies of target _ld_actions_generate_messages_check_deps_DockActionGoal[0m
[  0%] Built target _ld_actions_generate_messages_check_deps_DoTaskResult
[35m[1mScanning dependencies of target _ld_actions_generate_messages_check_deps_PatrolOnceResult[0m
[  0%] Built target _ld_actions_generate_messages_check_deps_DockActionGoal
[35m[1mScanning dependencies of target _ld_actions_generate_messages_check_deps_PatrolResumeResult[0m
[  0%] Built target _ld_actions_generate_messages_check_deps_PatrolOnceResult
[35m[1mScanning dependencies of target _ld_actions_generate_messages_check_deps_StopAction[0m
[  0%] Built target _ld_actions_generate_messages_check_deps_PatrolResumeResult
[35m[1mScanning dependencies of target _ld_actions_generate_messages_check_deps_StopActionFeedback[0m
[  0%] Built target _ld_actions_generate_messages_check_deps_StopAction
[35m[1mScanning dependencies of target _ld_actions_generate_messages_check_deps_PlayResult[0m
[  0%] Built target _ld_actions_generate_messages_check_deps_StopActionFeedback
[35m[1mScanning dependencies of target _ld_actions_generate_messages_check_deps_ExecuteMacroFeedback[0m
[  0%] Built target _ld_actions_generate_messages_check_deps_PlayResult
[35m[1mScanning dependencies of target _ld_actions_generate_messages_check_deps_UndockResult[0m
[  0%] Built target _ld_actions_generate_messages_check_deps_ExecuteMacroFeedback
[35m[1mScanning dependencies of target _ld_actions_generate_messages_check_deps_PatrolOnceActionGoal[0m
[  0%] Built target _ld_actions_generate_messages_check_deps_UndockResult
[35m[1mScanning dependencies of target _ld_actions_generate_messages_check_deps_DoTaskActionResult[0m
[  0%] Built target _ld_actions_generate_messages_check_deps_PatrolOnceActionGoal
[  0%] Built target _ld_actions_generate_messages_check_deps_DoTaskActionResult
[35m[1mScanning dependencies of target _ld_actions_generate_messages_check_deps_DoTaskActionFeedback[0m
[35m[1mScanning dependencies of target _ld_actions_generate_messages_check_deps_PatrolOnceActionResult[0m
[  0%] Built target _ld_actions_generate_messages_check_deps_DoTaskActionFeedback
[35m[1mScanning dependencies of target _ld_actions_generate_messages_check_deps_PatrolOnceGoal[0m
[  0%] Built target _ld_actions_generate_messages_check_deps_PatrolOnceActionResult
[35m[1mScanning dependencies of target _ld_actions_generate_messages_check_deps_PlayActionFeedback[0m
[  0%] Built target _ld_actions_generate_messages_check_deps_PatrolOnceGoal
[35m[1mScanning dependencies of target _ld_actions_generate_messages_check_deps_DoTaskActionGoal[0m
[  0%] Built target _ld_actions_generate_messages_check_deps_PlayActionFeedback
[35m[1mScanning dependencies of target actionlib_msgs_generate_messages_nodejs[0m
[  0%] Built target actionlib_msgs_generate_messages_nodejs
[  0%] Built target _ld_actions_generate_messages_check_deps_DoTaskActionGoal
[35m[1mScanning dependencies of target _ld_actions_generate_messages_check_deps_GoToActionGoal[0m
[35m[1mScanning dependencies of target _ld_actions_generate_messages_check_deps_StopActionResult[0m
[  0%] Built target _ld_actions_generate_messages_check_deps_GoToActionGoal
[  0%] Built target _ld_actions_generate_messages_check_deps_StopActionResult
[35m[1mScanning dependencies of target _ld_actions_generate_messages_check_deps_ExecuteMacroGoal[0m
[35m[1mScanning dependencies of target _ld_actions_generate_messages_check_deps_DockAction[0m
[  0%] Built target _ld_actions_generate_messages_check_deps_ExecuteMacroGoal
[35m[1mScanning dependencies of target _ld_actions_generate_messages_check_deps_ExecuteMacroActionFeedback[0m
[  0%] Built target _ld_actions_generate_messages_check_deps_DockAction
[35m[1mScanning dependencies of target _ld_actions_generate_messages_check_deps_StopResult[0m
[  0%] Built target _ld_actions_generate_messages_check_deps_ExecuteMacroActionFeedback
[  0%] Built target _ld_actions_generate_messages_check_deps_StopResult
[35m[1mScanning dependencies of target _ld_actions_generate_messages_check_deps_ExecuteMacroResult[0m
[35m[1mScanning dependencies of target _ld_actions_generate_messages_check_deps_GoToResult[0m
[  0%] Built target _ld_actions_generate_messages_check_deps_ExecuteMacroResult
[35m[1mScanning dependencies of target _ld_actions_generate_messages_check_deps_ExecuteMacroActionGoal[0m
[  0%] Built target _ld_actions_generate_messages_check_deps_GoToResult
[35m[1mScanning dependencies of target _ld_actions_generate_messages_check_deps_GoToGoal[0m
[  0%] Built target _ld_actions_generate_messages_check_deps_ExecuteMacroActionGoal
[  0%] Built target _ld_actions_generate_messages_check_deps_GoToGoal
[35m[1mScanning dependencies of target _ld_actions_generate_messages_check_deps_PlayAction[0m
[35m[1mScanning dependencies of target _ld_actions_generate_messages_check_deps_PatrolResumeAction[0m
[  0%] Built target _ld_actions_generate_messages_check_deps_PlayAction
[35m[1mScanning dependencies of target _ld_actions_generate_messages_check_deps_PlayActionGoal[0m
[  0%] Built target _ld_actions_generate_messages_check_deps_PatrolResumeAction
[35m[1mScanning dependencies of target _ld_actions_generate_messages_check_deps_StopActionGoal[0m
[  0%] Built target _ld_actions_generate_messages_check_deps_PlayActionGoal
[  0%] Built target _ld_actions_generate_messages_check_deps_StopActionGoal
[35m[1mScanning dependencies of target _ld_actions_generate_messages_check_deps_ExecuteMacroAction[0m
[35m[1mScanning dependencies of target _ld_actions_generate_messages_check_deps_DockResult[0m
[  0%] Built target _ld_actions_generate_messages_check_deps_ExecuteMacroAction
[35m[1mScanning dependencies of target _ld_actions_generate_messages_check_deps_PatrolOnceActionFeedback[0m
[  0%] Built target _ld_actions_generate_messages_check_deps_DockResult
[35m[1mScanning dependencies of target _ld_actions_generate_messages_check_deps_DockActionResult[0m
[  0%] Built target _ld_actions_generate_messages_check_deps_PatrolOnceActionFeedback
[  0%] Built target _ld_actions_generate_messages_check_deps_DockActionResult
[35m[1mScanning dependencies of target _ld_actions_generate_messages_check_deps_UndockActionFeedback[0m
[35m[1mScanning dependencies of target _ld_actions_generate_messages_check_deps_DoTaskGoal[0m
[  0%] Built target _ld_actions_generate_messages_check_deps_DoTaskGoal
[  0%] Built target _ld_actions_generate_messages_check_deps_UndockActionFeedback
[35m[1mScanning dependencies of target actionlib_msgs_generate_messages_lisp[0m
[35m[1mScanning dependencies of target actionlib_msgs_generate_messages_eus[0m
[35m[1mScanning dependencies of target actionlib_msgs_generate_messages_cpp[0m
[  0%] Built target actionlib_msgs_generate_messages_lisp
[  0%] Built target actionlib_msgs_generate_messages_eus
[35m[1mScanning dependencies of target actionlib_msgs_generate_messages_py[0m
[  0%] Built target actionlib_msgs_generate_messages_cpp
[  0%] Built target actionlib_msgs_generate_messages_py
[35m[1mScanning dependencies of target ld_actions_generate_messages_nodejs[0m
[35m[1mScanning dependencies of target ld_actions_generate_messages_lisp[0m
[35m[1mScanning dependencies of target ld_actions_generate_messages_eus[0m
[  0%] [34m[1mGenerating Javascript code from ld_actions/PatrolResumeActionFeedback.msg[0m
[  0%] [34m[1mGenerating Lisp code from ld_actions/PatrolResumeActionFeedback.msg[0m
[  0%] [34m[1mGenerating EusLisp code from ld_actions/PatrolResumeActionFeedback.msg[0m
[  0%] [34m[1mGenerating Javascript code from ld_actions/DoTaskResult.msg[0m
[  0%] [34m[1mGenerating Lisp code from ld_actions/DoTaskResult.msg[0m
[  1%] [34m[1mGenerating Lisp code from ld_actions/DockActionResult.msg[0m
[  1%] [34m[1mGenerating Javascript code from ld_actions/DockActionResult.msg[0m
[  2%] [34m[1mGenerating EusLisp code from ld_actions/DoTaskResult.msg[0m
[  3%] [34m[1mGenerating Lisp code from ld_actions/PatrolOnceActionGoal.msg[0m
[  3%] [34m[1mGenerating Javascript code from ld_actions/PatrolOnceActionGoal.msg[0m
[  3%] [34m[1mGenerating EusLisp code from ld_actions/DockActionResult.msg[0m
[  3%] [34m[1mGenerating Javascript code from ld_actions/GoToResult.msg[0m
[  3%] [34m[1mGenerating Lisp code from ld_actions/GoToResult.msg[0m
[  4%] [34m[1mGenerating Javascript code from ld_actions/PatrolResumeActionGoal.msg[0m
[  4%] [34m[1mGenerating EusLisp code from ld_actions/PatrolOnceActionGoal.msg[0m
[  4%] [34m[1mGenerating Lisp code from ld_actions/PatrolResumeActionGoal.msg[0m
[  4%] [34m[1mGenerating Javascript code from ld_actions/DoTaskFeedback.msg[0m
[  5%] [34m[1mGenerating Lisp code from ld_actions/DoTaskFeedback.msg[0m
[  6%] [34m[1mGenerating EusLisp code from ld_actions/GoToResult.msg[0m
[  6%] [34m[1mGenerating Javascript code from ld_actions/GoToActionGoal.msg[0m
[  6%] [34m[1mGenerating Lisp code from ld_actions/GoToActionGoal.msg[0m
[  6%] [34m[1mGenerating EusLisp code from ld_actions/PatrolResumeActionGoal.msg[0m
[  7%] [34m[1mGenerating Javascript code from ld_actions/DoTaskActionResult.msg[0m
[  7%] [34m[1mGenerating Lisp code from ld_actions/DoTaskActionResult.msg[0m
[  7%] [34m[1mGenerating Javascript code from ld_actions/DockActionFeedback.msg[0m
[  8%] [34m[1mGenerating Lisp code from ld_actions/DockActionFeedback.msg[0m
[  8%] [34m[1mGenerating EusLisp code from ld_actions/DoTaskFeedback.msg[0m
[  8%] [34m[1mGenerating Lisp code from ld_actions/ExecuteMacroFeedback.msg[0m
[  8%] [34m[1mGenerating Javascript code from ld_actions/ExecuteMacroFeedback.msg[0m
[  9%] [34m[1mGenerating EusLisp code from ld_actions/GoToActionGoal.msg[0m
[  9%] [34m[1mGenerating Lisp code from ld_actions/DoTaskGoal.msg[0m
[  9%] [34m[1mGenerating Javascript code from ld_actions/DoTaskGoal.msg[0m
[ 10%] [34m[1mGenerating Lisp code from ld_actions/PatrolResumeResult.msg[0m
[ 10%] [34m[1mGenerating EusLisp code from ld_actions/DoTaskActionResult.msg[0m
[ 11%] [34m[1mGenerating Javascript code from ld_actions/PatrolResumeResult.msg[0m
[ 11%] [34m[1mGenerating Lisp code from ld_actions/PlayFeedback.msg[0m
[ 11%] [34m[1mGenerating Javascript code from ld_actions/PlayFeedback.msg[0m
[ 11%] [34m[1mGenerating EusLisp code from ld_actions/DockActionFeedback.msg[0m
[ 11%] [34m[1mGenerating Lisp code from ld_actions/UndockActionGoal.msg[0m
[ 11%] [34m[1mGenerating Javascript code from ld_actions/UndockActionGoal.msg[0m
[ 11%] [34m[1mGenerating Lisp code from ld_actions/ExecuteMacroActionResult.msg[0m
[ 11%] [34m[1mGenerating EusLisp code from ld_actions/ExecuteMacroFeedback.msg[0m
[ 12%] [34m[1mGenerating Javascript code from ld_actions/ExecuteMacroActionResult.msg[0m
[ 13%] [34m[1mGenerating Lisp code from ld_actions/DoTaskActionGoal.msg[0m
[ 13%] [34m[1mGenerating Javascript code from ld_actions/DoTaskActionGoal.msg[0m
[ 14%] [34m[1mGenerating EusLisp code from ld_actions/DoTaskGoal.msg[0m
[ 14%] [34m[1mGenerating Lisp code from ld_actions/DockAction.msg[0m
[ 14%] [34m[1mGenerating Javascript code from ld_actions/DockAction.msg[0m
[ 14%] [34m[1mGenerating EusLisp code from ld_actions/PatrolResumeResult.msg[0m
[ 14%] [34m[1mGenerating Lisp code from ld_actions/PatrolOnceResult.msg[0m
[ 15%] [34m[1mGenerating Javascript code from ld_actions/PatrolOnceResult.msg[0m
[ 15%] [34m[1mGenerating Javascript code from ld_actions/UndockAction.msg[0m
[ 16%] [34m[1mGenerating Lisp code from ld_actions/UndockAction.msg[0m
[ 16%] [34m[1mGenerating EusLisp code from ld_actions/PlayFeedback.msg[0m
[ 16%] [34m[1mGenerating Javascript code from ld_actions/ExecuteMacroAction.msg[0m
[ 16%] [34m[1mGenerating Lisp code from ld_actions/ExecuteMacroAction.msg[0m
[ 17%] [34m[1mGenerating EusLisp code from ld_actions/UndockActionGoal.msg[0m
[ 17%] [34m[1mGenerating Javascript code from ld_actions/DockFeedback.msg[0m
[ 17%] [34m[1mGenerating Lisp code from ld_actions/DockFeedback.msg[0m
[ 18%] [34m[1mGenerating Javascript code from ld_actions/PlayAction.msg[0m
[ 19%] [34m[1mGenerating Lisp code from ld_actions/PlayAction.msg[0m
[ 19%] [34m[1mGenerating EusLisp code from ld_actions/ExecuteMacroActionResult.msg[0m
[ 19%] [34m[1mGenerating Javascript code from ld_actions/StopAction.msg[0m
[ 19%] [34m[1mGenerating Lisp code from ld_actions/StopAction.msg[0m
[ 19%] [34m[1mGenerating EusLisp code from ld_actions/DoTaskActionGoal.msg[0m
[ 19%] [34m[1mGenerating Lisp code from ld_actions/ExecuteMacroActionGoal.msg[0m
[ 19%] [34m[1mGenerating Javascript code from ld_actions/ExecuteMacroActionGoal.msg[0m
[ 20%] [34m[1mGenerating Lisp code from ld_actions/GoToGoal.msg[0m
[ 21%] [34m[1mGenerating Javascript code from ld_actions/GoToGoal.msg[0m
[ 22%] [34m[1mGenerating EusLisp code from ld_actions/DockAction.msg[0m
[ 22%] [34m[1mGenerating Lisp code from ld_actions/DoTaskAction.msg[0m
[ 22%] [34m[1mGenerating Javascript code from ld_actions/DoTaskAction.msg[0m
[ 22%] [34m[1mGenerating EusLisp code from ld_actions/PatrolOnceResult.msg[0m
[ 22%] [34m[1mGenerating Lisp code from ld_actions/StopResult.msg[0m
[ 22%] [34m[1mGenerating Javascript code from ld_actions/StopResult.msg[0m
[ 23%] [34m[1mGenerating Javascript code from ld_actions/PatrolOnceGoal.msg[0m
[ 23%] [34m[1mGenerating Lisp code from ld_actions/PatrolOnceGoal.msg[0m
[ 23%] [34m[1mGenerating EusLisp code from ld_actions/UndockAction.msg[0m
[ 23%] [34m[1mGenerating Javascript code from ld_actions/PlayActionGoal.msg[0m
[ 24%] [34m[1mGenerating Lisp code from ld_actions/PlayActionGoal.msg[0m
[ 24%] [34m[1mGenerating Javascript code from ld_actions/StopFeedback.msg[0m
[ 24%] [34m[1mGenerating EusLisp code from ld_actions/ExecuteMacroAction.msg[0m
[ 24%] [34m[1mGenerating Lisp code from ld_actions/StopFeedback.msg[0m
[ 24%] [34m[1mGenerating Lisp code from ld_actions/PatrolOnceFeedback.msg[0m
[ 25%] [34m[1mGenerating Javascript code from ld_actions/PatrolOnceFeedback.msg[0m
[ 26%] [34m[1mGenerating EusLisp code from ld_actions/DockFeedback.msg[0m
[ 26%] [34m[1mGenerating Javascript code from ld_actions/DoTaskActionFeedback.msg[0m
[ 27%] [34m[1mGenerating Lisp code from ld_actions/DoTaskActionFeedback.msg[0m
[ 27%] [34m[1mGenerating Javascript code from ld_actions/PatrolResumeAction.msg[0m
[ 27%] [34m[1mGenerating EusLisp code from ld_actions/PlayAction.msg[0m
[ 27%] [34m[1mGenerating Lisp code from ld_actions/PatrolResumeAction.msg[0m
[ 27%] [34m[1mGenerating Javascript code from ld_actions/ExecuteMacroActionFeedback.msg[0m
[ 27%] [34m[1mGenerating Lisp code from ld_actions/ExecuteMacroActionFeedback.msg[0m
[ 27%] [34m[1mGenerating EusLisp code from ld_actions/StopAction.msg[0m
[ 28%] [34m[1mGenerating Javascript code from ld_actions/DockActionGoal.msg[0m
[ 29%] [34m[1mGenerating Lisp code from ld_actions/DockActionGoal.msg[0m
[ 30%] [34m[1mGenerating EusLisp code from ld_actions/ExecuteMacroActionGoal.msg[0m
[ 30%] [34m[1mGenerating Lisp code from ld_actions/PatrolResumeActionResult.msg[0m
[ 30%] [34m[1mGenerating Javascript code from ld_actions/PatrolResumeActionResult.msg[0m
[ 30%] [34m[1mGenerating Lisp code from ld_actions/PatrolOnceActionFeedback.msg[0m
[ 30%] [34m[1mGenerating Javascript code from ld_actions/PatrolOnceActionFeedback.msg[0m
[ 30%] [34m[1mGenerating EusLisp code from ld_actions/GoToGoal.msg[0m
[ 30%] [34m[1mGenerating Lisp code from ld_actions/StopGoal.msg[0m
[ 31%] [34m[1mGenerating Javascript code from ld_actions/StopGoal.msg[0m
[ 31%] [34m[1mGenerating EusLisp code from ld_actions/DoTaskAction.msg[0m
[ 32%] [34m[1mGenerating Lisp code from ld_actions/PlayActionFeedback.msg[0m
[ 32%] [34m[1mGenerating Javascript code from ld_actions/PlayActionFeedback.msg[0m
[ 34%] [34m[1mGenerating EusLisp code from ld_actions/StopResult.msg[0m
[ 34%] [34m[1mGenerating Lisp code from ld_actions/DockGoal.msg[0m
[ 34%] [34m[1mGenerating Javascript code from ld_actions/DockGoal.msg[0m
[ 34%] [34m[1mGenerating EusLisp code from ld_actions/PatrolOnceGoal.msg[0m
[ 34%] [34m[1mGenerating Lisp code from ld_actions/ExecuteMacroGoal.msg[0m
[ 35%] [34m[1mGenerating Javascript code from ld_actions/ExecuteMacroGoal.msg[0m
[ 36%] [34m[1mGenerating EusLisp code from ld_actions/PlayActionGoal.msg[0m
[ 36%] [34m[1mGenerating Lisp code from ld_actions/UndockActionResult.msg[0m
[ 36%] [34m[1mGenerating Javascript code from ld_actions/UndockActionResult.msg[0m
[ 36%] [34m[1mGenerating Lisp code from ld_actions/UndockActionFeedback.msg[0m
[ 36%] [34m[1mGenerating Javascript code from ld_actions/UndockActionFeedback.msg[0m
[ 37%] [34m[1mGenerating EusLisp code from ld_actions/StopFeedback.msg[0m
[ 37%] [34m[1mGenerating Lisp code from ld_actions/PatrolResumeFeedback.msg[0m
[ 38%] [34m[1mGenerating Javascript code from ld_actions/PatrolResumeFeedback.msg[0m
[ 39%] [34m[1mGenerating Lisp code from ld_actions/StopActionResult.msg[0m
[ 39%] [34m[1mGenerating EusLisp code from ld_actions/PatrolOnceFeedback.msg[0m
[ 39%] [34m[1mGenerating Javascript code from ld_actions/StopActionResult.msg[0m
[ 39%] [34m[1mGenerating Lisp code from ld_actions/PatrolOnceAction.msg[0m
[ 39%] [34m[1mGenerating Javascript code from ld_actions/PatrolOnceAction.msg[0m
[ 39%] [34m[1mGenerating EusLisp code from ld_actions/DoTaskActionFeedback.msg[0m
[ 39%] [34m[1mGenerating Lisp code from ld_actions/DockResult.msg[0m
[ 39%] [34m[1mGenerating Javascript code from ld_actions/DockResult.msg[0m
[ 39%] [34m[1mGenerating EusLisp code from ld_actions/PatrolResumeAction.msg[0m
[ 40%] [34m[1mGenerating Lisp code from ld_actions/StopActionGoal.msg[0m
[ 41%] [34m[1mGenerating Javascript code from ld_actions/StopActionGoal.msg[0m
[ 41%] [34m[1mGenerating Lisp code from ld_actions/GoToActionFeedback.msg[0m
[ 41%] [34m[1mGenerating Javascript code from ld_actions/GoToActionFeedback.msg[0m
[ 42%] [34m[1mGenerating EusLisp code from ld_actions/ExecuteMacroActionFeedback.msg[0m
[ 42%] [34m[1mGenerating Lisp code from ld_actions/GoToAction.msg[0m
[ 42%] [34m[1mGenerating Javascript code from ld_actions/GoToAction.msg[0m
[ 42%] [34m[1mGenerating EusLisp code from ld_actions/DockActionGoal.msg[0m
[ 42%] [34m[1mGenerating Lisp code from ld_actions/PatrolResumeGoal.msg[0m
[ 43%] [34m[1mGenerating Javascript code from ld_actions/PatrolResumeGoal.msg[0m
[ 44%] [34m[1mGenerating Lisp code from ld_actions/PlayResult.msg[0m
[ 44%] [34m[1mGenerating Javascript code from ld_actions/PlayResult.msg[0m
[ 44%] [34m[1mGenerating EusLisp code from ld_actions/PatrolResumeActionResult.msg[0m
[ 44%] [34m[1mGenerating Lisp code from ld_actions/GoToActionResult.msg[0m
[ 44%] [34m[1mGenerating Javascript code from ld_actions/GoToActionResult.msg[0m
[ 45%] [34m[1mGenerating Lisp code from ld_actions/UndockResult.msg[0m
[ 45%] [34m[1mGenerating EusLisp code from ld_actions/PatrolOnceActionFeedback.msg[0m
[ 46%] [34m[1mGenerating Javascript code from ld_actions/UndockResult.msg[0m
[ 47%] [34m[1mGenerating Lisp code from ld_actions/UndockGoal.msg[0m
[ 47%] [34m[1mGenerating Javascript code from ld_actions/UndockGoal.msg[0m
[ 47%] [34m[1mGenerating EusLisp code from ld_actions/StopGoal.msg[0m
[ 47%] [34m[1mGenerating Lisp code from ld_actions/PatrolOnceActionResult.msg[0m
[ 47%] [34m[1mGenerating Javascript code from ld_actions/PatrolOnceActionResult.msg[0m
[ 47%] [34m[1mGenerating EusLisp code from ld_actions/PlayActionFeedback.msg[0m
[ 47%] [34m[1mGenerating Lisp code from ld_actions/PlayActionResult.msg[0m
[ 47%] [34m[1mGenerating Javascript code from ld_actions/PlayActionResult.msg[0m
[ 48%] [34m[1mGenerating Lisp code from ld_actions/GoToFeedback.msg[0m
[ 49%] [34m[1mGenerating Javascript code from ld_actions/GoToFeedback.msg[0m
[ 50%] [34m[1mGenerating EusLisp code from ld_actions/DockGoal.msg[0m
[ 50%] [34m[1mGenerating Lisp code from ld_actions/StopActionFeedback.msg[0m
[ 50%] [34m[1mGenerating Javascript code from ld_actions/StopActionFeedback.msg[0m
[ 50%] [34m[1mGenerating EusLisp code from ld_actions/ExecuteMacroGoal.msg[0m
[ 50%] [34m[1mGenerating Javascript code from ld_actions/ExecuteMacroResult.msg[0m
[ 50%] [34m[1mGenerating Lisp code from ld_actions/ExecuteMacroResult.msg[0m
[ 51%] [34m[1mGenerating Javascript code from ld_actions/UndockFeedback.msg[0m
[ 51%] [34m[1mGenerating Lisp code from ld_actions/UndockFeedback.msg[0m
[ 51%] [34m[1mGenerating EusLisp code from ld_actions/UndockActionResult.msg[0m
[ 51%] [34m[1mGenerating Javascript code from ld_actions/PlayGoal.msg[0m
[ 52%] [34m[1mGenerating Lisp code from ld_actions/PlayGoal.msg[0m
[ 52%] [34m[1mGenerating EusLisp code from ld_actions/UndockActionFeedback.msg[0m
[ 52%] Built target ld_actions_generate_messages_nodejs
[ 52%] Built target ld_actions_generate_messages_lisp
[35m[1mScanning dependencies of target ld_actions_generate_messages_cpp[0m
[35m[1mScanning dependencies of target ld_actions_generate_messages_py[0m
[ 52%] [34m[1mGenerating C++ code from ld_actions/PatrolResumeActionFeedback.msg[0m
[ 52%] [34m[1mGenerating Python from MSG ld_actions/PatrolResumeActionFeedback[0m
[ 53%] [34m[1mGenerating EusLisp code from ld_actions/PatrolResumeFeedback.msg[0m
[ 54%] [34m[1mGenerating Python from MSG ld_actions/DoTaskResult[0m
[ 54%] [34m[1mGenerating EusLisp code from ld_actions/StopActionResult.msg[0m
[ 54%] [34m[1mGenerating C++ code from ld_actions/DoTaskResult.msg[0m
[ 54%] [34m[1mGenerating EusLisp code from ld_actions/PatrolOnceAction.msg[0m
[ 55%] [34m[1mGenerating EusLisp code from ld_actions/DockResult.msg[0m
[ 55%] [34m[1mGenerating Python from MSG ld_actions/DockActionResult[0m
[ 55%] [34m[1mGenerating Python from MSG ld_actions/PatrolOnceActionGoal[0m
[ 55%] [34m[1mGenerating EusLisp code from ld_actions/StopActionGoal.msg[0m
[ 56%] [34m[1mGenerating C++ code from ld_actions/DockActionResult.msg[0m
[ 57%] [34m[1mGenerating Python from MSG ld_actions/GoToResult[0m
[ 57%] [34m[1mGenerating EusLisp code from ld_actions/GoToActionFeedback.msg[0m
[ 57%] [34m[1mGenerating Python from MSG ld_actions/PatrolResumeActionGoal[0m
[ 58%] [34m[1mGenerating EusLisp code from ld_actions/GoToAction.msg[0m
[ 58%] [34m[1mGenerating C++ code from ld_actions/PatrolOnceActionGoal.msg[0m
[ 58%] [34m[1mGenerating Python from MSG ld_actions/DoTaskFeedback[0m
[ 58%] [34m[1mGenerating Python from MSG ld_actions/GoToActionGoal[0m
[ 58%] [34m[1mGenerating EusLisp code from ld_actions/PatrolResumeGoal.msg[0m
[ 59%] [34m[1mGenerating Python from MSG ld_actions/DoTaskActionResult[0m
[ 59%] [34m[1mGenerating C++ code from ld_actions/GoToResult.msg[0m
[ 59%] [34m[1mGenerating EusLisp code from ld_actions/PlayResult.msg[0m
[ 60%] [34m[1mGenerating C++ code from ld_actions/PatrolResumeActionGoal.msg[0m
[ 61%] [34m[1mGenerating EusLisp code from ld_actions/GoToActionResult.msg[0m
[ 61%] [34m[1mGenerating Python from MSG ld_actions/DockActionFeedback[0m
[ 61%] [34m[1mGenerating C++ code from ld_actions/DoTaskFeedback.msg[0m
[ 61%] [34m[1mGenerating EusLisp code from ld_actions/UndockResult.msg[0m
[ 61%] [34m[1mGenerating C++ code from ld_actions/GoToActionGoal.msg[0m
[ 61%] [34m[1mGenerating Python from MSG ld_actions/ExecuteMacroFeedback[0m
[ 61%] [34m[1mGenerating EusLisp code from ld_actions/UndockGoal.msg[0m
[ 62%] [34m[1mGenerating C++ code from ld_actions/DoTaskActionResult.msg[0m
[ 63%] [34m[1mGenerating Python from MSG ld_actions/DoTaskGoal[0m
[ 63%] [34m[1mGenerating EusLisp code from ld_actions/PatrolOnceActionResult.msg[0m
[ 63%] [34m[1mGenerating C++ code from ld_actions/DockActionFeedback.msg[0m
[ 64%] [34m[1mGenerating EusLisp code from ld_actions/PlayActionResult.msg[0m
[ 64%] [34m[1mGenerating Python from MSG ld_actions/PatrolResumeResult[0m
[ 64%] [34m[1mGenerating C++ code from ld_actions/ExecuteMacroFeedback.msg[0m
[ 64%] [34m[1mGenerating EusLisp code from ld_actions/GoToFeedback.msg[0m
[ 65%] [34m[1mGenerating C++ code from ld_actions/DoTaskGoal.msg[0m
[ 65%] [34m[1mGenerating Python from MSG ld_actions/PlayFeedback[0m
[ 65%] [34m[1mGenerating EusLisp code from ld_actions/StopActionFeedback.msg[0m
[ 65%] [34m[1mGenerating C++ code from ld_actions/PatrolResumeResult.msg[0m
[ 67%] [34m[1mGenerating EusLisp code from ld_actions/ExecuteMacroResult.msg[0m
[ 67%] [34m[1mGenerating C++ code from ld_actions/PlayFeedback.msg[0m
[ 68%] [34m[1mGenerating Python from MSG ld_actions/UndockActionGoal[0m
[ 68%] [34m[1mGenerating EusLisp code from ld_actions/UndockFeedback.msg[0m
[ 68%] [34m[1mGenerating Python from MSG ld_actions/ExecuteMacroActionResult[0m
[ 68%] [34m[1mGenerating Python from MSG ld_actions/DoTaskActionGoal[0m
[ 68%] [34m[1mGenerating EusLisp code from ld_actions/PlayGoal.msg[0m
[ 68%] [34m[1mGenerating C++ code from ld_actions/UndockActionGoal.msg[0m
[ 69%] [34m[1mGenerating EusLisp manifest code for ld_actions[0m
[ 69%] [34m[1mGenerating Python from MSG ld_actions/DockAction[0m
[ 70%] [34m[1mGenerating Python from MSG ld_actions/PatrolOnceResult[0m
[ 71%] [34m[1mGenerating C++ code from ld_actions/ExecuteMacroActionResult.msg[0m
[ 71%] [34m[1mGenerating Python from MSG ld_actions/UndockAction[0m
[ 71%] [34m[1mGenerating Python from MSG ld_actions/ExecuteMacroAction[0m
[ 71%] [34m[1mGenerating C++ code from ld_actions/DoTaskActionGoal.msg[0m
[ 72%] [34m[1mGenerating Python from MSG ld_actions/DockFeedback[0m
[ 72%] [34m[1mGenerating Python from MSG ld_actions/PlayAction[0m
[ 72%] [34m[1mGenerating Python from MSG ld_actions/StopAction[0m
[ 72%] [34m[1mGenerating C++ code from ld_actions/DockAction.msg[0m
[ 73%] [34m[1mGenerating C++ code from ld_actions/PatrolOnceResult.msg[0m
[ 74%] [34m[1mGenerating Python from MSG ld_actions/ExecuteMacroActionGoal[0m
[ 74%] [34m[1mGenerating C++ code from ld_actions/UndockAction.msg[0m
[ 74%] [34m[1mGenerating Python from MSG ld_actions/GoToGoal[0m
[ 74%] [34m[1mGenerating C++ code from ld_actions/ExecuteMacroAction.msg[0m
[ 75%] [34m[1mGenerating C++ code from ld_actions/DockFeedback.msg[0m
[ 75%] [34m[1mGenerating Python from MSG ld_actions/DoTaskAction[0m
[ 76%] [34m[1mGenerating Python from MSG ld_actions/StopResult[0m
[ 76%] [34m[1mGenerating C++ code from ld_actions/PlayAction.msg[0m
[ 76%] Built target ld_actions_generate_messages_eus
[ 76%] [34m[1mGenerating Python from MSG ld_actions/PatrolOnceGoal[0m
[ 76%] [34m[1mGenerating C++ code from ld_actions/StopAction.msg[0m
[ 76%] [34m[1mGenerating Python from MSG ld_actions/PlayActionGoal[0m
[ 76%] [34m[1mGenerating C++ code from ld_actions/ExecuteMacroActionGoal.msg[0m
[ 77%] [34m[1mGenerating C++ code from ld_actions/GoToGoal.msg[0m
[ 77%] [34m[1mGenerating Python from MSG ld_actions/StopFeedback[0m
[ 77%] [34m[1mGenerating C++ code from ld_actions/DoTaskAction.msg[0m
[ 78%] [34m[1mGenerating Python from MSG ld_actions/PatrolOnceFeedback[0m
[ 78%] [34m[1mGenerating C++ code from ld_actions/StopResult.msg[0m
[ 79%] [34m[1mGenerating C++ code from ld_actions/PatrolOnceGoal.msg[0m
[ 79%] [34m[1mGenerating C++ code from ld_actions/PlayActionGoal.msg[0m
[ 79%] [34m[1mGenerating Python from MSG ld_actions/DoTaskActionFeedback[0m
[ 79%] [34m[1mGenerating C++ code from ld_actions/StopFeedback.msg[0m
[ 80%] [34m[1mGenerating C++ code from ld_actions/PatrolOnceFeedback.msg[0m
[ 80%] [34m[1mGenerating C++ code from ld_actions/DoTaskActionFeedback.msg[0m
[ 80%] [34m[1mGenerating Python from MSG ld_actions/PatrolResumeAction[0m
[ 80%] [34m[1mGenerating C++ code from ld_actions/PatrolResumeAction.msg[0m
[ 81%] [34m[1mGenerating Python from MSG ld_actions/ExecuteMacroActionFeedback[0m
[ 82%] [34m[1mGenerating C++ code from ld_actions/ExecuteMacroActionFeedback.msg[0m
[ 82%] [34m[1mGenerating C++ code from ld_actions/DockActionGoal.msg[0m
[ 82%] [34m[1mGenerating Python from MSG ld_actions/DockActionGoal[0m
[ 82%] [34m[1mGenerating C++ code from ld_actions/PatrolResumeActionResult.msg[0m
[ 82%] [34m[1mGenerating C++ code from ld_actions/PatrolOnceActionFeedback.msg[0m
[ 83%] [34m[1mGenerating C++ code from ld_actions/StopGoal.msg[0m
[ 83%] [34m[1mGenerating Python from MSG ld_actions/PatrolResumeActionResult[0m
[ 83%] [34m[1mGenerating C++ code from ld_actions/PlayActionFeedback.msg[0m
[ 83%] [34m[1mGenerating C++ code from ld_actions/DockGoal.msg[0m
[ 84%] [34m[1mGenerating C++ code from ld_actions/ExecuteMacroGoal.msg[0m
[ 85%] [34m[1mGenerating Python from MSG ld_actions/PatrolOnceActionFeedback[0m
[ 85%] [34m[1mGenerating C++ code from ld_actions/UndockActionResult.msg[0m
[ 85%] [34m[1mGenerating Python from MSG ld_actions/StopGoal[0m
[ 85%] [34m[1mGenerating C++ code from ld_actions/UndockActionFeedback.msg[0m
[ 86%] [34m[1mGenerating C++ code from ld_actions/PatrolResumeFeedback.msg[0m
[ 86%] [34m[1mGenerating C++ code from ld_actions/StopActionResult.msg[0m
[ 86%] [34m[1mGenerating Python from MSG ld_actions/PlayActionFeedback[0m
[ 86%] [34m[1mGenerating C++ code from ld_actions/PatrolOnceAction.msg[0m
[ 86%] [34m[1mGenerating Python from MSG ld_actions/DockGoal[0m
[ 86%] [34m[1mGenerating C++ code from ld_actions/DockResult.msg[0m
[ 87%] [34m[1mGenerating C++ code from ld_actions/StopActionGoal.msg[0m
[ 88%] [34m[1mGenerating Python from MSG ld_actions/ExecuteMacroGoal[0m
[ 88%] [34m[1mGenerating C++ code from ld_actions/GoToActionFeedback.msg[0m
[ 88%] [34m[1mGenerating C++ code from ld_actions/GoToAction.msg[0m
[ 89%] [34m[1mGenerating C++ code from ld_actions/PatrolResumeGoal.msg[0m
[ 89%] [34m[1mGenerating Python from MSG ld_actions/UndockActionResult[0m
[ 89%] [34m[1mGenerating C++ code from ld_actions/PlayResult.msg[0m
[ 89%] [34m[1mGenerating Python from MSG ld_actions/UndockActionFeedback[0m
[ 89%] [34m[1mGenerating C++ code from ld_actions/GoToActionResult.msg[0m
[ 90%] [34m[1mGenerating C++ code from ld_actions/UndockResult.msg[0m
[ 91%] [34m[1mGenerating Python from MSG ld_actions/PatrolResumeFeedback[0m
[ 91%] [34m[1mGenerating C++ code from ld_actions/UndockGoal.msg[0m
[ 91%] [34m[1mGenerating C++ code from ld_actions/PatrolOnceActionResult.msg[0m
[ 92%] [34m[1mGenerating C++ code from ld_actions/PlayActionResult.msg[0m
[ 92%] [34m[1mGenerating Python from MSG ld_actions/StopActionResult[0m
[ 92%] [34m[1mGenerating C++ code from ld_actions/GoToFeedback.msg[0m
[ 92%] [34m[1mGenerating C++ code from ld_actions/StopActionFeedback.msg[0m
[ 92%] [34m[1mGenerating Python from MSG ld_actions/PatrolOnceAction[0m
[ 92%] [34m[1mGenerating C++ code from ld_actions/ExecuteMacroResult.msg[0m
[ 93%] [34m[1mGenerating C++ code from ld_actions/UndockFeedback.msg[0m
[ 94%] [34m[1mGenerating Python from MSG ld_actions/DockResult[0m
[ 94%] [34m[1mGenerating C++ code from ld_actions/PlayGoal.msg[0m
[ 94%] [34m[1mGenerating Python from MSG ld_actions/StopActionGoal[0m
[ 94%] [34m[1mGenerating Python from MSG ld_actions/GoToActionFeedback[0m
[ 95%] [34m[1mGenerating Python from MSG ld_actions/GoToAction[0m
[ 95%] [34m[1mGenerating Python from MSG ld_actions/PatrolResumeGoal[0m
[ 95%] Built target ld_actions_generate_messages_cpp
[ 95%] [34m[1mGenerating Python from MSG ld_actions/PlayResult[0m
[ 95%] [34m[1mGenerating Python from MSG ld_actions/GoToActionResult[0m
[ 96%] [34m[1mGenerating Python from MSG ld_actions/UndockResult[0m
[ 96%] [34m[1mGenerating Python from MSG ld_actions/UndockGoal[0m
[ 96%] [34m[1mGenerating Python from MSG ld_actions/PatrolOnceActionResult[0m
[ 97%] [34m[1mGenerating Python from MSG ld_actions/PlayActionResult[0m
[ 97%] [34m[1mGenerating Python from MSG ld_actions/GoToFeedback[0m
[ 97%] [34m[1mGenerating Python from MSG ld_actions/StopActionFeedback[0m
[ 98%] [34m[1mGenerating Python from MSG ld_actions/ExecuteMacroResult[0m
[ 98%] [34m[1mGenerating Python from MSG ld_actions/UndockFeedback[0m
[ 98%] [34m[1mGenerating Python from MSG ld_actions/PlayGoal[0m
[100%] [34m[1mGenerating Python msg __init__.py for ld_actions[0m
[100%] Built target ld_actions_generate_messages_py
[35m[1mScanning dependencies of target ld_actions_generate_messages[0m
[100%] Built target ld_actions_generate_messages
