[  0%] Built target _ld_actions_generate_messages_check_deps_DoTaskActionGoal
[  0%] Built target _ld_actions_generate_messages_check_deps_DockAction
[  0%] Built target _ld_actions_generate_messages_check_deps_DoTaskGoal
[  0%] Built target _ld_actions_generate_messages_check_deps_DoTaskActionFeedback
[  0%] Built target _ld_actions_generate_messages_check_deps_DoTaskActionResult
[  0%] Built target actionlib_msgs_generate_messages_lisp
[  0%] Built target _ld_actions_generate_messages_check_deps_DoTaskResult
[  0%] Built target _ld_actions_generate_messages_check_deps_DockActionResult
[  0%] Built target _ld_actions_generate_messages_check_deps_DoTaskFeedback
[  0%] Built target _ld_actions_generate_messages_check_deps_DockResult
[  0%] Built target _ld_actions_generate_messages_check_deps_DockFeedback
[  0%] Built target _ld_actions_generate_messages_check_deps_DockGoal
[  0%] Built target _ld_actions_generate_messages_check_deps_DoTaskAction
[  0%] Built target _ld_actions_generate_messages_check_deps_DockActionFeedback
[  0%] Built target actionlib_msgs_generate_messages_py
[  0%] Built target _ld_actions_generate_messages_check_deps_DockActionGoal
[  0%] Built target actionlib_msgs_generate_messages_nodejs
[  0%] Built target actionlib_msgs_generate_messages_cpp
[  0%] Built target actionlib_msgs_generate_messages_eus
[ 19%] Built target ld_actions_generate_messages_lisp
[ 40%] Built target ld_actions_generate_messages_py
[ 59%] Built target ld_actions_generate_messages_nodejs
[ 79%] Built target ld_actions_generate_messages_cpp
[100%] Built target ld_actions_generate_messages_eus
[100%] Built target ld_actions_generate_messages
