[  0%] Built target _ld_actions_generate_messages_check_deps_GoToActionFeedback
[  0%] Built target _ld_actions_generate_messages_check_deps_PatrolResumeActionResult
[  0%] Built target _ld_actions_generate_messages_check_deps_GoToAction
[  0%] Built target _ld_actions_generate_messages_check_deps_DoTaskFeedback
[  0%] Built target _ld_actions_generate_messages_check_deps_PatrolResumeActionGoal
[  0%] Built target _ld_actions_generate_messages_check_deps_ExecuteMacroActionResult
[  0%] Built target _ld_actions_generate_messages_check_deps_PatrolResumeResult
[  0%] Built target _ld_actions_generate_messages_check_deps_DockActionFeedback
[  0%] Built target _ld_actions_generate_messages_check_deps_DockActionGoal
[  0%] Built target _ld_actions_generate_messages_check_deps_PatrolOnceResult
[  0%] Built target _ld_actions_generate_messages_check_deps_DoTaskResult
[  0%] Built target _ld_actions_generate_messages_check_deps_DockFeedback
[  0%] Built target _ld_actions_generate_messages_check_deps_PatrolResumeActionFeedback
[35m[1mScanning dependencies of target _ld_actions_generate_messages_check_deps_PlayResult[0m
[  0%] Built target _ld_actions_generate_messages_check_deps_DockActionResult
[  0%] Built target actionlib_msgs_generate_messages_lisp
[  0%] Built target _ld_actions_generate_messages_check_deps_PlayResult
[  0%] Built target _ld_actions_generate_messages_check_deps_ExecuteMacroFeedback
[  0%] Built target _ld_actions_generate_messages_check_deps_DoTaskActionFeedback
[35m[1mScanning dependencies of target _ld_actions_generate_messages_check_deps_PlayActionFeedback[0m
[  0%] Built target _ld_actions_generate_messages_check_deps_DoTaskActionResult
[  0%] Built target _ld_actions_generate_messages_check_deps_PatrolOnceGoal
[  0%] Built target _ld_actions_generate_messages_check_deps_PlayActionFeedback
[  0%] Built target _ld_actions_generate_messages_check_deps_DoTaskActionGoal
[  0%] Built target _ld_actions_generate_messages_check_deps_GoToActionGoal
[  0%] Built target _ld_actions_generate_messages_check_deps_PatrolOnceActionGoal
[  0%] Built target _ld_actions_generate_messages_check_deps_ExecuteMacroGoal
[  0%] Built target _ld_actions_generate_messages_check_deps_DockAction
[  0%] Built target _ld_actions_generate_messages_check_deps_ExecuteMacroActionFeedback
[  0%] Built target _ld_actions_generate_messages_check_deps_GoToResult
[35m[1mScanning dependencies of target _ld_actions_generate_messages_check_deps_PlayAction[0m
[  0%] Built target _ld_actions_generate_messages_check_deps_ExecuteMacroResult
[  0%] Built target _ld_actions_generate_messages_check_deps_ExecuteMacroActionGoal
[  0%] Built target _ld_actions_generate_messages_check_deps_GoToGoal
[35m[1mScanning dependencies of target _ld_actions_generate_messages_check_deps_PlayActionGoal[0m
[  0%] Built target _ld_actions_generate_messages_check_deps_PlayAction
[  0%] Built target _ld_actions_generate_messages_check_deps_PatrolResumeAction
[  0%] Built target _ld_actions_generate_messages_check_deps_PlayActionGoal
[  0%] Built target _ld_actions_generate_messages_check_deps_PatrolOnceActionResult
[  0%] Built target _ld_actions_generate_messages_check_deps_ExecuteMacroAction
[  0%] Built target _ld_actions_generate_messages_check_deps_DockResult
[  0%] Built target _ld_actions_generate_messages_check_deps_DoTaskGoal
[  0%] Built target _ld_actions_generate_messages_check_deps_PatrolOnceActionFeedback
[  0%] Built target _ld_actions_generate_messages_check_deps_DockGoal
[  0%] Built target _ld_actions_generate_messages_check_deps_GoToFeedback
[  0%] Built target _ld_actions_generate_messages_check_deps_DoTaskAction
[  0%] Built target _ld_actions_generate_messages_check_deps_PatrolResumeFeedback
[35m[1mScanning dependencies of target _ld_actions_generate_messages_check_deps_PlayFeedback[0m
[  0%] Built target _ld_actions_generate_messages_check_deps_PatrolOnceAction
[  0%] Built target _ld_actions_generate_messages_check_deps_PatrolResumeGoal
[  0%] Built target _ld_actions_generate_messages_check_deps_GoToActionResult
[35m[1mScanning dependencies of target _ld_actions_generate_messages_check_deps_PlayActionResult[0m
[35m[1mScanning dependencies of target _ld_actions_generate_messages_check_deps_PlayGoal[0m
[  0%] Built target _ld_actions_generate_messages_check_deps_PatrolOnceFeedback
[  0%] Built target _ld_actions_generate_messages_check_deps_PlayFeedback
[  0%] Built target _ld_actions_generate_messages_check_deps_PlayActionResult
[  0%] Built target actionlib_msgs_generate_messages_nodejs
[  0%] Built target actionlib_msgs_generate_messages_py
[  0%] Built target _ld_actions_generate_messages_check_deps_PlayGoal
[  0%] Built target actionlib_msgs_generate_messages_cpp
[  0%] Built target actionlib_msgs_generate_messages_eus
[  1%] [34m[1mGenerating Lisp code from ld_actions/PlayFeedback.msg[0m
[  2%] [34m[1mGenerating Javascript code from ld_actions/PlayFeedback.msg[0m
[  3%] [34m[1mGenerating Python from MSG ld_actions/PlayFeedback[0m
[  3%] [34m[1mGenerating C++ code from ld_actions/PlayFeedback.msg[0m
[  3%] [34m[1mGenerating Lisp code from ld_actions/PlayAction.msg[0m
[  3%] [34m[1mGenerating Javascript code from ld_actions/PlayAction.msg[0m
[  3%] [34m[1mGenerating Lisp code from ld_actions/PlayActionGoal.msg[0m
[  3%] [34m[1mGenerating Javascript code from ld_actions/PlayActionGoal.msg[0m
[  3%] [34m[1mGenerating Python from MSG ld_actions/PlayAction[0m
[  3%] [34m[1mGenerating Lisp code from ld_actions/PlayActionFeedback.msg[0m
[  3%] [34m[1mGenerating C++ code from ld_actions/PlayAction.msg[0m
[  3%] [34m[1mGenerating Javascript code from ld_actions/PlayActionFeedback.msg[0m
[  4%] [34m[1mGenerating Lisp code from ld_actions/PlayResult.msg[0m
[  5%] [34m[1mGenerating Javascript code from ld_actions/PlayResult.msg[0m
[  5%] [34m[1mGenerating Python from MSG ld_actions/PlayActionGoal[0m
[  5%] [34m[1mGenerating Lisp code from ld_actions/PlayActionResult.msg[0m
[  5%] [34m[1mGenerating Javascript code from ld_actions/PlayActionResult.msg[0m
[  6%] [34m[1mGenerating C++ code from ld_actions/PlayActionGoal.msg[0m
[  6%] [34m[1mGenerating Lisp code from ld_actions/PlayGoal.msg[0m
[  6%] [34m[1mGenerating Python from MSG ld_actions/PlayActionFeedback[0m
[  6%] [34m[1mGenerating Javascript code from ld_actions/PlayGoal.msg[0m
[ 23%] Built target ld_actions_generate_messages_lisp
[ 25%] [34m[1mGenerating Python from MSG ld_actions/PlayResult[0m
[ 42%] Built target ld_actions_generate_messages_nodejs
[ 42%] [34m[1mGenerating EusLisp code from ld_actions/PlayFeedback.msg[0m
[ 42%] [34m[1mGenerating C++ code from ld_actions/PlayActionFeedback.msg[0m
[ 42%] [34m[1mGenerating Python from MSG ld_actions/PlayActionResult[0m
[ 42%] [34m[1mGenerating C++ code from ld_actions/PlayResult.msg[0m
[ 42%] [34m[1mGenerating EusLisp code from ld_actions/PlayAction.msg[0m
[ 42%] [34m[1mGenerating Python from MSG ld_actions/PlayGoal[0m
[ 43%] [34m[1mGenerating EusLisp code from ld_actions/PlayActionGoal.msg[0m
[ 44%] [34m[1mGenerating C++ code from ld_actions/PlayActionResult.msg[0m
[ 45%] [34m[1mGenerating C++ code from ld_actions/PlayGoal.msg[0m
[ 46%] [34m[1mGenerating Python msg __init__.py for ld_actions[0m
[ 46%] [34m[1mGenerating EusLisp code from ld_actions/PlayActionFeedback.msg[0m
[ 46%] [34m[1mGenerating EusLisp code from ld_actions/PlayResult.msg[0m
[ 47%] [34m[1mGenerating EusLisp code from ld_actions/PlayActionResult.msg[0m
[ 65%] Built target ld_actions_generate_messages_py
[ 82%] Built target ld_actions_generate_messages_cpp
[ 83%] [34m[1mGenerating EusLisp code from ld_actions/PlayGoal.msg[0m
[100%] Built target ld_actions_generate_messages_eus
[100%] Built target ld_actions_generate_messages
