Linked: (/home/tthmatt/ld_ROS/devel/.private/ld_actions/lib/python2.7/dist-packages/ld_actions/__init__.py, /home/tthmatt/ld_ROS/devel/lib/python2.7/dist-packages/ld_actions/__init__.py)
Linked: (/home/tthmatt/ld_ROS/devel/.private/ld_actions/lib/python2.7/dist-packages/ld_actions/msg/_DockGoal.py, /home/tthmatt/ld_ROS/devel/lib/python2.7/dist-packages/ld_actions/msg/_DockGoal.py)
Linked: (/home/tthmatt/ld_ROS/devel/.private/ld_actions/lib/python2.7/dist-packages/ld_actions/msg/_DockActionResult.py, /home/tthmatt/ld_ROS/devel/lib/python2.7/dist-packages/ld_actions/msg/_DockActionResult.py)
Linked: (/home/tthmatt/ld_ROS/devel/.private/ld_actions/lib/python2.7/dist-packages/ld_actions/msg/_DockActionFeedback.py, /home/tthmatt/ld_ROS/devel/lib/python2.7/dist-packages/ld_actions/msg/_DockActionFeedback.py)
Linked: (/home/tthmatt/ld_ROS/devel/.private/ld_actions/lib/python2.7/dist-packages/ld_actions/msg/_DockAction.py, /home/tthmatt/ld_ROS/devel/lib/python2.7/dist-packages/ld_actions/msg/_DockAction.py)
Linked: (/home/tthmatt/ld_ROS/devel/.private/ld_actions/lib/python2.7/dist-packages/ld_actions/msg/__init__.py, /home/tthmatt/ld_ROS/devel/lib/python2.7/dist-packages/ld_actions/msg/__init__.py)
Linked: (/home/tthmatt/ld_ROS/devel/.private/ld_actions/lib/python2.7/dist-packages/ld_actions/msg/_DockResult.py, /home/tthmatt/ld_ROS/devel/lib/python2.7/dist-packages/ld_actions/msg/_DockResult.py)
Linked: (/home/tthmatt/ld_ROS/devel/.private/ld_actions/lib/python2.7/dist-packages/ld_actions/msg/_DockActionGoal.py, /home/tthmatt/ld_ROS/devel/lib/python2.7/dist-packages/ld_actions/msg/_DockActionGoal.py)
Linked: (/home/tthmatt/ld_ROS/devel/.private/ld_actions/lib/python2.7/dist-packages/ld_actions/msg/_DockFeedback.py, /home/tthmatt/ld_ROS/devel/lib/python2.7/dist-packages/ld_actions/msg/_DockFeedback.py)
Linked: (/home/tthmatt/ld_ROS/devel/.private/ld_actions/lib/pkgconfig/ld_actions.pc, /home/tthmatt/ld_ROS/devel/lib/pkgconfig/ld_actions.pc)
Linked: (/home/tthmatt/ld_ROS/devel/.private/ld_actions/share/ld_actions/cmake/ld_actionsConfig-version.cmake, /home/tthmatt/ld_ROS/devel/share/ld_actions/cmake/ld_actionsConfig-version.cmake)
Linked: (/home/tthmatt/ld_ROS/devel/.private/ld_actions/share/ld_actions/cmake/ld_actionsConfig.cmake, /home/tthmatt/ld_ROS/devel/share/ld_actions/cmake/ld_actionsConfig.cmake)
Linked: (/home/tthmatt/ld_ROS/devel/.private/ld_actions/share/ld_actions/cmake/ld_actions-msg-paths.cmake, /home/tthmatt/ld_ROS/devel/share/ld_actions/cmake/ld_actions-msg-paths.cmake)
Linked: (/home/tthmatt/ld_ROS/devel/.private/ld_actions/share/ld_actions/cmake/ld_actions-msg-extras.cmake, /home/tthmatt/ld_ROS/devel/share/ld_actions/cmake/ld_actions-msg-extras.cmake)
Linked: (/home/tthmatt/ld_ROS/devel/.private/ld_actions/share/ld_actions/msg/DockActionResult.msg, /home/tthmatt/ld_ROS/devel/share/ld_actions/msg/DockActionResult.msg)
Linked: (/home/tthmatt/ld_ROS/devel/.private/ld_actions/share/ld_actions/msg/DockActionGoal.msg, /home/tthmatt/ld_ROS/devel/share/ld_actions/msg/DockActionGoal.msg)
Linked: (/home/tthmatt/ld_ROS/devel/.private/ld_actions/share/ld_actions/msg/DockActionFeedback.msg, /home/tthmatt/ld_ROS/devel/share/ld_actions/msg/DockActionFeedback.msg)
Linked: (/home/tthmatt/ld_ROS/devel/.private/ld_actions/share/ld_actions/msg/DockFeedback.msg, /home/tthmatt/ld_ROS/devel/share/ld_actions/msg/DockFeedback.msg)
Linked: (/home/tthmatt/ld_ROS/devel/.private/ld_actions/share/ld_actions/msg/DockGoal.msg, /home/tthmatt/ld_ROS/devel/share/ld_actions/msg/DockGoal.msg)
Linked: (/home/tthmatt/ld_ROS/devel/.private/ld_actions/share/ld_actions/msg/DockAction.msg, /home/tthmatt/ld_ROS/devel/share/ld_actions/msg/DockAction.msg)
Linked: (/home/tthmatt/ld_ROS/devel/.private/ld_actions/share/ld_actions/msg/DockResult.msg, /home/tthmatt/ld_ROS/devel/share/ld_actions/msg/DockResult.msg)
Linked: (/home/tthmatt/ld_ROS/devel/.private/ld_actions/share/common-lisp/ros/ld_actions/msg/_package_DockActionGoal.lisp, /home/tthmatt/ld_ROS/devel/share/common-lisp/ros/ld_actions/msg/_package_DockActionGoal.lisp)
Linked: (/home/tthmatt/ld_ROS/devel/.private/ld_actions/share/common-lisp/ros/ld_actions/msg/_package.lisp, /home/tthmatt/ld_ROS/devel/share/common-lisp/ros/ld_actions/msg/_package.lisp)
Linked: (/home/tthmatt/ld_ROS/devel/.private/ld_actions/share/common-lisp/ros/ld_actions/msg/_package_DockActionFeedback.lisp, /home/tthmatt/ld_ROS/devel/share/common-lisp/ros/ld_actions/msg/_package_DockActionFeedback.lisp)
Linked: (/home/tthmatt/ld_ROS/devel/.private/ld_actions/share/common-lisp/ros/ld_actions/msg/DockFeedback.lisp, /home/tthmatt/ld_ROS/devel/share/common-lisp/ros/ld_actions/msg/DockFeedback.lisp)
Linked: (/home/tthmatt/ld_ROS/devel/.private/ld_actions/share/common-lisp/ros/ld_actions/msg/DockActionFeedback.lisp, /home/tthmatt/ld_ROS/devel/share/common-lisp/ros/ld_actions/msg/DockActionFeedback.lisp)
Linked: (/home/tthmatt/ld_ROS/devel/.private/ld_actions/share/common-lisp/ros/ld_actions/msg/DockGoal.lisp, /home/tthmatt/ld_ROS/devel/share/common-lisp/ros/ld_actions/msg/DockGoal.lisp)
Linked: (/home/tthmatt/ld_ROS/devel/.private/ld_actions/share/common-lisp/ros/ld_actions/msg/DockActionResult.lisp, /home/tthmatt/ld_ROS/devel/share/common-lisp/ros/ld_actions/msg/DockActionResult.lisp)
Linked: (/home/tthmatt/ld_ROS/devel/.private/ld_actions/share/common-lisp/ros/ld_actions/msg/DockResult.lisp, /home/tthmatt/ld_ROS/devel/share/common-lisp/ros/ld_actions/msg/DockResult.lisp)
Linked: (/home/tthmatt/ld_ROS/devel/.private/ld_actions/share/common-lisp/ros/ld_actions/msg/_package_DockAction.lisp, /home/tthmatt/ld_ROS/devel/share/common-lisp/ros/ld_actions/msg/_package_DockAction.lisp)
Linked: (/home/tthmatt/ld_ROS/devel/.private/ld_actions/share/common-lisp/ros/ld_actions/msg/_package_DockGoal.lisp, /home/tthmatt/ld_ROS/devel/share/common-lisp/ros/ld_actions/msg/_package_DockGoal.lisp)
Linked: (/home/tthmatt/ld_ROS/devel/.private/ld_actions/share/common-lisp/ros/ld_actions/msg/ld_actions-msg.asd, /home/tthmatt/ld_ROS/devel/share/common-lisp/ros/ld_actions/msg/ld_actions-msg.asd)
Linked: (/home/tthmatt/ld_ROS/devel/.private/ld_actions/share/common-lisp/ros/ld_actions/msg/_package_DockResult.lisp, /home/tthmatt/ld_ROS/devel/share/common-lisp/ros/ld_actions/msg/_package_DockResult.lisp)
Linked: (/home/tthmatt/ld_ROS/devel/.private/ld_actions/share/common-lisp/ros/ld_actions/msg/DockActionGoal.lisp, /home/tthmatt/ld_ROS/devel/share/common-lisp/ros/ld_actions/msg/DockActionGoal.lisp)
Linked: (/home/tthmatt/ld_ROS/devel/.private/ld_actions/share/common-lisp/ros/ld_actions/msg/_package_DockActionResult.lisp, /home/tthmatt/ld_ROS/devel/share/common-lisp/ros/ld_actions/msg/_package_DockActionResult.lisp)
Linked: (/home/tthmatt/ld_ROS/devel/.private/ld_actions/share/common-lisp/ros/ld_actions/msg/_package_DockFeedback.lisp, /home/tthmatt/ld_ROS/devel/share/common-lisp/ros/ld_actions/msg/_package_DockFeedback.lisp)
Linked: (/home/tthmatt/ld_ROS/devel/.private/ld_actions/share/common-lisp/ros/ld_actions/msg/DockAction.lisp, /home/tthmatt/ld_ROS/devel/share/common-lisp/ros/ld_actions/msg/DockAction.lisp)
Linked: (/home/tthmatt/ld_ROS/devel/.private/ld_actions/share/gennodejs/ros/ld_actions/_index.js, /home/tthmatt/ld_ROS/devel/share/gennodejs/ros/ld_actions/_index.js)
Linked: (/home/tthmatt/ld_ROS/devel/.private/ld_actions/share/gennodejs/ros/ld_actions/msg/DockAction.js, /home/tthmatt/ld_ROS/devel/share/gennodejs/ros/ld_actions/msg/DockAction.js)
Linked: (/home/tthmatt/ld_ROS/devel/.private/ld_actions/share/gennodejs/ros/ld_actions/msg/_index.js, /home/tthmatt/ld_ROS/devel/share/gennodejs/ros/ld_actions/msg/_index.js)
Linked: (/home/tthmatt/ld_ROS/devel/.private/ld_actions/share/gennodejs/ros/ld_actions/msg/DockActionGoal.js, /home/tthmatt/ld_ROS/devel/share/gennodejs/ros/ld_actions/msg/DockActionGoal.js)
Linked: (/home/tthmatt/ld_ROS/devel/.private/ld_actions/share/gennodejs/ros/ld_actions/msg/DockGoal.js, /home/tthmatt/ld_ROS/devel/share/gennodejs/ros/ld_actions/msg/DockGoal.js)
Linked: (/home/tthmatt/ld_ROS/devel/.private/ld_actions/share/gennodejs/ros/ld_actions/msg/DockFeedback.js, /home/tthmatt/ld_ROS/devel/share/gennodejs/ros/ld_actions/msg/DockFeedback.js)
Linked: (/home/tthmatt/ld_ROS/devel/.private/ld_actions/share/gennodejs/ros/ld_actions/msg/DockResult.js, /home/tthmatt/ld_ROS/devel/share/gennodejs/ros/ld_actions/msg/DockResult.js)
Linked: (/home/tthmatt/ld_ROS/devel/.private/ld_actions/share/gennodejs/ros/ld_actions/msg/DockActionFeedback.js, /home/tthmatt/ld_ROS/devel/share/gennodejs/ros/ld_actions/msg/DockActionFeedback.js)
Linked: (/home/tthmatt/ld_ROS/devel/.private/ld_actions/share/gennodejs/ros/ld_actions/msg/DockActionResult.js, /home/tthmatt/ld_ROS/devel/share/gennodejs/ros/ld_actions/msg/DockActionResult.js)
Linked: (/home/tthmatt/ld_ROS/devel/.private/ld_actions/share/roseus/ros/ld_actions/manifest.l, /home/tthmatt/ld_ROS/devel/share/roseus/ros/ld_actions/manifest.l)
Linked: (/home/tthmatt/ld_ROS/devel/.private/ld_actions/share/roseus/ros/ld_actions/msg/DockGoal.l, /home/tthmatt/ld_ROS/devel/share/roseus/ros/ld_actions/msg/DockGoal.l)
Linked: (/home/tthmatt/ld_ROS/devel/.private/ld_actions/share/roseus/ros/ld_actions/msg/DockActionGoal.l, /home/tthmatt/ld_ROS/devel/share/roseus/ros/ld_actions/msg/DockActionGoal.l)
Linked: (/home/tthmatt/ld_ROS/devel/.private/ld_actions/share/roseus/ros/ld_actions/msg/DockResult.l, /home/tthmatt/ld_ROS/devel/share/roseus/ros/ld_actions/msg/DockResult.l)
Linked: (/home/tthmatt/ld_ROS/devel/.private/ld_actions/share/roseus/ros/ld_actions/msg/DockAction.l, /home/tthmatt/ld_ROS/devel/share/roseus/ros/ld_actions/msg/DockAction.l)
Linked: (/home/tthmatt/ld_ROS/devel/.private/ld_actions/share/roseus/ros/ld_actions/msg/DockActionResult.l, /home/tthmatt/ld_ROS/devel/share/roseus/ros/ld_actions/msg/DockActionResult.l)
Linked: (/home/tthmatt/ld_ROS/devel/.private/ld_actions/share/roseus/ros/ld_actions/msg/DockFeedback.l, /home/tthmatt/ld_ROS/devel/share/roseus/ros/ld_actions/msg/DockFeedback.l)
Linked: (/home/tthmatt/ld_ROS/devel/.private/ld_actions/share/roseus/ros/ld_actions/msg/DockActionFeedback.l, /home/tthmatt/ld_ROS/devel/share/roseus/ros/ld_actions/msg/DockActionFeedback.l)
Linked: (/home/tthmatt/ld_ROS/devel/.private/ld_actions/include/ld_actions/DockActionGoal.h, /home/tthmatt/ld_ROS/devel/include/ld_actions/DockActionGoal.h)
Linked: (/home/tthmatt/ld_ROS/devel/.private/ld_actions/include/ld_actions/DockAction.h, /home/tthmatt/ld_ROS/devel/include/ld_actions/DockAction.h)
Linked: (/home/tthmatt/ld_ROS/devel/.private/ld_actions/include/ld_actions/DockFeedback.h, /home/tthmatt/ld_ROS/devel/include/ld_actions/DockFeedback.h)
Linked: (/home/tthmatt/ld_ROS/devel/.private/ld_actions/include/ld_actions/DockGoal.h, /home/tthmatt/ld_ROS/devel/include/ld_actions/DockGoal.h)
Linked: (/home/tthmatt/ld_ROS/devel/.private/ld_actions/include/ld_actions/DockActionFeedback.h, /home/tthmatt/ld_ROS/devel/include/ld_actions/DockActionFeedback.h)
Linked: (/home/tthmatt/ld_ROS/devel/.private/ld_actions/include/ld_actions/DockActionResult.h, /home/tthmatt/ld_ROS/devel/include/ld_actions/DockActionResult.h)
Linked: (/home/tthmatt/ld_ROS/devel/.private/ld_actions/include/ld_actions/DockResult.h, /home/tthmatt/ld_ROS/devel/include/ld_actions/DockResult.h)
