[35m[1mScanning dependencies of target _ld_actions_generate_messages_check_deps_GoToActionResult[0m
[35m[1mScanning dependencies of target _ld_actions_generate_messages_check_deps_GoToAction[0m
[  0%] Built target _ld_actions_generate_messages_check_deps_PatrolOnceFeedback
[  0%] Built target _ld_actions_generate_messages_check_deps_GoToActionResult
[35m[1mScanning dependencies of target _ld_actions_generate_messages_check_deps_GoToActionFeedback[0m
[  0%] Built target _ld_actions_generate_messages_check_deps_DoTaskAction
[  0%] Built target _ld_actions_generate_messages_check_deps_GoToAction
[35m[1mScanning dependencies of target _ld_actions_generate_messages_check_deps_GoToFeedback[0m
[  0%] Built target _ld_actions_generate_messages_check_deps_GoToActionFeedback
[  0%] Built target _ld_actions_generate_messages_check_deps_PatrolOnceAction
[  0%] Built target _ld_actions_generate_messages_check_deps_ExecuteMacroResult
[  0%] Built target _ld_actions_generate_messages_check_deps_GoToFeedback
[  0%] Built target _ld_actions_generate_messages_check_deps_PatrolOnceActionFeedback
[  0%] Built target _ld_actions_generate_messages_check_deps_ExecuteMacroAction
[  0%] Built target _ld_actions_generate_messages_check_deps_DockResult
[  0%] Built target _ld_actions_generate_messages_check_deps_PatrolOnceActionResult
[  0%] Built target _ld_actions_generate_messages_check_deps_ExecuteMacroActionFeedback
[  0%] Built target _ld_actions_generate_messages_check_deps_ExecuteMacroGoal
[  0%] Built target _ld_actions_generate_messages_check_deps_DockAction
[35m[1mScanning dependencies of target _ld_actions_generate_messages_check_deps_GoToActionGoal[0m
[  0%] Built target _ld_actions_generate_messages_check_deps_DockGoal
[35m[1mScanning dependencies of target _ld_actions_generate_messages_check_deps_GoToGoal[0m
[  0%] Built target actionlib_msgs_generate_messages_py
[  0%] Built target _ld_actions_generate_messages_check_deps_GoToGoal
[  0%] Built target _ld_actions_generate_messages_check_deps_GoToActionGoal
[  0%] Built target _ld_actions_generate_messages_check_deps_DoTaskGoal
[  0%] Built target _ld_actions_generate_messages_check_deps_DoTaskActionResult
[  0%] Built target _ld_actions_generate_messages_check_deps_PatrolOnceActionGoal
[  0%] Built target _ld_actions_generate_messages_check_deps_DoTaskActionFeedback
[  0%] Built target _ld_actions_generate_messages_check_deps_ExecuteMacroFeedback
[  0%] Built target _ld_actions_generate_messages_check_deps_DoTaskFeedback
[  0%] Built target _ld_actions_generate_messages_check_deps_DockActionResult
[  0%] Built target _ld_actions_generate_messages_check_deps_DockFeedback
[  0%] Built target _ld_actions_generate_messages_check_deps_DoTaskResult
[  0%] Built target _ld_actions_generate_messages_check_deps_PatrolOnceResult
[  0%] Built target _ld_actions_generate_messages_check_deps_DockActionGoal
[  0%] Built target _ld_actions_generate_messages_check_deps_PatrolOnceGoal
[35m[1mScanning dependencies of target _ld_actions_generate_messages_check_deps_GoToResult[0m
[  0%] Built target _ld_actions_generate_messages_check_deps_DockActionFeedback
[  0%] Built target _ld_actions_generate_messages_check_deps_ExecuteMacroActionResult
[  0%] Built target actionlib_msgs_generate_messages_lisp
[  0%] Built target _ld_actions_generate_messages_check_deps_GoToResult
[  0%] Built target _ld_actions_generate_messages_check_deps_DoTaskActionGoal
[  0%] Built target _ld_actions_generate_messages_check_deps_ExecuteMacroActionGoal
[  0%] Built target actionlib_msgs_generate_messages_eus
[  0%] Built target actionlib_msgs_generate_messages_cpp
[  0%] Built target actionlib_msgs_generate_messages_nodejs
[  0%] [34m[1mGenerating Lisp code from ld_actions/GoToResult.msg[0m
[  0%] [34m[1mGenerating Python from MSG ld_actions/GoToResult[0m
[  0%] [34m[1mGenerating EusLisp code from ld_actions/GoToResult.msg[0m
[  0%] [34m[1mGenerating C++ code from ld_actions/GoToResult.msg[0m
[  0%] [34m[1mGenerating Lisp code from ld_actions/GoToActionGoal.msg[0m
[  0%] [34m[1mGenerating EusLisp code from ld_actions/GoToActionGoal.msg[0m
[  1%] [34m[1mGenerating Lisp code from ld_actions/GoToGoal.msg[0m
[  2%] [34m[1mGenerating Python from MSG ld_actions/GoToActionGoal[0m
[  3%] [34m[1mGenerating C++ code from ld_actions/GoToActionGoal.msg[0m
[  3%] [34m[1mGenerating Lisp code from ld_actions/GoToActionFeedback.msg[0m
[  4%] [34m[1mGenerating EusLisp code from ld_actions/GoToGoal.msg[0m
[  5%] [34m[1mGenerating Lisp code from ld_actions/GoToAction.msg[0m
[  6%] [34m[1mGenerating Python from MSG ld_actions/GoToGoal[0m
[  7%] [34m[1mGenerating EusLisp code from ld_actions/GoToActionFeedback.msg[0m
[  7%] [34m[1mGenerating Lisp code from ld_actions/GoToActionResult.msg[0m
[  8%] [34m[1mGenerating Lisp code from ld_actions/GoToFeedback.msg[0m
[  8%] [34m[1mGenerating C++ code from ld_actions/GoToGoal.msg[0m
[  8%] [34m[1mGenerating EusLisp code from ld_actions/GoToAction.msg[0m
[  8%] [34m[1mGenerating Python from MSG ld_actions/GoToActionFeedback[0m
[ 26%] Built target ld_actions_generate_messages_lisp
[ 27%] [34m[1mGenerating Javascript code from ld_actions/GoToResult.msg[0m
[ 28%] [34m[1mGenerating EusLisp code from ld_actions/GoToActionResult.msg[0m
[ 29%] [34m[1mGenerating Javascript code from ld_actions/GoToActionGoal.msg[0m
[ 29%] [34m[1mGenerating C++ code from ld_actions/GoToActionFeedback.msg[0m
[ 30%] [34m[1mGenerating Python from MSG ld_actions/GoToAction[0m
[ 30%] [34m[1mGenerating EusLisp code from ld_actions/GoToFeedback.msg[0m
[ 30%] [34m[1mGenerating Javascript code from ld_actions/GoToGoal.msg[0m
[ 31%] [34m[1mGenerating Javascript code from ld_actions/GoToActionFeedback.msg[0m
[ 48%] Built target ld_actions_generate_messages_eus
[ 48%] [34m[1mGenerating Javascript code from ld_actions/GoToAction.msg[0m
[ 48%] [34m[1mGenerating Python from MSG ld_actions/GoToActionResult[0m
[ 49%] [34m[1mGenerating Javascript code from ld_actions/GoToActionResult.msg[0m
[ 50%] [34m[1mGenerating C++ code from ld_actions/GoToAction.msg[0m
[ 51%] [34m[1mGenerating Javascript code from ld_actions/GoToFeedback.msg[0m
[ 51%] [34m[1mGenerating C++ code from ld_actions/GoToActionResult.msg[0m
[ 65%] Built target ld_actions_generate_messages_nodejs
[ 65%] [34m[1mGenerating C++ code from ld_actions/GoToFeedback.msg[0m
[ 65%] [34m[1mGenerating Python from MSG ld_actions/GoToFeedback[0m
[ 66%] [34m[1mGenerating Python msg __init__.py for ld_actions[0m
[ 83%] Built target ld_actions_generate_messages_cpp
[100%] Built target ld_actions_generate_messages_py
[100%] Built target ld_actions_generate_messages
