Linked: (/home/tthmatt/ld_ROS/devel/.private/ld_actions/lib/python2.7/dist-packages/ld_actions/__init__.py, /home/tthmatt/ld_ROS/devel/lib/python2.7/dist-packages/ld_actions/__init__.py)
Linked: (/home/tthmatt/ld_ROS/devel/.private/ld_actions/lib/python2.7/dist-packages/ld_actions/msg/_PatrolResumeActionFeedback.py, /home/tthmatt/ld_ROS/devel/lib/python2.7/dist-packages/ld_actions/msg/_PatrolResumeActionFeedback.py)
Linked: (/home/tthmatt/ld_ROS/devel/.private/ld_actions/lib/python2.7/dist-packages/ld_actions/msg/_GoToActionResult.py, /home/tthmatt/ld_ROS/devel/lib/python2.7/dist-packages/ld_actions/msg/_GoToActionResult.py)
Symlinking /home/tthmatt/ld_ROS/devel/lib/python2.7/dist-packages/ld_actions/msg/_UndockActionFeedback.py
Linked: (/home/tthmatt/ld_ROS/devel/.private/ld_actions/lib/python2.7/dist-packages/ld_actions/msg/_PatrolOnceAction.py, /home/tthmatt/ld_ROS/devel/lib/python2.7/dist-packages/ld_actions/msg/_PatrolOnceAction.py)
Symlinking /home/tthmatt/ld_ROS/devel/lib/python2.7/dist-packages/ld_actions/msg/_UndockResult.py
Symlinking /home/tthmatt/ld_ROS/devel/lib/python2.7/dist-packages/ld_actions/msg/_UndockGoal.py
Linked: (/home/tthmatt/ld_ROS/devel/.private/ld_actions/lib/python2.7/dist-packages/ld_actions/msg/_DockGoal.py, /home/tthmatt/ld_ROS/devel/lib/python2.7/dist-packages/ld_actions/msg/_DockGoal.py)
Linked: (/home/tthmatt/ld_ROS/devel/.private/ld_actions/lib/python2.7/dist-packages/ld_actions/msg/_DockActionResult.py, /home/tthmatt/ld_ROS/devel/lib/python2.7/dist-packages/ld_actions/msg/_DockActionResult.py)
Linked: (/home/tthmatt/ld_ROS/devel/.private/ld_actions/lib/python2.7/dist-packages/ld_actions/msg/_PlayGoal.py, /home/tthmatt/ld_ROS/devel/lib/python2.7/dist-packages/ld_actions/msg/_PlayGoal.py)
Linked: (/home/tthmatt/ld_ROS/devel/.private/ld_actions/lib/python2.7/dist-packages/ld_actions/msg/_ExecuteMacroAction.py, /home/tthmatt/ld_ROS/devel/lib/python2.7/dist-packages/ld_actions/msg/_ExecuteMacroAction.py)
Linked: (/home/tthmatt/ld_ROS/devel/.private/ld_actions/lib/python2.7/dist-packages/ld_actions/msg/_PatrolResumeResult.py, /home/tthmatt/ld_ROS/devel/lib/python2.7/dist-packages/ld_actions/msg/_PatrolResumeResult.py)
Linked: (/home/tthmatt/ld_ROS/devel/.private/ld_actions/lib/python2.7/dist-packages/ld_actions/msg/_DockActionFeedback.py, /home/tthmatt/ld_ROS/devel/lib/python2.7/dist-packages/ld_actions/msg/_DockActionFeedback.py)
Linked: (/home/tthmatt/ld_ROS/devel/.private/ld_actions/lib/python2.7/dist-packages/ld_actions/msg/_PatrolOnceFeedback.py, /home/tthmatt/ld_ROS/devel/lib/python2.7/dist-packages/ld_actions/msg/_PatrolOnceFeedback.py)
Symlinking /home/tthmatt/ld_ROS/devel/lib/python2.7/dist-packages/ld_actions/msg/_UndockActionGoal.py
Linked: (/home/tthmatt/ld_ROS/devel/.private/ld_actions/lib/python2.7/dist-packages/ld_actions/msg/_PlayAction.py, /home/tthmatt/ld_ROS/devel/lib/python2.7/dist-packages/ld_actions/msg/_PlayAction.py)
Linked: (/home/tthmatt/ld_ROS/devel/.private/ld_actions/lib/python2.7/dist-packages/ld_actions/msg/_DockAction.py, /home/tthmatt/ld_ROS/devel/lib/python2.7/dist-packages/ld_actions/msg/_DockAction.py)
Linked: (/home/tthmatt/ld_ROS/devel/.private/ld_actions/lib/python2.7/dist-packages/ld_actions/msg/__init__.py, /home/tthmatt/ld_ROS/devel/lib/python2.7/dist-packages/ld_actions/msg/__init__.py)
Linked: (/home/tthmatt/ld_ROS/devel/.private/ld_actions/lib/python2.7/dist-packages/ld_actions/msg/_StopAction.py, /home/tthmatt/ld_ROS/devel/lib/python2.7/dist-packages/ld_actions/msg/_StopAction.py)
Linked: (/home/tthmatt/ld_ROS/devel/.private/ld_actions/lib/python2.7/dist-packages/ld_actions/msg/_PlayActionFeedback.py, /home/tthmatt/ld_ROS/devel/lib/python2.7/dist-packages/ld_actions/msg/_PlayActionFeedback.py)
Linked: (/home/tthmatt/ld_ROS/devel/.private/ld_actions/lib/python2.7/dist-packages/ld_actions/msg/_PatrolOnceActionFeedback.py, /home/tthmatt/ld_ROS/devel/lib/python2.7/dist-packages/ld_actions/msg/_PatrolOnceActionFeedback.py)
Symlinking /home/tthmatt/ld_ROS/devel/lib/python2.7/dist-packages/ld_actions/msg/_UndockAction.py
Linked: (/home/tthmatt/ld_ROS/devel/.private/ld_actions/lib/python2.7/dist-packages/ld_actions/msg/_ExecuteMacroResult.py, /home/tthmatt/ld_ROS/devel/lib/python2.7/dist-packages/ld_actions/msg/_ExecuteMacroResult.py)
Linked: (/home/tthmatt/ld_ROS/devel/.private/ld_actions/lib/python2.7/dist-packages/ld_actions/msg/_DoTaskGoal.py, /home/tthmatt/ld_ROS/devel/lib/python2.7/dist-packages/ld_actions/msg/_DoTaskGoal.py)
Linked: (/home/tthmatt/ld_ROS/devel/.private/ld_actions/lib/python2.7/dist-packages/ld_actions/msg/_ExecuteMacroActionResult.py, /home/tthmatt/ld_ROS/devel/lib/python2.7/dist-packages/ld_actions/msg/_ExecuteMacroActionResult.py)
Linked: (/home/tthmatt/ld_ROS/devel/.private/ld_actions/lib/python2.7/dist-packages/ld_actions/msg/_GoToGoal.py, /home/tthmatt/ld_ROS/devel/lib/python2.7/dist-packages/ld_actions/msg/_GoToGoal.py)
Linked: (/home/tthmatt/ld_ROS/devel/.private/ld_actions/lib/python2.7/dist-packages/ld_actions/msg/_PatrolResumeActionGoal.py, /home/tthmatt/ld_ROS/devel/lib/python2.7/dist-packages/ld_actions/msg/_PatrolResumeActionGoal.py)
Linked: (/home/tthmatt/ld_ROS/devel/.private/ld_actions/lib/python2.7/dist-packages/ld_actions/msg/_PatrolResumeGoal.py, /home/tthmatt/ld_ROS/devel/lib/python2.7/dist-packages/ld_actions/msg/_PatrolResumeGoal.py)
Linked: (/home/tthmatt/ld_ROS/devel/.private/ld_actions/lib/python2.7/dist-packages/ld_actions/msg/_PlayActionResult.py, /home/tthmatt/ld_ROS/devel/lib/python2.7/dist-packages/ld_actions/msg/_PlayActionResult.py)
Linked: (/home/tthmatt/ld_ROS/devel/.private/ld_actions/lib/python2.7/dist-packages/ld_actions/msg/_GoToActionGoal.py, /home/tthmatt/ld_ROS/devel/lib/python2.7/dist-packages/ld_actions/msg/_GoToActionGoal.py)
Linked: (/home/tthmatt/ld_ROS/devel/.private/ld_actions/lib/python2.7/dist-packages/ld_actions/msg/_DockResult.py, /home/tthmatt/ld_ROS/devel/lib/python2.7/dist-packages/ld_actions/msg/_DockResult.py)
Linked: (/home/tthmatt/ld_ROS/devel/.private/ld_actions/lib/python2.7/dist-packages/ld_actions/msg/_DockActionGoal.py, /home/tthmatt/ld_ROS/devel/lib/python2.7/dist-packages/ld_actions/msg/_DockActionGoal.py)
Linked: (/home/tthmatt/ld_ROS/devel/.private/ld_actions/lib/python2.7/dist-packages/ld_actions/msg/_PatrolOnceActionGoal.py, /home/tthmatt/ld_ROS/devel/lib/python2.7/dist-packages/ld_actions/msg/_PatrolOnceActionGoal.py)
Linked: (/home/tthmatt/ld_ROS/devel/.private/ld_actions/lib/python2.7/dist-packages/ld_actions/msg/_DoTaskResult.py, /home/tthmatt/ld_ROS/devel/lib/python2.7/dist-packages/ld_actions/msg/_DoTaskResult.py)
Linked: (/home/tthmatt/ld_ROS/devel/.private/ld_actions/lib/python2.7/dist-packages/ld_actions/msg/_ExecuteMacroActionGoal.py, /home/tthmatt/ld_ROS/devel/lib/python2.7/dist-packages/ld_actions/msg/_ExecuteMacroActionGoal.py)
Linked: (/home/tthmatt/ld_ROS/devel/.private/ld_actions/lib/python2.7/dist-packages/ld_actions/msg/_PatrolResumeActionResult.py, /home/tthmatt/ld_ROS/devel/lib/python2.7/dist-packages/ld_actions/msg/_PatrolResumeActionResult.py)
Linked: (/home/tthmatt/ld_ROS/devel/.private/ld_actions/lib/python2.7/dist-packages/ld_actions/msg/_GoToFeedback.py, /home/tthmatt/ld_ROS/devel/lib/python2.7/dist-packages/ld_actions/msg/_GoToFeedback.py)
Linked: (/home/tthmatt/ld_ROS/devel/.private/ld_actions/lib/python2.7/dist-packages/ld_actions/msg/_StopActionGoal.py, /home/tthmatt/ld_ROS/devel/lib/python2.7/dist-packages/ld_actions/msg/_StopActionGoal.py)
Linked: (/home/tthmatt/ld_ROS/devel/.private/ld_actions/lib/python2.7/dist-packages/ld_actions/msg/_ExecuteMacroGoal.py, /home/tthmatt/ld_ROS/devel/lib/python2.7/dist-packages/ld_actions/msg/_ExecuteMacroGoal.py)
Linked: (/home/tthmatt/ld_ROS/devel/.private/ld_actions/lib/python2.7/dist-packages/ld_actions/msg/_DoTaskActionGoal.py, /home/tthmatt/ld_ROS/devel/lib/python2.7/dist-packages/ld_actions/msg/_DoTaskActionGoal.py)
Linked: (/home/tthmatt/ld_ROS/devel/.private/ld_actions/lib/python2.7/dist-packages/ld_actions/msg/_PatrolOnceResult.py, /home/tthmatt/ld_ROS/devel/lib/python2.7/dist-packages/ld_actions/msg/_PatrolOnceResult.py)
Linked: (/home/tthmatt/ld_ROS/devel/.private/ld_actions/lib/python2.7/dist-packages/ld_actions/msg/_PatrolResumeAction.py, /home/tthmatt/ld_ROS/devel/lib/python2.7/dist-packages/ld_actions/msg/_PatrolResumeAction.py)
Linked: (/home/tthmatt/ld_ROS/devel/.private/ld_actions/lib/python2.7/dist-packages/ld_actions/msg/_DockFeedback.py, /home/tthmatt/ld_ROS/devel/lib/python2.7/dist-packages/ld_actions/msg/_DockFeedback.py)
Linked: (/home/tthmatt/ld_ROS/devel/.private/ld_actions/lib/python2.7/dist-packages/ld_actions/msg/_PatrolResumeFeedback.py, /home/tthmatt/ld_ROS/devel/lib/python2.7/dist-packages/ld_actions/msg/_PatrolResumeFeedback.py)
Linked: (/home/tthmatt/ld_ROS/devel/.private/ld_actions/lib/python2.7/dist-packages/ld_actions/msg/_GoToActionFeedback.py, /home/tthmatt/ld_ROS/devel/lib/python2.7/dist-packages/ld_actions/msg/_GoToActionFeedback.py)
Linked: (/home/tthmatt/ld_ROS/devel/.private/ld_actions/lib/python2.7/dist-packages/ld_actions/msg/_StopResult.py, /home/tthmatt/ld_ROS/devel/lib/python2.7/dist-packages/ld_actions/msg/_StopResult.py)
Symlinking /home/tthmatt/ld_ROS/devel/lib/python2.7/dist-packages/ld_actions/msg/_UndockActionResult.py
Linked: (/home/tthmatt/ld_ROS/devel/.private/ld_actions/lib/python2.7/dist-packages/ld_actions/msg/_DoTaskActionFeedback.py, /home/tthmatt/ld_ROS/devel/lib/python2.7/dist-packages/ld_actions/msg/_DoTaskActionFeedback.py)
Linked: (/home/tthmatt/ld_ROS/devel/.private/ld_actions/lib/python2.7/dist-packages/ld_actions/msg/_DoTaskAction.py, /home/tthmatt/ld_ROS/devel/lib/python2.7/dist-packages/ld_actions/msg/_DoTaskAction.py)
Linked: (/home/tthmatt/ld_ROS/devel/.private/ld_actions/lib/python2.7/dist-packages/ld_actions/msg/_StopActionResult.py, /home/tthmatt/ld_ROS/devel/lib/python2.7/dist-packages/ld_actions/msg/_StopActionResult.py)
Linked: (/home/tthmatt/ld_ROS/devel/.private/ld_actions/lib/python2.7/dist-packages/ld_actions/msg/_PlayResult.py, /home/tthmatt/ld_ROS/devel/lib/python2.7/dist-packages/ld_actions/msg/_PlayResult.py)
Linked: (/home/tthmatt/ld_ROS/devel/.private/ld_actions/lib/python2.7/dist-packages/ld_actions/msg/_GoToAction.py, /home/tthmatt/ld_ROS/devel/lib/python2.7/dist-packages/ld_actions/msg/_GoToAction.py)
Linked: (/home/tthmatt/ld_ROS/devel/.private/ld_actions/lib/python2.7/dist-packages/ld_actions/msg/_GoToResult.py, /home/tthmatt/ld_ROS/devel/lib/python2.7/dist-packages/ld_actions/msg/_GoToResult.py)
Linked: (/home/tthmatt/ld_ROS/devel/.private/ld_actions/lib/python2.7/dist-packages/ld_actions/msg/_DoTaskFeedback.py, /home/tthmatt/ld_ROS/devel/lib/python2.7/dist-packages/ld_actions/msg/_DoTaskFeedback.py)
Linked: (/home/tthmatt/ld_ROS/devel/.private/ld_actions/lib/python2.7/dist-packages/ld_actions/msg/_PatrolOnceActionResult.py, /home/tthmatt/ld_ROS/devel/lib/python2.7/dist-packages/ld_actions/msg/_PatrolOnceActionResult.py)
Linked: (/home/tthmatt/ld_ROS/devel/.private/ld_actions/lib/python2.7/dist-packages/ld_actions/msg/_PatrolOnceGoal.py, /home/tthmatt/ld_ROS/devel/lib/python2.7/dist-packages/ld_actions/msg/_PatrolOnceGoal.py)
Symlinking /home/tthmatt/ld_ROS/devel/lib/python2.7/dist-packages/ld_actions/msg/_UndockFeedback.py
Linked: (/home/tthmatt/ld_ROS/devel/.private/ld_actions/lib/python2.7/dist-packages/ld_actions/msg/_StopGoal.py, /home/tthmatt/ld_ROS/devel/lib/python2.7/dist-packages/ld_actions/msg/_StopGoal.py)
Linked: (/home/tthmatt/ld_ROS/devel/.private/ld_actions/lib/python2.7/dist-packages/ld_actions/msg/_ExecuteMacroFeedback.py, /home/tthmatt/ld_ROS/devel/lib/python2.7/dist-packages/ld_actions/msg/_ExecuteMacroFeedback.py)
Linked: (/home/tthmatt/ld_ROS/devel/.private/ld_actions/lib/python2.7/dist-packages/ld_actions/msg/_StopActionFeedback.py, /home/tthmatt/ld_ROS/devel/lib/python2.7/dist-packages/ld_actions/msg/_StopActionFeedback.py)
Linked: (/home/tthmatt/ld_ROS/devel/.private/ld_actions/lib/python2.7/dist-packages/ld_actions/msg/_StopFeedback.py, /home/tthmatt/ld_ROS/devel/lib/python2.7/dist-packages/ld_actions/msg/_StopFeedback.py)
Linked: (/home/tthmatt/ld_ROS/devel/.private/ld_actions/lib/python2.7/dist-packages/ld_actions/msg/_PlayActionGoal.py, /home/tthmatt/ld_ROS/devel/lib/python2.7/dist-packages/ld_actions/msg/_PlayActionGoal.py)
Linked: (/home/tthmatt/ld_ROS/devel/.private/ld_actions/lib/python2.7/dist-packages/ld_actions/msg/_DoTaskActionResult.py, /home/tthmatt/ld_ROS/devel/lib/python2.7/dist-packages/ld_actions/msg/_DoTaskActionResult.py)
Linked: (/home/tthmatt/ld_ROS/devel/.private/ld_actions/lib/python2.7/dist-packages/ld_actions/msg/_PlayFeedback.py, /home/tthmatt/ld_ROS/devel/lib/python2.7/dist-packages/ld_actions/msg/_PlayFeedback.py)
Linked: (/home/tthmatt/ld_ROS/devel/.private/ld_actions/lib/python2.7/dist-packages/ld_actions/msg/_ExecuteMacroActionFeedback.py, /home/tthmatt/ld_ROS/devel/lib/python2.7/dist-packages/ld_actions/msg/_ExecuteMacroActionFeedback.py)
Linked: (/home/tthmatt/ld_ROS/devel/.private/ld_actions/lib/pkgconfig/ld_actions.pc, /home/tthmatt/ld_ROS/devel/lib/pkgconfig/ld_actions.pc)
Linked: (/home/tthmatt/ld_ROS/devel/.private/ld_actions/share/ld_actions/cmake/ld_actionsConfig-version.cmake, /home/tthmatt/ld_ROS/devel/share/ld_actions/cmake/ld_actionsConfig-version.cmake)
Linked: (/home/tthmatt/ld_ROS/devel/.private/ld_actions/share/ld_actions/cmake/ld_actionsConfig.cmake, /home/tthmatt/ld_ROS/devel/share/ld_actions/cmake/ld_actionsConfig.cmake)
Linked: (/home/tthmatt/ld_ROS/devel/.private/ld_actions/share/ld_actions/cmake/ld_actions-msg-paths.cmake, /home/tthmatt/ld_ROS/devel/share/ld_actions/cmake/ld_actions-msg-paths.cmake)
Linked: (/home/tthmatt/ld_ROS/devel/.private/ld_actions/share/ld_actions/cmake/ld_actions-msg-extras.cmake, /home/tthmatt/ld_ROS/devel/share/ld_actions/cmake/ld_actions-msg-extras.cmake)
Linked: (/home/tthmatt/ld_ROS/devel/.private/ld_actions/share/ld_actions/msg/DockActionResult.msg, /home/tthmatt/ld_ROS/devel/share/ld_actions/msg/DockActionResult.msg)
Linked: (/home/tthmatt/ld_ROS/devel/.private/ld_actions/share/ld_actions/msg/PatrolOnceResult.msg, /home/tthmatt/ld_ROS/devel/share/ld_actions/msg/PatrolOnceResult.msg)
Linked: (/home/tthmatt/ld_ROS/devel/.private/ld_actions/share/ld_actions/msg/DoTaskAction.msg, /home/tthmatt/ld_ROS/devel/share/ld_actions/msg/DoTaskAction.msg)
Linked: (/home/tthmatt/ld_ROS/devel/.private/ld_actions/share/ld_actions/msg/ExecuteMacroFeedback.msg, /home/tthmatt/ld_ROS/devel/share/ld_actions/msg/ExecuteMacroFeedback.msg)
Linked: (/home/tthmatt/ld_ROS/devel/.private/ld_actions/share/ld_actions/msg/PatrolOnceFeedback.msg, /home/tthmatt/ld_ROS/devel/share/ld_actions/msg/PatrolOnceFeedback.msg)
Linked: (/home/tthmatt/ld_ROS/devel/.private/ld_actions/share/ld_actions/msg/GoToResult.msg, /home/tthmatt/ld_ROS/devel/share/ld_actions/msg/GoToResult.msg)
Symlinking /home/tthmatt/ld_ROS/devel/share/ld_actions/msg/UndockActionFeedback.msg
Linked: (/home/tthmatt/ld_ROS/devel/.private/ld_actions/share/ld_actions/msg/ExecuteMacroGoal.msg, /home/tthmatt/ld_ROS/devel/share/ld_actions/msg/ExecuteMacroGoal.msg)
Linked: (/home/tthmatt/ld_ROS/devel/.private/ld_actions/share/ld_actions/msg/DockActionGoal.msg, /home/tthmatt/ld_ROS/devel/share/ld_actions/msg/DockActionGoal.msg)
Linked: (/home/tthmatt/ld_ROS/devel/.private/ld_actions/share/ld_actions/msg/GoToAction.msg, /home/tthmatt/ld_ROS/devel/share/ld_actions/msg/GoToAction.msg)
Linked: (/home/tthmatt/ld_ROS/devel/.private/ld_actions/share/ld_actions/msg/PatrolResumeFeedback.msg, /home/tthmatt/ld_ROS/devel/share/ld_actions/msg/PatrolResumeFeedback.msg)
Linked: (/home/tthmatt/ld_ROS/devel/.private/ld_actions/share/ld_actions/msg/GoToGoal.msg, /home/tthmatt/ld_ROS/devel/share/ld_actions/msg/GoToGoal.msg)
Symlinking /home/tthmatt/ld_ROS/devel/share/ld_actions/msg/UndockActionResult.msg
Linked: (/home/tthmatt/ld_ROS/devel/.private/ld_actions/share/ld_actions/msg/PlayGoal.msg, /home/tthmatt/ld_ROS/devel/share/ld_actions/msg/PlayGoal.msg)
Linked: (/home/tthmatt/ld_ROS/devel/.private/ld_actions/share/ld_actions/msg/ExecuteMacroActionFeedback.msg, /home/tthmatt/ld_ROS/devel/share/ld_actions/msg/ExecuteMacroActionFeedback.msg)
Linked: (/home/tthmatt/ld_ROS/devel/.private/ld_actions/share/ld_actions/msg/GoToActionFeedback.msg, /home/tthmatt/ld_ROS/devel/share/ld_actions/msg/GoToActionFeedback.msg)
Linked: (/home/tthmatt/ld_ROS/devel/.private/ld_actions/share/ld_actions/msg/StopResult.msg, /home/tthmatt/ld_ROS/devel/share/ld_actions/msg/StopResult.msg)
Linked: (/home/tthmatt/ld_ROS/devel/.private/ld_actions/share/ld_actions/msg/PlayAction.msg, /home/tthmatt/ld_ROS/devel/share/ld_actions/msg/PlayAction.msg)
Linked: (/home/tthmatt/ld_ROS/devel/.private/ld_actions/share/ld_actions/msg/PatrolResumeActionGoal.msg, /home/tthmatt/ld_ROS/devel/share/ld_actions/msg/PatrolResumeActionGoal.msg)
Linked: (/home/tthmatt/ld_ROS/devel/.private/ld_actions/share/ld_actions/msg/DockActionFeedback.msg, /home/tthmatt/ld_ROS/devel/share/ld_actions/msg/DockActionFeedback.msg)
Linked: (/home/tthmatt/ld_ROS/devel/.private/ld_actions/share/ld_actions/msg/PatrolResumeActionResult.msg, /home/tthmatt/ld_ROS/devel/share/ld_actions/msg/PatrolResumeActionResult.msg)
Linked: (/home/tthmatt/ld_ROS/devel/.private/ld_actions/share/ld_actions/msg/StopGoal.msg, /home/tthmatt/ld_ROS/devel/share/ld_actions/msg/StopGoal.msg)
Linked: (/home/tthmatt/ld_ROS/devel/.private/ld_actions/share/ld_actions/msg/ExecuteMacroActionGoal.msg, /home/tthmatt/ld_ROS/devel/share/ld_actions/msg/ExecuteMacroActionGoal.msg)
Linked: (/home/tthmatt/ld_ROS/devel/.private/ld_actions/share/ld_actions/msg/PlayActionGoal.msg, /home/tthmatt/ld_ROS/devel/share/ld_actions/msg/PlayActionGoal.msg)
Linked: (/home/tthmatt/ld_ROS/devel/.private/ld_actions/share/ld_actions/msg/DoTaskActionResult.msg, /home/tthmatt/ld_ROS/devel/share/ld_actions/msg/DoTaskActionResult.msg)
Linked: (/home/tthmatt/ld_ROS/devel/.private/ld_actions/share/ld_actions/msg/StopActionGoal.msg, /home/tthmatt/ld_ROS/devel/share/ld_actions/msg/StopActionGoal.msg)
Linked: (/home/tthmatt/ld_ROS/devel/.private/ld_actions/share/ld_actions/msg/GoToActionResult.msg, /home/tthmatt/ld_ROS/devel/share/ld_actions/msg/GoToActionResult.msg)
Linked: (/home/tthmatt/ld_ROS/devel/.private/ld_actions/share/ld_actions/msg/ExecuteMacroAction.msg, /home/tthmatt/ld_ROS/devel/share/ld_actions/msg/ExecuteMacroAction.msg)
Symlinking /home/tthmatt/ld_ROS/devel/share/ld_actions/msg/UndockGoal.msg
Symlinking /home/tthmatt/ld_ROS/devel/share/ld_actions/msg/UndockFeedback.msg
Linked: (/home/tthmatt/ld_ROS/devel/.private/ld_actions/share/ld_actions/msg/DoTaskResult.msg, /home/tthmatt/ld_ROS/devel/share/ld_actions/msg/DoTaskResult.msg)
Linked: (/home/tthmatt/ld_ROS/devel/.private/ld_actions/share/ld_actions/msg/DoTaskFeedback.msg, /home/tthmatt/ld_ROS/devel/share/ld_actions/msg/DoTaskFeedback.msg)
Symlinking /home/tthmatt/ld_ROS/devel/share/ld_actions/msg/UndockAction.msg
Linked: (/home/tthmatt/ld_ROS/devel/.private/ld_actions/share/ld_actions/msg/PatrolResumeActionFeedback.msg, /home/tthmatt/ld_ROS/devel/share/ld_actions/msg/PatrolResumeActionFeedback.msg)
Linked: (/home/tthmatt/ld_ROS/devel/.private/ld_actions/share/ld_actions/msg/PatrolOnceGoal.msg, /home/tthmatt/ld_ROS/devel/share/ld_actions/msg/PatrolOnceGoal.msg)
Symlinking /home/tthmatt/ld_ROS/devel/share/ld_actions/msg/UndockActionGoal.msg
Linked: (/home/tthmatt/ld_ROS/devel/.private/ld_actions/share/ld_actions/msg/StopActionFeedback.msg, /home/tthmatt/ld_ROS/devel/share/ld_actions/msg/StopActionFeedback.msg)
Linked: (/home/tthmatt/ld_ROS/devel/.private/ld_actions/share/ld_actions/msg/PlayActionResult.msg, /home/tthmatt/ld_ROS/devel/share/ld_actions/msg/PlayActionResult.msg)
Linked: (/home/tthmatt/ld_ROS/devel/.private/ld_actions/share/ld_actions/msg/DoTaskGoal.msg, /home/tthmatt/ld_ROS/devel/share/ld_actions/msg/DoTaskGoal.msg)
Linked: (/home/tthmatt/ld_ROS/devel/.private/ld_actions/share/ld_actions/msg/StopActionResult.msg, /home/tthmatt/ld_ROS/devel/share/ld_actions/msg/StopActionResult.msg)
Linked: (/home/tthmatt/ld_ROS/devel/.private/ld_actions/share/ld_actions/msg/StopFeedback.msg, /home/tthmatt/ld_ROS/devel/share/ld_actions/msg/StopFeedback.msg)
Linked: (/home/tthmatt/ld_ROS/devel/.private/ld_actions/share/ld_actions/msg/PatrolOnceActionFeedback.msg, /home/tthmatt/ld_ROS/devel/share/ld_actions/msg/PatrolOnceActionFeedback.msg)
Linked: (/home/tthmatt/ld_ROS/devel/.private/ld_actions/share/ld_actions/msg/DoTaskActionFeedback.msg, /home/tthmatt/ld_ROS/devel/share/ld_actions/msg/DoTaskActionFeedback.msg)
Linked: (/home/tthmatt/ld_ROS/devel/.private/ld_actions/share/ld_actions/msg/GoToFeedback.msg, /home/tthmatt/ld_ROS/devel/share/ld_actions/msg/GoToFeedback.msg)
Linked: (/home/tthmatt/ld_ROS/devel/.private/ld_actions/share/ld_actions/msg/DockFeedback.msg, /home/tthmatt/ld_ROS/devel/share/ld_actions/msg/DockFeedback.msg)
Linked: (/home/tthmatt/ld_ROS/devel/.private/ld_actions/share/ld_actions/msg/PatrolResumeResult.msg, /home/tthmatt/ld_ROS/devel/share/ld_actions/msg/PatrolResumeResult.msg)
Linked: (/home/tthmatt/ld_ROS/devel/.private/ld_actions/share/ld_actions/msg/DockGoal.msg, /home/tthmatt/ld_ROS/devel/share/ld_actions/msg/DockGoal.msg)
Linked: (/home/tthmatt/ld_ROS/devel/.private/ld_actions/share/ld_actions/msg/ExecuteMacroResult.msg, /home/tthmatt/ld_ROS/devel/share/ld_actions/msg/ExecuteMacroResult.msg)
Linked: (/home/tthmatt/ld_ROS/devel/.private/ld_actions/share/ld_actions/msg/PatrolOnceActionResult.msg, /home/tthmatt/ld_ROS/devel/share/ld_actions/msg/PatrolOnceActionResult.msg)
Linked: (/home/tthmatt/ld_ROS/devel/.private/ld_actions/share/ld_actions/msg/StopAction.msg, /home/tthmatt/ld_ROS/devel/share/ld_actions/msg/StopAction.msg)
Linked: (/home/tthmatt/ld_ROS/devel/.private/ld_actions/share/ld_actions/msg/PlayResult.msg, /home/tthmatt/ld_ROS/devel/share/ld_actions/msg/PlayResult.msg)
Linked: (/home/tthmatt/ld_ROS/devel/.private/ld_actions/share/ld_actions/msg/PatrolResumeAction.msg, /home/tthmatt/ld_ROS/devel/share/ld_actions/msg/PatrolResumeAction.msg)
Linked: (/home/tthmatt/ld_ROS/devel/.private/ld_actions/share/ld_actions/msg/GoToActionGoal.msg, /home/tthmatt/ld_ROS/devel/share/ld_actions/msg/GoToActionGoal.msg)
Linked: (/home/tthmatt/ld_ROS/devel/.private/ld_actions/share/ld_actions/msg/DockAction.msg, /home/tthmatt/ld_ROS/devel/share/ld_actions/msg/DockAction.msg)
Symlinking /home/tthmatt/ld_ROS/devel/share/ld_actions/msg/UndockResult.msg
Linked: (/home/tthmatt/ld_ROS/devel/.private/ld_actions/share/ld_actions/msg/DockResult.msg, /home/tthmatt/ld_ROS/devel/share/ld_actions/msg/DockResult.msg)
Linked: (/home/tthmatt/ld_ROS/devel/.private/ld_actions/share/ld_actions/msg/PatrolOnceActionGoal.msg, /home/tthmatt/ld_ROS/devel/share/ld_actions/msg/PatrolOnceActionGoal.msg)
Linked: (/home/tthmatt/ld_ROS/devel/.private/ld_actions/share/ld_actions/msg/ExecuteMacroActionResult.msg, /home/tthmatt/ld_ROS/devel/share/ld_actions/msg/ExecuteMacroActionResult.msg)
Linked: (/home/tthmatt/ld_ROS/devel/.private/ld_actions/share/ld_actions/msg/PlayFeedback.msg, /home/tthmatt/ld_ROS/devel/share/ld_actions/msg/PlayFeedback.msg)
Linked: (/home/tthmatt/ld_ROS/devel/.private/ld_actions/share/ld_actions/msg/PlayActionFeedback.msg, /home/tthmatt/ld_ROS/devel/share/ld_actions/msg/PlayActionFeedback.msg)
Linked: (/home/tthmatt/ld_ROS/devel/.private/ld_actions/share/ld_actions/msg/PatrolOnceAction.msg, /home/tthmatt/ld_ROS/devel/share/ld_actions/msg/PatrolOnceAction.msg)
Linked: (/home/tthmatt/ld_ROS/devel/.private/ld_actions/share/ld_actions/msg/DoTaskActionGoal.msg, /home/tthmatt/ld_ROS/devel/share/ld_actions/msg/DoTaskActionGoal.msg)
Linked: (/home/tthmatt/ld_ROS/devel/.private/ld_actions/share/ld_actions/msg/PatrolResumeGoal.msg, /home/tthmatt/ld_ROS/devel/share/ld_actions/msg/PatrolResumeGoal.msg)
Linked: (/home/tthmatt/ld_ROS/devel/.private/ld_actions/share/common-lisp/ros/ld_actions/msg/GoToFeedback.lisp, /home/tthmatt/ld_ROS/devel/share/common-lisp/ros/ld_actions/msg/GoToFeedback.lisp)
Symlinking /home/tthmatt/ld_ROS/devel/share/common-lisp/ros/ld_actions/msg/_package_UndockAction.lisp
Linked: (/home/tthmatt/ld_ROS/devel/.private/ld_actions/share/common-lisp/ros/ld_actions/msg/PlayGoal.lisp, /home/tthmatt/ld_ROS/devel/share/common-lisp/ros/ld_actions/msg/PlayGoal.lisp)
Linked: (/home/tthmatt/ld_ROS/devel/.private/ld_actions/share/common-lisp/ros/ld_actions/msg/StopActionFeedback.lisp, /home/tthmatt/ld_ROS/devel/share/common-lisp/ros/ld_actions/msg/StopActionFeedback.lisp)
Linked: (/home/tthmatt/ld_ROS/devel/.private/ld_actions/share/common-lisp/ros/ld_actions/msg/_package_PatrolOnceActionGoal.lisp, /home/tthmatt/ld_ROS/devel/share/common-lisp/ros/ld_actions/msg/_package_PatrolOnceActionGoal.lisp)
Linked: (/home/tthmatt/ld_ROS/devel/.private/ld_actions/share/common-lisp/ros/ld_actions/msg/GoToGoal.lisp, /home/tthmatt/ld_ROS/devel/share/common-lisp/ros/ld_actions/msg/GoToGoal.lisp)
Linked: (/home/tthmatt/ld_ROS/devel/.private/ld_actions/share/common-lisp/ros/ld_actions/msg/PatrolResumeGoal.lisp, /home/tthmatt/ld_ROS/devel/share/common-lisp/ros/ld_actions/msg/PatrolResumeGoal.lisp)
Linked: (/home/tthmatt/ld_ROS/devel/.private/ld_actions/share/common-lisp/ros/ld_actions/msg/GoToActionGoal.lisp, /home/tthmatt/ld_ROS/devel/share/common-lisp/ros/ld_actions/msg/GoToActionGoal.lisp)
Linked: (/home/tthmatt/ld_ROS/devel/.private/ld_actions/share/common-lisp/ros/ld_actions/msg/_package_PatrolResumeResult.lisp, /home/tthmatt/ld_ROS/devel/share/common-lisp/ros/ld_actions/msg/_package_PatrolResumeResult.lisp)
Linked: (/home/tthmatt/ld_ROS/devel/.private/ld_actions/share/common-lisp/ros/ld_actions/msg/_package_DockActionGoal.lisp, /home/tthmatt/ld_ROS/devel/share/common-lisp/ros/ld_actions/msg/_package_DockActionGoal.lisp)
Linked: (/home/tthmatt/ld_ROS/devel/.private/ld_actions/share/common-lisp/ros/ld_actions/msg/_package_DoTaskActionFeedback.lisp, /home/tthmatt/ld_ROS/devel/share/common-lisp/ros/ld_actions/msg/_package_DoTaskActionFeedback.lisp)
Linked: (/home/tthmatt/ld_ROS/devel/.private/ld_actions/share/common-lisp/ros/ld_actions/msg/ExecuteMacroAction.lisp, /home/tthmatt/ld_ROS/devel/share/common-lisp/ros/ld_actions/msg/ExecuteMacroAction.lisp)
Linked: (/home/tthmatt/ld_ROS/devel/.private/ld_actions/share/common-lisp/ros/ld_actions/msg/PatrolResumeFeedback.lisp, /home/tthmatt/ld_ROS/devel/share/common-lisp/ros/ld_actions/msg/PatrolResumeFeedback.lisp)
Linked: (/home/tthmatt/ld_ROS/devel/.private/ld_actions/share/common-lisp/ros/ld_actions/msg/PlayFeedback.lisp, /home/tthmatt/ld_ROS/devel/share/common-lisp/ros/ld_actions/msg/PlayFeedback.lisp)
Linked: (/home/tthmatt/ld_ROS/devel/.private/ld_actions/share/common-lisp/ros/ld_actions/msg/ExecuteMacroActionGoal.lisp, /home/tthmatt/ld_ROS/devel/share/common-lisp/ros/ld_actions/msg/ExecuteMacroActionGoal.lisp)
Linked: (/home/tthmatt/ld_ROS/devel/.private/ld_actions/share/common-lisp/ros/ld_actions/msg/_package_PatrolOnceActionFeedback.lisp, /home/tthmatt/ld_ROS/devel/share/common-lisp/ros/ld_actions/msg/_package_PatrolOnceActionFeedback.lisp)
Linked: (/home/tthmatt/ld_ROS/devel/.private/ld_actions/share/common-lisp/ros/ld_actions/msg/_package_PlayResult.lisp, /home/tthmatt/ld_ROS/devel/share/common-lisp/ros/ld_actions/msg/_package_PlayResult.lisp)
Linked: (/home/tthmatt/ld_ROS/devel/.private/ld_actions/share/common-lisp/ros/ld_actions/msg/_package.lisp, /home/tthmatt/ld_ROS/devel/share/common-lisp/ros/ld_actions/msg/_package.lisp)
Linked: (/home/tthmatt/ld_ROS/devel/.private/ld_actions/share/common-lisp/ros/ld_actions/msg/PatrolResumeActionFeedback.lisp, /home/tthmatt/ld_ROS/devel/share/common-lisp/ros/ld_actions/msg/PatrolResumeActionFeedback.lisp)
Linked: (/home/tthmatt/ld_ROS/devel/.private/ld_actions/share/common-lisp/ros/ld_actions/msg/_package_DockActionFeedback.lisp, /home/tthmatt/ld_ROS/devel/share/common-lisp/ros/ld_actions/msg/_package_DockActionFeedback.lisp)
Linked: (/home/tthmatt/ld_ROS/devel/.private/ld_actions/share/common-lisp/ros/ld_actions/msg/_package_GoToFeedback.lisp, /home/tthmatt/ld_ROS/devel/share/common-lisp/ros/ld_actions/msg/_package_GoToFeedback.lisp)
Linked: (/home/tthmatt/ld_ROS/devel/.private/ld_actions/share/common-lisp/ros/ld_actions/msg/DoTaskFeedback.lisp, /home/tthmatt/ld_ROS/devel/share/common-lisp/ros/ld_actions/msg/DoTaskFeedback.lisp)
Linked: (/home/tthmatt/ld_ROS/devel/.private/ld_actions/share/common-lisp/ros/ld_actions/msg/DoTaskResult.lisp, /home/tthmatt/ld_ROS/devel/share/common-lisp/ros/ld_actions/msg/DoTaskResult.lisp)
Linked: (/home/tthmatt/ld_ROS/devel/.private/ld_actions/share/common-lisp/ros/ld_actions/msg/_package_ExecuteMacroFeedback.lisp, /home/tthmatt/ld_ROS/devel/share/common-lisp/ros/ld_actions/msg/_package_ExecuteMacroFeedback.lisp)
Symlinking /home/tthmatt/ld_ROS/devel/share/common-lisp/ros/ld_actions/msg/UndockGoal.lisp
Linked: (/home/tthmatt/ld_ROS/devel/.private/ld_actions/share/common-lisp/ros/ld_actions/msg/PatrolOnceAction.lisp, /home/tthmatt/ld_ROS/devel/share/common-lisp/ros/ld_actions/msg/PatrolOnceAction.lisp)
Linked: (/home/tthmatt/ld_ROS/devel/.private/ld_actions/share/common-lisp/ros/ld_actions/msg/StopGoal.lisp, /home/tthmatt/ld_ROS/devel/share/common-lisp/ros/ld_actions/msg/StopGoal.lisp)
Linked: (/home/tthmatt/ld_ROS/devel/.private/ld_actions/share/common-lisp/ros/ld_actions/msg/_package_PlayFeedback.lisp, /home/tthmatt/ld_ROS/devel/share/common-lisp/ros/ld_actions/msg/_package_PlayFeedback.lisp)
Linked: (/home/tthmatt/ld_ROS/devel/.private/ld_actions/share/common-lisp/ros/ld_actions/msg/_package_PatrolOnceGoal.lisp, /home/tthmatt/ld_ROS/devel/share/common-lisp/ros/ld_actions/msg/_package_PatrolOnceGoal.lisp)
Linked: (/home/tthmatt/ld_ROS/devel/.private/ld_actions/share/common-lisp/ros/ld_actions/msg/_package_GoToGoal.lisp, /home/tthmatt/ld_ROS/devel/share/common-lisp/ros/ld_actions/msg/_package_GoToGoal.lisp)
Linked: (/home/tthmatt/ld_ROS/devel/.private/ld_actions/share/common-lisp/ros/ld_actions/msg/PatrolOnceResult.lisp, /home/tthmatt/ld_ROS/devel/share/common-lisp/ros/ld_actions/msg/PatrolOnceResult.lisp)
Linked: (/home/tthmatt/ld_ROS/devel/.private/ld_actions/share/common-lisp/ros/ld_actions/msg/_package_PatrolOnceAction.lisp, /home/tthmatt/ld_ROS/devel/share/common-lisp/ros/ld_actions/msg/_package_PatrolOnceAction.lisp)
Linked: (/home/tthmatt/ld_ROS/devel/.private/ld_actions/share/common-lisp/ros/ld_actions/msg/StopAction.lisp, /home/tthmatt/ld_ROS/devel/share/common-lisp/ros/ld_actions/msg/StopAction.lisp)
Linked: (/home/tthmatt/ld_ROS/devel/.private/ld_actions/share/common-lisp/ros/ld_actions/msg/_package_DoTaskResult.lisp, /home/tthmatt/ld_ROS/devel/share/common-lisp/ros/ld_actions/msg/_package_DoTaskResult.lisp)
Linked: (/home/tthmatt/ld_ROS/devel/.private/ld_actions/share/common-lisp/ros/ld_actions/msg/_package_GoToActionResult.lisp, /home/tthmatt/ld_ROS/devel/share/common-lisp/ros/ld_actions/msg/_package_GoToActionResult.lisp)
Linked: (/home/tthmatt/ld_ROS/devel/.private/ld_actions/share/common-lisp/ros/ld_actions/msg/PatrolOnceActionResult.lisp, /home/tthmatt/ld_ROS/devel/share/common-lisp/ros/ld_actions/msg/PatrolOnceActionResult.lisp)
Linked: (/home/tthmatt/ld_ROS/devel/.private/ld_actions/share/common-lisp/ros/ld_actions/msg/DoTaskActionGoal.lisp, /home/tthmatt/ld_ROS/devel/share/common-lisp/ros/ld_actions/msg/DoTaskActionGoal.lisp)
Linked: (/home/tthmatt/ld_ROS/devel/.private/ld_actions/share/common-lisp/ros/ld_actions/msg/GoToActionFeedback.lisp, /home/tthmatt/ld_ROS/devel/share/common-lisp/ros/ld_actions/msg/GoToActionFeedback.lisp)
Linked: (/home/tthmatt/ld_ROS/devel/.private/ld_actions/share/common-lisp/ros/ld_actions/msg/ExecuteMacroActionFeedback.lisp, /home/tthmatt/ld_ROS/devel/share/common-lisp/ros/ld_actions/msg/ExecuteMacroActionFeedback.lisp)
Linked: (/home/tthmatt/ld_ROS/devel/.private/ld_actions/share/common-lisp/ros/ld_actions/msg/_package_GoToActionFeedback.lisp, /home/tthmatt/ld_ROS/devel/share/common-lisp/ros/ld_actions/msg/_package_GoToActionFeedback.lisp)
Symlinking /home/tthmatt/ld_ROS/devel/share/common-lisp/ros/ld_actions/msg/UndockFeedback.lisp
Linked: (/home/tthmatt/ld_ROS/devel/.private/ld_actions/share/common-lisp/ros/ld_actions/msg/DockFeedback.lisp, /home/tthmatt/ld_ROS/devel/share/common-lisp/ros/ld_actions/msg/DockFeedback.lisp)
Linked: (/home/tthmatt/ld_ROS/devel/.private/ld_actions/share/common-lisp/ros/ld_actions/msg/_package_PatrolResumeActionResult.lisp, /home/tthmatt/ld_ROS/devel/share/common-lisp/ros/ld_actions/msg/_package_PatrolResumeActionResult.lisp)
Linked: (/home/tthmatt/ld_ROS/devel/.private/ld_actions/share/common-lisp/ros/ld_actions/msg/_package_StopActionResult.lisp, /home/tthmatt/ld_ROS/devel/share/common-lisp/ros/ld_actions/msg/_package_StopActionResult.lisp)
Linked: (/home/tthmatt/ld_ROS/devel/.private/ld_actions/share/common-lisp/ros/ld_actions/msg/DockActionFeedback.lisp, /home/tthmatt/ld_ROS/devel/share/common-lisp/ros/ld_actions/msg/DockActionFeedback.lisp)
Symlinking /home/tthmatt/ld_ROS/devel/share/common-lisp/ros/ld_actions/msg/UndockActionResult.lisp
Linked: (/home/tthmatt/ld_ROS/devel/.private/ld_actions/share/common-lisp/ros/ld_actions/msg/PlayAction.lisp, /home/tthmatt/ld_ROS/devel/share/common-lisp/ros/ld_actions/msg/PlayAction.lisp)
Linked: (/home/tthmatt/ld_ROS/devel/.private/ld_actions/share/common-lisp/ros/ld_actions/msg/_package_PatrolOnceResult.lisp, /home/tthmatt/ld_ROS/devel/share/common-lisp/ros/ld_actions/msg/_package_PatrolOnceResult.lisp)
Linked: (/home/tthmatt/ld_ROS/devel/.private/ld_actions/share/common-lisp/ros/ld_actions/msg/_package_ExecuteMacroGoal.lisp, /home/tthmatt/ld_ROS/devel/share/common-lisp/ros/ld_actions/msg/_package_ExecuteMacroGoal.lisp)
Linked: (/home/tthmatt/ld_ROS/devel/.private/ld_actions/share/common-lisp/ros/ld_actions/msg/_package_StopResult.lisp, /home/tthmatt/ld_ROS/devel/share/common-lisp/ros/ld_actions/msg/_package_StopResult.lisp)
Linked: (/home/tthmatt/ld_ROS/devel/.private/ld_actions/share/common-lisp/ros/ld_actions/msg/StopActionResult.lisp, /home/tthmatt/ld_ROS/devel/share/common-lisp/ros/ld_actions/msg/StopActionResult.lisp)
Symlinking /home/tthmatt/ld_ROS/devel/share/common-lisp/ros/ld_actions/msg/UndockActionGoal.lisp
Linked: (/home/tthmatt/ld_ROS/devel/.private/ld_actions/share/common-lisp/ros/ld_actions/msg/_package_PlayAction.lisp, /home/tthmatt/ld_ROS/devel/share/common-lisp/ros/ld_actions/msg/_package_PlayAction.lisp)
Linked: (/home/tthmatt/ld_ROS/devel/.private/ld_actions/share/common-lisp/ros/ld_actions/msg/DockGoal.lisp, /home/tthmatt/ld_ROS/devel/share/common-lisp/ros/ld_actions/msg/DockGoal.lisp)
Linked: (/home/tthmatt/ld_ROS/devel/.private/ld_actions/share/common-lisp/ros/ld_actions/msg/ExecuteMacroResult.lisp, /home/tthmatt/ld_ROS/devel/share/common-lisp/ros/ld_actions/msg/ExecuteMacroResult.lisp)
Linked: (/home/tthmatt/ld_ROS/devel/.private/ld_actions/share/common-lisp/ros/ld_actions/msg/_package_PlayGoal.lisp, /home/tthmatt/ld_ROS/devel/share/common-lisp/ros/ld_actions/msg/_package_PlayGoal.lisp)
Linked: (/home/tthmatt/ld_ROS/devel/.private/ld_actions/share/common-lisp/ros/ld_actions/msg/_package_GoToAction.lisp, /home/tthmatt/ld_ROS/devel/share/common-lisp/ros/ld_actions/msg/_package_GoToAction.lisp)
Linked: (/home/tthmatt/ld_ROS/devel/.private/ld_actions/share/common-lisp/ros/ld_actions/msg/_package_PatrolOnceActionResult.lisp, /home/tthmatt/ld_ROS/devel/share/common-lisp/ros/ld_actions/msg/_package_PatrolOnceActionResult.lisp)
Linked: (/home/tthmatt/ld_ROS/devel/.private/ld_actions/share/common-lisp/ros/ld_actions/msg/GoToResult.lisp, /home/tthmatt/ld_ROS/devel/share/common-lisp/ros/ld_actions/msg/GoToResult.lisp)
Linked: (/home/tthmatt/ld_ROS/devel/.private/ld_actions/share/common-lisp/ros/ld_actions/msg/_package_StopGoal.lisp, /home/tthmatt/ld_ROS/devel/share/common-lisp/ros/ld_actions/msg/_package_StopGoal.lisp)
Linked: (/home/tthmatt/ld_ROS/devel/.private/ld_actions/share/common-lisp/ros/ld_actions/msg/_package_StopFeedback.lisp, /home/tthmatt/ld_ROS/devel/share/common-lisp/ros/ld_actions/msg/_package_StopFeedback.lisp)
Linked: (/home/tthmatt/ld_ROS/devel/.private/ld_actions/share/common-lisp/ros/ld_actions/msg/_package_PatrolOnceFeedback.lisp, /home/tthmatt/ld_ROS/devel/share/common-lisp/ros/ld_actions/msg/_package_PatrolOnceFeedback.lisp)
Linked: (/home/tthmatt/ld_ROS/devel/.private/ld_actions/share/common-lisp/ros/ld_actions/msg/_package_PatrolResumeActionGoal.lisp, /home/tthmatt/ld_ROS/devel/share/common-lisp/ros/ld_actions/msg/_package_PatrolResumeActionGoal.lisp)
Symlinking /home/tthmatt/ld_ROS/devel/share/common-lisp/ros/ld_actions/msg/_package_UndockActionResult.lisp
Symlinking /home/tthmatt/ld_ROS/devel/share/common-lisp/ros/ld_actions/msg/_package_UndockGoal.lisp
Symlinking /home/tthmatt/ld_ROS/devel/share/common-lisp/ros/ld_actions/msg/UndockActionFeedback.lisp
Linked: (/home/tthmatt/ld_ROS/devel/.private/ld_actions/share/common-lisp/ros/ld_actions/msg/_package_DoTaskAction.lisp, /home/tthmatt/ld_ROS/devel/share/common-lisp/ros/ld_actions/msg/_package_DoTaskAction.lisp)
Linked: (/home/tthmatt/ld_ROS/devel/.private/ld_actions/share/common-lisp/ros/ld_actions/msg/GoToActionResult.lisp, /home/tthmatt/ld_ROS/devel/share/common-lisp/ros/ld_actions/msg/GoToActionResult.lisp)
Symlinking /home/tthmatt/ld_ROS/devel/share/common-lisp/ros/ld_actions/msg/_package_UndockActionGoal.lisp
Linked: (/home/tthmatt/ld_ROS/devel/.private/ld_actions/share/common-lisp/ros/ld_actions/msg/_package_PatrolResumeAction.lisp, /home/tthmatt/ld_ROS/devel/share/common-lisp/ros/ld_actions/msg/_package_PatrolResumeAction.lisp)
Linked: (/home/tthmatt/ld_ROS/devel/.private/ld_actions/share/common-lisp/ros/ld_actions/msg/StopResult.lisp, /home/tthmatt/ld_ROS/devel/share/common-lisp/ros/ld_actions/msg/StopResult.lisp)
Linked: (/home/tthmatt/ld_ROS/devel/.private/ld_actions/share/common-lisp/ros/ld_actions/msg/DoTaskGoal.lisp, /home/tthmatt/ld_ROS/devel/share/common-lisp/ros/ld_actions/msg/DoTaskGoal.lisp)
Symlinking /home/tthmatt/ld_ROS/devel/share/common-lisp/ros/ld_actions/msg/_package_UndockResult.lisp
Linked: (/home/tthmatt/ld_ROS/devel/.private/ld_actions/share/common-lisp/ros/ld_actions/msg/ExecuteMacroGoal.lisp, /home/tthmatt/ld_ROS/devel/share/common-lisp/ros/ld_actions/msg/ExecuteMacroGoal.lisp)
Linked: (/home/tthmatt/ld_ROS/devel/.private/ld_actions/share/common-lisp/ros/ld_actions/msg/_package_StopActionGoal.lisp, /home/tthmatt/ld_ROS/devel/share/common-lisp/ros/ld_actions/msg/_package_StopActionGoal.lisp)
Linked: (/home/tthmatt/ld_ROS/devel/.private/ld_actions/share/common-lisp/ros/ld_actions/msg/_package_ExecuteMacroActionGoal.lisp, /home/tthmatt/ld_ROS/devel/share/common-lisp/ros/ld_actions/msg/_package_ExecuteMacroActionGoal.lisp)
Linked: (/home/tthmatt/ld_ROS/devel/.private/ld_actions/share/common-lisp/ros/ld_actions/msg/DockActionResult.lisp, /home/tthmatt/ld_ROS/devel/share/common-lisp/ros/ld_actions/msg/DockActionResult.lisp)
Linked: (/home/tthmatt/ld_ROS/devel/.private/ld_actions/share/common-lisp/ros/ld_actions/msg/PatrolOnceActionGoal.lisp, /home/tthmatt/ld_ROS/devel/share/common-lisp/ros/ld_actions/msg/PatrolOnceActionGoal.lisp)
Linked: (/home/tthmatt/ld_ROS/devel/.private/ld_actions/share/common-lisp/ros/ld_actions/msg/PatrolOnceFeedback.lisp, /home/tthmatt/ld_ROS/devel/share/common-lisp/ros/ld_actions/msg/PatrolOnceFeedback.lisp)
Symlinking /home/tthmatt/ld_ROS/devel/share/common-lisp/ros/ld_actions/msg/_package_UndockFeedback.lisp
Linked: (/home/tthmatt/ld_ROS/devel/.private/ld_actions/share/common-lisp/ros/ld_actions/msg/_package_ExecuteMacroAction.lisp, /home/tthmatt/ld_ROS/devel/share/common-lisp/ros/ld_actions/msg/_package_ExecuteMacroAction.lisp)
Linked: (/home/tthmatt/ld_ROS/devel/.private/ld_actions/share/common-lisp/ros/ld_actions/msg/PlayResult.lisp, /home/tthmatt/ld_ROS/devel/share/common-lisp/ros/ld_actions/msg/PlayResult.lisp)
Linked: (/home/tthmatt/ld_ROS/devel/.private/ld_actions/share/common-lisp/ros/ld_actions/msg/_package_PatrolResumeActionFeedback.lisp, /home/tthmatt/ld_ROS/devel/share/common-lisp/ros/ld_actions/msg/_package_PatrolResumeActionFeedback.lisp)
Linked: (/home/tthmatt/ld_ROS/devel/.private/ld_actions/share/common-lisp/ros/ld_actions/msg/_package_ExecuteMacroResult.lisp, /home/tthmatt/ld_ROS/devel/share/common-lisp/ros/ld_actions/msg/_package_ExecuteMacroResult.lisp)
Symlinking /home/tthmatt/ld_ROS/devel/share/common-lisp/ros/ld_actions/msg/UndockAction.lisp
Linked: (/home/tthmatt/ld_ROS/devel/.private/ld_actions/share/common-lisp/ros/ld_actions/msg/DockResult.lisp, /home/tthmatt/ld_ROS/devel/share/common-lisp/ros/ld_actions/msg/DockResult.lisp)
Linked: (/home/tthmatt/ld_ROS/devel/.private/ld_actions/share/common-lisp/ros/ld_actions/msg/PatrolResumeActionResult.lisp, /home/tthmatt/ld_ROS/devel/share/common-lisp/ros/ld_actions/msg/PatrolResumeActionResult.lisp)
Linked: (/home/tthmatt/ld_ROS/devel/.private/ld_actions/share/common-lisp/ros/ld_actions/msg/_package_GoToResult.lisp, /home/tthmatt/ld_ROS/devel/share/common-lisp/ros/ld_actions/msg/_package_GoToResult.lisp)
Linked: (/home/tthmatt/ld_ROS/devel/.private/ld_actions/share/common-lisp/ros/ld_actions/msg/_package_ExecuteMacroActionResult.lisp, /home/tthmatt/ld_ROS/devel/share/common-lisp/ros/ld_actions/msg/_package_ExecuteMacroActionResult.lisp)
Linked: (/home/tthmatt/ld_ROS/devel/.private/ld_actions/share/common-lisp/ros/ld_actions/msg/_package_DoTaskActionGoal.lisp, /home/tthmatt/ld_ROS/devel/share/common-lisp/ros/ld_actions/msg/_package_DoTaskActionGoal.lisp)
Linked: (/home/tthmatt/ld_ROS/devel/.private/ld_actions/share/common-lisp/ros/ld_actions/msg/StopFeedback.lisp, /home/tthmatt/ld_ROS/devel/share/common-lisp/ros/ld_actions/msg/StopFeedback.lisp)
Linked: (/home/tthmatt/ld_ROS/devel/.private/ld_actions/share/common-lisp/ros/ld_actions/msg/_package_PlayActionFeedback.lisp, /home/tthmatt/ld_ROS/devel/share/common-lisp/ros/ld_actions/msg/_package_PlayActionFeedback.lisp)
Symlinking /home/tthmatt/ld_ROS/devel/share/common-lisp/ros/ld_actions/msg/_package_UndockActionFeedback.lisp
Linked: (/home/tthmatt/ld_ROS/devel/.private/ld_actions/share/common-lisp/ros/ld_actions/msg/_package_PatrolResumeGoal.lisp, /home/tthmatt/ld_ROS/devel/share/common-lisp/ros/ld_actions/msg/_package_PatrolResumeGoal.lisp)
Linked: (/home/tthmatt/ld_ROS/devel/.private/ld_actions/share/common-lisp/ros/ld_actions/msg/_package_PatrolResumeFeedback.lisp, /home/tthmatt/ld_ROS/devel/share/common-lisp/ros/ld_actions/msg/_package_PatrolResumeFeedback.lisp)
Symlinking /home/tthmatt/ld_ROS/devel/share/common-lisp/ros/ld_actions/msg/UndockResult.lisp
Linked: (/home/tthmatt/ld_ROS/devel/.private/ld_actions/share/common-lisp/ros/ld_actions/msg/PlayActionFeedback.lisp, /home/tthmatt/ld_ROS/devel/share/common-lisp/ros/ld_actions/msg/PlayActionFeedback.lisp)
Linked: (/home/tthmatt/ld_ROS/devel/.private/ld_actions/share/common-lisp/ros/ld_actions/msg/_package_DockAction.lisp, /home/tthmatt/ld_ROS/devel/share/common-lisp/ros/ld_actions/msg/_package_DockAction.lisp)
Linked: (/home/tthmatt/ld_ROS/devel/.private/ld_actions/share/common-lisp/ros/ld_actions/msg/_package_StopActionFeedback.lisp, /home/tthmatt/ld_ROS/devel/share/common-lisp/ros/ld_actions/msg/_package_StopActionFeedback.lisp)
Linked: (/home/tthmatt/ld_ROS/devel/.private/ld_actions/share/common-lisp/ros/ld_actions/msg/PatrolResumeAction.lisp, /home/tthmatt/ld_ROS/devel/share/common-lisp/ros/ld_actions/msg/PatrolResumeAction.lisp)
Linked: (/home/tthmatt/ld_ROS/devel/.private/ld_actions/share/common-lisp/ros/ld_actions/msg/_package_ExecuteMacroActionFeedback.lisp, /home/tthmatt/ld_ROS/devel/share/common-lisp/ros/ld_actions/msg/_package_ExecuteMacroActionFeedback.lisp)
Linked: (/home/tthmatt/ld_ROS/devel/.private/ld_actions/share/common-lisp/ros/ld_actions/msg/_package_DockGoal.lisp, /home/tthmatt/ld_ROS/devel/share/common-lisp/ros/ld_actions/msg/_package_DockGoal.lisp)
Linked: (/home/tthmatt/ld_ROS/devel/.private/ld_actions/share/common-lisp/ros/ld_actions/msg/PatrolOnceActionFeedback.lisp, /home/tthmatt/ld_ROS/devel/share/common-lisp/ros/ld_actions/msg/PatrolOnceActionFeedback.lisp)
Linked: (/home/tthmatt/ld_ROS/devel/.private/ld_actions/share/common-lisp/ros/ld_actions/msg/_package_PlayActionResult.lisp, /home/tthmatt/ld_ROS/devel/share/common-lisp/ros/ld_actions/msg/_package_PlayActionResult.lisp)
Linked: (/home/tthmatt/ld_ROS/devel/.private/ld_actions/share/common-lisp/ros/ld_actions/msg/ld_actions-msg.asd, /home/tthmatt/ld_ROS/devel/share/common-lisp/ros/ld_actions/msg/ld_actions-msg.asd)
Linked: (/home/tthmatt/ld_ROS/devel/.private/ld_actions/share/common-lisp/ros/ld_actions/msg/PatrolOnceGoal.lisp, /home/tthmatt/ld_ROS/devel/share/common-lisp/ros/ld_actions/msg/PatrolOnceGoal.lisp)
Linked: (/home/tthmatt/ld_ROS/devel/.private/ld_actions/share/common-lisp/ros/ld_actions/msg/_package_DockResult.lisp, /home/tthmatt/ld_ROS/devel/share/common-lisp/ros/ld_actions/msg/_package_DockResult.lisp)
Linked: (/home/tthmatt/ld_ROS/devel/.private/ld_actions/share/common-lisp/ros/ld_actions/msg/DockActionGoal.lisp, /home/tthmatt/ld_ROS/devel/share/common-lisp/ros/ld_actions/msg/DockActionGoal.lisp)
Linked: (/home/tthmatt/ld_ROS/devel/.private/ld_actions/share/common-lisp/ros/ld_actions/msg/DoTaskActionResult.lisp, /home/tthmatt/ld_ROS/devel/share/common-lisp/ros/ld_actions/msg/DoTaskActionResult.lisp)
Linked: (/home/tthmatt/ld_ROS/devel/.private/ld_actions/share/common-lisp/ros/ld_actions/msg/_package_DoTaskActionResult.lisp, /home/tthmatt/ld_ROS/devel/share/common-lisp/ros/ld_actions/msg/_package_DoTaskActionResult.lisp)
Linked: (/home/tthmatt/ld_ROS/devel/.private/ld_actions/share/common-lisp/ros/ld_actions/msg/_package_DockActionResult.lisp, /home/tthmatt/ld_ROS/devel/share/common-lisp/ros/ld_actions/msg/_package_DockActionResult.lisp)
Linked: (/home/tthmatt/ld_ROS/devel/.private/ld_actions/share/common-lisp/ros/ld_actions/msg/ExecuteMacroFeedback.lisp, /home/tthmatt/ld_ROS/devel/share/common-lisp/ros/ld_actions/msg/ExecuteMacroFeedback.lisp)
Linked: (/home/tthmatt/ld_ROS/devel/.private/ld_actions/share/common-lisp/ros/ld_actions/msg/_package_PlayActionGoal.lisp, /home/tthmatt/ld_ROS/devel/share/common-lisp/ros/ld_actions/msg/_package_PlayActionGoal.lisp)
Linked: (/home/tthmatt/ld_ROS/devel/.private/ld_actions/share/common-lisp/ros/ld_actions/msg/PlayActionResult.lisp, /home/tthmatt/ld_ROS/devel/share/common-lisp/ros/ld_actions/msg/PlayActionResult.lisp)
Linked: (/home/tthmatt/ld_ROS/devel/.private/ld_actions/share/common-lisp/ros/ld_actions/msg/_package_GoToActionGoal.lisp, /home/tthmatt/ld_ROS/devel/share/common-lisp/ros/ld_actions/msg/_package_GoToActionGoal.lisp)
Linked: (/home/tthmatt/ld_ROS/devel/.private/ld_actions/share/common-lisp/ros/ld_actions/msg/ExecuteMacroActionResult.lisp, /home/tthmatt/ld_ROS/devel/share/common-lisp/ros/ld_actions/msg/ExecuteMacroActionResult.lisp)
Linked: (/home/tthmatt/ld_ROS/devel/.private/ld_actions/share/common-lisp/ros/ld_actions/msg/_package_DockFeedback.lisp, /home/tthmatt/ld_ROS/devel/share/common-lisp/ros/ld_actions/msg/_package_DockFeedback.lisp)
Linked: (/home/tthmatt/ld_ROS/devel/.private/ld_actions/share/common-lisp/ros/ld_actions/msg/_package_DoTaskFeedback.lisp, /home/tthmatt/ld_ROS/devel/share/common-lisp/ros/ld_actions/msg/_package_DoTaskFeedback.lisp)
Linked: (/home/tthmatt/ld_ROS/devel/.private/ld_actions/share/common-lisp/ros/ld_actions/msg/PlayActionGoal.lisp, /home/tthmatt/ld_ROS/devel/share/common-lisp/ros/ld_actions/msg/PlayActionGoal.lisp)
Linked: (/home/tthmatt/ld_ROS/devel/.private/ld_actions/share/common-lisp/ros/ld_actions/msg/DockAction.lisp, /home/tthmatt/ld_ROS/devel/share/common-lisp/ros/ld_actions/msg/DockAction.lisp)
Linked: (/home/tthmatt/ld_ROS/devel/.private/ld_actions/share/common-lisp/ros/ld_actions/msg/DoTaskActionFeedback.lisp, /home/tthmatt/ld_ROS/devel/share/common-lisp/ros/ld_actions/msg/DoTaskActionFeedback.lisp)
Linked: (/home/tthmatt/ld_ROS/devel/.private/ld_actions/share/common-lisp/ros/ld_actions/msg/PatrolResumeResult.lisp, /home/tthmatt/ld_ROS/devel/share/common-lisp/ros/ld_actions/msg/PatrolResumeResult.lisp)
Linked: (/home/tthmatt/ld_ROS/devel/.private/ld_actions/share/common-lisp/ros/ld_actions/msg/DoTaskAction.lisp, /home/tthmatt/ld_ROS/devel/share/common-lisp/ros/ld_actions/msg/DoTaskAction.lisp)
Linked: (/home/tthmatt/ld_ROS/devel/.private/ld_actions/share/common-lisp/ros/ld_actions/msg/_package_DoTaskGoal.lisp, /home/tthmatt/ld_ROS/devel/share/common-lisp/ros/ld_actions/msg/_package_DoTaskGoal.lisp)
Linked: (/home/tthmatt/ld_ROS/devel/.private/ld_actions/share/common-lisp/ros/ld_actions/msg/GoToAction.lisp, /home/tthmatt/ld_ROS/devel/share/common-lisp/ros/ld_actions/msg/GoToAction.lisp)
Linked: (/home/tthmatt/ld_ROS/devel/.private/ld_actions/share/common-lisp/ros/ld_actions/msg/StopActionGoal.lisp, /home/tthmatt/ld_ROS/devel/share/common-lisp/ros/ld_actions/msg/StopActionGoal.lisp)
Linked: (/home/tthmatt/ld_ROS/devel/.private/ld_actions/share/common-lisp/ros/ld_actions/msg/PatrolResumeActionGoal.lisp, /home/tthmatt/ld_ROS/devel/share/common-lisp/ros/ld_actions/msg/PatrolResumeActionGoal.lisp)
Linked: (/home/tthmatt/ld_ROS/devel/.private/ld_actions/share/common-lisp/ros/ld_actions/msg/_package_StopAction.lisp, /home/tthmatt/ld_ROS/devel/share/common-lisp/ros/ld_actions/msg/_package_StopAction.lisp)
Linked: (/home/tthmatt/ld_ROS/devel/.private/ld_actions/share/gennodejs/ros/ld_actions/_index.js, /home/tthmatt/ld_ROS/devel/share/gennodejs/ros/ld_actions/_index.js)
Symlinking /home/tthmatt/ld_ROS/devel/share/gennodejs/ros/ld_actions/msg/UndockActionFeedback.js
Linked: (/home/tthmatt/ld_ROS/devel/.private/ld_actions/share/gennodejs/ros/ld_actions/msg/PatrolOnceActionFeedback.js, /home/tthmatt/ld_ROS/devel/share/gennodejs/ros/ld_actions/msg/PatrolOnceActionFeedback.js)
Linked: (/home/tthmatt/ld_ROS/devel/.private/ld_actions/share/gennodejs/ros/ld_actions/msg/GoToFeedback.js, /home/tthmatt/ld_ROS/devel/share/gennodejs/ros/ld_actions/msg/GoToFeedback.js)
Symlinking /home/tthmatt/ld_ROS/devel/share/gennodejs/ros/ld_actions/msg/UndockActionResult.js
Linked: (/home/tthmatt/ld_ROS/devel/.private/ld_actions/share/gennodejs/ros/ld_actions/msg/StopActionGoal.js, /home/tthmatt/ld_ROS/devel/share/gennodejs/ros/ld_actions/msg/StopActionGoal.js)
Linked: (/home/tthmatt/ld_ROS/devel/.private/ld_actions/share/gennodejs/ros/ld_actions/msg/PlayActionFeedback.js, /home/tthmatt/ld_ROS/devel/share/gennodejs/ros/ld_actions/msg/PlayActionFeedback.js)
Linked: (/home/tthmatt/ld_ROS/devel/.private/ld_actions/share/gennodejs/ros/ld_actions/msg/DoTaskActionResult.js, /home/tthmatt/ld_ROS/devel/share/gennodejs/ros/ld_actions/msg/DoTaskActionResult.js)
Linked: (/home/tthmatt/ld_ROS/devel/.private/ld_actions/share/gennodejs/ros/ld_actions/msg/DockAction.js, /home/tthmatt/ld_ROS/devel/share/gennodejs/ros/ld_actions/msg/DockAction.js)
Linked: (/home/tthmatt/ld_ROS/devel/.private/ld_actions/share/gennodejs/ros/ld_actions/msg/ExecuteMacroActionGoal.js, /home/tthmatt/ld_ROS/devel/share/gennodejs/ros/ld_actions/msg/ExecuteMacroActionGoal.js)
Linked: (/home/tthmatt/ld_ROS/devel/.private/ld_actions/share/gennodejs/ros/ld_actions/msg/_index.js, /home/tthmatt/ld_ROS/devel/share/gennodejs/ros/ld_actions/msg/_index.js)
Linked: (/home/tthmatt/ld_ROS/devel/.private/ld_actions/share/gennodejs/ros/ld_actions/msg/PatrolResumeActionFeedback.js, /home/tthmatt/ld_ROS/devel/share/gennodejs/ros/ld_actions/msg/PatrolResumeActionFeedback.js)
Linked: (/home/tthmatt/ld_ROS/devel/.private/ld_actions/share/gennodejs/ros/ld_actions/msg/PatrolResumeFeedback.js, /home/tthmatt/ld_ROS/devel/share/gennodejs/ros/ld_actions/msg/PatrolResumeFeedback.js)
Linked: (/home/tthmatt/ld_ROS/devel/.private/ld_actions/share/gennodejs/ros/ld_actions/msg/PatrolOnceAction.js, /home/tthmatt/ld_ROS/devel/share/gennodejs/ros/ld_actions/msg/PatrolOnceAction.js)
Linked: (/home/tthmatt/ld_ROS/devel/.private/ld_actions/share/gennodejs/ros/ld_actions/msg/StopResult.js, /home/tthmatt/ld_ROS/devel/share/gennodejs/ros/ld_actions/msg/StopResult.js)
Linked: (/home/tthmatt/ld_ROS/devel/.private/ld_actions/share/gennodejs/ros/ld_actions/msg/PatrolResumeGoal.js, /home/tthmatt/ld_ROS/devel/share/gennodejs/ros/ld_actions/msg/PatrolResumeGoal.js)
Linked: (/home/tthmatt/ld_ROS/devel/.private/ld_actions/share/gennodejs/ros/ld_actions/msg/DoTaskGoal.js, /home/tthmatt/ld_ROS/devel/share/gennodejs/ros/ld_actions/msg/DoTaskGoal.js)
Linked: (/home/tthmatt/ld_ROS/devel/.private/ld_actions/share/gennodejs/ros/ld_actions/msg/ExecuteMacroResult.js, /home/tthmatt/ld_ROS/devel/share/gennodejs/ros/ld_actions/msg/ExecuteMacroResult.js)
Linked: (/home/tthmatt/ld_ROS/devel/.private/ld_actions/share/gennodejs/ros/ld_actions/msg/DockActionGoal.js, /home/tthmatt/ld_ROS/devel/share/gennodejs/ros/ld_actions/msg/DockActionGoal.js)
Linked: (/home/tthmatt/ld_ROS/devel/.private/ld_actions/share/gennodejs/ros/ld_actions/msg/StopGoal.js, /home/tthmatt/ld_ROS/devel/share/gennodejs/ros/ld_actions/msg/StopGoal.js)
Linked: (/home/tthmatt/ld_ROS/devel/.private/ld_actions/share/gennodejs/ros/ld_actions/msg/PatrolResumeActionGoal.js, /home/tthmatt/ld_ROS/devel/share/gennodejs/ros/ld_actions/msg/PatrolResumeActionGoal.js)
Linked: (/home/tthmatt/ld_ROS/devel/.private/ld_actions/share/gennodejs/ros/ld_actions/msg/DoTaskFeedback.js, /home/tthmatt/ld_ROS/devel/share/gennodejs/ros/ld_actions/msg/DoTaskFeedback.js)
Symlinking /home/tthmatt/ld_ROS/devel/share/gennodejs/ros/ld_actions/msg/UndockGoal.js
Linked: (/home/tthmatt/ld_ROS/devel/.private/ld_actions/share/gennodejs/ros/ld_actions/msg/ExecuteMacroActionResult.js, /home/tthmatt/ld_ROS/devel/share/gennodejs/ros/ld_actions/msg/ExecuteMacroActionResult.js)
Linked: (/home/tthmatt/ld_ROS/devel/.private/ld_actions/share/gennodejs/ros/ld_actions/msg/PatrolOnceFeedback.js, /home/tthmatt/ld_ROS/devel/share/gennodejs/ros/ld_actions/msg/PatrolOnceFeedback.js)
Symlinking /home/tthmatt/ld_ROS/devel/share/gennodejs/ros/ld_actions/msg/UndockResult.js
Linked: (/home/tthmatt/ld_ROS/devel/.private/ld_actions/share/gennodejs/ros/ld_actions/msg/DockGoal.js, /home/tthmatt/ld_ROS/devel/share/gennodejs/ros/ld_actions/msg/DockGoal.js)
Symlinking /home/tthmatt/ld_ROS/devel/share/gennodejs/ros/ld_actions/msg/UndockAction.js
Linked: (/home/tthmatt/ld_ROS/devel/.private/ld_actions/share/gennodejs/ros/ld_actions/msg/GoToAction.js, /home/tthmatt/ld_ROS/devel/share/gennodejs/ros/ld_actions/msg/GoToAction.js)
Symlinking /home/tthmatt/ld_ROS/devel/share/gennodejs/ros/ld_actions/msg/UndockActionGoal.js
Linked: (/home/tthmatt/ld_ROS/devel/.private/ld_actions/share/gennodejs/ros/ld_actions/msg/StopActionFeedback.js, /home/tthmatt/ld_ROS/devel/share/gennodejs/ros/ld_actions/msg/StopActionFeedback.js)
Linked: (/home/tthmatt/ld_ROS/devel/.private/ld_actions/share/gennodejs/ros/ld_actions/msg/PlayActionResult.js, /home/tthmatt/ld_ROS/devel/share/gennodejs/ros/ld_actions/msg/PlayActionResult.js)
Linked: (/home/tthmatt/ld_ROS/devel/.private/ld_actions/share/gennodejs/ros/ld_actions/msg/PlayFeedback.js, /home/tthmatt/ld_ROS/devel/share/gennodejs/ros/ld_actions/msg/PlayFeedback.js)
Linked: (/home/tthmatt/ld_ROS/devel/.private/ld_actions/share/gennodejs/ros/ld_actions/msg/PatrolOnceGoal.js, /home/tthmatt/ld_ROS/devel/share/gennodejs/ros/ld_actions/msg/PatrolOnceGoal.js)
Linked: (/home/tthmatt/ld_ROS/devel/.private/ld_actions/share/gennodejs/ros/ld_actions/msg/DockFeedback.js, /home/tthmatt/ld_ROS/devel/share/gennodejs/ros/ld_actions/msg/DockFeedback.js)
Linked: (/home/tthmatt/ld_ROS/devel/.private/ld_actions/share/gennodejs/ros/ld_actions/msg/PatrolResumeResult.js, /home/tthmatt/ld_ROS/devel/share/gennodejs/ros/ld_actions/msg/PatrolResumeResult.js)
Linked: (/home/tthmatt/ld_ROS/devel/.private/ld_actions/share/gennodejs/ros/ld_actions/msg/GoToActionResult.js, /home/tthmatt/ld_ROS/devel/share/gennodejs/ros/ld_actions/msg/GoToActionResult.js)
Linked: (/home/tthmatt/ld_ROS/devel/.private/ld_actions/share/gennodejs/ros/ld_actions/msg/PatrolOnceResult.js, /home/tthmatt/ld_ROS/devel/share/gennodejs/ros/ld_actions/msg/PatrolOnceResult.js)
Linked: (/home/tthmatt/ld_ROS/devel/.private/ld_actions/share/gennodejs/ros/ld_actions/msg/PlayGoal.js, /home/tthmatt/ld_ROS/devel/share/gennodejs/ros/ld_actions/msg/PlayGoal.js)
Linked: (/home/tthmatt/ld_ROS/devel/.private/ld_actions/share/gennodejs/ros/ld_actions/msg/StopFeedback.js, /home/tthmatt/ld_ROS/devel/share/gennodejs/ros/ld_actions/msg/StopFeedback.js)
Linked: (/home/tthmatt/ld_ROS/devel/.private/ld_actions/share/gennodejs/ros/ld_actions/msg/DoTaskActionFeedback.js, /home/tthmatt/ld_ROS/devel/share/gennodejs/ros/ld_actions/msg/DoTaskActionFeedback.js)
Linked: (/home/tthmatt/ld_ROS/devel/.private/ld_actions/share/gennodejs/ros/ld_actions/msg/StopAction.js, /home/tthmatt/ld_ROS/devel/share/gennodejs/ros/ld_actions/msg/StopAction.js)
Linked: (/home/tthmatt/ld_ROS/devel/.private/ld_actions/share/gennodejs/ros/ld_actions/msg/ExecuteMacroGoal.js, /home/tthmatt/ld_ROS/devel/share/gennodejs/ros/ld_actions/msg/ExecuteMacroGoal.js)
Linked: (/home/tthmatt/ld_ROS/devel/.private/ld_actions/share/gennodejs/ros/ld_actions/msg/PlayAction.js, /home/tthmatt/ld_ROS/devel/share/gennodejs/ros/ld_actions/msg/PlayAction.js)
Linked: (/home/tthmatt/ld_ROS/devel/.private/ld_actions/share/gennodejs/ros/ld_actions/msg/ExecuteMacroActionFeedback.js, /home/tthmatt/ld_ROS/devel/share/gennodejs/ros/ld_actions/msg/ExecuteMacroActionFeedback.js)
Linked: (/home/tthmatt/ld_ROS/devel/.private/ld_actions/share/gennodejs/ros/ld_actions/msg/StopActionResult.js, /home/tthmatt/ld_ROS/devel/share/gennodejs/ros/ld_actions/msg/StopActionResult.js)
Linked: (/home/tthmatt/ld_ROS/devel/.private/ld_actions/share/gennodejs/ros/ld_actions/msg/PatrolOnceActionResult.js, /home/tthmatt/ld_ROS/devel/share/gennodejs/ros/ld_actions/msg/PatrolOnceActionResult.js)
Linked: (/home/tthmatt/ld_ROS/devel/.private/ld_actions/share/gennodejs/ros/ld_actions/msg/PlayActionGoal.js, /home/tthmatt/ld_ROS/devel/share/gennodejs/ros/ld_actions/msg/PlayActionGoal.js)
Linked: (/home/tthmatt/ld_ROS/devel/.private/ld_actions/share/gennodejs/ros/ld_actions/msg/ExecuteMacroAction.js, /home/tthmatt/ld_ROS/devel/share/gennodejs/ros/ld_actions/msg/ExecuteMacroAction.js)
Linked: (/home/tthmatt/ld_ROS/devel/.private/ld_actions/share/gennodejs/ros/ld_actions/msg/DockResult.js, /home/tthmatt/ld_ROS/devel/share/gennodejs/ros/ld_actions/msg/DockResult.js)
Linked: (/home/tthmatt/ld_ROS/devel/.private/ld_actions/share/gennodejs/ros/ld_actions/msg/DoTaskActionGoal.js, /home/tthmatt/ld_ROS/devel/share/gennodejs/ros/ld_actions/msg/DoTaskActionGoal.js)
Linked: (/home/tthmatt/ld_ROS/devel/.private/ld_actions/share/gennodejs/ros/ld_actions/msg/DockActionFeedback.js, /home/tthmatt/ld_ROS/devel/share/gennodejs/ros/ld_actions/msg/DockActionFeedback.js)
Linked: (/home/tthmatt/ld_ROS/devel/.private/ld_actions/share/gennodejs/ros/ld_actions/msg/GoToActionGoal.js, /home/tthmatt/ld_ROS/devel/share/gennodejs/ros/ld_actions/msg/GoToActionGoal.js)
Linked: (/home/tthmatt/ld_ROS/devel/.private/ld_actions/share/gennodejs/ros/ld_actions/msg/DoTaskAction.js, /home/tthmatt/ld_ROS/devel/share/gennodejs/ros/ld_actions/msg/DoTaskAction.js)
Linked: (/home/tthmatt/ld_ROS/devel/.private/ld_actions/share/gennodejs/ros/ld_actions/msg/PatrolOnceActionGoal.js, /home/tthmatt/ld_ROS/devel/share/gennodejs/ros/ld_actions/msg/PatrolOnceActionGoal.js)
Linked: (/home/tthmatt/ld_ROS/devel/.private/ld_actions/share/gennodejs/ros/ld_actions/msg/GoToResult.js, /home/tthmatt/ld_ROS/devel/share/gennodejs/ros/ld_actions/msg/GoToResult.js)
Linked: (/home/tthmatt/ld_ROS/devel/.private/ld_actions/share/gennodejs/ros/ld_actions/msg/PatrolResumeActionResult.js, /home/tthmatt/ld_ROS/devel/share/gennodejs/ros/ld_actions/msg/PatrolResumeActionResult.js)
Linked: (/home/tthmatt/ld_ROS/devel/.private/ld_actions/share/gennodejs/ros/ld_actions/msg/DoTaskResult.js, /home/tthmatt/ld_ROS/devel/share/gennodejs/ros/ld_actions/msg/DoTaskResult.js)
Linked: (/home/tthmatt/ld_ROS/devel/.private/ld_actions/share/gennodejs/ros/ld_actions/msg/ExecuteMacroFeedback.js, /home/tthmatt/ld_ROS/devel/share/gennodejs/ros/ld_actions/msg/ExecuteMacroFeedback.js)
Linked: (/home/tthmatt/ld_ROS/devel/.private/ld_actions/share/gennodejs/ros/ld_actions/msg/PlayResult.js, /home/tthmatt/ld_ROS/devel/share/gennodejs/ros/ld_actions/msg/PlayResult.js)
Linked: (/home/tthmatt/ld_ROS/devel/.private/ld_actions/share/gennodejs/ros/ld_actions/msg/GoToGoal.js, /home/tthmatt/ld_ROS/devel/share/gennodejs/ros/ld_actions/msg/GoToGoal.js)
Linked: (/home/tthmatt/ld_ROS/devel/.private/ld_actions/share/gennodejs/ros/ld_actions/msg/PatrolResumeAction.js, /home/tthmatt/ld_ROS/devel/share/gennodejs/ros/ld_actions/msg/PatrolResumeAction.js)
Linked: (/home/tthmatt/ld_ROS/devel/.private/ld_actions/share/gennodejs/ros/ld_actions/msg/DockActionResult.js, /home/tthmatt/ld_ROS/devel/share/gennodejs/ros/ld_actions/msg/DockActionResult.js)
Symlinking /home/tthmatt/ld_ROS/devel/share/gennodejs/ros/ld_actions/msg/UndockFeedback.js
Linked: (/home/tthmatt/ld_ROS/devel/.private/ld_actions/share/gennodejs/ros/ld_actions/msg/GoToActionFeedback.js, /home/tthmatt/ld_ROS/devel/share/gennodejs/ros/ld_actions/msg/GoToActionFeedback.js)
Linked: (/home/tthmatt/ld_ROS/devel/.private/ld_actions/share/roseus/ros/ld_actions/manifest.l, /home/tthmatt/ld_ROS/devel/share/roseus/ros/ld_actions/manifest.l)
Linked: (/home/tthmatt/ld_ROS/devel/.private/ld_actions/share/roseus/ros/ld_actions/msg/DockGoal.l, /home/tthmatt/ld_ROS/devel/share/roseus/ros/ld_actions/msg/DockGoal.l)
Linked: (/home/tthmatt/ld_ROS/devel/.private/ld_actions/share/roseus/ros/ld_actions/msg/PatrolOnceGoal.l, /home/tthmatt/ld_ROS/devel/share/roseus/ros/ld_actions/msg/PatrolOnceGoal.l)
Linked: (/home/tthmatt/ld_ROS/devel/.private/ld_actions/share/roseus/ros/ld_actions/msg/DockActionGoal.l, /home/tthmatt/ld_ROS/devel/share/roseus/ros/ld_actions/msg/DockActionGoal.l)
Linked: (/home/tthmatt/ld_ROS/devel/.private/ld_actions/share/roseus/ros/ld_actions/msg/ExecuteMacroGoal.l, /home/tthmatt/ld_ROS/devel/share/roseus/ros/ld_actions/msg/ExecuteMacroGoal.l)
Linked: (/home/tthmatt/ld_ROS/devel/.private/ld_actions/share/roseus/ros/ld_actions/msg/StopAction.l, /home/tthmatt/ld_ROS/devel/share/roseus/ros/ld_actions/msg/StopAction.l)
Linked: (/home/tthmatt/ld_ROS/devel/.private/ld_actions/share/roseus/ros/ld_actions/msg/DoTaskFeedback.l, /home/tthmatt/ld_ROS/devel/share/roseus/ros/ld_actions/msg/DoTaskFeedback.l)
Linked: (/home/tthmatt/ld_ROS/devel/.private/ld_actions/share/roseus/ros/ld_actions/msg/PatrolResumeGoal.l, /home/tthmatt/ld_ROS/devel/share/roseus/ros/ld_actions/msg/PatrolResumeGoal.l)
Linked: (/home/tthmatt/ld_ROS/devel/.private/ld_actions/share/roseus/ros/ld_actions/msg/PatrolResumeActionGoal.l, /home/tthmatt/ld_ROS/devel/share/roseus/ros/ld_actions/msg/PatrolResumeActionGoal.l)
Linked: (/home/tthmatt/ld_ROS/devel/.private/ld_actions/share/roseus/ros/ld_actions/msg/DockResult.l, /home/tthmatt/ld_ROS/devel/share/roseus/ros/ld_actions/msg/DockResult.l)
Linked: (/home/tthmatt/ld_ROS/devel/.private/ld_actions/share/roseus/ros/ld_actions/msg/GoToGoal.l, /home/tthmatt/ld_ROS/devel/share/roseus/ros/ld_actions/msg/GoToGoal.l)
Linked: (/home/tthmatt/ld_ROS/devel/.private/ld_actions/share/roseus/ros/ld_actions/msg/PlayGoal.l, /home/tthmatt/ld_ROS/devel/share/roseus/ros/ld_actions/msg/PlayGoal.l)
Linked: (/home/tthmatt/ld_ROS/devel/.private/ld_actions/share/roseus/ros/ld_actions/msg/PatrolOnceActionGoal.l, /home/tthmatt/ld_ROS/devel/share/roseus/ros/ld_actions/msg/PatrolOnceActionGoal.l)
Linked: (/home/tthmatt/ld_ROS/devel/.private/ld_actions/share/roseus/ros/ld_actions/msg/DoTaskActionFeedback.l, /home/tthmatt/ld_ROS/devel/share/roseus/ros/ld_actions/msg/DoTaskActionFeedback.l)
Linked: (/home/tthmatt/ld_ROS/devel/.private/ld_actions/share/roseus/ros/ld_actions/msg/DoTaskActionResult.l, /home/tthmatt/ld_ROS/devel/share/roseus/ros/ld_actions/msg/DoTaskActionResult.l)
Linked: (/home/tthmatt/ld_ROS/devel/.private/ld_actions/share/roseus/ros/ld_actions/msg/DoTaskResult.l, /home/tthmatt/ld_ROS/devel/share/roseus/ros/ld_actions/msg/DoTaskResult.l)
Symlinking /home/tthmatt/ld_ROS/devel/share/roseus/ros/ld_actions/msg/UndockActionGoal.l
Linked: (/home/tthmatt/ld_ROS/devel/.private/ld_actions/share/roseus/ros/ld_actions/msg/DoTaskAction.l, /home/tthmatt/ld_ROS/devel/share/roseus/ros/ld_actions/msg/DoTaskAction.l)
Linked: (/home/tthmatt/ld_ROS/devel/.private/ld_actions/share/roseus/ros/ld_actions/msg/PatrolOnceActionResult.l, /home/tthmatt/ld_ROS/devel/share/roseus/ros/ld_actions/msg/PatrolOnceActionResult.l)
Linked: (/home/tthmatt/ld_ROS/devel/.private/ld_actions/share/roseus/ros/ld_actions/msg/PlayAction.l, /home/tthmatt/ld_ROS/devel/share/roseus/ros/ld_actions/msg/PlayAction.l)
Linked: (/home/tthmatt/ld_ROS/devel/.private/ld_actions/share/roseus/ros/ld_actions/msg/StopActionGoal.l, /home/tthmatt/ld_ROS/devel/share/roseus/ros/ld_actions/msg/StopActionGoal.l)
Linked: (/home/tthmatt/ld_ROS/devel/.private/ld_actions/share/roseus/ros/ld_actions/msg/StopActionResult.l, /home/tthmatt/ld_ROS/devel/share/roseus/ros/ld_actions/msg/StopActionResult.l)
Linked: (/home/tthmatt/ld_ROS/devel/.private/ld_actions/share/roseus/ros/ld_actions/msg/PatrolResumeFeedback.l, /home/tthmatt/ld_ROS/devel/share/roseus/ros/ld_actions/msg/PatrolResumeFeedback.l)
Linked: (/home/tthmatt/ld_ROS/devel/.private/ld_actions/share/roseus/ros/ld_actions/msg/ExecuteMacroFeedback.l, /home/tthmatt/ld_ROS/devel/share/roseus/ros/ld_actions/msg/ExecuteMacroFeedback.l)
Linked: (/home/tthmatt/ld_ROS/devel/.private/ld_actions/share/roseus/ros/ld_actions/msg/PatrolOnceAction.l, /home/tthmatt/ld_ROS/devel/share/roseus/ros/ld_actions/msg/PatrolOnceAction.l)
Symlinking /home/tthmatt/ld_ROS/devel/share/roseus/ros/ld_actions/msg/UndockFeedback.l
Linked: (/home/tthmatt/ld_ROS/devel/.private/ld_actions/share/roseus/ros/ld_actions/msg/PatrolOnceFeedback.l, /home/tthmatt/ld_ROS/devel/share/roseus/ros/ld_actions/msg/PatrolOnceFeedback.l)
Linked: (/home/tthmatt/ld_ROS/devel/.private/ld_actions/share/roseus/ros/ld_actions/msg/PatrolOnceResult.l, /home/tthmatt/ld_ROS/devel/share/roseus/ros/ld_actions/msg/PatrolOnceResult.l)
Linked: (/home/tthmatt/ld_ROS/devel/.private/ld_actions/share/roseus/ros/ld_actions/msg/PlayActionGoal.l, /home/tthmatt/ld_ROS/devel/share/roseus/ros/ld_actions/msg/PlayActionGoal.l)
Symlinking /home/tthmatt/ld_ROS/devel/share/roseus/ros/ld_actions/msg/UndockActionResult.l
Linked: (/home/tthmatt/ld_ROS/devel/.private/ld_actions/share/roseus/ros/ld_actions/msg/GoToActionResult.l, /home/tthmatt/ld_ROS/devel/share/roseus/ros/ld_actions/msg/GoToActionResult.l)
Linked: (/home/tthmatt/ld_ROS/devel/.private/ld_actions/share/roseus/ros/ld_actions/msg/DoTaskActionGoal.l, /home/tthmatt/ld_ROS/devel/share/roseus/ros/ld_actions/msg/DoTaskActionGoal.l)
Linked: (/home/tthmatt/ld_ROS/devel/.private/ld_actions/share/roseus/ros/ld_actions/msg/DoTaskGoal.l, /home/tthmatt/ld_ROS/devel/share/roseus/ros/ld_actions/msg/DoTaskGoal.l)
Linked: (/home/tthmatt/ld_ROS/devel/.private/ld_actions/share/roseus/ros/ld_actions/msg/PlayResult.l, /home/tthmatt/ld_ROS/devel/share/roseus/ros/ld_actions/msg/PlayResult.l)
Linked: (/home/tthmatt/ld_ROS/devel/.private/ld_actions/share/roseus/ros/ld_actions/msg/PatrolResumeAction.l, /home/tthmatt/ld_ROS/devel/share/roseus/ros/ld_actions/msg/PatrolResumeAction.l)
Symlinking /home/tthmatt/ld_ROS/devel/share/roseus/ros/ld_actions/msg/UndockGoal.l
Symlinking /home/tthmatt/ld_ROS/devel/share/roseus/ros/ld_actions/msg/UndockActionFeedback.l
Linked: (/home/tthmatt/ld_ROS/devel/.private/ld_actions/share/roseus/ros/ld_actions/msg/GoToActionFeedback.l, /home/tthmatt/ld_ROS/devel/share/roseus/ros/ld_actions/msg/GoToActionFeedback.l)
Linked: (/home/tthmatt/ld_ROS/devel/.private/ld_actions/share/roseus/ros/ld_actions/msg/ExecuteMacroResult.l, /home/tthmatt/ld_ROS/devel/share/roseus/ros/ld_actions/msg/ExecuteMacroResult.l)
Linked: (/home/tthmatt/ld_ROS/devel/.private/ld_actions/share/roseus/ros/ld_actions/msg/PatrolResumeActionFeedback.l, /home/tthmatt/ld_ROS/devel/share/roseus/ros/ld_actions/msg/PatrolResumeActionFeedback.l)
Linked: (/home/tthmatt/ld_ROS/devel/.private/ld_actions/share/roseus/ros/ld_actions/msg/ExecuteMacroAction.l, /home/tthmatt/ld_ROS/devel/share/roseus/ros/ld_actions/msg/ExecuteMacroAction.l)
Linked: (/home/tthmatt/ld_ROS/devel/.private/ld_actions/share/roseus/ros/ld_actions/msg/GoToFeedback.l, /home/tthmatt/ld_ROS/devel/share/roseus/ros/ld_actions/msg/GoToFeedback.l)
Linked: (/home/tthmatt/ld_ROS/devel/.private/ld_actions/share/roseus/ros/ld_actions/msg/DockAction.l, /home/tthmatt/ld_ROS/devel/share/roseus/ros/ld_actions/msg/DockAction.l)
Symlinking /home/tthmatt/ld_ROS/devel/share/roseus/ros/ld_actions/msg/UndockResult.l
Linked: (/home/tthmatt/ld_ROS/devel/.private/ld_actions/share/roseus/ros/ld_actions/msg/DockActionResult.l, /home/tthmatt/ld_ROS/devel/share/roseus/ros/ld_actions/msg/DockActionResult.l)
Linked: (/home/tthmatt/ld_ROS/devel/.private/ld_actions/share/roseus/ros/ld_actions/msg/GoToActionGoal.l, /home/tthmatt/ld_ROS/devel/share/roseus/ros/ld_actions/msg/GoToActionGoal.l)
Linked: (/home/tthmatt/ld_ROS/devel/.private/ld_actions/share/roseus/ros/ld_actions/msg/StopGoal.l, /home/tthmatt/ld_ROS/devel/share/roseus/ros/ld_actions/msg/StopGoal.l)
Linked: (/home/tthmatt/ld_ROS/devel/.private/ld_actions/share/roseus/ros/ld_actions/msg/StopFeedback.l, /home/tthmatt/ld_ROS/devel/share/roseus/ros/ld_actions/msg/StopFeedback.l)
Symlinking /home/tthmatt/ld_ROS/devel/share/roseus/ros/ld_actions/msg/UndockAction.l
Linked: (/home/tthmatt/ld_ROS/devel/.private/ld_actions/share/roseus/ros/ld_actions/msg/PlayFeedback.l, /home/tthmatt/ld_ROS/devel/share/roseus/ros/ld_actions/msg/PlayFeedback.l)
Linked: (/home/tthmatt/ld_ROS/devel/.private/ld_actions/share/roseus/ros/ld_actions/msg/PatrolOnceActionFeedback.l, /home/tthmatt/ld_ROS/devel/share/roseus/ros/ld_actions/msg/PatrolOnceActionFeedback.l)
Linked: (/home/tthmatt/ld_ROS/devel/.private/ld_actions/share/roseus/ros/ld_actions/msg/GoToAction.l, /home/tthmatt/ld_ROS/devel/share/roseus/ros/ld_actions/msg/GoToAction.l)
Linked: (/home/tthmatt/ld_ROS/devel/.private/ld_actions/share/roseus/ros/ld_actions/msg/PatrolResumeActionResult.l, /home/tthmatt/ld_ROS/devel/share/roseus/ros/ld_actions/msg/PatrolResumeActionResult.l)
Linked: (/home/tthmatt/ld_ROS/devel/.private/ld_actions/share/roseus/ros/ld_actions/msg/StopResult.l, /home/tthmatt/ld_ROS/devel/share/roseus/ros/ld_actions/msg/StopResult.l)
Linked: (/home/tthmatt/ld_ROS/devel/.private/ld_actions/share/roseus/ros/ld_actions/msg/ExecuteMacroActionGoal.l, /home/tthmatt/ld_ROS/devel/share/roseus/ros/ld_actions/msg/ExecuteMacroActionGoal.l)
Linked: (/home/tthmatt/ld_ROS/devel/.private/ld_actions/share/roseus/ros/ld_actions/msg/DockFeedback.l, /home/tthmatt/ld_ROS/devel/share/roseus/ros/ld_actions/msg/DockFeedback.l)
Linked: (/home/tthmatt/ld_ROS/devel/.private/ld_actions/share/roseus/ros/ld_actions/msg/ExecuteMacroActionFeedback.l, /home/tthmatt/ld_ROS/devel/share/roseus/ros/ld_actions/msg/ExecuteMacroActionFeedback.l)
Linked: (/home/tthmatt/ld_ROS/devel/.private/ld_actions/share/roseus/ros/ld_actions/msg/StopActionFeedback.l, /home/tthmatt/ld_ROS/devel/share/roseus/ros/ld_actions/msg/StopActionFeedback.l)
Linked: (/home/tthmatt/ld_ROS/devel/.private/ld_actions/share/roseus/ros/ld_actions/msg/DockActionFeedback.l, /home/tthmatt/ld_ROS/devel/share/roseus/ros/ld_actions/msg/DockActionFeedback.l)
Linked: (/home/tthmatt/ld_ROS/devel/.private/ld_actions/share/roseus/ros/ld_actions/msg/PlayActionFeedback.l, /home/tthmatt/ld_ROS/devel/share/roseus/ros/ld_actions/msg/PlayActionFeedback.l)
Linked: (/home/tthmatt/ld_ROS/devel/.private/ld_actions/share/roseus/ros/ld_actions/msg/PlayActionResult.l, /home/tthmatt/ld_ROS/devel/share/roseus/ros/ld_actions/msg/PlayActionResult.l)
Linked: (/home/tthmatt/ld_ROS/devel/.private/ld_actions/share/roseus/ros/ld_actions/msg/ExecuteMacroActionResult.l, /home/tthmatt/ld_ROS/devel/share/roseus/ros/ld_actions/msg/ExecuteMacroActionResult.l)
Linked: (/home/tthmatt/ld_ROS/devel/.private/ld_actions/share/roseus/ros/ld_actions/msg/GoToResult.l, /home/tthmatt/ld_ROS/devel/share/roseus/ros/ld_actions/msg/GoToResult.l)
Linked: (/home/tthmatt/ld_ROS/devel/.private/ld_actions/share/roseus/ros/ld_actions/msg/PatrolResumeResult.l, /home/tthmatt/ld_ROS/devel/share/roseus/ros/ld_actions/msg/PatrolResumeResult.l)
Linked: (/home/tthmatt/ld_ROS/devel/.private/ld_actions/include/ld_actions/PatrolOnceGoal.h, /home/tthmatt/ld_ROS/devel/include/ld_actions/PatrolOnceGoal.h)
Linked: (/home/tthmatt/ld_ROS/devel/.private/ld_actions/include/ld_actions/GoToGoal.h, /home/tthmatt/ld_ROS/devel/include/ld_actions/GoToGoal.h)
Linked: (/home/tthmatt/ld_ROS/devel/.private/ld_actions/include/ld_actions/PlayFeedback.h, /home/tthmatt/ld_ROS/devel/include/ld_actions/PlayFeedback.h)
Linked: (/home/tthmatt/ld_ROS/devel/.private/ld_actions/include/ld_actions/GoToActionResult.h, /home/tthmatt/ld_ROS/devel/include/ld_actions/GoToActionResult.h)
Linked: (/home/tthmatt/ld_ROS/devel/.private/ld_actions/include/ld_actions/PlayActionResult.h, /home/tthmatt/ld_ROS/devel/include/ld_actions/PlayActionResult.h)
Linked: (/home/tthmatt/ld_ROS/devel/.private/ld_actions/include/ld_actions/GoToActionGoal.h, /home/tthmatt/ld_ROS/devel/include/ld_actions/GoToActionGoal.h)
Symlinking /home/tthmatt/ld_ROS/devel/include/ld_actions/UndockResult.h
Linked: (/home/tthmatt/ld_ROS/devel/.private/ld_actions/include/ld_actions/PlayActionGoal.h, /home/tthmatt/ld_ROS/devel/include/ld_actions/PlayActionGoal.h)
Linked: (/home/tthmatt/ld_ROS/devel/.private/ld_actions/include/ld_actions/PlayAction.h, /home/tthmatt/ld_ROS/devel/include/ld_actions/PlayAction.h)
Linked: (/home/tthmatt/ld_ROS/devel/.private/ld_actions/include/ld_actions/PatrolOnceFeedback.h, /home/tthmatt/ld_ROS/devel/include/ld_actions/PatrolOnceFeedback.h)
Linked: (/home/tthmatt/ld_ROS/devel/.private/ld_actions/include/ld_actions/PatrolResumeResult.h, /home/tthmatt/ld_ROS/devel/include/ld_actions/PatrolResumeResult.h)
Linked: (/home/tthmatt/ld_ROS/devel/.private/ld_actions/include/ld_actions/PatrolResumeAction.h, /home/tthmatt/ld_ROS/devel/include/ld_actions/PatrolResumeAction.h)
Linked: (/home/tthmatt/ld_ROS/devel/.private/ld_actions/include/ld_actions/PlayActionFeedback.h, /home/tthmatt/ld_ROS/devel/include/ld_actions/PlayActionFeedback.h)
Linked: (/home/tthmatt/ld_ROS/devel/.private/ld_actions/include/ld_actions/ExecuteMacroActionGoal.h, /home/tthmatt/ld_ROS/devel/include/ld_actions/ExecuteMacroActionGoal.h)
Symlinking /home/tthmatt/ld_ROS/devel/include/ld_actions/UndockActionResult.h
Linked: (/home/tthmatt/ld_ROS/devel/.private/ld_actions/include/ld_actions/PatrolOnceActionGoal.h, /home/tthmatt/ld_ROS/devel/include/ld_actions/PatrolOnceActionGoal.h)
Linked: (/home/tthmatt/ld_ROS/devel/.private/ld_actions/include/ld_actions/GoToResult.h, /home/tthmatt/ld_ROS/devel/include/ld_actions/GoToResult.h)
Linked: (/home/tthmatt/ld_ROS/devel/.private/ld_actions/include/ld_actions/DoTaskGoal.h, /home/tthmatt/ld_ROS/devel/include/ld_actions/DoTaskGoal.h)
Linked: (/home/tthmatt/ld_ROS/devel/.private/ld_actions/include/ld_actions/GoToActionFeedback.h, /home/tthmatt/ld_ROS/devel/include/ld_actions/GoToActionFeedback.h)
Symlinking /home/tthmatt/ld_ROS/devel/include/ld_actions/UndockGoal.h
Linked: (/home/tthmatt/ld_ROS/devel/.private/ld_actions/include/ld_actions/DoTaskAction.h, /home/tthmatt/ld_ROS/devel/include/ld_actions/DoTaskAction.h)
Linked: (/home/tthmatt/ld_ROS/devel/.private/ld_actions/include/ld_actions/ExecuteMacroGoal.h, /home/tthmatt/ld_ROS/devel/include/ld_actions/ExecuteMacroGoal.h)
Linked: (/home/tthmatt/ld_ROS/devel/.private/ld_actions/include/ld_actions/PatrolResumeGoal.h, /home/tthmatt/ld_ROS/devel/include/ld_actions/PatrolResumeGoal.h)
Linked: (/home/tthmatt/ld_ROS/devel/.private/ld_actions/include/ld_actions/PatrolResumeActionFeedback.h, /home/tthmatt/ld_ROS/devel/include/ld_actions/PatrolResumeActionFeedback.h)
Linked: (/home/tthmatt/ld_ROS/devel/.private/ld_actions/include/ld_actions/StopActionResult.h, /home/tthmatt/ld_ROS/devel/include/ld_actions/StopActionResult.h)
Symlinking /home/tthmatt/ld_ROS/devel/include/ld_actions/UndockFeedback.h
Linked: (/home/tthmatt/ld_ROS/devel/.private/ld_actions/include/ld_actions/ExecuteMacroActionFeedback.h, /home/tthmatt/ld_ROS/devel/include/ld_actions/ExecuteMacroActionFeedback.h)
Linked: (/home/tthmatt/ld_ROS/devel/.private/ld_actions/include/ld_actions/DoTaskActionFeedback.h, /home/tthmatt/ld_ROS/devel/include/ld_actions/DoTaskActionFeedback.h)
Linked: (/home/tthmatt/ld_ROS/devel/.private/ld_actions/include/ld_actions/PatrolResumeFeedback.h, /home/tthmatt/ld_ROS/devel/include/ld_actions/PatrolResumeFeedback.h)
Symlinking /home/tthmatt/ld_ROS/devel/include/ld_actions/UndockActionFeedback.h
Linked: (/home/tthmatt/ld_ROS/devel/.private/ld_actions/include/ld_actions/PlayResult.h, /home/tthmatt/ld_ROS/devel/include/ld_actions/PlayResult.h)
Linked: (/home/tthmatt/ld_ROS/devel/.private/ld_actions/include/ld_actions/DoTaskActionGoal.h, /home/tthmatt/ld_ROS/devel/include/ld_actions/DoTaskActionGoal.h)
Linked: (/home/tthmatt/ld_ROS/devel/.private/ld_actions/include/ld_actions/PatrolOnceResult.h, /home/tthmatt/ld_ROS/devel/include/ld_actions/PatrolOnceResult.h)
Linked: (/home/tthmatt/ld_ROS/devel/.private/ld_actions/include/ld_actions/PatrolResumeActionResult.h, /home/tthmatt/ld_ROS/devel/include/ld_actions/PatrolResumeActionResult.h)
Linked: (/home/tthmatt/ld_ROS/devel/.private/ld_actions/include/ld_actions/DoTaskFeedback.h, /home/tthmatt/ld_ROS/devel/include/ld_actions/DoTaskFeedback.h)
Linked: (/home/tthmatt/ld_ROS/devel/.private/ld_actions/include/ld_actions/StopActionGoal.h, /home/tthmatt/ld_ROS/devel/include/ld_actions/StopActionGoal.h)
Linked: (/home/tthmatt/ld_ROS/devel/.private/ld_actions/include/ld_actions/DockActionGoal.h, /home/tthmatt/ld_ROS/devel/include/ld_actions/DockActionGoal.h)
Linked: (/home/tthmatt/ld_ROS/devel/.private/ld_actions/include/ld_actions/DockAction.h, /home/tthmatt/ld_ROS/devel/include/ld_actions/DockAction.h)
Symlinking /home/tthmatt/ld_ROS/devel/include/ld_actions/UndockActionGoal.h
Linked: (/home/tthmatt/ld_ROS/devel/.private/ld_actions/include/ld_actions/ExecuteMacroAction.h, /home/tthmatt/ld_ROS/devel/include/ld_actions/ExecuteMacroAction.h)
Linked: (/home/tthmatt/ld_ROS/devel/.private/ld_actions/include/ld_actions/DockFeedback.h, /home/tthmatt/ld_ROS/devel/include/ld_actions/DockFeedback.h)
Symlinking /home/tthmatt/ld_ROS/devel/include/ld_actions/UndockAction.h
Linked: (/home/tthmatt/ld_ROS/devel/.private/ld_actions/include/ld_actions/StopActionFeedback.h, /home/tthmatt/ld_ROS/devel/include/ld_actions/StopActionFeedback.h)
Linked: (/home/tthmatt/ld_ROS/devel/.private/ld_actions/include/ld_actions/StopResult.h, /home/tthmatt/ld_ROS/devel/include/ld_actions/StopResult.h)
Linked: (/home/tthmatt/ld_ROS/devel/.private/ld_actions/include/ld_actions/DockGoal.h, /home/tthmatt/ld_ROS/devel/include/ld_actions/DockGoal.h)
Linked: (/home/tthmatt/ld_ROS/devel/.private/ld_actions/include/ld_actions/PatrolOnceAction.h, /home/tthmatt/ld_ROS/devel/include/ld_actions/PatrolOnceAction.h)
Linked: (/home/tthmatt/ld_ROS/devel/.private/ld_actions/include/ld_actions/PatrolOnceActionResult.h, /home/tthmatt/ld_ROS/devel/include/ld_actions/PatrolOnceActionResult.h)
Linked: (/home/tthmatt/ld_ROS/devel/.private/ld_actions/include/ld_actions/GoToFeedback.h, /home/tthmatt/ld_ROS/devel/include/ld_actions/GoToFeedback.h)
Linked: (/home/tthmatt/ld_ROS/devel/.private/ld_actions/include/ld_actions/StopAction.h, /home/tthmatt/ld_ROS/devel/include/ld_actions/StopAction.h)
Linked: (/home/tthmatt/ld_ROS/devel/.private/ld_actions/include/ld_actions/PatrolOnceActionFeedback.h, /home/tthmatt/ld_ROS/devel/include/ld_actions/PatrolOnceActionFeedback.h)
Linked: (/home/tthmatt/ld_ROS/devel/.private/ld_actions/include/ld_actions/ExecuteMacroResult.h, /home/tthmatt/ld_ROS/devel/include/ld_actions/ExecuteMacroResult.h)
Linked: (/home/tthmatt/ld_ROS/devel/.private/ld_actions/include/ld_actions/DockActionFeedback.h, /home/tthmatt/ld_ROS/devel/include/ld_actions/DockActionFeedback.h)
Linked: (/home/tthmatt/ld_ROS/devel/.private/ld_actions/include/ld_actions/DockActionResult.h, /home/tthmatt/ld_ROS/devel/include/ld_actions/DockActionResult.h)
Linked: (/home/tthmatt/ld_ROS/devel/.private/ld_actions/include/ld_actions/StopGoal.h, /home/tthmatt/ld_ROS/devel/include/ld_actions/StopGoal.h)
Linked: (/home/tthmatt/ld_ROS/devel/.private/ld_actions/include/ld_actions/StopFeedback.h, /home/tthmatt/ld_ROS/devel/include/ld_actions/StopFeedback.h)
Linked: (/home/tthmatt/ld_ROS/devel/.private/ld_actions/include/ld_actions/DoTaskResult.h, /home/tthmatt/ld_ROS/devel/include/ld_actions/DoTaskResult.h)
Linked: (/home/tthmatt/ld_ROS/devel/.private/ld_actions/include/ld_actions/ExecuteMacroActionResult.h, /home/tthmatt/ld_ROS/devel/include/ld_actions/ExecuteMacroActionResult.h)
Linked: (/home/tthmatt/ld_ROS/devel/.private/ld_actions/include/ld_actions/DoTaskActionResult.h, /home/tthmatt/ld_ROS/devel/include/ld_actions/DoTaskActionResult.h)
Linked: (/home/tthmatt/ld_ROS/devel/.private/ld_actions/include/ld_actions/PatrolResumeActionGoal.h, /home/tthmatt/ld_ROS/devel/include/ld_actions/PatrolResumeActionGoal.h)
Linked: (/home/tthmatt/ld_ROS/devel/.private/ld_actions/include/ld_actions/GoToAction.h, /home/tthmatt/ld_ROS/devel/include/ld_actions/GoToAction.h)
Linked: (/home/tthmatt/ld_ROS/devel/.private/ld_actions/include/ld_actions/ExecuteMacroFeedback.h, /home/tthmatt/ld_ROS/devel/include/ld_actions/ExecuteMacroFeedback.h)
Linked: (/home/tthmatt/ld_ROS/devel/.private/ld_actions/include/ld_actions/PlayGoal.h, /home/tthmatt/ld_ROS/devel/include/ld_actions/PlayGoal.h)
Linked: (/home/tthmatt/ld_ROS/devel/.private/ld_actions/include/ld_actions/DockResult.h, /home/tthmatt/ld_ROS/devel/include/ld_actions/DockResult.h)
