[  0%] Built target _ld_actions_generate_messages_check_deps_DoTaskActionGoal
[  0%] Built target _ld_actions_generate_messages_check_deps_DockAction
[  0%] Built target _ld_actions_generate_messages_check_deps_DoTaskGoal
[  0%] Built target _ld_actions_generate_messages_check_deps_DoTaskActionFeedback
[  0%] Built target actionlib_msgs_generate_messages_lisp
[  0%] Built target _ld_actions_generate_messages_check_deps_DoTaskActionResult
[  0%] Built target _ld_actions_generate_messages_check_deps_DoTaskFeedback
[  0%] Built target _ld_actions_generate_messages_check_deps_DoTaskResult
[  0%] Built target _ld_actions_generate_messages_check_deps_DockActionResult
[  0%] Built target _ld_actions_generate_messages_check_deps_DockResult
[  0%] Built target _ld_actions_generate_messages_check_deps_DoTaskAction
[  0%] Built target _ld_actions_generate_messages_check_deps_DockFeedback
[  0%] Built target _ld_actions_generate_messages_check_deps_DockGoal
[  0%] Built target actionlib_msgs_generate_messages_py
[  0%] Built target _ld_actions_generate_messages_check_deps_DockActionFeedback
[  0%] Built target actionlib_msgs_generate_messages_nodejs
[  0%] Built target _ld_actions_generate_messages_check_deps_DockActionGoal
[  0%] Built target actionlib_msgs_generate_messages_cpp
[  0%] Built target actionlib_msgs_generate_messages_eus
[  2%] [34m[1mGenerating Python from MSG ld_actions/DoTaskResult[0m
[  2%] [34m[1mGenerating Lisp code from ld_actions/DoTaskResult.msg[0m
[  4%] [34m[1mGenerating Javascript code from ld_actions/DoTaskResult.msg[0m
[  5%] [34m[1mGenerating Python from MSG ld_actions/DoTaskActionFeedback[0m
[  6%] [34m[1mGenerating Lisp code from ld_actions/DoTaskActionFeedback.msg[0m
[  8%] [34m[1mGenerating Javascript code from ld_actions/DoTaskActionFeedback.msg[0m
[  9%] [34m[1mGenerating Lisp code from ld_actions/DoTaskFeedback.msg[0m
[ 11%] [34m[1mGenerating Python from MSG ld_actions/DoTaskFeedback[0m
[ 12%] [34m[1mGenerating Javascript code from ld_actions/DoTaskFeedback.msg[0m
[ 13%] [34m[1mGenerating Python from MSG ld_actions/DoTaskActionResult[0m
[ 15%] [34m[1mGenerating Lisp code from ld_actions/DoTaskActionResult.msg[0m
[ 16%] [34m[1mGenerating Javascript code from ld_actions/DoTaskActionResult.msg[0m
[ 18%] [34m[1mGenerating Lisp code from ld_actions/DoTaskGoal.msg[0m
[ 19%] [34m[1mGenerating Python from MSG ld_actions/DoTaskGoal[0m
[ 20%] [34m[1mGenerating Javascript code from ld_actions/DoTaskGoal.msg[0m
[ 22%] [34m[1mGenerating Python from MSG ld_actions/DoTaskAction[0m
[ 23%] [34m[1mGenerating Lisp code from ld_actions/DoTaskAction.msg[0m
[ 25%] [34m[1mGenerating Javascript code from ld_actions/DoTaskAction.msg[0m
[ 26%] [34m[1mGenerating Lisp code from ld_actions/DoTaskActionGoal.msg[0m
[ 27%] [34m[1mGenerating Javascript code from ld_actions/DoTaskActionGoal.msg[0m
[ 29%] [34m[1mGenerating Python from MSG ld_actions/DoTaskActionGoal[0m
[ 30%] [34m[1mGenerating C++ code from ld_actions/DoTaskResult.msg[0m
[ 40%] Built target ld_actions_generate_messages_nodejs
[ 50%] Built target ld_actions_generate_messages_lisp
[ 51%] [34m[1mGenerating C++ code from ld_actions/DoTaskActionFeedback.msg[0m
[ 52%] [34m[1mGenerating EusLisp code from ld_actions/DoTaskResult.msg[0m
[ 54%] [34m[1mGenerating Python msg __init__.py for ld_actions[0m
[ 55%] [34m[1mGenerating EusLisp code from ld_actions/DoTaskActionFeedback.msg[0m
[ 56%] [34m[1mGenerating C++ code from ld_actions/DoTaskFeedback.msg[0m
[ 58%] [34m[1mGenerating C++ code from ld_actions/DoTaskActionResult.msg[0m
[ 68%] Built target ld_actions_generate_messages_py
[ 69%] [34m[1mGenerating EusLisp code from ld_actions/DoTaskFeedback.msg[0m
[ 70%] [34m[1mGenerating EusLisp code from ld_actions/DoTaskActionResult.msg[0m
[ 72%] [34m[1mGenerating EusLisp code from ld_actions/DoTaskGoal.msg[0m
[ 73%] [34m[1mGenerating C++ code from ld_actions/DoTaskGoal.msg[0m
[ 75%] [34m[1mGenerating EusLisp code from ld_actions/DoTaskAction.msg[0m
[ 76%] [34m[1mGenerating C++ code from ld_actions/DoTaskAction.msg[0m
[ 77%] [34m[1mGenerating EusLisp code from ld_actions/DoTaskActionGoal.msg[0m
[ 79%] [34m[1mGenerating C++ code from ld_actions/DoTaskActionGoal.msg[0m
[ 90%] Built target ld_actions_generate_messages_eus
[100%] Built target ld_actions_generate_messages_cpp
[100%] Built target ld_actions_generate_messages
