Linked: (/home/tthmatt/ld_ROS/devel/.private/ld_actions/lib/python2.7/dist-packages/ld_actions/__init__.py, /home/tthmatt/ld_ROS/devel/lib/python2.7/dist-packages/ld_actions/__init__.py)
Linked: (/home/tthmatt/ld_ROS/devel/.private/ld_actions/lib/python2.7/dist-packages/ld_actions/msg/_DockGoal.py, /home/tthmatt/ld_ROS/devel/lib/python2.7/dist-packages/ld_actions/msg/_DockGoal.py)
Linked: (/home/tthmatt/ld_ROS/devel/.private/ld_actions/lib/python2.7/dist-packages/ld_actions/msg/_DockActionResult.py, /home/tthmatt/ld_ROS/devel/lib/python2.7/dist-packages/ld_actions/msg/_DockActionResult.py)
Linked: (/home/tthmatt/ld_ROS/devel/.private/ld_actions/lib/python2.7/dist-packages/ld_actions/msg/_ExecuteMacroAction.py, /home/tthmatt/ld_ROS/devel/lib/python2.7/dist-packages/ld_actions/msg/_ExecuteMacroAction.py)
Linked: (/home/tthmatt/ld_ROS/devel/.private/ld_actions/lib/python2.7/dist-packages/ld_actions/msg/_DockActionFeedback.py, /home/tthmatt/ld_ROS/devel/lib/python2.7/dist-packages/ld_actions/msg/_DockActionFeedback.py)
Linked: (/home/tthmatt/ld_ROS/devel/.private/ld_actions/lib/python2.7/dist-packages/ld_actions/msg/_DockAction.py, /home/tthmatt/ld_ROS/devel/lib/python2.7/dist-packages/ld_actions/msg/_DockAction.py)
Linked: (/home/tthmatt/ld_ROS/devel/.private/ld_actions/lib/python2.7/dist-packages/ld_actions/msg/__init__.py, /home/tthmatt/ld_ROS/devel/lib/python2.7/dist-packages/ld_actions/msg/__init__.py)
Linked: (/home/tthmatt/ld_ROS/devel/.private/ld_actions/lib/python2.7/dist-packages/ld_actions/msg/_ExecuteMacroResult.py, /home/tthmatt/ld_ROS/devel/lib/python2.7/dist-packages/ld_actions/msg/_ExecuteMacroResult.py)
Linked: (/home/tthmatt/ld_ROS/devel/.private/ld_actions/lib/python2.7/dist-packages/ld_actions/msg/_DoTaskGoal.py, /home/tthmatt/ld_ROS/devel/lib/python2.7/dist-packages/ld_actions/msg/_DoTaskGoal.py)
Linked: (/home/tthmatt/ld_ROS/devel/.private/ld_actions/lib/python2.7/dist-packages/ld_actions/msg/_ExecuteMacroActionResult.py, /home/tthmatt/ld_ROS/devel/lib/python2.7/dist-packages/ld_actions/msg/_ExecuteMacroActionResult.py)
Linked: (/home/tthmatt/ld_ROS/devel/.private/ld_actions/lib/python2.7/dist-packages/ld_actions/msg/_DockResult.py, /home/tthmatt/ld_ROS/devel/lib/python2.7/dist-packages/ld_actions/msg/_DockResult.py)
Linked: (/home/tthmatt/ld_ROS/devel/.private/ld_actions/lib/python2.7/dist-packages/ld_actions/msg/_DockActionGoal.py, /home/tthmatt/ld_ROS/devel/lib/python2.7/dist-packages/ld_actions/msg/_DockActionGoal.py)
Linked: (/home/tthmatt/ld_ROS/devel/.private/ld_actions/lib/python2.7/dist-packages/ld_actions/msg/_DoTaskResult.py, /home/tthmatt/ld_ROS/devel/lib/python2.7/dist-packages/ld_actions/msg/_DoTaskResult.py)
Linked: (/home/tthmatt/ld_ROS/devel/.private/ld_actions/lib/python2.7/dist-packages/ld_actions/msg/_ExecuteMacroActionGoal.py, /home/tthmatt/ld_ROS/devel/lib/python2.7/dist-packages/ld_actions/msg/_ExecuteMacroActionGoal.py)
Linked: (/home/tthmatt/ld_ROS/devel/.private/ld_actions/lib/python2.7/dist-packages/ld_actions/msg/_ExecuteMacroGoal.py, /home/tthmatt/ld_ROS/devel/lib/python2.7/dist-packages/ld_actions/msg/_ExecuteMacroGoal.py)
Linked: (/home/tthmatt/ld_ROS/devel/.private/ld_actions/lib/python2.7/dist-packages/ld_actions/msg/_DoTaskActionGoal.py, /home/tthmatt/ld_ROS/devel/lib/python2.7/dist-packages/ld_actions/msg/_DoTaskActionGoal.py)
Linked: (/home/tthmatt/ld_ROS/devel/.private/ld_actions/lib/python2.7/dist-packages/ld_actions/msg/_DockFeedback.py, /home/tthmatt/ld_ROS/devel/lib/python2.7/dist-packages/ld_actions/msg/_DockFeedback.py)
Linked: (/home/tthmatt/ld_ROS/devel/.private/ld_actions/lib/python2.7/dist-packages/ld_actions/msg/_DoTaskActionFeedback.py, /home/tthmatt/ld_ROS/devel/lib/python2.7/dist-packages/ld_actions/msg/_DoTaskActionFeedback.py)
Linked: (/home/tthmatt/ld_ROS/devel/.private/ld_actions/lib/python2.7/dist-packages/ld_actions/msg/_DoTaskAction.py, /home/tthmatt/ld_ROS/devel/lib/python2.7/dist-packages/ld_actions/msg/_DoTaskAction.py)
Linked: (/home/tthmatt/ld_ROS/devel/.private/ld_actions/lib/python2.7/dist-packages/ld_actions/msg/_DoTaskFeedback.py, /home/tthmatt/ld_ROS/devel/lib/python2.7/dist-packages/ld_actions/msg/_DoTaskFeedback.py)
Linked: (/home/tthmatt/ld_ROS/devel/.private/ld_actions/lib/python2.7/dist-packages/ld_actions/msg/_ExecuteMacroFeedback.py, /home/tthmatt/ld_ROS/devel/lib/python2.7/dist-packages/ld_actions/msg/_ExecuteMacroFeedback.py)
Linked: (/home/tthmatt/ld_ROS/devel/.private/ld_actions/lib/python2.7/dist-packages/ld_actions/msg/_DoTaskActionResult.py, /home/tthmatt/ld_ROS/devel/lib/python2.7/dist-packages/ld_actions/msg/_DoTaskActionResult.py)
Linked: (/home/tthmatt/ld_ROS/devel/.private/ld_actions/lib/python2.7/dist-packages/ld_actions/msg/_ExecuteMacroActionFeedback.py, /home/tthmatt/ld_ROS/devel/lib/python2.7/dist-packages/ld_actions/msg/_ExecuteMacroActionFeedback.py)
Linked: (/home/tthmatt/ld_ROS/devel/.private/ld_actions/lib/pkgconfig/ld_actions.pc, /home/tthmatt/ld_ROS/devel/lib/pkgconfig/ld_actions.pc)
Linked: (/home/tthmatt/ld_ROS/devel/.private/ld_actions/share/ld_actions/cmake/ld_actionsConfig-version.cmake, /home/tthmatt/ld_ROS/devel/share/ld_actions/cmake/ld_actionsConfig-version.cmake)
Linked: (/home/tthmatt/ld_ROS/devel/.private/ld_actions/share/ld_actions/cmake/ld_actionsConfig.cmake, /home/tthmatt/ld_ROS/devel/share/ld_actions/cmake/ld_actionsConfig.cmake)
Linked: (/home/tthmatt/ld_ROS/devel/.private/ld_actions/share/ld_actions/cmake/ld_actions-msg-paths.cmake, /home/tthmatt/ld_ROS/devel/share/ld_actions/cmake/ld_actions-msg-paths.cmake)
Linked: (/home/tthmatt/ld_ROS/devel/.private/ld_actions/share/ld_actions/cmake/ld_actions-msg-extras.cmake, /home/tthmatt/ld_ROS/devel/share/ld_actions/cmake/ld_actions-msg-extras.cmake)
Linked: (/home/tthmatt/ld_ROS/devel/.private/ld_actions/share/ld_actions/msg/DockActionResult.msg, /home/tthmatt/ld_ROS/devel/share/ld_actions/msg/DockActionResult.msg)
Linked: (/home/tthmatt/ld_ROS/devel/.private/ld_actions/share/ld_actions/msg/DoTaskAction.msg, /home/tthmatt/ld_ROS/devel/share/ld_actions/msg/DoTaskAction.msg)
Linked: (/home/tthmatt/ld_ROS/devel/.private/ld_actions/share/ld_actions/msg/ExecuteMacroFeedback.msg, /home/tthmatt/ld_ROS/devel/share/ld_actions/msg/ExecuteMacroFeedback.msg)
Linked: (/home/tthmatt/ld_ROS/devel/.private/ld_actions/share/ld_actions/msg/ExecuteMacroGoal.msg, /home/tthmatt/ld_ROS/devel/share/ld_actions/msg/ExecuteMacroGoal.msg)
Linked: (/home/tthmatt/ld_ROS/devel/.private/ld_actions/share/ld_actions/msg/DockActionGoal.msg, /home/tthmatt/ld_ROS/devel/share/ld_actions/msg/DockActionGoal.msg)
Linked: (/home/tthmatt/ld_ROS/devel/.private/ld_actions/share/ld_actions/msg/ExecuteMacroActionFeedback.msg, /home/tthmatt/ld_ROS/devel/share/ld_actions/msg/ExecuteMacroActionFeedback.msg)
Linked: (/home/tthmatt/ld_ROS/devel/.private/ld_actions/share/ld_actions/msg/DockActionFeedback.msg, /home/tthmatt/ld_ROS/devel/share/ld_actions/msg/DockActionFeedback.msg)
Linked: (/home/tthmatt/ld_ROS/devel/.private/ld_actions/share/ld_actions/msg/ExecuteMacroActionGoal.msg, /home/tthmatt/ld_ROS/devel/share/ld_actions/msg/ExecuteMacroActionGoal.msg)
Linked: (/home/tthmatt/ld_ROS/devel/.private/ld_actions/share/ld_actions/msg/DoTaskActionResult.msg, /home/tthmatt/ld_ROS/devel/share/ld_actions/msg/DoTaskActionResult.msg)
Linked: (/home/tthmatt/ld_ROS/devel/.private/ld_actions/share/ld_actions/msg/ExecuteMacroAction.msg, /home/tthmatt/ld_ROS/devel/share/ld_actions/msg/ExecuteMacroAction.msg)
Linked: (/home/tthmatt/ld_ROS/devel/.private/ld_actions/share/ld_actions/msg/DoTaskResult.msg, /home/tthmatt/ld_ROS/devel/share/ld_actions/msg/DoTaskResult.msg)
Linked: (/home/tthmatt/ld_ROS/devel/.private/ld_actions/share/ld_actions/msg/DoTaskFeedback.msg, /home/tthmatt/ld_ROS/devel/share/ld_actions/msg/DoTaskFeedback.msg)
Linked: (/home/tthmatt/ld_ROS/devel/.private/ld_actions/share/ld_actions/msg/DoTaskGoal.msg, /home/tthmatt/ld_ROS/devel/share/ld_actions/msg/DoTaskGoal.msg)
Linked: (/home/tthmatt/ld_ROS/devel/.private/ld_actions/share/ld_actions/msg/DoTaskActionFeedback.msg, /home/tthmatt/ld_ROS/devel/share/ld_actions/msg/DoTaskActionFeedback.msg)
Linked: (/home/tthmatt/ld_ROS/devel/.private/ld_actions/share/ld_actions/msg/DockFeedback.msg, /home/tthmatt/ld_ROS/devel/share/ld_actions/msg/DockFeedback.msg)
Linked: (/home/tthmatt/ld_ROS/devel/.private/ld_actions/share/ld_actions/msg/DockGoal.msg, /home/tthmatt/ld_ROS/devel/share/ld_actions/msg/DockGoal.msg)
Linked: (/home/tthmatt/ld_ROS/devel/.private/ld_actions/share/ld_actions/msg/ExecuteMacroResult.msg, /home/tthmatt/ld_ROS/devel/share/ld_actions/msg/ExecuteMacroResult.msg)
Linked: (/home/tthmatt/ld_ROS/devel/.private/ld_actions/share/ld_actions/msg/DockAction.msg, /home/tthmatt/ld_ROS/devel/share/ld_actions/msg/DockAction.msg)
Linked: (/home/tthmatt/ld_ROS/devel/.private/ld_actions/share/ld_actions/msg/DockResult.msg, /home/tthmatt/ld_ROS/devel/share/ld_actions/msg/DockResult.msg)
Linked: (/home/tthmatt/ld_ROS/devel/.private/ld_actions/share/ld_actions/msg/ExecuteMacroActionResult.msg, /home/tthmatt/ld_ROS/devel/share/ld_actions/msg/ExecuteMacroActionResult.msg)
Linked: (/home/tthmatt/ld_ROS/devel/.private/ld_actions/share/ld_actions/msg/DoTaskActionGoal.msg, /home/tthmatt/ld_ROS/devel/share/ld_actions/msg/DoTaskActionGoal.msg)
Linked: (/home/tthmatt/ld_ROS/devel/.private/ld_actions/share/common-lisp/ros/ld_actions/msg/_package_DockActionGoal.lisp, /home/tthmatt/ld_ROS/devel/share/common-lisp/ros/ld_actions/msg/_package_DockActionGoal.lisp)
Linked: (/home/tthmatt/ld_ROS/devel/.private/ld_actions/share/common-lisp/ros/ld_actions/msg/_package_DoTaskActionFeedback.lisp, /home/tthmatt/ld_ROS/devel/share/common-lisp/ros/ld_actions/msg/_package_DoTaskActionFeedback.lisp)
Linked: (/home/tthmatt/ld_ROS/devel/.private/ld_actions/share/common-lisp/ros/ld_actions/msg/ExecuteMacroAction.lisp, /home/tthmatt/ld_ROS/devel/share/common-lisp/ros/ld_actions/msg/ExecuteMacroAction.lisp)
Linked: (/home/tthmatt/ld_ROS/devel/.private/ld_actions/share/common-lisp/ros/ld_actions/msg/ExecuteMacroActionGoal.lisp, /home/tthmatt/ld_ROS/devel/share/common-lisp/ros/ld_actions/msg/ExecuteMacroActionGoal.lisp)
Linked: (/home/tthmatt/ld_ROS/devel/.private/ld_actions/share/common-lisp/ros/ld_actions/msg/_package.lisp, /home/tthmatt/ld_ROS/devel/share/common-lisp/ros/ld_actions/msg/_package.lisp)
Linked: (/home/tthmatt/ld_ROS/devel/.private/ld_actions/share/common-lisp/ros/ld_actions/msg/_package_DockActionFeedback.lisp, /home/tthmatt/ld_ROS/devel/share/common-lisp/ros/ld_actions/msg/_package_DockActionFeedback.lisp)
Linked: (/home/tthmatt/ld_ROS/devel/.private/ld_actions/share/common-lisp/ros/ld_actions/msg/DoTaskFeedback.lisp, /home/tthmatt/ld_ROS/devel/share/common-lisp/ros/ld_actions/msg/DoTaskFeedback.lisp)
Linked: (/home/tthmatt/ld_ROS/devel/.private/ld_actions/share/common-lisp/ros/ld_actions/msg/DoTaskResult.lisp, /home/tthmatt/ld_ROS/devel/share/common-lisp/ros/ld_actions/msg/DoTaskResult.lisp)
Linked: (/home/tthmatt/ld_ROS/devel/.private/ld_actions/share/common-lisp/ros/ld_actions/msg/_package_ExecuteMacroFeedback.lisp, /home/tthmatt/ld_ROS/devel/share/common-lisp/ros/ld_actions/msg/_package_ExecuteMacroFeedback.lisp)
Linked: (/home/tthmatt/ld_ROS/devel/.private/ld_actions/share/common-lisp/ros/ld_actions/msg/_package_DoTaskResult.lisp, /home/tthmatt/ld_ROS/devel/share/common-lisp/ros/ld_actions/msg/_package_DoTaskResult.lisp)
Linked: (/home/tthmatt/ld_ROS/devel/.private/ld_actions/share/common-lisp/ros/ld_actions/msg/DoTaskActionGoal.lisp, /home/tthmatt/ld_ROS/devel/share/common-lisp/ros/ld_actions/msg/DoTaskActionGoal.lisp)
Linked: (/home/tthmatt/ld_ROS/devel/.private/ld_actions/share/common-lisp/ros/ld_actions/msg/ExecuteMacroActionFeedback.lisp, /home/tthmatt/ld_ROS/devel/share/common-lisp/ros/ld_actions/msg/ExecuteMacroActionFeedback.lisp)
Linked: (/home/tthmatt/ld_ROS/devel/.private/ld_actions/share/common-lisp/ros/ld_actions/msg/DockFeedback.lisp, /home/tthmatt/ld_ROS/devel/share/common-lisp/ros/ld_actions/msg/DockFeedback.lisp)
Linked: (/home/tthmatt/ld_ROS/devel/.private/ld_actions/share/common-lisp/ros/ld_actions/msg/DockActionFeedback.lisp, /home/tthmatt/ld_ROS/devel/share/common-lisp/ros/ld_actions/msg/DockActionFeedback.lisp)
Linked: (/home/tthmatt/ld_ROS/devel/.private/ld_actions/share/common-lisp/ros/ld_actions/msg/_package_ExecuteMacroGoal.lisp, /home/tthmatt/ld_ROS/devel/share/common-lisp/ros/ld_actions/msg/_package_ExecuteMacroGoal.lisp)
Linked: (/home/tthmatt/ld_ROS/devel/.private/ld_actions/share/common-lisp/ros/ld_actions/msg/DockGoal.lisp, /home/tthmatt/ld_ROS/devel/share/common-lisp/ros/ld_actions/msg/DockGoal.lisp)
Linked: (/home/tthmatt/ld_ROS/devel/.private/ld_actions/share/common-lisp/ros/ld_actions/msg/ExecuteMacroResult.lisp, /home/tthmatt/ld_ROS/devel/share/common-lisp/ros/ld_actions/msg/ExecuteMacroResult.lisp)
Linked: (/home/tthmatt/ld_ROS/devel/.private/ld_actions/share/common-lisp/ros/ld_actions/msg/_package_DoTaskAction.lisp, /home/tthmatt/ld_ROS/devel/share/common-lisp/ros/ld_actions/msg/_package_DoTaskAction.lisp)
Linked: (/home/tthmatt/ld_ROS/devel/.private/ld_actions/share/common-lisp/ros/ld_actions/msg/DoTaskGoal.lisp, /home/tthmatt/ld_ROS/devel/share/common-lisp/ros/ld_actions/msg/DoTaskGoal.lisp)
Linked: (/home/tthmatt/ld_ROS/devel/.private/ld_actions/share/common-lisp/ros/ld_actions/msg/ExecuteMacroGoal.lisp, /home/tthmatt/ld_ROS/devel/share/common-lisp/ros/ld_actions/msg/ExecuteMacroGoal.lisp)
Linked: (/home/tthmatt/ld_ROS/devel/.private/ld_actions/share/common-lisp/ros/ld_actions/msg/_package_ExecuteMacroActionGoal.lisp, /home/tthmatt/ld_ROS/devel/share/common-lisp/ros/ld_actions/msg/_package_ExecuteMacroActionGoal.lisp)
Linked: (/home/tthmatt/ld_ROS/devel/.private/ld_actions/share/common-lisp/ros/ld_actions/msg/DockActionResult.lisp, /home/tthmatt/ld_ROS/devel/share/common-lisp/ros/ld_actions/msg/DockActionResult.lisp)
Linked: (/home/tthmatt/ld_ROS/devel/.private/ld_actions/share/common-lisp/ros/ld_actions/msg/_package_ExecuteMacroAction.lisp, /home/tthmatt/ld_ROS/devel/share/common-lisp/ros/ld_actions/msg/_package_ExecuteMacroAction.lisp)
Linked: (/home/tthmatt/ld_ROS/devel/.private/ld_actions/share/common-lisp/ros/ld_actions/msg/_package_ExecuteMacroResult.lisp, /home/tthmatt/ld_ROS/devel/share/common-lisp/ros/ld_actions/msg/_package_ExecuteMacroResult.lisp)
Linked: (/home/tthmatt/ld_ROS/devel/.private/ld_actions/share/common-lisp/ros/ld_actions/msg/DockResult.lisp, /home/tthmatt/ld_ROS/devel/share/common-lisp/ros/ld_actions/msg/DockResult.lisp)
Linked: (/home/tthmatt/ld_ROS/devel/.private/ld_actions/share/common-lisp/ros/ld_actions/msg/_package_ExecuteMacroActionResult.lisp, /home/tthmatt/ld_ROS/devel/share/common-lisp/ros/ld_actions/msg/_package_ExecuteMacroActionResult.lisp)
Linked: (/home/tthmatt/ld_ROS/devel/.private/ld_actions/share/common-lisp/ros/ld_actions/msg/_package_DoTaskActionGoal.lisp, /home/tthmatt/ld_ROS/devel/share/common-lisp/ros/ld_actions/msg/_package_DoTaskActionGoal.lisp)
Linked: (/home/tthmatt/ld_ROS/devel/.private/ld_actions/share/common-lisp/ros/ld_actions/msg/_package_DockAction.lisp, /home/tthmatt/ld_ROS/devel/share/common-lisp/ros/ld_actions/msg/_package_DockAction.lisp)
Linked: (/home/tthmatt/ld_ROS/devel/.private/ld_actions/share/common-lisp/ros/ld_actions/msg/_package_ExecuteMacroActionFeedback.lisp, /home/tthmatt/ld_ROS/devel/share/common-lisp/ros/ld_actions/msg/_package_ExecuteMacroActionFeedback.lisp)
Linked: (/home/tthmatt/ld_ROS/devel/.private/ld_actions/share/common-lisp/ros/ld_actions/msg/_package_DockGoal.lisp, /home/tthmatt/ld_ROS/devel/share/common-lisp/ros/ld_actions/msg/_package_DockGoal.lisp)
Linked: (/home/tthmatt/ld_ROS/devel/.private/ld_actions/share/common-lisp/ros/ld_actions/msg/ld_actions-msg.asd, /home/tthmatt/ld_ROS/devel/share/common-lisp/ros/ld_actions/msg/ld_actions-msg.asd)
Linked: (/home/tthmatt/ld_ROS/devel/.private/ld_actions/share/common-lisp/ros/ld_actions/msg/_package_DockResult.lisp, /home/tthmatt/ld_ROS/devel/share/common-lisp/ros/ld_actions/msg/_package_DockResult.lisp)
Linked: (/home/tthmatt/ld_ROS/devel/.private/ld_actions/share/common-lisp/ros/ld_actions/msg/DockActionGoal.lisp, /home/tthmatt/ld_ROS/devel/share/common-lisp/ros/ld_actions/msg/DockActionGoal.lisp)
Linked: (/home/tthmatt/ld_ROS/devel/.private/ld_actions/share/common-lisp/ros/ld_actions/msg/DoTaskActionResult.lisp, /home/tthmatt/ld_ROS/devel/share/common-lisp/ros/ld_actions/msg/DoTaskActionResult.lisp)
Linked: (/home/tthmatt/ld_ROS/devel/.private/ld_actions/share/common-lisp/ros/ld_actions/msg/_package_DoTaskActionResult.lisp, /home/tthmatt/ld_ROS/devel/share/common-lisp/ros/ld_actions/msg/_package_DoTaskActionResult.lisp)
Linked: (/home/tthmatt/ld_ROS/devel/.private/ld_actions/share/common-lisp/ros/ld_actions/msg/_package_DockActionResult.lisp, /home/tthmatt/ld_ROS/devel/share/common-lisp/ros/ld_actions/msg/_package_DockActionResult.lisp)
Linked: (/home/tthmatt/ld_ROS/devel/.private/ld_actions/share/common-lisp/ros/ld_actions/msg/ExecuteMacroFeedback.lisp, /home/tthmatt/ld_ROS/devel/share/common-lisp/ros/ld_actions/msg/ExecuteMacroFeedback.lisp)
Linked: (/home/tthmatt/ld_ROS/devel/.private/ld_actions/share/common-lisp/ros/ld_actions/msg/ExecuteMacroActionResult.lisp, /home/tthmatt/ld_ROS/devel/share/common-lisp/ros/ld_actions/msg/ExecuteMacroActionResult.lisp)
Linked: (/home/tthmatt/ld_ROS/devel/.private/ld_actions/share/common-lisp/ros/ld_actions/msg/_package_DockFeedback.lisp, /home/tthmatt/ld_ROS/devel/share/common-lisp/ros/ld_actions/msg/_package_DockFeedback.lisp)
Linked: (/home/tthmatt/ld_ROS/devel/.private/ld_actions/share/common-lisp/ros/ld_actions/msg/_package_DoTaskFeedback.lisp, /home/tthmatt/ld_ROS/devel/share/common-lisp/ros/ld_actions/msg/_package_DoTaskFeedback.lisp)
Linked: (/home/tthmatt/ld_ROS/devel/.private/ld_actions/share/common-lisp/ros/ld_actions/msg/DockAction.lisp, /home/tthmatt/ld_ROS/devel/share/common-lisp/ros/ld_actions/msg/DockAction.lisp)
Linked: (/home/tthmatt/ld_ROS/devel/.private/ld_actions/share/common-lisp/ros/ld_actions/msg/DoTaskActionFeedback.lisp, /home/tthmatt/ld_ROS/devel/share/common-lisp/ros/ld_actions/msg/DoTaskActionFeedback.lisp)
Linked: (/home/tthmatt/ld_ROS/devel/.private/ld_actions/share/common-lisp/ros/ld_actions/msg/DoTaskAction.lisp, /home/tthmatt/ld_ROS/devel/share/common-lisp/ros/ld_actions/msg/DoTaskAction.lisp)
Linked: (/home/tthmatt/ld_ROS/devel/.private/ld_actions/share/common-lisp/ros/ld_actions/msg/_package_DoTaskGoal.lisp, /home/tthmatt/ld_ROS/devel/share/common-lisp/ros/ld_actions/msg/_package_DoTaskGoal.lisp)
Linked: (/home/tthmatt/ld_ROS/devel/.private/ld_actions/share/gennodejs/ros/ld_actions/_index.js, /home/tthmatt/ld_ROS/devel/share/gennodejs/ros/ld_actions/_index.js)
Linked: (/home/tthmatt/ld_ROS/devel/.private/ld_actions/share/gennodejs/ros/ld_actions/msg/DoTaskActionResult.js, /home/tthmatt/ld_ROS/devel/share/gennodejs/ros/ld_actions/msg/DoTaskActionResult.js)
Linked: (/home/tthmatt/ld_ROS/devel/.private/ld_actions/share/gennodejs/ros/ld_actions/msg/DockAction.js, /home/tthmatt/ld_ROS/devel/share/gennodejs/ros/ld_actions/msg/DockAction.js)
Linked: (/home/tthmatt/ld_ROS/devel/.private/ld_actions/share/gennodejs/ros/ld_actions/msg/ExecuteMacroActionGoal.js, /home/tthmatt/ld_ROS/devel/share/gennodejs/ros/ld_actions/msg/ExecuteMacroActionGoal.js)
Linked: (/home/tthmatt/ld_ROS/devel/.private/ld_actions/share/gennodejs/ros/ld_actions/msg/_index.js, /home/tthmatt/ld_ROS/devel/share/gennodejs/ros/ld_actions/msg/_index.js)
Linked: (/home/tthmatt/ld_ROS/devel/.private/ld_actions/share/gennodejs/ros/ld_actions/msg/DoTaskGoal.js, /home/tthmatt/ld_ROS/devel/share/gennodejs/ros/ld_actions/msg/DoTaskGoal.js)
Linked: (/home/tthmatt/ld_ROS/devel/.private/ld_actions/share/gennodejs/ros/ld_actions/msg/ExecuteMacroResult.js, /home/tthmatt/ld_ROS/devel/share/gennodejs/ros/ld_actions/msg/ExecuteMacroResult.js)
Linked: (/home/tthmatt/ld_ROS/devel/.private/ld_actions/share/gennodejs/ros/ld_actions/msg/DockActionGoal.js, /home/tthmatt/ld_ROS/devel/share/gennodejs/ros/ld_actions/msg/DockActionGoal.js)
Linked: (/home/tthmatt/ld_ROS/devel/.private/ld_actions/share/gennodejs/ros/ld_actions/msg/DoTaskFeedback.js, /home/tthmatt/ld_ROS/devel/share/gennodejs/ros/ld_actions/msg/DoTaskFeedback.js)
Linked: (/home/tthmatt/ld_ROS/devel/.private/ld_actions/share/gennodejs/ros/ld_actions/msg/ExecuteMacroActionResult.js, /home/tthmatt/ld_ROS/devel/share/gennodejs/ros/ld_actions/msg/ExecuteMacroActionResult.js)
Linked: (/home/tthmatt/ld_ROS/devel/.private/ld_actions/share/gennodejs/ros/ld_actions/msg/DockGoal.js, /home/tthmatt/ld_ROS/devel/share/gennodejs/ros/ld_actions/msg/DockGoal.js)
Linked: (/home/tthmatt/ld_ROS/devel/.private/ld_actions/share/gennodejs/ros/ld_actions/msg/DockFeedback.js, /home/tthmatt/ld_ROS/devel/share/gennodejs/ros/ld_actions/msg/DockFeedback.js)
Linked: (/home/tthmatt/ld_ROS/devel/.private/ld_actions/share/gennodejs/ros/ld_actions/msg/DoTaskActionFeedback.js, /home/tthmatt/ld_ROS/devel/share/gennodejs/ros/ld_actions/msg/DoTaskActionFeedback.js)
Linked: (/home/tthmatt/ld_ROS/devel/.private/ld_actions/share/gennodejs/ros/ld_actions/msg/ExecuteMacroGoal.js, /home/tthmatt/ld_ROS/devel/share/gennodejs/ros/ld_actions/msg/ExecuteMacroGoal.js)
Linked: (/home/tthmatt/ld_ROS/devel/.private/ld_actions/share/gennodejs/ros/ld_actions/msg/ExecuteMacroActionFeedback.js, /home/tthmatt/ld_ROS/devel/share/gennodejs/ros/ld_actions/msg/ExecuteMacroActionFeedback.js)
Linked: (/home/tthmatt/ld_ROS/devel/.private/ld_actions/share/gennodejs/ros/ld_actions/msg/ExecuteMacroAction.js, /home/tthmatt/ld_ROS/devel/share/gennodejs/ros/ld_actions/msg/ExecuteMacroAction.js)
Linked: (/home/tthmatt/ld_ROS/devel/.private/ld_actions/share/gennodejs/ros/ld_actions/msg/DockResult.js, /home/tthmatt/ld_ROS/devel/share/gennodejs/ros/ld_actions/msg/DockResult.js)
Linked: (/home/tthmatt/ld_ROS/devel/.private/ld_actions/share/gennodejs/ros/ld_actions/msg/DoTaskActionGoal.js, /home/tthmatt/ld_ROS/devel/share/gennodejs/ros/ld_actions/msg/DoTaskActionGoal.js)
Linked: (/home/tthmatt/ld_ROS/devel/.private/ld_actions/share/gennodejs/ros/ld_actions/msg/DockActionFeedback.js, /home/tthmatt/ld_ROS/devel/share/gennodejs/ros/ld_actions/msg/DockActionFeedback.js)
Linked: (/home/tthmatt/ld_ROS/devel/.private/ld_actions/share/gennodejs/ros/ld_actions/msg/DoTaskAction.js, /home/tthmatt/ld_ROS/devel/share/gennodejs/ros/ld_actions/msg/DoTaskAction.js)
Linked: (/home/tthmatt/ld_ROS/devel/.private/ld_actions/share/gennodejs/ros/ld_actions/msg/DoTaskResult.js, /home/tthmatt/ld_ROS/devel/share/gennodejs/ros/ld_actions/msg/DoTaskResult.js)
Linked: (/home/tthmatt/ld_ROS/devel/.private/ld_actions/share/gennodejs/ros/ld_actions/msg/ExecuteMacroFeedback.js, /home/tthmatt/ld_ROS/devel/share/gennodejs/ros/ld_actions/msg/ExecuteMacroFeedback.js)
Linked: (/home/tthmatt/ld_ROS/devel/.private/ld_actions/share/gennodejs/ros/ld_actions/msg/DockActionResult.js, /home/tthmatt/ld_ROS/devel/share/gennodejs/ros/ld_actions/msg/DockActionResult.js)
Linked: (/home/tthmatt/ld_ROS/devel/.private/ld_actions/share/roseus/ros/ld_actions/manifest.l, /home/tthmatt/ld_ROS/devel/share/roseus/ros/ld_actions/manifest.l)
Linked: (/home/tthmatt/ld_ROS/devel/.private/ld_actions/share/roseus/ros/ld_actions/msg/DockGoal.l, /home/tthmatt/ld_ROS/devel/share/roseus/ros/ld_actions/msg/DockGoal.l)
Linked: (/home/tthmatt/ld_ROS/devel/.private/ld_actions/share/roseus/ros/ld_actions/msg/DockActionGoal.l, /home/tthmatt/ld_ROS/devel/share/roseus/ros/ld_actions/msg/DockActionGoal.l)
Linked: (/home/tthmatt/ld_ROS/devel/.private/ld_actions/share/roseus/ros/ld_actions/msg/ExecuteMacroGoal.l, /home/tthmatt/ld_ROS/devel/share/roseus/ros/ld_actions/msg/ExecuteMacroGoal.l)
Linked: (/home/tthmatt/ld_ROS/devel/.private/ld_actions/share/roseus/ros/ld_actions/msg/DoTaskFeedback.l, /home/tthmatt/ld_ROS/devel/share/roseus/ros/ld_actions/msg/DoTaskFeedback.l)
Linked: (/home/tthmatt/ld_ROS/devel/.private/ld_actions/share/roseus/ros/ld_actions/msg/DockResult.l, /home/tthmatt/ld_ROS/devel/share/roseus/ros/ld_actions/msg/DockResult.l)
Linked: (/home/tthmatt/ld_ROS/devel/.private/ld_actions/share/roseus/ros/ld_actions/msg/DoTaskActionFeedback.l, /home/tthmatt/ld_ROS/devel/share/roseus/ros/ld_actions/msg/DoTaskActionFeedback.l)
Linked: (/home/tthmatt/ld_ROS/devel/.private/ld_actions/share/roseus/ros/ld_actions/msg/DoTaskActionResult.l, /home/tthmatt/ld_ROS/devel/share/roseus/ros/ld_actions/msg/DoTaskActionResult.l)
Linked: (/home/tthmatt/ld_ROS/devel/.private/ld_actions/share/roseus/ros/ld_actions/msg/DoTaskResult.l, /home/tthmatt/ld_ROS/devel/share/roseus/ros/ld_actions/msg/DoTaskResult.l)
Linked: (/home/tthmatt/ld_ROS/devel/.private/ld_actions/share/roseus/ros/ld_actions/msg/DoTaskAction.l, /home/tthmatt/ld_ROS/devel/share/roseus/ros/ld_actions/msg/DoTaskAction.l)
Linked: (/home/tthmatt/ld_ROS/devel/.private/ld_actions/share/roseus/ros/ld_actions/msg/ExecuteMacroFeedback.l, /home/tthmatt/ld_ROS/devel/share/roseus/ros/ld_actions/msg/ExecuteMacroFeedback.l)
Linked: (/home/tthmatt/ld_ROS/devel/.private/ld_actions/share/roseus/ros/ld_actions/msg/DoTaskActionGoal.l, /home/tthmatt/ld_ROS/devel/share/roseus/ros/ld_actions/msg/DoTaskActionGoal.l)
Linked: (/home/tthmatt/ld_ROS/devel/.private/ld_actions/share/roseus/ros/ld_actions/msg/DoTaskGoal.l, /home/tthmatt/ld_ROS/devel/share/roseus/ros/ld_actions/msg/DoTaskGoal.l)
Linked: (/home/tthmatt/ld_ROS/devel/.private/ld_actions/share/roseus/ros/ld_actions/msg/ExecuteMacroResult.l, /home/tthmatt/ld_ROS/devel/share/roseus/ros/ld_actions/msg/ExecuteMacroResult.l)
Linked: (/home/tthmatt/ld_ROS/devel/.private/ld_actions/share/roseus/ros/ld_actions/msg/ExecuteMacroAction.l, /home/tthmatt/ld_ROS/devel/share/roseus/ros/ld_actions/msg/ExecuteMacroAction.l)
Linked: (/home/tthmatt/ld_ROS/devel/.private/ld_actions/share/roseus/ros/ld_actions/msg/DockAction.l, /home/tthmatt/ld_ROS/devel/share/roseus/ros/ld_actions/msg/DockAction.l)
Linked: (/home/tthmatt/ld_ROS/devel/.private/ld_actions/share/roseus/ros/ld_actions/msg/DockActionResult.l, /home/tthmatt/ld_ROS/devel/share/roseus/ros/ld_actions/msg/DockActionResult.l)
Linked: (/home/tthmatt/ld_ROS/devel/.private/ld_actions/share/roseus/ros/ld_actions/msg/ExecuteMacroActionGoal.l, /home/tthmatt/ld_ROS/devel/share/roseus/ros/ld_actions/msg/ExecuteMacroActionGoal.l)
Linked: (/home/tthmatt/ld_ROS/devel/.private/ld_actions/share/roseus/ros/ld_actions/msg/DockFeedback.l, /home/tthmatt/ld_ROS/devel/share/roseus/ros/ld_actions/msg/DockFeedback.l)
Linked: (/home/tthmatt/ld_ROS/devel/.private/ld_actions/share/roseus/ros/ld_actions/msg/ExecuteMacroActionFeedback.l, /home/tthmatt/ld_ROS/devel/share/roseus/ros/ld_actions/msg/ExecuteMacroActionFeedback.l)
Linked: (/home/tthmatt/ld_ROS/devel/.private/ld_actions/share/roseus/ros/ld_actions/msg/DockActionFeedback.l, /home/tthmatt/ld_ROS/devel/share/roseus/ros/ld_actions/msg/DockActionFeedback.l)
Linked: (/home/tthmatt/ld_ROS/devel/.private/ld_actions/share/roseus/ros/ld_actions/msg/ExecuteMacroActionResult.l, /home/tthmatt/ld_ROS/devel/share/roseus/ros/ld_actions/msg/ExecuteMacroActionResult.l)
Linked: (/home/tthmatt/ld_ROS/devel/.private/ld_actions/include/ld_actions/ExecuteMacroActionGoal.h, /home/tthmatt/ld_ROS/devel/include/ld_actions/ExecuteMacroActionGoal.h)
Linked: (/home/tthmatt/ld_ROS/devel/.private/ld_actions/include/ld_actions/DoTaskGoal.h, /home/tthmatt/ld_ROS/devel/include/ld_actions/DoTaskGoal.h)
Linked: (/home/tthmatt/ld_ROS/devel/.private/ld_actions/include/ld_actions/DoTaskAction.h, /home/tthmatt/ld_ROS/devel/include/ld_actions/DoTaskAction.h)
Linked: (/home/tthmatt/ld_ROS/devel/.private/ld_actions/include/ld_actions/ExecuteMacroGoal.h, /home/tthmatt/ld_ROS/devel/include/ld_actions/ExecuteMacroGoal.h)
Linked: (/home/tthmatt/ld_ROS/devel/.private/ld_actions/include/ld_actions/ExecuteMacroActionFeedback.h, /home/tthmatt/ld_ROS/devel/include/ld_actions/ExecuteMacroActionFeedback.h)
Linked: (/home/tthmatt/ld_ROS/devel/.private/ld_actions/include/ld_actions/DoTaskActionFeedback.h, /home/tthmatt/ld_ROS/devel/include/ld_actions/DoTaskActionFeedback.h)
Linked: (/home/tthmatt/ld_ROS/devel/.private/ld_actions/include/ld_actions/DoTaskActionGoal.h, /home/tthmatt/ld_ROS/devel/include/ld_actions/DoTaskActionGoal.h)
Linked: (/home/tthmatt/ld_ROS/devel/.private/ld_actions/include/ld_actions/DoTaskFeedback.h, /home/tthmatt/ld_ROS/devel/include/ld_actions/DoTaskFeedback.h)
Linked: (/home/tthmatt/ld_ROS/devel/.private/ld_actions/include/ld_actions/DockActionGoal.h, /home/tthmatt/ld_ROS/devel/include/ld_actions/DockActionGoal.h)
Linked: (/home/tthmatt/ld_ROS/devel/.private/ld_actions/include/ld_actions/DockAction.h, /home/tthmatt/ld_ROS/devel/include/ld_actions/DockAction.h)
Linked: (/home/tthmatt/ld_ROS/devel/.private/ld_actions/include/ld_actions/ExecuteMacroAction.h, /home/tthmatt/ld_ROS/devel/include/ld_actions/ExecuteMacroAction.h)
Linked: (/home/tthmatt/ld_ROS/devel/.private/ld_actions/include/ld_actions/DockFeedback.h, /home/tthmatt/ld_ROS/devel/include/ld_actions/DockFeedback.h)
Linked: (/home/tthmatt/ld_ROS/devel/.private/ld_actions/include/ld_actions/DockGoal.h, /home/tthmatt/ld_ROS/devel/include/ld_actions/DockGoal.h)
Linked: (/home/tthmatt/ld_ROS/devel/.private/ld_actions/include/ld_actions/ExecuteMacroResult.h, /home/tthmatt/ld_ROS/devel/include/ld_actions/ExecuteMacroResult.h)
Linked: (/home/tthmatt/ld_ROS/devel/.private/ld_actions/include/ld_actions/DockActionFeedback.h, /home/tthmatt/ld_ROS/devel/include/ld_actions/DockActionFeedback.h)
Linked: (/home/tthmatt/ld_ROS/devel/.private/ld_actions/include/ld_actions/DockActionResult.h, /home/tthmatt/ld_ROS/devel/include/ld_actions/DockActionResult.h)
Linked: (/home/tthmatt/ld_ROS/devel/.private/ld_actions/include/ld_actions/DoTaskResult.h, /home/tthmatt/ld_ROS/devel/include/ld_actions/DoTaskResult.h)
Linked: (/home/tthmatt/ld_ROS/devel/.private/ld_actions/include/ld_actions/ExecuteMacroActionResult.h, /home/tthmatt/ld_ROS/devel/include/ld_actions/ExecuteMacroActionResult.h)
Linked: (/home/tthmatt/ld_ROS/devel/.private/ld_actions/include/ld_actions/DoTaskActionResult.h, /home/tthmatt/ld_ROS/devel/include/ld_actions/DoTaskActionResult.h)
Linked: (/home/tthmatt/ld_ROS/devel/.private/ld_actions/include/ld_actions/ExecuteMacroFeedback.h, /home/tthmatt/ld_ROS/devel/include/ld_actions/ExecuteMacroFeedback.h)
Linked: (/home/tthmatt/ld_ROS/devel/.private/ld_actions/include/ld_actions/DockResult.h, /home/tthmatt/ld_ROS/devel/include/ld_actions/DockResult.h)
