[35m[1mScanning dependencies of target _ld_actions_generate_messages_check_deps_ExecuteMacroActionResult[0m
[  0%] Built target _ld_actions_generate_messages_check_deps_ExecuteMacroActionResult
[  0%] Built target _ld_actions_generate_messages_check_deps_DoTaskActionGoal
[  0%] Built target _ld_actions_generate_messages_check_deps_DockAction
[  0%] Built target _ld_actions_generate_messages_check_deps_DockActionGoal
[35m[1mScanning dependencies of target _ld_actions_generate_messages_check_deps_ExecuteMacroGoal[0m
[  0%] Built target _ld_actions_generate_messages_check_deps_ExecuteMacroGoal
[  0%] Built target actionlib_msgs_generate_messages_nodejs
[35m[1mScanning dependencies of target _ld_actions_generate_messages_check_deps_ExecuteMacroFeedback[0m
[  0%] Built target _ld_actions_generate_messages_check_deps_DoTaskGoal
[  0%] Built target _ld_actions_generate_messages_check_deps_DoTaskActionFeedback
[  0%] Built target _ld_actions_generate_messages_check_deps_DoTaskActionResult
[  0%] Built target _ld_actions_generate_messages_check_deps_ExecuteMacroFeedback
[35m[1mScanning dependencies of target _ld_actions_generate_messages_check_deps_ExecuteMacroAction[0m
[  0%] Built target _ld_actions_generate_messages_check_deps_DoTaskResult
[  0%] Built target _ld_actions_generate_messages_check_deps_DoTaskFeedback
[  0%] Built target _ld_actions_generate_messages_check_deps_ExecuteMacroAction
[  0%] Built target _ld_actions_generate_messages_check_deps_DockActionResult
[35m[1mScanning dependencies of target _ld_actions_generate_messages_check_deps_ExecuteMacroActionGoal[0m
[35m[1mScanning dependencies of target _ld_actions_generate_messages_check_deps_ExecuteMacroActionFeedback[0m
[  0%] Built target _ld_actions_generate_messages_check_deps_DockResult
[  0%] Built target _ld_actions_generate_messages_check_deps_DockFeedback
[35m[1mScanning dependencies of target _ld_actions_generate_messages_check_deps_ExecuteMacroResult[0m
[  0%] Built target _ld_actions_generate_messages_check_deps_ExecuteMacroActionGoal
[  0%] Built target _ld_actions_generate_messages_check_deps_ExecuteMacroActionFeedback
[  0%] Built target _ld_actions_generate_messages_check_deps_ExecuteMacroResult
[  0%] Built target _ld_actions_generate_messages_check_deps_DoTaskAction
[  0%] Built target actionlib_msgs_generate_messages_lisp
[  0%] Built target actionlib_msgs_generate_messages_py
[  0%] Built target _ld_actions_generate_messages_check_deps_DockActionFeedback
[  0%] Built target _ld_actions_generate_messages_check_deps_DockGoal
[  0%] Built target actionlib_msgs_generate_messages_cpp
[  0%] Built target actionlib_msgs_generate_messages_eus
[  1%] [34m[1mGenerating Javascript code from ld_actions/ExecuteMacroResult.msg[0m
[  2%] [34m[1mGenerating Python from MSG ld_actions/ExecuteMacroResult[0m
[  3%] [34m[1mGenerating Python from MSG ld_actions/ExecuteMacroActionFeedback[0m
[  4%] [34m[1mGenerating Javascript code from ld_actions/ExecuteMacroActionFeedback.msg[0m
[  5%] [34m[1mGenerating Python from MSG ld_actions/ExecuteMacroFeedback[0m
[  6%] [34m[1mGenerating Javascript code from ld_actions/ExecuteMacroFeedback.msg[0m
[  7%] [34m[1mGenerating Javascript code from ld_actions/ExecuteMacroActionResult.msg[0m
[  8%] [34m[1mGenerating Javascript code from ld_actions/ExecuteMacroActionGoal.msg[0m
[  9%] [34m[1mGenerating Python from MSG ld_actions/ExecuteMacroActionResult[0m
[  9%] [34m[1mGenerating Python from MSG ld_actions/ExecuteMacroActionGoal[0m
[ 10%] [34m[1mGenerating Python from MSG ld_actions/ExecuteMacroGoal[0m
[ 12%] [34m[1mGenerating Javascript code from ld_actions/ExecuteMacroGoal.msg[0m
[ 13%] [34m[1mGenerating Javascript code from ld_actions/ExecuteMacroAction.msg[0m
[ 14%] [34m[1mGenerating Python from MSG ld_actions/ExecuteMacroAction[0m
[ 26%] Built target ld_actions_generate_messages_nodejs
[ 27%] [34m[1mGenerating Lisp code from ld_actions/ExecuteMacroResult.msg[0m
[ 28%] [34m[1mGenerating EusLisp code from ld_actions/ExecuteMacroResult.msg[0m
[ 29%] [34m[1mGenerating Lisp code from ld_actions/ExecuteMacroActionFeedback.msg[0m
[ 30%] [34m[1mGenerating Lisp code from ld_actions/ExecuteMacroFeedback.msg[0m
[ 31%] [34m[1mGenerating Python msg __init__.py for ld_actions[0m
[ 32%] [34m[1mGenerating C++ code from ld_actions/ExecuteMacroResult.msg[0m
[ 34%] [34m[1mGenerating Lisp code from ld_actions/ExecuteMacroActionResult.msg[0m
[ 35%] [34m[1mGenerating EusLisp code from ld_actions/ExecuteMacroActionFeedback.msg[0m
[ 36%] [34m[1mGenerating Lisp code from ld_actions/ExecuteMacroActionGoal.msg[0m
[ 49%] Built target ld_actions_generate_messages_py
[ 50%] [34m[1mGenerating C++ code from ld_actions/ExecuteMacroActionFeedback.msg[0m
[ 51%] [34m[1mGenerating Lisp code from ld_actions/ExecuteMacroGoal.msg[0m
[ 51%] [34m[1mGenerating EusLisp code from ld_actions/ExecuteMacroFeedback.msg[0m
[ 52%] [34m[1mGenerating Lisp code from ld_actions/ExecuteMacroAction.msg[0m
[ 53%] [34m[1mGenerating C++ code from ld_actions/ExecuteMacroFeedback.msg[0m
[ 54%] [34m[1mGenerating EusLisp code from ld_actions/ExecuteMacroActionResult.msg[0m
[ 68%] Built target ld_actions_generate_messages_lisp
[ 69%] [34m[1mGenerating EusLisp code from ld_actions/ExecuteMacroActionGoal.msg[0m
[ 70%] [34m[1mGenerating C++ code from ld_actions/ExecuteMacroActionResult.msg[0m
[ 70%] [34m[1mGenerating C++ code from ld_actions/ExecuteMacroActionGoal.msg[0m
[ 71%] [34m[1mGenerating EusLisp code from ld_actions/ExecuteMacroGoal.msg[0m
[ 72%] [34m[1mGenerating C++ code from ld_actions/ExecuteMacroGoal.msg[0m
[ 73%] [34m[1mGenerating EusLisp code from ld_actions/ExecuteMacroAction.msg[0m
[ 74%] [34m[1mGenerating C++ code from ld_actions/ExecuteMacroAction.msg[0m
[ 86%] Built target ld_actions_generate_messages_eus
[100%] Built target ld_actions_generate_messages_cpp
[100%] Built target ld_actions_generate_messages
