[35m[1mScanning dependencies of target _ld_actions_generate_messages_check_deps_PatrolResumeGoal[0m
[  0%] Built target _ld_actions_generate_messages_check_deps_GoToActionResult
[  0%] Built target _ld_actions_generate_messages_check_deps_PatrolResumeGoal
[  0%] Built target _ld_actions_generate_messages_check_deps_DoTaskActionGoal
[  0%] Built target _ld_actions_generate_messages_check_deps_PatrolOnceFeedback
[35m[1mScanning dependencies of target _ld_actions_generate_messages_check_deps_PatrolResumeFeedback[0m
[  0%] Built target _ld_actions_generate_messages_check_deps_ExecuteMacroResult
[  0%] Built target _ld_actions_generate_messages_check_deps_PatrolResumeFeedback
[  0%] Built target _ld_actions_generate_messages_check_deps_PatrolOnceAction
[  0%] Built target _ld_actions_generate_messages_check_deps_GoToFeedback
[35m[1mScanning dependencies of target _ld_actions_generate_messages_check_deps_PatrolResumeAction[0m
[  0%] Built target _ld_actions_generate_messages_check_deps_DockResult
[  0%] Built target _ld_actions_generate_messages_check_deps_PatrolOnceActionFeedback
[  0%] Built target _ld_actions_generate_messages_check_deps_PatrolResumeAction
[  0%] Built target _ld_actions_generate_messages_check_deps_ExecuteMacroAction
[  0%] Built target _ld_actions_generate_messages_check_deps_GoToGoal
[  0%] Built target _ld_actions_generate_messages_check_deps_PatrolOnceActionResult
[  0%] Built target _ld_actions_generate_messages_check_deps_ExecuteMacroActionGoal
[  0%] Built target _ld_actions_generate_messages_check_deps_DoTaskAction
[  0%] Built target _ld_actions_generate_messages_check_deps_ExecuteMacroGoal
[  0%] Built target _ld_actions_generate_messages_check_deps_ExecuteMacroActionFeedback
[  0%] Built target _ld_actions_generate_messages_check_deps_DockAction
[  0%] Built target _ld_actions_generate_messages_check_deps_DockGoal
[  0%] Built target actionlib_msgs_generate_messages_py
[  0%] Built target _ld_actions_generate_messages_check_deps_GoToActionGoal
[  0%] Built target _ld_actions_generate_messages_check_deps_DoTaskActionResult
[  0%] Built target _ld_actions_generate_messages_check_deps_DoTaskGoal
[  0%] Built target _ld_actions_generate_messages_check_deps_DoTaskActionFeedback
[  0%] Built target _ld_actions_generate_messages_check_deps_PatrolOnceActionGoal
[35m[1mScanning dependencies of target _ld_actions_generate_messages_check_deps_PatrolResumeActionFeedback[0m
[  0%] Built target _ld_actions_generate_messages_check_deps_ExecuteMacroFeedback
[  0%] Built target _ld_actions_generate_messages_check_deps_DoTaskFeedback
[  0%] Built target _ld_actions_generate_messages_check_deps_DockActionResult
[  0%] Built target _ld_actions_generate_messages_check_deps_PatrolResumeActionFeedback
[  0%] Built target _ld_actions_generate_messages_check_deps_DockFeedback
[  0%] Built target _ld_actions_generate_messages_check_deps_DoTaskResult
[  0%] Built target _ld_actions_generate_messages_check_deps_PatrolOnceResult
[35m[1mScanning dependencies of target _ld_actions_generate_messages_check_deps_PatrolResumeActionGoal[0m
[  0%] Built target _ld_actions_generate_messages_check_deps_DockActionGoal
[35m[1mScanning dependencies of target _ld_actions_generate_messages_check_deps_PatrolResumeResult[0m
[  0%] Built target _ld_actions_generate_messages_check_deps_PatrolOnceGoal
[  0%] Built target _ld_actions_generate_messages_check_deps_DockActionFeedback
[  0%] Built target _ld_actions_generate_messages_check_deps_PatrolResumeActionGoal
[35m[1mScanning dependencies of target _ld_actions_generate_messages_check_deps_PatrolResumeActionResult[0m
[  0%] Built target _ld_actions_generate_messages_check_deps_PatrolResumeResult
[  0%] Built target _ld_actions_generate_messages_check_deps_PatrolResumeActionResult
[  0%] Built target _ld_actions_generate_messages_check_deps_GoToActionFeedback
[  0%] Built target _ld_actions_generate_messages_check_deps_GoToAction
[  0%] Built target actionlib_msgs_generate_messages_eus
[  0%] Built target _ld_actions_generate_messages_check_deps_ExecuteMacroActionResult
[  0%] Built target actionlib_msgs_generate_messages_lisp
[  0%] Built target actionlib_msgs_generate_messages_cpp
[  0%] Built target _ld_actions_generate_messages_check_deps_GoToResult
[  0%] Built target actionlib_msgs_generate_messages_nodejs
[  0%] [34m[1mGenerating Lisp code from ld_actions/PatrolResumeActionFeedback.msg[0m
[  1%] [34m[1mGenerating C++ code from ld_actions/PatrolResumeActionFeedback.msg[0m
[  2%] [34m[1mGenerating EusLisp code from ld_actions/PatrolResumeActionFeedback.msg[0m
[  3%] [34m[1mGenerating Python from MSG ld_actions/PatrolResumeActionFeedback[0m
[  3%] [34m[1mGenerating Lisp code from ld_actions/PatrolResumeActionGoal.msg[0m
[  3%] [34m[1mGenerating Lisp code from ld_actions/PatrolResumeResult.msg[0m
[  4%] [34m[1mGenerating Python from MSG ld_actions/PatrolResumeActionGoal[0m
[  4%] [34m[1mGenerating EusLisp code from ld_actions/PatrolResumeActionGoal.msg[0m
[  4%] [34m[1mGenerating Lisp code from ld_actions/PatrolResumeAction.msg[0m
[  4%] [34m[1mGenerating C++ code from ld_actions/PatrolResumeActionGoal.msg[0m
[  5%] [34m[1mGenerating Lisp code from ld_actions/PatrolResumeActionResult.msg[0m
[  5%] [34m[1mGenerating EusLisp code from ld_actions/PatrolResumeResult.msg[0m
[  5%] [34m[1mGenerating Python from MSG ld_actions/PatrolResumeResult[0m
[  5%] [34m[1mGenerating Lisp code from ld_actions/PatrolResumeFeedback.msg[0m
[  6%] [34m[1mGenerating EusLisp code from ld_actions/PatrolResumeAction.msg[0m
[  7%] [34m[1mGenerating Lisp code from ld_actions/PatrolResumeGoal.msg[0m
[  7%] [34m[1mGenerating C++ code from ld_actions/PatrolResumeResult.msg[0m
[ 23%] Built target ld_actions_generate_messages_lisp
[ 25%] [34m[1mGenerating Python from MSG ld_actions/PatrolResumeAction[0m
[ 25%] [34m[1mGenerating EusLisp code from ld_actions/PatrolResumeActionResult.msg[0m
[ 26%] [34m[1mGenerating Javascript code from ld_actions/PatrolResumeActionFeedback.msg[0m
[ 26%] [34m[1mGenerating C++ code from ld_actions/PatrolResumeAction.msg[0m
[ 26%] [34m[1mGenerating Javascript code from ld_actions/PatrolResumeActionGoal.msg[0m
[ 26%] [34m[1mGenerating EusLisp code from ld_actions/PatrolResumeFeedback.msg[0m
[ 26%] [34m[1mGenerating Python from MSG ld_actions/PatrolResumeActionResult[0m
[ 26%] [34m[1mGenerating Javascript code from ld_actions/PatrolResumeResult.msg[0m
[ 26%] [34m[1mGenerating EusLisp code from ld_actions/PatrolResumeGoal.msg[0m
[ 26%] [34m[1mGenerating Javascript code from ld_actions/PatrolResumeAction.msg[0m
[ 26%] [34m[1mGenerating Python from MSG ld_actions/PatrolResumeFeedback[0m
[ 26%] [34m[1mGenerating Javascript code from ld_actions/PatrolResumeActionResult.msg[0m
[ 26%] [34m[1mGenerating C++ code from ld_actions/PatrolResumeActionResult.msg[0m
[ 44%] Built target ld_actions_generate_messages_eus
[ 44%] [34m[1mGenerating C++ code from ld_actions/PatrolResumeFeedback.msg[0m
[ 44%] [34m[1mGenerating Javascript code from ld_actions/PatrolResumeFeedback.msg[0m
[ 44%] [34m[1mGenerating Python from MSG ld_actions/PatrolResumeGoal[0m
[ 44%] [34m[1mGenerating Javascript code from ld_actions/PatrolResumeGoal.msg[0m
[ 63%] Built target ld_actions_generate_messages_nodejs
[ 63%] [34m[1mGenerating C++ code from ld_actions/PatrolResumeGoal.msg[0m
[ 64%] [34m[1mGenerating Python msg __init__.py for ld_actions[0m
[ 83%] Built target ld_actions_generate_messages_cpp
[100%] Built target ld_actions_generate_messages_py
[100%] Built target ld_actions_generate_messages
